[2023-08-04T06:53:12.590+0000] {taskinstance.py:1103} INFO - Dependencies all met for dep_context=non-requeueable deps ti=<TaskInstance: process-employees.create_employees_temp_table scheduled__2023-08-03T00:00:00+00:00 [queued]>
[2023-08-04T06:53:12.598+0000] {taskinstance.py:1103} INFO - Dependencies all met for dep_context=requeueable deps ti=<TaskInstance: process-employees.create_employees_temp_table scheduled__2023-08-03T00:00:00+00:00 [queued]>
[2023-08-04T06:53:12.599+0000] {taskinstance.py:1308} INFO - Starting attempt 1 of 1
[2023-08-04T06:53:12.612+0000] {taskinstance.py:1327} INFO - Executing <Task(PostgresOperator): create_employees_temp_table> on 2023-08-03 00:00:00+00:00
[2023-08-04T06:53:12.620+0000] {standard_task_runner.py:57} INFO - Started process 246 to run task
[2023-08-04T06:53:12.626+0000] {standard_task_runner.py:84} INFO - Running: ['***', 'tasks', 'run', 'process-employees', 'create_employees_temp_table', 'scheduled__2023-08-03T00:00:00+00:00', '--job-id', '3', '--raw', '--subdir', 'DAGS_FOLDER/process-employees.py', '--cfg-path', '/tmp/tmph3ws2mz4']
[2023-08-04T06:53:12.631+0000] {standard_task_runner.py:85} INFO - Job 3: Subtask create_employees_temp_table
[2023-08-04T06:53:12.711+0000] {task_command.py:410} INFO - Running <TaskInstance: process-employees.create_employees_temp_table scheduled__2023-08-03T00:00:00+00:00 [running]> on host 8d98ce0414c6
[2023-08-04T06:53:12.808+0000] {taskinstance.py:1547} INFO - Exporting env vars: AIRFLOW_CTX_DAG_OWNER='***' AIRFLOW_CTX_DAG_ID='process-employees' AIRFLOW_CTX_TASK_ID='create_employees_temp_table' AIRFLOW_CTX_EXECUTION_DATE='2023-08-03T00:00:00+00:00' AIRFLOW_CTX_TRY_NUMBER='1' AIRFLOW_CTX_DAG_RUN_ID='scheduled__2023-08-03T00:00:00+00:00'
[2023-08-04T06:53:12.811+0000] {sql.py:265} INFO - Executing: 
            DROP TABLE IF EXISTS employees_temp;
            CREATE TABLE employees_temp (
                "Serial Number" NUMERIC PRIMARY KEY,
                "Company Name" TEXT,
                "Employee Markme" TEXT,
                "Description" TEXT,
                "Leave" INTEGER
            );
[2023-08-04T06:53:12.824+0000] {base.py:73} INFO - Using connection ID 'tutorial_pg_conn' for task execution.
[2023-08-04T06:53:12.938+0000] {base.py:73} INFO - Using connection ID 'tutorial_pg_conn' for task execution.
[2023-08-04T06:53:12.948+0000] {sql.py:375} INFO - Running statement: 
            DROP TABLE IF EXISTS employees_temp;
            CREATE TABLE employees_temp (
                "Serial Number" NUMERIC PRIMARY KEY,
                "Company Name" TEXT,
                "Employee Markme" TEXT,
                "Description" TEXT,
                "Leave" INTEGER
            );, parameters: None
[2023-08-04T06:53:12.973+0000] {taskinstance.py:1350} INFO - Marking task as SUCCESS. dag_id=process-employees, task_id=create_employees_temp_table, execution_date=20230803T000000, start_date=20230804T065312, end_date=20230804T065312
[2023-08-04T06:53:13.000+0000] {local_task_job_runner.py:225} INFO - Task exited with return code 0
[2023-08-04T06:53:13.036+0000] {taskinstance.py:2653} INFO - 1 downstream tasks scheduled from follow-on schedule check
