[2023-08-04T06:55:07.423+0000] {taskinstance.py:1103} INFO - Dependencies all met for dep_context=non-requeueable deps ti=<TaskInstance: process-employees.create_employees_table manual__2023-08-04T06:55:05.842676+00:00 [queued]>
[2023-08-04T06:55:07.431+0000] {taskinstance.py:1103} INFO - Dependencies all met for dep_context=requeueable deps ti=<TaskInstance: process-employees.create_employees_table manual__2023-08-04T06:55:05.842676+00:00 [queued]>
[2023-08-04T06:55:07.431+0000] {taskinstance.py:1308} INFO - Starting attempt 1 of 1
[2023-08-04T06:55:07.447+0000] {taskinstance.py:1327} INFO - Executing <Task(PostgresOperator): create_employees_table> on 2023-08-04 06:55:05.842676+00:00
[2023-08-04T06:55:07.452+0000] {standard_task_runner.py:57} INFO - Started process 295 to run task
[2023-08-04T06:55:07.457+0000] {standard_task_runner.py:84} INFO - Running: ['***', 'tasks', 'run', 'process-employees', 'create_employees_table', 'manual__2023-08-04T06:55:05.842676+00:00', '--job-id', '7', '--raw', '--subdir', 'DAGS_FOLDER/process-employees.py', '--cfg-path', '/tmp/tmphztwwj5j']
[2023-08-04T06:55:07.461+0000] {standard_task_runner.py:85} INFO - Job 7: Subtask create_employees_table
[2023-08-04T06:55:07.511+0000] {task_command.py:410} INFO - Running <TaskInstance: process-employees.create_employees_table manual__2023-08-04T06:55:05.842676+00:00 [running]> on host 8d98ce0414c6
[2023-08-04T06:55:07.597+0000] {taskinstance.py:1547} INFO - Exporting env vars: AIRFLOW_CTX_DAG_OWNER='***' AIRFLOW_CTX_DAG_ID='process-employees' AIRFLOW_CTX_TASK_ID='create_employees_table' AIRFLOW_CTX_EXECUTION_DATE='2023-08-04T06:55:05.842676+00:00' AIRFLOW_CTX_TRY_NUMBER='1' AIRFLOW_CTX_DAG_RUN_ID='manual__2023-08-04T06:55:05.842676+00:00'
[2023-08-04T06:55:07.599+0000] {sql.py:265} INFO - Executing: 
            CREATE TABLE IF NOT EXISTS employees (
                "Serial Number" NUMERIC PRIMARY KEY,
                "Company Name" TEXT,
                "Employee Markme" TEXT,
                "Description" TEXT,
                "Leave" INTEGER
            );
[2023-08-04T06:55:07.609+0000] {base.py:73} INFO - Using connection ID 'tutorial_pg_conn' for task execution.
[2023-08-04T06:55:07.663+0000] {base.py:73} INFO - Using connection ID 'tutorial_pg_conn' for task execution.
[2023-08-04T06:55:07.669+0000] {sql.py:375} INFO - Running statement: 
            CREATE TABLE IF NOT EXISTS employees (
                "Serial Number" NUMERIC PRIMARY KEY,
                "Company Name" TEXT,
                "Employee Markme" TEXT,
                "Description" TEXT,
                "Leave" INTEGER
            );, parameters: None
[2023-08-04T06:55:07.682+0000] {taskinstance.py:1350} INFO - Marking task as SUCCESS. dag_id=process-employees, task_id=create_employees_table, execution_date=20230804T065505, start_date=20230804T065507, end_date=20230804T065507
[2023-08-04T06:55:07.709+0000] {local_task_job_runner.py:225} INFO - Task exited with return code 0
[2023-08-04T06:55:07.737+0000] {taskinstance.py:2653} INFO - 1 downstream tasks scheduled from follow-on schedule check
