[2023-08-04T06:42:20.220+0000] {processor.py:157} INFO - Started process (PID=72) to work on /home/airflow/.local/lib/python3.7/site-packages/airflow/example_dags/example_sla_dag.py
[2023-08-04T06:42:20.222+0000] {processor.py:826} INFO - Processing file /home/airflow/.local/lib/python3.7/site-packages/airflow/example_dags/example_sla_dag.py for tasks to queue
[2023-08-04T06:42:20.224+0000] {logging_mixin.py:150} INFO - [2023-08-04T06:42:20.224+0000] {dagbag.py:541} INFO - Filling up the DagBag from /home/airflow/.local/lib/python3.7/site-packages/airflow/example_dags/example_sla_dag.py
[2023-08-04T06:42:20.244+0000] {processor.py:836} INFO - DAG(s) dict_keys(['example_sla_dag']) retrieved from /home/airflow/.local/lib/python3.7/site-packages/airflow/example_dags/example_sla_dag.py
[2023-08-04T06:42:20.270+0000] {logging_mixin.py:150} INFO - [2023-08-04T06:42:20.270+0000] {dag.py:2742} INFO - Sync 1 DAGs
[2023-08-04T06:42:20.329+0000] {logging_mixin.py:150} INFO - [2023-08-04T06:42:20.329+0000] {dag.py:3508} INFO - Setting next_dagrun for example_sla_dag to 2023-08-04T06:40:00+00:00, run_after=2023-08-04T06:42:00+00:00
[2023-08-04T06:42:20.370+0000] {processor.py:179} INFO - Processing /home/airflow/.local/lib/python3.7/site-packages/airflow/example_dags/example_sla_dag.py took 0.159 seconds
[2023-08-04T06:42:50.555+0000] {processor.py:157} INFO - Started process (PID=129) to work on /home/airflow/.local/lib/python3.7/site-packages/airflow/example_dags/example_sla_dag.py
[2023-08-04T06:42:50.556+0000] {processor.py:826} INFO - Processing file /home/airflow/.local/lib/python3.7/site-packages/airflow/example_dags/example_sla_dag.py for tasks to queue
[2023-08-04T06:42:50.558+0000] {logging_mixin.py:150} INFO - [2023-08-04T06:42:50.557+0000] {dagbag.py:541} INFO - Filling up the DagBag from /home/airflow/.local/lib/python3.7/site-packages/airflow/example_dags/example_sla_dag.py
[2023-08-04T06:42:50.566+0000] {processor.py:836} INFO - DAG(s) dict_keys(['example_sla_dag']) retrieved from /home/airflow/.local/lib/python3.7/site-packages/airflow/example_dags/example_sla_dag.py
[2023-08-04T06:42:50.590+0000] {logging_mixin.py:150} INFO - [2023-08-04T06:42:50.590+0000] {dag.py:2742} INFO - Sync 1 DAGs
[2023-08-04T06:42:50.614+0000] {logging_mixin.py:150} INFO - [2023-08-04T06:42:50.614+0000] {dag.py:3508} INFO - Setting next_dagrun for example_sla_dag to 2023-08-04T06:40:00+00:00, run_after=2023-08-04T06:42:00+00:00
[2023-08-04T06:42:50.628+0000] {processor.py:179} INFO - Processing /home/airflow/.local/lib/python3.7/site-packages/airflow/example_dags/example_sla_dag.py took 0.076 seconds
[2023-08-04T06:43:20.915+0000] {processor.py:157} INFO - Started process (PID=186) to work on /home/airflow/.local/lib/python3.7/site-packages/airflow/example_dags/example_sla_dag.py
[2023-08-04T06:43:20.916+0000] {processor.py:826} INFO - Processing file /home/airflow/.local/lib/python3.7/site-packages/airflow/example_dags/example_sla_dag.py for tasks to queue
[2023-08-04T06:43:20.918+0000] {logging_mixin.py:150} INFO - [2023-08-04T06:43:20.917+0000] {dagbag.py:541} INFO - Filling up the DagBag from /home/airflow/.local/lib/python3.7/site-packages/airflow/example_dags/example_sla_dag.py
[2023-08-04T06:43:20.926+0000] {processor.py:836} INFO - DAG(s) dict_keys(['example_sla_dag']) retrieved from /home/airflow/.local/lib/python3.7/site-packages/airflow/example_dags/example_sla_dag.py
[2023-08-04T06:43:20.950+0000] {logging_mixin.py:150} INFO - [2023-08-04T06:43:20.950+0000] {dag.py:2742} INFO - Sync 1 DAGs
[2023-08-04T06:43:20.973+0000] {logging_mixin.py:150} INFO - [2023-08-04T06:43:20.973+0000] {dag.py:3508} INFO - Setting next_dagrun for example_sla_dag to 2023-08-04T06:40:00+00:00, run_after=2023-08-04T06:42:00+00:00
[2023-08-04T06:43:20.987+0000] {processor.py:179} INFO - Processing /home/airflow/.local/lib/python3.7/site-packages/airflow/example_dags/example_sla_dag.py took 0.076 seconds
[2023-08-04T06:43:51.232+0000] {processor.py:157} INFO - Started process (PID=243) to work on /home/airflow/.local/lib/python3.7/site-packages/airflow/example_dags/example_sla_dag.py
[2023-08-04T06:43:51.234+0000] {processor.py:826} INFO - Processing file /home/airflow/.local/lib/python3.7/site-packages/airflow/example_dags/example_sla_dag.py for tasks to queue
[2023-08-04T06:43:51.235+0000] {logging_mixin.py:150} INFO - [2023-08-04T06:43:51.234+0000] {dagbag.py:541} INFO - Filling up the DagBag from /home/airflow/.local/lib/python3.7/site-packages/airflow/example_dags/example_sla_dag.py
[2023-08-04T06:43:51.243+0000] {processor.py:836} INFO - DAG(s) dict_keys(['example_sla_dag']) retrieved from /home/airflow/.local/lib/python3.7/site-packages/airflow/example_dags/example_sla_dag.py
[2023-08-04T06:43:51.269+0000] {logging_mixin.py:150} INFO - [2023-08-04T06:43:51.269+0000] {dag.py:2742} INFO - Sync 1 DAGs
[2023-08-04T06:43:51.292+0000] {logging_mixin.py:150} INFO - [2023-08-04T06:43:51.292+0000] {dag.py:3508} INFO - Setting next_dagrun for example_sla_dag to 2023-08-04T06:40:00+00:00, run_after=2023-08-04T06:42:00+00:00
[2023-08-04T06:43:51.305+0000] {processor.py:179} INFO - Processing /home/airflow/.local/lib/python3.7/site-packages/airflow/example_dags/example_sla_dag.py took 0.077 seconds
[2023-08-04T06:44:21.545+0000] {processor.py:157} INFO - Started process (PID=300) to work on /home/airflow/.local/lib/python3.7/site-packages/airflow/example_dags/example_sla_dag.py
[2023-08-04T06:44:21.546+0000] {processor.py:826} INFO - Processing file /home/airflow/.local/lib/python3.7/site-packages/airflow/example_dags/example_sla_dag.py for tasks to queue
[2023-08-04T06:44:21.547+0000] {logging_mixin.py:150} INFO - [2023-08-04T06:44:21.547+0000] {dagbag.py:541} INFO - Filling up the DagBag from /home/airflow/.local/lib/python3.7/site-packages/airflow/example_dags/example_sla_dag.py
[2023-08-04T06:44:21.556+0000] {processor.py:836} INFO - DAG(s) dict_keys(['example_sla_dag']) retrieved from /home/airflow/.local/lib/python3.7/site-packages/airflow/example_dags/example_sla_dag.py
[2023-08-04T06:44:21.581+0000] {logging_mixin.py:150} INFO - [2023-08-04T06:44:21.580+0000] {dag.py:2742} INFO - Sync 1 DAGs
[2023-08-04T06:44:21.605+0000] {logging_mixin.py:150} INFO - [2023-08-04T06:44:21.604+0000] {dag.py:3508} INFO - Setting next_dagrun for example_sla_dag to 2023-08-04T06:42:00+00:00, run_after=2023-08-04T06:44:00+00:00
[2023-08-04T06:44:21.618+0000] {processor.py:179} INFO - Processing /home/airflow/.local/lib/python3.7/site-packages/airflow/example_dags/example_sla_dag.py took 0.077 seconds
[2023-08-04T06:44:51.857+0000] {processor.py:157} INFO - Started process (PID=358) to work on /home/airflow/.local/lib/python3.7/site-packages/airflow/example_dags/example_sla_dag.py
[2023-08-04T06:44:51.858+0000] {processor.py:826} INFO - Processing file /home/airflow/.local/lib/python3.7/site-packages/airflow/example_dags/example_sla_dag.py for tasks to queue
[2023-08-04T06:44:51.859+0000] {logging_mixin.py:150} INFO - [2023-08-04T06:44:51.859+0000] {dagbag.py:541} INFO - Filling up the DagBag from /home/airflow/.local/lib/python3.7/site-packages/airflow/example_dags/example_sla_dag.py
[2023-08-04T06:44:51.868+0000] {processor.py:836} INFO - DAG(s) dict_keys(['example_sla_dag']) retrieved from /home/airflow/.local/lib/python3.7/site-packages/airflow/example_dags/example_sla_dag.py
[2023-08-04T06:44:51.893+0000] {logging_mixin.py:150} INFO - [2023-08-04T06:44:51.893+0000] {dag.py:2742} INFO - Sync 1 DAGs
[2023-08-04T06:44:51.917+0000] {logging_mixin.py:150} INFO - [2023-08-04T06:44:51.916+0000] {dag.py:3508} INFO - Setting next_dagrun for example_sla_dag to 2023-08-04T06:42:00+00:00, run_after=2023-08-04T06:44:00+00:00
[2023-08-04T06:44:51.930+0000] {processor.py:179} INFO - Processing /home/airflow/.local/lib/python3.7/site-packages/airflow/example_dags/example_sla_dag.py took 0.077 seconds
[2023-08-04T06:45:22.180+0000] {processor.py:157} INFO - Started process (PID=415) to work on /home/airflow/.local/lib/python3.7/site-packages/airflow/example_dags/example_sla_dag.py
[2023-08-04T06:45:22.181+0000] {processor.py:826} INFO - Processing file /home/airflow/.local/lib/python3.7/site-packages/airflow/example_dags/example_sla_dag.py for tasks to queue
[2023-08-04T06:45:22.182+0000] {logging_mixin.py:150} INFO - [2023-08-04T06:45:22.182+0000] {dagbag.py:541} INFO - Filling up the DagBag from /home/airflow/.local/lib/python3.7/site-packages/airflow/example_dags/example_sla_dag.py
[2023-08-04T06:45:22.191+0000] {processor.py:836} INFO - DAG(s) dict_keys(['example_sla_dag']) retrieved from /home/airflow/.local/lib/python3.7/site-packages/airflow/example_dags/example_sla_dag.py
[2023-08-04T06:45:22.215+0000] {logging_mixin.py:150} INFO - [2023-08-04T06:45:22.215+0000] {dag.py:2742} INFO - Sync 1 DAGs
[2023-08-04T06:45:22.239+0000] {logging_mixin.py:150} INFO - [2023-08-04T06:45:22.239+0000] {dag.py:3508} INFO - Setting next_dagrun for example_sla_dag to 2023-08-04T06:42:00+00:00, run_after=2023-08-04T06:44:00+00:00
[2023-08-04T06:45:22.252+0000] {processor.py:179} INFO - Processing /home/airflow/.local/lib/python3.7/site-packages/airflow/example_dags/example_sla_dag.py took 0.076 seconds
[2023-08-04T06:45:52.310+0000] {processor.py:157} INFO - Started process (PID=472) to work on /home/airflow/.local/lib/python3.7/site-packages/airflow/example_dags/example_sla_dag.py
[2023-08-04T06:45:52.312+0000] {processor.py:826} INFO - Processing file /home/airflow/.local/lib/python3.7/site-packages/airflow/example_dags/example_sla_dag.py for tasks to queue
[2023-08-04T06:45:52.313+0000] {logging_mixin.py:150} INFO - [2023-08-04T06:45:52.313+0000] {dagbag.py:541} INFO - Filling up the DagBag from /home/airflow/.local/lib/python3.7/site-packages/airflow/example_dags/example_sla_dag.py
[2023-08-04T06:45:52.322+0000] {processor.py:836} INFO - DAG(s) dict_keys(['example_sla_dag']) retrieved from /home/airflow/.local/lib/python3.7/site-packages/airflow/example_dags/example_sla_dag.py
[2023-08-04T06:45:52.345+0000] {logging_mixin.py:150} INFO - [2023-08-04T06:45:52.345+0000] {dag.py:2742} INFO - Sync 1 DAGs
[2023-08-04T06:45:52.368+0000] {logging_mixin.py:150} INFO - [2023-08-04T06:45:52.368+0000] {dag.py:3508} INFO - Setting next_dagrun for example_sla_dag to 2023-08-04T06:42:00+00:00, run_after=2023-08-04T06:44:00+00:00
[2023-08-04T06:45:52.382+0000] {processor.py:179} INFO - Processing /home/airflow/.local/lib/python3.7/site-packages/airflow/example_dags/example_sla_dag.py took 0.076 seconds
[2023-08-04T06:46:23.326+0000] {processor.py:157} INFO - Started process (PID=528) to work on /home/airflow/.local/lib/python3.7/site-packages/airflow/example_dags/example_sla_dag.py
[2023-08-04T06:46:23.328+0000] {processor.py:826} INFO - Processing file /home/airflow/.local/lib/python3.7/site-packages/airflow/example_dags/example_sla_dag.py for tasks to queue
[2023-08-04T06:46:23.329+0000] {logging_mixin.py:150} INFO - [2023-08-04T06:46:23.329+0000] {dagbag.py:541} INFO - Filling up the DagBag from /home/airflow/.local/lib/python3.7/site-packages/airflow/example_dags/example_sla_dag.py
[2023-08-04T06:46:23.338+0000] {processor.py:836} INFO - DAG(s) dict_keys(['example_sla_dag']) retrieved from /home/airflow/.local/lib/python3.7/site-packages/airflow/example_dags/example_sla_dag.py
[2023-08-04T06:46:23.363+0000] {logging_mixin.py:150} INFO - [2023-08-04T06:46:23.363+0000] {dag.py:2742} INFO - Sync 1 DAGs
[2023-08-04T06:46:23.386+0000] {logging_mixin.py:150} INFO - [2023-08-04T06:46:23.386+0000] {dag.py:3508} INFO - Setting next_dagrun for example_sla_dag to 2023-08-04T06:44:00+00:00, run_after=2023-08-04T06:46:00+00:00
[2023-08-04T06:46:23.401+0000] {processor.py:179} INFO - Processing /home/airflow/.local/lib/python3.7/site-packages/airflow/example_dags/example_sla_dag.py took 0.078 seconds
[2023-08-04T06:46:53.628+0000] {processor.py:157} INFO - Started process (PID=585) to work on /home/airflow/.local/lib/python3.7/site-packages/airflow/example_dags/example_sla_dag.py
[2023-08-04T06:46:53.629+0000] {processor.py:826} INFO - Processing file /home/airflow/.local/lib/python3.7/site-packages/airflow/example_dags/example_sla_dag.py for tasks to queue
[2023-08-04T06:46:53.631+0000] {logging_mixin.py:150} INFO - [2023-08-04T06:46:53.630+0000] {dagbag.py:541} INFO - Filling up the DagBag from /home/airflow/.local/lib/python3.7/site-packages/airflow/example_dags/example_sla_dag.py
[2023-08-04T06:46:53.641+0000] {processor.py:836} INFO - DAG(s) dict_keys(['example_sla_dag']) retrieved from /home/airflow/.local/lib/python3.7/site-packages/airflow/example_dags/example_sla_dag.py
[2023-08-04T06:46:53.675+0000] {logging_mixin.py:150} INFO - [2023-08-04T06:46:53.675+0000] {dag.py:2742} INFO - Sync 1 DAGs
[2023-08-04T06:46:53.702+0000] {logging_mixin.py:150} INFO - [2023-08-04T06:46:53.702+0000] {dag.py:3508} INFO - Setting next_dagrun for example_sla_dag to 2023-08-04T06:44:00+00:00, run_after=2023-08-04T06:46:00+00:00
[2023-08-04T06:46:53.720+0000] {processor.py:179} INFO - Processing /home/airflow/.local/lib/python3.7/site-packages/airflow/example_dags/example_sla_dag.py took 0.098 seconds
[2023-08-04T06:47:23.911+0000] {processor.py:157} INFO - Started process (PID=641) to work on /home/airflow/.local/lib/python3.7/site-packages/airflow/example_dags/example_sla_dag.py
[2023-08-04T06:47:23.913+0000] {processor.py:826} INFO - Processing file /home/airflow/.local/lib/python3.7/site-packages/airflow/example_dags/example_sla_dag.py for tasks to queue
[2023-08-04T06:47:23.914+0000] {logging_mixin.py:150} INFO - [2023-08-04T06:47:23.914+0000] {dagbag.py:541} INFO - Filling up the DagBag from /home/airflow/.local/lib/python3.7/site-packages/airflow/example_dags/example_sla_dag.py
[2023-08-04T06:47:23.923+0000] {processor.py:836} INFO - DAG(s) dict_keys(['example_sla_dag']) retrieved from /home/airflow/.local/lib/python3.7/site-packages/airflow/example_dags/example_sla_dag.py
[2023-08-04T06:47:23.950+0000] {logging_mixin.py:150} INFO - [2023-08-04T06:47:23.950+0000] {dag.py:2742} INFO - Sync 1 DAGs
[2023-08-04T06:47:23.976+0000] {logging_mixin.py:150} INFO - [2023-08-04T06:47:23.976+0000] {dag.py:3508} INFO - Setting next_dagrun for example_sla_dag to 2023-08-04T06:44:00+00:00, run_after=2023-08-04T06:46:00+00:00
[2023-08-04T06:47:23.992+0000] {processor.py:179} INFO - Processing /home/airflow/.local/lib/python3.7/site-packages/airflow/example_dags/example_sla_dag.py took 0.084 seconds
[2023-08-04T06:47:54.108+0000] {processor.py:157} INFO - Started process (PID=698) to work on /home/airflow/.local/lib/python3.7/site-packages/airflow/example_dags/example_sla_dag.py
[2023-08-04T06:47:54.109+0000] {processor.py:826} INFO - Processing file /home/airflow/.local/lib/python3.7/site-packages/airflow/example_dags/example_sla_dag.py for tasks to queue
[2023-08-04T06:47:54.110+0000] {logging_mixin.py:150} INFO - [2023-08-04T06:47:54.110+0000] {dagbag.py:541} INFO - Filling up the DagBag from /home/airflow/.local/lib/python3.7/site-packages/airflow/example_dags/example_sla_dag.py
[2023-08-04T06:47:54.119+0000] {processor.py:836} INFO - DAG(s) dict_keys(['example_sla_dag']) retrieved from /home/airflow/.local/lib/python3.7/site-packages/airflow/example_dags/example_sla_dag.py
[2023-08-04T06:47:54.143+0000] {logging_mixin.py:150} INFO - [2023-08-04T06:47:54.143+0000] {dag.py:2742} INFO - Sync 1 DAGs
[2023-08-04T06:47:54.167+0000] {logging_mixin.py:150} INFO - [2023-08-04T06:47:54.167+0000] {dag.py:3508} INFO - Setting next_dagrun for example_sla_dag to 2023-08-04T06:44:00+00:00, run_after=2023-08-04T06:46:00+00:00
[2023-08-04T06:47:54.181+0000] {processor.py:179} INFO - Processing /home/airflow/.local/lib/python3.7/site-packages/airflow/example_dags/example_sla_dag.py took 0.077 seconds
[2023-08-04T06:48:24.639+0000] {processor.py:157} INFO - Started process (PID=755) to work on /home/airflow/.local/lib/python3.7/site-packages/airflow/example_dags/example_sla_dag.py
[2023-08-04T06:48:24.641+0000] {processor.py:826} INFO - Processing file /home/airflow/.local/lib/python3.7/site-packages/airflow/example_dags/example_sla_dag.py for tasks to queue
[2023-08-04T06:48:24.642+0000] {logging_mixin.py:150} INFO - [2023-08-04T06:48:24.641+0000] {dagbag.py:541} INFO - Filling up the DagBag from /home/airflow/.local/lib/python3.7/site-packages/airflow/example_dags/example_sla_dag.py
[2023-08-04T06:48:24.651+0000] {processor.py:836} INFO - DAG(s) dict_keys(['example_sla_dag']) retrieved from /home/airflow/.local/lib/python3.7/site-packages/airflow/example_dags/example_sla_dag.py
[2023-08-04T06:48:24.675+0000] {logging_mixin.py:150} INFO - [2023-08-04T06:48:24.675+0000] {dag.py:2742} INFO - Sync 1 DAGs
[2023-08-04T06:48:24.698+0000] {logging_mixin.py:150} INFO - [2023-08-04T06:48:24.698+0000] {dag.py:3508} INFO - Setting next_dagrun for example_sla_dag to 2023-08-04T06:46:00+00:00, run_after=2023-08-04T06:48:00+00:00
[2023-08-04T06:48:24.712+0000] {processor.py:179} INFO - Processing /home/airflow/.local/lib/python3.7/site-packages/airflow/example_dags/example_sla_dag.py took 0.076 seconds
[2023-08-04T06:48:54.917+0000] {processor.py:157} INFO - Started process (PID=812) to work on /home/airflow/.local/lib/python3.7/site-packages/airflow/example_dags/example_sla_dag.py
[2023-08-04T06:48:54.918+0000] {processor.py:826} INFO - Processing file /home/airflow/.local/lib/python3.7/site-packages/airflow/example_dags/example_sla_dag.py for tasks to queue
[2023-08-04T06:48:54.919+0000] {logging_mixin.py:150} INFO - [2023-08-04T06:48:54.919+0000] {dagbag.py:541} INFO - Filling up the DagBag from /home/airflow/.local/lib/python3.7/site-packages/airflow/example_dags/example_sla_dag.py
[2023-08-04T06:48:54.928+0000] {processor.py:836} INFO - DAG(s) dict_keys(['example_sla_dag']) retrieved from /home/airflow/.local/lib/python3.7/site-packages/airflow/example_dags/example_sla_dag.py
[2023-08-04T06:48:54.952+0000] {logging_mixin.py:150} INFO - [2023-08-04T06:48:54.952+0000] {dag.py:2742} INFO - Sync 1 DAGs
[2023-08-04T06:48:54.976+0000] {logging_mixin.py:150} INFO - [2023-08-04T06:48:54.976+0000] {dag.py:3508} INFO - Setting next_dagrun for example_sla_dag to 2023-08-04T06:46:00+00:00, run_after=2023-08-04T06:48:00+00:00
[2023-08-04T06:48:54.990+0000] {processor.py:179} INFO - Processing /home/airflow/.local/lib/python3.7/site-packages/airflow/example_dags/example_sla_dag.py took 0.078 seconds
[2023-08-04T06:49:25.078+0000] {processor.py:157} INFO - Started process (PID=868) to work on /home/airflow/.local/lib/python3.7/site-packages/airflow/example_dags/example_sla_dag.py
[2023-08-04T06:49:25.079+0000] {processor.py:826} INFO - Processing file /home/airflow/.local/lib/python3.7/site-packages/airflow/example_dags/example_sla_dag.py for tasks to queue
[2023-08-04T06:49:25.080+0000] {logging_mixin.py:150} INFO - [2023-08-04T06:49:25.080+0000] {dagbag.py:541} INFO - Filling up the DagBag from /home/airflow/.local/lib/python3.7/site-packages/airflow/example_dags/example_sla_dag.py
[2023-08-04T06:49:25.089+0000] {processor.py:836} INFO - DAG(s) dict_keys(['example_sla_dag']) retrieved from /home/airflow/.local/lib/python3.7/site-packages/airflow/example_dags/example_sla_dag.py
[2023-08-04T06:49:25.114+0000] {logging_mixin.py:150} INFO - [2023-08-04T06:49:25.113+0000] {dag.py:2742} INFO - Sync 1 DAGs
[2023-08-04T06:49:25.138+0000] {logging_mixin.py:150} INFO - [2023-08-04T06:49:25.138+0000] {dag.py:3508} INFO - Setting next_dagrun for example_sla_dag to 2023-08-04T06:46:00+00:00, run_after=2023-08-04T06:48:00+00:00
[2023-08-04T06:49:25.152+0000] {processor.py:179} INFO - Processing /home/airflow/.local/lib/python3.7/site-packages/airflow/example_dags/example_sla_dag.py took 0.078 seconds
[2023-08-04T06:49:56.200+0000] {processor.py:157} INFO - Started process (PID=927) to work on /home/airflow/.local/lib/python3.7/site-packages/airflow/example_dags/example_sla_dag.py
[2023-08-04T06:49:56.201+0000] {processor.py:826} INFO - Processing file /home/airflow/.local/lib/python3.7/site-packages/airflow/example_dags/example_sla_dag.py for tasks to queue
[2023-08-04T06:49:56.203+0000] {logging_mixin.py:150} INFO - [2023-08-04T06:49:56.202+0000] {dagbag.py:541} INFO - Filling up the DagBag from /home/airflow/.local/lib/python3.7/site-packages/airflow/example_dags/example_sla_dag.py
[2023-08-04T06:49:56.211+0000] {processor.py:836} INFO - DAG(s) dict_keys(['example_sla_dag']) retrieved from /home/airflow/.local/lib/python3.7/site-packages/airflow/example_dags/example_sla_dag.py
[2023-08-04T06:49:56.245+0000] {logging_mixin.py:150} INFO - [2023-08-04T06:49:56.245+0000] {dag.py:2742} INFO - Sync 1 DAGs
[2023-08-04T06:49:56.274+0000] {logging_mixin.py:150} INFO - [2023-08-04T06:49:56.274+0000] {dag.py:3508} INFO - Setting next_dagrun for example_sla_dag to 2023-08-04T06:46:00+00:00, run_after=2023-08-04T06:48:00+00:00
[2023-08-04T06:49:56.291+0000] {processor.py:179} INFO - Processing /home/airflow/.local/lib/python3.7/site-packages/airflow/example_dags/example_sla_dag.py took 0.094 seconds
[2023-08-04T06:50:26.512+0000] {processor.py:157} INFO - Started process (PID=984) to work on /home/airflow/.local/lib/python3.7/site-packages/airflow/example_dags/example_sla_dag.py
[2023-08-04T06:50:26.514+0000] {processor.py:826} INFO - Processing file /home/airflow/.local/lib/python3.7/site-packages/airflow/example_dags/example_sla_dag.py for tasks to queue
[2023-08-04T06:50:26.515+0000] {logging_mixin.py:150} INFO - [2023-08-04T06:50:26.515+0000] {dagbag.py:541} INFO - Filling up the DagBag from /home/airflow/.local/lib/python3.7/site-packages/airflow/example_dags/example_sla_dag.py
[2023-08-04T06:50:26.523+0000] {processor.py:836} INFO - DAG(s) dict_keys(['example_sla_dag']) retrieved from /home/airflow/.local/lib/python3.7/site-packages/airflow/example_dags/example_sla_dag.py
[2023-08-04T06:50:26.548+0000] {logging_mixin.py:150} INFO - [2023-08-04T06:50:26.548+0000] {dag.py:2742} INFO - Sync 1 DAGs
[2023-08-04T06:50:26.572+0000] {logging_mixin.py:150} INFO - [2023-08-04T06:50:26.572+0000] {dag.py:3508} INFO - Setting next_dagrun for example_sla_dag to 2023-08-04T06:48:00+00:00, run_after=2023-08-04T06:50:00+00:00
[2023-08-04T06:50:26.587+0000] {processor.py:179} INFO - Processing /home/airflow/.local/lib/python3.7/site-packages/airflow/example_dags/example_sla_dag.py took 0.078 seconds
[2023-08-04T06:50:57.288+0000] {processor.py:157} INFO - Started process (PID=1041) to work on /home/airflow/.local/lib/python3.7/site-packages/airflow/example_dags/example_sla_dag.py
[2023-08-04T06:50:57.290+0000] {processor.py:826} INFO - Processing file /home/airflow/.local/lib/python3.7/site-packages/airflow/example_dags/example_sla_dag.py for tasks to queue
[2023-08-04T06:50:57.291+0000] {logging_mixin.py:150} INFO - [2023-08-04T06:50:57.291+0000] {dagbag.py:541} INFO - Filling up the DagBag from /home/airflow/.local/lib/python3.7/site-packages/airflow/example_dags/example_sla_dag.py
[2023-08-04T06:50:57.301+0000] {processor.py:836} INFO - DAG(s) dict_keys(['example_sla_dag']) retrieved from /home/airflow/.local/lib/python3.7/site-packages/airflow/example_dags/example_sla_dag.py
[2023-08-04T06:50:57.364+0000] {logging_mixin.py:150} INFO - [2023-08-04T06:50:57.364+0000] {dag.py:2742} INFO - Sync 1 DAGs
[2023-08-04T06:50:57.392+0000] {logging_mixin.py:150} INFO - [2023-08-04T06:50:57.391+0000] {dag.py:3508} INFO - Setting next_dagrun for example_sla_dag to 2023-08-04T06:48:00+00:00, run_after=2023-08-04T06:50:00+00:00
[2023-08-04T06:50:57.418+0000] {processor.py:179} INFO - Processing /home/airflow/.local/lib/python3.7/site-packages/airflow/example_dags/example_sla_dag.py took 0.134 seconds
[2023-08-04T06:51:27.498+0000] {processor.py:157} INFO - Started process (PID=1098) to work on /home/airflow/.local/lib/python3.7/site-packages/airflow/example_dags/example_sla_dag.py
[2023-08-04T06:51:27.499+0000] {processor.py:826} INFO - Processing file /home/airflow/.local/lib/python3.7/site-packages/airflow/example_dags/example_sla_dag.py for tasks to queue
[2023-08-04T06:51:27.501+0000] {logging_mixin.py:150} INFO - [2023-08-04T06:51:27.500+0000] {dagbag.py:541} INFO - Filling up the DagBag from /home/airflow/.local/lib/python3.7/site-packages/airflow/example_dags/example_sla_dag.py
[2023-08-04T06:51:27.509+0000] {processor.py:836} INFO - DAG(s) dict_keys(['example_sla_dag']) retrieved from /home/airflow/.local/lib/python3.7/site-packages/airflow/example_dags/example_sla_dag.py
[2023-08-04T06:51:27.535+0000] {logging_mixin.py:150} INFO - [2023-08-04T06:51:27.534+0000] {dag.py:2742} INFO - Sync 1 DAGs
[2023-08-04T06:51:27.559+0000] {logging_mixin.py:150} INFO - [2023-08-04T06:51:27.559+0000] {dag.py:3508} INFO - Setting next_dagrun for example_sla_dag to 2023-08-04T06:48:00+00:00, run_after=2023-08-04T06:50:00+00:00
[2023-08-04T06:51:27.575+0000] {processor.py:179} INFO - Processing /home/airflow/.local/lib/python3.7/site-packages/airflow/example_dags/example_sla_dag.py took 0.081 seconds
[2023-08-04T06:51:58.385+0000] {processor.py:157} INFO - Started process (PID=1156) to work on /home/airflow/.local/lib/python3.7/site-packages/airflow/example_dags/example_sla_dag.py
[2023-08-04T06:51:58.387+0000] {processor.py:826} INFO - Processing file /home/airflow/.local/lib/python3.7/site-packages/airflow/example_dags/example_sla_dag.py for tasks to queue
[2023-08-04T06:51:58.388+0000] {logging_mixin.py:150} INFO - [2023-08-04T06:51:58.388+0000] {dagbag.py:541} INFO - Filling up the DagBag from /home/airflow/.local/lib/python3.7/site-packages/airflow/example_dags/example_sla_dag.py
[2023-08-04T06:51:58.398+0000] {processor.py:836} INFO - DAG(s) dict_keys(['example_sla_dag']) retrieved from /home/airflow/.local/lib/python3.7/site-packages/airflow/example_dags/example_sla_dag.py
[2023-08-04T06:51:58.428+0000] {logging_mixin.py:150} INFO - [2023-08-04T06:51:58.428+0000] {dag.py:2742} INFO - Sync 1 DAGs
[2023-08-04T06:51:58.454+0000] {logging_mixin.py:150} INFO - [2023-08-04T06:51:58.453+0000] {dag.py:3508} INFO - Setting next_dagrun for example_sla_dag to 2023-08-04T06:48:00+00:00, run_after=2023-08-04T06:50:00+00:00
[2023-08-04T06:51:58.468+0000] {processor.py:179} INFO - Processing /home/airflow/.local/lib/python3.7/site-packages/airflow/example_dags/example_sla_dag.py took 0.087 seconds
[2023-08-04T06:52:28.609+0000] {processor.py:157} INFO - Started process (PID=1214) to work on /home/airflow/.local/lib/python3.7/site-packages/airflow/example_dags/example_sla_dag.py
[2023-08-04T06:52:28.610+0000] {processor.py:826} INFO - Processing file /home/airflow/.local/lib/python3.7/site-packages/airflow/example_dags/example_sla_dag.py for tasks to queue
[2023-08-04T06:52:28.611+0000] {logging_mixin.py:150} INFO - [2023-08-04T06:52:28.611+0000] {dagbag.py:541} INFO - Filling up the DagBag from /home/airflow/.local/lib/python3.7/site-packages/airflow/example_dags/example_sla_dag.py
[2023-08-04T06:52:28.620+0000] {processor.py:836} INFO - DAG(s) dict_keys(['example_sla_dag']) retrieved from /home/airflow/.local/lib/python3.7/site-packages/airflow/example_dags/example_sla_dag.py
[2023-08-04T06:52:28.647+0000] {logging_mixin.py:150} INFO - [2023-08-04T06:52:28.647+0000] {dag.py:2742} INFO - Sync 1 DAGs
[2023-08-04T06:52:28.672+0000] {logging_mixin.py:150} INFO - [2023-08-04T06:52:28.672+0000] {dag.py:3508} INFO - Setting next_dagrun for example_sla_dag to 2023-08-04T06:50:00+00:00, run_after=2023-08-04T06:52:00+00:00
[2023-08-04T06:52:28.687+0000] {processor.py:179} INFO - Processing /home/airflow/.local/lib/python3.7/site-packages/airflow/example_dags/example_sla_dag.py took 0.082 seconds
[2023-08-04T06:52:58.974+0000] {processor.py:157} INFO - Started process (PID=1272) to work on /home/airflow/.local/lib/python3.7/site-packages/airflow/example_dags/example_sla_dag.py
[2023-08-04T06:52:58.976+0000] {processor.py:826} INFO - Processing file /home/airflow/.local/lib/python3.7/site-packages/airflow/example_dags/example_sla_dag.py for tasks to queue
[2023-08-04T06:52:58.978+0000] {logging_mixin.py:150} INFO - [2023-08-04T06:52:58.977+0000] {dagbag.py:541} INFO - Filling up the DagBag from /home/airflow/.local/lib/python3.7/site-packages/airflow/example_dags/example_sla_dag.py
[2023-08-04T06:52:58.987+0000] {processor.py:836} INFO - DAG(s) dict_keys(['example_sla_dag']) retrieved from /home/airflow/.local/lib/python3.7/site-packages/airflow/example_dags/example_sla_dag.py
[2023-08-04T06:52:59.013+0000] {logging_mixin.py:150} INFO - [2023-08-04T06:52:59.012+0000] {dag.py:2742} INFO - Sync 1 DAGs
[2023-08-04T06:52:59.038+0000] {logging_mixin.py:150} INFO - [2023-08-04T06:52:59.037+0000] {dag.py:3508} INFO - Setting next_dagrun for example_sla_dag to 2023-08-04T06:50:00+00:00, run_after=2023-08-04T06:52:00+00:00
[2023-08-04T06:52:59.052+0000] {processor.py:179} INFO - Processing /home/airflow/.local/lib/python3.7/site-packages/airflow/example_dags/example_sla_dag.py took 0.081 seconds
[2023-08-04T06:53:29.400+0000] {processor.py:157} INFO - Started process (PID=1335) to work on /home/airflow/.local/lib/python3.7/site-packages/airflow/example_dags/example_sla_dag.py
[2023-08-04T06:53:29.402+0000] {processor.py:826} INFO - Processing file /home/airflow/.local/lib/python3.7/site-packages/airflow/example_dags/example_sla_dag.py for tasks to queue
[2023-08-04T06:53:29.403+0000] {logging_mixin.py:150} INFO - [2023-08-04T06:53:29.403+0000] {dagbag.py:541} INFO - Filling up the DagBag from /home/airflow/.local/lib/python3.7/site-packages/airflow/example_dags/example_sla_dag.py
[2023-08-04T06:53:29.412+0000] {processor.py:836} INFO - DAG(s) dict_keys(['example_sla_dag']) retrieved from /home/airflow/.local/lib/python3.7/site-packages/airflow/example_dags/example_sla_dag.py
[2023-08-04T06:53:29.437+0000] {logging_mixin.py:150} INFO - [2023-08-04T06:53:29.437+0000] {dag.py:2742} INFO - Sync 1 DAGs
[2023-08-04T06:53:29.462+0000] {logging_mixin.py:150} INFO - [2023-08-04T06:53:29.462+0000] {dag.py:3508} INFO - Setting next_dagrun for example_sla_dag to 2023-08-04T06:50:00+00:00, run_after=2023-08-04T06:52:00+00:00
[2023-08-04T06:53:29.476+0000] {processor.py:179} INFO - Processing /home/airflow/.local/lib/python3.7/site-packages/airflow/example_dags/example_sla_dag.py took 0.079 seconds
[2023-08-04T06:53:59.825+0000] {processor.py:157} INFO - Started process (PID=1393) to work on /home/airflow/.local/lib/python3.7/site-packages/airflow/example_dags/example_sla_dag.py
[2023-08-04T06:53:59.826+0000] {processor.py:826} INFO - Processing file /home/airflow/.local/lib/python3.7/site-packages/airflow/example_dags/example_sla_dag.py for tasks to queue
[2023-08-04T06:53:59.827+0000] {logging_mixin.py:150} INFO - [2023-08-04T06:53:59.827+0000] {dagbag.py:541} INFO - Filling up the DagBag from /home/airflow/.local/lib/python3.7/site-packages/airflow/example_dags/example_sla_dag.py
[2023-08-04T06:53:59.836+0000] {processor.py:836} INFO - DAG(s) dict_keys(['example_sla_dag']) retrieved from /home/airflow/.local/lib/python3.7/site-packages/airflow/example_dags/example_sla_dag.py
[2023-08-04T06:53:59.861+0000] {logging_mixin.py:150} INFO - [2023-08-04T06:53:59.861+0000] {dag.py:2742} INFO - Sync 1 DAGs
[2023-08-04T06:53:59.885+0000] {logging_mixin.py:150} INFO - [2023-08-04T06:53:59.885+0000] {dag.py:3508} INFO - Setting next_dagrun for example_sla_dag to 2023-08-04T06:50:00+00:00, run_after=2023-08-04T06:52:00+00:00
[2023-08-04T06:53:59.902+0000] {processor.py:179} INFO - Processing /home/airflow/.local/lib/python3.7/site-packages/airflow/example_dags/example_sla_dag.py took 0.081 seconds
[2023-08-04T06:54:30.195+0000] {processor.py:157} INFO - Started process (PID=1451) to work on /home/airflow/.local/lib/python3.7/site-packages/airflow/example_dags/example_sla_dag.py
[2023-08-04T06:54:30.197+0000] {processor.py:826} INFO - Processing file /home/airflow/.local/lib/python3.7/site-packages/airflow/example_dags/example_sla_dag.py for tasks to queue
[2023-08-04T06:54:30.198+0000] {logging_mixin.py:150} INFO - [2023-08-04T06:54:30.198+0000] {dagbag.py:541} INFO - Filling up the DagBag from /home/airflow/.local/lib/python3.7/site-packages/airflow/example_dags/example_sla_dag.py
[2023-08-04T06:54:30.207+0000] {processor.py:836} INFO - DAG(s) dict_keys(['example_sla_dag']) retrieved from /home/airflow/.local/lib/python3.7/site-packages/airflow/example_dags/example_sla_dag.py
[2023-08-04T06:54:30.233+0000] {logging_mixin.py:150} INFO - [2023-08-04T06:54:30.233+0000] {dag.py:2742} INFO - Sync 1 DAGs
[2023-08-04T06:54:30.258+0000] {logging_mixin.py:150} INFO - [2023-08-04T06:54:30.258+0000] {dag.py:3508} INFO - Setting next_dagrun for example_sla_dag to 2023-08-04T06:52:00+00:00, run_after=2023-08-04T06:54:00+00:00
[2023-08-04T06:54:30.273+0000] {processor.py:179} INFO - Processing /home/airflow/.local/lib/python3.7/site-packages/airflow/example_dags/example_sla_dag.py took 0.081 seconds
[2023-08-04T06:55:00.584+0000] {processor.py:157} INFO - Started process (PID=1509) to work on /home/airflow/.local/lib/python3.7/site-packages/airflow/example_dags/example_sla_dag.py
[2023-08-04T06:55:00.586+0000] {processor.py:826} INFO - Processing file /home/airflow/.local/lib/python3.7/site-packages/airflow/example_dags/example_sla_dag.py for tasks to queue
[2023-08-04T06:55:00.587+0000] {logging_mixin.py:150} INFO - [2023-08-04T06:55:00.586+0000] {dagbag.py:541} INFO - Filling up the DagBag from /home/airflow/.local/lib/python3.7/site-packages/airflow/example_dags/example_sla_dag.py
[2023-08-04T06:55:00.596+0000] {processor.py:836} INFO - DAG(s) dict_keys(['example_sla_dag']) retrieved from /home/airflow/.local/lib/python3.7/site-packages/airflow/example_dags/example_sla_dag.py
[2023-08-04T06:55:00.622+0000] {logging_mixin.py:150} INFO - [2023-08-04T06:55:00.622+0000] {dag.py:2742} INFO - Sync 1 DAGs
[2023-08-04T06:55:00.646+0000] {logging_mixin.py:150} INFO - [2023-08-04T06:55:00.646+0000] {dag.py:3508} INFO - Setting next_dagrun for example_sla_dag to 2023-08-04T06:52:00+00:00, run_after=2023-08-04T06:54:00+00:00
[2023-08-04T06:55:00.661+0000] {processor.py:179} INFO - Processing /home/airflow/.local/lib/python3.7/site-packages/airflow/example_dags/example_sla_dag.py took 0.081 seconds
[2023-08-04T06:55:31.017+0000] {processor.py:157} INFO - Started process (PID=1571) to work on /home/airflow/.local/lib/python3.7/site-packages/airflow/example_dags/example_sla_dag.py
[2023-08-04T06:55:31.018+0000] {processor.py:826} INFO - Processing file /home/airflow/.local/lib/python3.7/site-packages/airflow/example_dags/example_sla_dag.py for tasks to queue
[2023-08-04T06:55:31.019+0000] {logging_mixin.py:150} INFO - [2023-08-04T06:55:31.019+0000] {dagbag.py:541} INFO - Filling up the DagBag from /home/airflow/.local/lib/python3.7/site-packages/airflow/example_dags/example_sla_dag.py
[2023-08-04T06:55:31.028+0000] {processor.py:836} INFO - DAG(s) dict_keys(['example_sla_dag']) retrieved from /home/airflow/.local/lib/python3.7/site-packages/airflow/example_dags/example_sla_dag.py
[2023-08-04T06:55:31.053+0000] {logging_mixin.py:150} INFO - [2023-08-04T06:55:31.053+0000] {dag.py:2742} INFO - Sync 1 DAGs
[2023-08-04T06:55:31.079+0000] {logging_mixin.py:150} INFO - [2023-08-04T06:55:31.079+0000] {dag.py:3508} INFO - Setting next_dagrun for example_sla_dag to 2023-08-04T06:52:00+00:00, run_after=2023-08-04T06:54:00+00:00
[2023-08-04T06:55:31.101+0000] {processor.py:179} INFO - Processing /home/airflow/.local/lib/python3.7/site-packages/airflow/example_dags/example_sla_dag.py took 0.088 seconds
[2023-08-04T06:56:01.459+0000] {processor.py:157} INFO - Started process (PID=1629) to work on /home/airflow/.local/lib/python3.7/site-packages/airflow/example_dags/example_sla_dag.py
[2023-08-04T06:56:01.461+0000] {processor.py:826} INFO - Processing file /home/airflow/.local/lib/python3.7/site-packages/airflow/example_dags/example_sla_dag.py for tasks to queue
[2023-08-04T06:56:01.462+0000] {logging_mixin.py:150} INFO - [2023-08-04T06:56:01.461+0000] {dagbag.py:541} INFO - Filling up the DagBag from /home/airflow/.local/lib/python3.7/site-packages/airflow/example_dags/example_sla_dag.py
[2023-08-04T06:56:01.471+0000] {processor.py:836} INFO - DAG(s) dict_keys(['example_sla_dag']) retrieved from /home/airflow/.local/lib/python3.7/site-packages/airflow/example_dags/example_sla_dag.py
[2023-08-04T06:56:01.497+0000] {logging_mixin.py:150} INFO - [2023-08-04T06:56:01.497+0000] {dag.py:2742} INFO - Sync 1 DAGs
[2023-08-04T06:56:01.522+0000] {logging_mixin.py:150} INFO - [2023-08-04T06:56:01.521+0000] {dag.py:3508} INFO - Setting next_dagrun for example_sla_dag to 2023-08-04T06:54:00+00:00, run_after=2023-08-04T06:56:00+00:00
[2023-08-04T06:56:01.536+0000] {processor.py:179} INFO - Processing /home/airflow/.local/lib/python3.7/site-packages/airflow/example_dags/example_sla_dag.py took 0.080 seconds
[2023-08-04T06:56:32.536+0000] {processor.py:157} INFO - Started process (PID=1686) to work on /home/airflow/.local/lib/python3.7/site-packages/airflow/example_dags/example_sla_dag.py
[2023-08-04T06:56:32.538+0000] {processor.py:826} INFO - Processing file /home/airflow/.local/lib/python3.7/site-packages/airflow/example_dags/example_sla_dag.py for tasks to queue
[2023-08-04T06:56:32.539+0000] {logging_mixin.py:150} INFO - [2023-08-04T06:56:32.539+0000] {dagbag.py:541} INFO - Filling up the DagBag from /home/airflow/.local/lib/python3.7/site-packages/airflow/example_dags/example_sla_dag.py
[2023-08-04T06:56:32.548+0000] {processor.py:836} INFO - DAG(s) dict_keys(['example_sla_dag']) retrieved from /home/airflow/.local/lib/python3.7/site-packages/airflow/example_dags/example_sla_dag.py
[2023-08-04T06:56:32.573+0000] {logging_mixin.py:150} INFO - [2023-08-04T06:56:32.573+0000] {dag.py:2742} INFO - Sync 1 DAGs
[2023-08-04T06:56:32.598+0000] {logging_mixin.py:150} INFO - [2023-08-04T06:56:32.598+0000] {dag.py:3508} INFO - Setting next_dagrun for example_sla_dag to 2023-08-04T06:54:00+00:00, run_after=2023-08-04T06:56:00+00:00
[2023-08-04T06:56:32.614+0000] {processor.py:179} INFO - Processing /home/airflow/.local/lib/python3.7/site-packages/airflow/example_dags/example_sla_dag.py took 0.081 seconds
[2023-08-04T06:57:03.010+0000] {processor.py:157} INFO - Started process (PID=1744) to work on /home/airflow/.local/lib/python3.7/site-packages/airflow/example_dags/example_sla_dag.py
[2023-08-04T06:57:03.012+0000] {processor.py:826} INFO - Processing file /home/airflow/.local/lib/python3.7/site-packages/airflow/example_dags/example_sla_dag.py for tasks to queue
[2023-08-04T06:57:03.013+0000] {logging_mixin.py:150} INFO - [2023-08-04T06:57:03.013+0000] {dagbag.py:541} INFO - Filling up the DagBag from /home/airflow/.local/lib/python3.7/site-packages/airflow/example_dags/example_sla_dag.py
[2023-08-04T06:57:03.022+0000] {processor.py:836} INFO - DAG(s) dict_keys(['example_sla_dag']) retrieved from /home/airflow/.local/lib/python3.7/site-packages/airflow/example_dags/example_sla_dag.py
[2023-08-04T06:57:03.047+0000] {logging_mixin.py:150} INFO - [2023-08-04T06:57:03.046+0000] {dag.py:2742} INFO - Sync 1 DAGs
[2023-08-04T06:57:03.070+0000] {logging_mixin.py:150} INFO - [2023-08-04T06:57:03.070+0000] {dag.py:3508} INFO - Setting next_dagrun for example_sla_dag to 2023-08-04T06:54:00+00:00, run_after=2023-08-04T06:56:00+00:00
[2023-08-04T06:57:03.084+0000] {processor.py:179} INFO - Processing /home/airflow/.local/lib/python3.7/site-packages/airflow/example_dags/example_sla_dag.py took 0.077 seconds
[2023-08-04T06:57:34.024+0000] {processor.py:157} INFO - Started process (PID=1802) to work on /home/airflow/.local/lib/python3.7/site-packages/airflow/example_dags/example_sla_dag.py
[2023-08-04T06:57:34.025+0000] {processor.py:826} INFO - Processing file /home/airflow/.local/lib/python3.7/site-packages/airflow/example_dags/example_sla_dag.py for tasks to queue
[2023-08-04T06:57:34.027+0000] {logging_mixin.py:150} INFO - [2023-08-04T06:57:34.026+0000] {dagbag.py:541} INFO - Filling up the DagBag from /home/airflow/.local/lib/python3.7/site-packages/airflow/example_dags/example_sla_dag.py
[2023-08-04T06:57:34.036+0000] {processor.py:836} INFO - DAG(s) dict_keys(['example_sla_dag']) retrieved from /home/airflow/.local/lib/python3.7/site-packages/airflow/example_dags/example_sla_dag.py
[2023-08-04T06:57:34.062+0000] {logging_mixin.py:150} INFO - [2023-08-04T06:57:34.062+0000] {dag.py:2742} INFO - Sync 1 DAGs
[2023-08-04T06:57:34.088+0000] {logging_mixin.py:150} INFO - [2023-08-04T06:57:34.088+0000] {dag.py:3508} INFO - Setting next_dagrun for example_sla_dag to 2023-08-04T06:54:00+00:00, run_after=2023-08-04T06:56:00+00:00
[2023-08-04T06:57:34.103+0000] {processor.py:179} INFO - Processing /home/airflow/.local/lib/python3.7/site-packages/airflow/example_dags/example_sla_dag.py took 0.083 seconds
[2023-08-04T06:58:04.566+0000] {processor.py:157} INFO - Started process (PID=1860) to work on /home/airflow/.local/lib/python3.7/site-packages/airflow/example_dags/example_sla_dag.py
[2023-08-04T06:58:04.568+0000] {processor.py:826} INFO - Processing file /home/airflow/.local/lib/python3.7/site-packages/airflow/example_dags/example_sla_dag.py for tasks to queue
[2023-08-04T06:58:04.569+0000] {logging_mixin.py:150} INFO - [2023-08-04T06:58:04.569+0000] {dagbag.py:541} INFO - Filling up the DagBag from /home/airflow/.local/lib/python3.7/site-packages/airflow/example_dags/example_sla_dag.py
[2023-08-04T06:58:04.578+0000] {processor.py:836} INFO - DAG(s) dict_keys(['example_sla_dag']) retrieved from /home/airflow/.local/lib/python3.7/site-packages/airflow/example_dags/example_sla_dag.py
[2023-08-04T06:58:04.603+0000] {logging_mixin.py:150} INFO - [2023-08-04T06:58:04.603+0000] {dag.py:2742} INFO - Sync 1 DAGs
[2023-08-04T06:58:04.626+0000] {logging_mixin.py:150} INFO - [2023-08-04T06:58:04.626+0000] {dag.py:3508} INFO - Setting next_dagrun for example_sla_dag to 2023-08-04T06:56:00+00:00, run_after=2023-08-04T06:58:00+00:00
[2023-08-04T06:58:04.641+0000] {processor.py:179} INFO - Processing /home/airflow/.local/lib/python3.7/site-packages/airflow/example_dags/example_sla_dag.py took 0.078 seconds
[2023-08-04T06:58:35.098+0000] {processor.py:157} INFO - Started process (PID=1917) to work on /home/airflow/.local/lib/python3.7/site-packages/airflow/example_dags/example_sla_dag.py
[2023-08-04T06:58:35.099+0000] {processor.py:826} INFO - Processing file /home/airflow/.local/lib/python3.7/site-packages/airflow/example_dags/example_sla_dag.py for tasks to queue
[2023-08-04T06:58:35.100+0000] {logging_mixin.py:150} INFO - [2023-08-04T06:58:35.100+0000] {dagbag.py:541} INFO - Filling up the DagBag from /home/airflow/.local/lib/python3.7/site-packages/airflow/example_dags/example_sla_dag.py
[2023-08-04T06:58:35.109+0000] {processor.py:836} INFO - DAG(s) dict_keys(['example_sla_dag']) retrieved from /home/airflow/.local/lib/python3.7/site-packages/airflow/example_dags/example_sla_dag.py
[2023-08-04T06:58:35.135+0000] {logging_mixin.py:150} INFO - [2023-08-04T06:58:35.135+0000] {dag.py:2742} INFO - Sync 1 DAGs
[2023-08-04T06:58:35.160+0000] {logging_mixin.py:150} INFO - [2023-08-04T06:58:35.160+0000] {dag.py:3508} INFO - Setting next_dagrun for example_sla_dag to 2023-08-04T06:56:00+00:00, run_after=2023-08-04T06:58:00+00:00
[2023-08-04T06:58:35.178+0000] {processor.py:179} INFO - Processing /home/airflow/.local/lib/python3.7/site-packages/airflow/example_dags/example_sla_dag.py took 0.084 seconds
[2023-08-04T06:59:05.488+0000] {processor.py:157} INFO - Started process (PID=1974) to work on /home/airflow/.local/lib/python3.7/site-packages/airflow/example_dags/example_sla_dag.py
[2023-08-04T06:59:05.490+0000] {processor.py:826} INFO - Processing file /home/airflow/.local/lib/python3.7/site-packages/airflow/example_dags/example_sla_dag.py for tasks to queue
[2023-08-04T06:59:05.491+0000] {logging_mixin.py:150} INFO - [2023-08-04T06:59:05.490+0000] {dagbag.py:541} INFO - Filling up the DagBag from /home/airflow/.local/lib/python3.7/site-packages/airflow/example_dags/example_sla_dag.py
[2023-08-04T06:59:05.500+0000] {processor.py:836} INFO - DAG(s) dict_keys(['example_sla_dag']) retrieved from /home/airflow/.local/lib/python3.7/site-packages/airflow/example_dags/example_sla_dag.py
[2023-08-04T06:59:05.530+0000] {logging_mixin.py:150} INFO - [2023-08-04T06:59:05.530+0000] {dag.py:2742} INFO - Sync 1 DAGs
[2023-08-04T06:59:05.556+0000] {logging_mixin.py:150} INFO - [2023-08-04T06:59:05.556+0000] {dag.py:3508} INFO - Setting next_dagrun for example_sla_dag to 2023-08-04T06:56:00+00:00, run_after=2023-08-04T06:58:00+00:00
[2023-08-04T06:59:05.571+0000] {processor.py:179} INFO - Processing /home/airflow/.local/lib/python3.7/site-packages/airflow/example_dags/example_sla_dag.py took 0.087 seconds
[2023-08-04T06:59:36.255+0000] {processor.py:157} INFO - Started process (PID=2033) to work on /home/airflow/.local/lib/python3.7/site-packages/airflow/example_dags/example_sla_dag.py
[2023-08-04T06:59:36.258+0000] {processor.py:826} INFO - Processing file /home/airflow/.local/lib/python3.7/site-packages/airflow/example_dags/example_sla_dag.py for tasks to queue
[2023-08-04T06:59:36.260+0000] {logging_mixin.py:150} INFO - [2023-08-04T06:59:36.260+0000] {dagbag.py:541} INFO - Filling up the DagBag from /home/airflow/.local/lib/python3.7/site-packages/airflow/example_dags/example_sla_dag.py
[2023-08-04T06:59:36.270+0000] {processor.py:836} INFO - DAG(s) dict_keys(['example_sla_dag']) retrieved from /home/airflow/.local/lib/python3.7/site-packages/airflow/example_dags/example_sla_dag.py
[2023-08-04T06:59:36.302+0000] {logging_mixin.py:150} INFO - [2023-08-04T06:59:36.301+0000] {dag.py:2742} INFO - Sync 1 DAGs
[2023-08-04T06:59:36.328+0000] {logging_mixin.py:150} INFO - [2023-08-04T06:59:36.328+0000] {dag.py:3508} INFO - Setting next_dagrun for example_sla_dag to 2023-08-04T06:56:00+00:00, run_after=2023-08-04T06:58:00+00:00
[2023-08-04T06:59:36.343+0000] {processor.py:179} INFO - Processing /home/airflow/.local/lib/python3.7/site-packages/airflow/example_dags/example_sla_dag.py took 0.092 seconds
[2023-08-04T07:00:06.674+0000] {processor.py:157} INFO - Started process (PID=2090) to work on /home/airflow/.local/lib/python3.7/site-packages/airflow/example_dags/example_sla_dag.py
[2023-08-04T07:00:06.675+0000] {processor.py:826} INFO - Processing file /home/airflow/.local/lib/python3.7/site-packages/airflow/example_dags/example_sla_dag.py for tasks to queue
[2023-08-04T07:00:06.676+0000] {logging_mixin.py:150} INFO - [2023-08-04T07:00:06.676+0000] {dagbag.py:541} INFO - Filling up the DagBag from /home/airflow/.local/lib/python3.7/site-packages/airflow/example_dags/example_sla_dag.py
[2023-08-04T07:00:06.685+0000] {processor.py:836} INFO - DAG(s) dict_keys(['example_sla_dag']) retrieved from /home/airflow/.local/lib/python3.7/site-packages/airflow/example_dags/example_sla_dag.py
[2023-08-04T07:00:06.710+0000] {logging_mixin.py:150} INFO - [2023-08-04T07:00:06.710+0000] {dag.py:2742} INFO - Sync 1 DAGs
[2023-08-04T07:00:06.734+0000] {logging_mixin.py:150} INFO - [2023-08-04T07:00:06.734+0000] {dag.py:3508} INFO - Setting next_dagrun for example_sla_dag to 2023-08-04T06:58:00+00:00, run_after=2023-08-04T07:00:00+00:00
[2023-08-04T07:00:06.748+0000] {processor.py:179} INFO - Processing /home/airflow/.local/lib/python3.7/site-packages/airflow/example_dags/example_sla_dag.py took 0.079 seconds
[2023-08-04T07:00:37.903+0000] {processor.py:157} INFO - Started process (PID=2147) to work on /home/airflow/.local/lib/python3.7/site-packages/airflow/example_dags/example_sla_dag.py
[2023-08-04T07:00:37.905+0000] {processor.py:826} INFO - Processing file /home/airflow/.local/lib/python3.7/site-packages/airflow/example_dags/example_sla_dag.py for tasks to queue
[2023-08-04T07:00:37.906+0000] {logging_mixin.py:150} INFO - [2023-08-04T07:00:37.906+0000] {dagbag.py:541} INFO - Filling up the DagBag from /home/airflow/.local/lib/python3.7/site-packages/airflow/example_dags/example_sla_dag.py
[2023-08-04T07:00:37.915+0000] {processor.py:836} INFO - DAG(s) dict_keys(['example_sla_dag']) retrieved from /home/airflow/.local/lib/python3.7/site-packages/airflow/example_dags/example_sla_dag.py
[2023-08-04T07:00:37.940+0000] {logging_mixin.py:150} INFO - [2023-08-04T07:00:37.940+0000] {dag.py:2742} INFO - Sync 1 DAGs
[2023-08-04T07:00:37.967+0000] {logging_mixin.py:150} INFO - [2023-08-04T07:00:37.967+0000] {dag.py:3508} INFO - Setting next_dagrun for example_sla_dag to 2023-08-04T06:58:00+00:00, run_after=2023-08-04T07:00:00+00:00
[2023-08-04T07:00:37.981+0000] {processor.py:179} INFO - Processing /home/airflow/.local/lib/python3.7/site-packages/airflow/example_dags/example_sla_dag.py took 0.082 seconds
[2023-08-04T07:01:09.288+0000] {processor.py:157} INFO - Started process (PID=2204) to work on /home/airflow/.local/lib/python3.7/site-packages/airflow/example_dags/example_sla_dag.py
[2023-08-04T07:01:09.289+0000] {processor.py:826} INFO - Processing file /home/airflow/.local/lib/python3.7/site-packages/airflow/example_dags/example_sla_dag.py for tasks to queue
[2023-08-04T07:01:09.290+0000] {logging_mixin.py:150} INFO - [2023-08-04T07:01:09.290+0000] {dagbag.py:541} INFO - Filling up the DagBag from /home/airflow/.local/lib/python3.7/site-packages/airflow/example_dags/example_sla_dag.py
[2023-08-04T07:01:09.299+0000] {processor.py:836} INFO - DAG(s) dict_keys(['example_sla_dag']) retrieved from /home/airflow/.local/lib/python3.7/site-packages/airflow/example_dags/example_sla_dag.py
[2023-08-04T07:01:09.324+0000] {logging_mixin.py:150} INFO - [2023-08-04T07:01:09.324+0000] {dag.py:2742} INFO - Sync 1 DAGs
[2023-08-04T07:01:09.348+0000] {logging_mixin.py:150} INFO - [2023-08-04T07:01:09.348+0000] {dag.py:3508} INFO - Setting next_dagrun for example_sla_dag to 2023-08-04T06:58:00+00:00, run_after=2023-08-04T07:00:00+00:00
[2023-08-04T07:01:09.363+0000] {processor.py:179} INFO - Processing /home/airflow/.local/lib/python3.7/site-packages/airflow/example_dags/example_sla_dag.py took 0.079 seconds
[2023-08-04T07:01:40.576+0000] {processor.py:157} INFO - Started process (PID=2269) to work on /home/airflow/.local/lib/python3.7/site-packages/airflow/example_dags/example_sla_dag.py
[2023-08-04T07:01:40.577+0000] {processor.py:826} INFO - Processing file /home/airflow/.local/lib/python3.7/site-packages/airflow/example_dags/example_sla_dag.py for tasks to queue
[2023-08-04T07:01:40.578+0000] {logging_mixin.py:150} INFO - [2023-08-04T07:01:40.578+0000] {dagbag.py:541} INFO - Filling up the DagBag from /home/airflow/.local/lib/python3.7/site-packages/airflow/example_dags/example_sla_dag.py
[2023-08-04T07:01:40.586+0000] {processor.py:836} INFO - DAG(s) dict_keys(['example_sla_dag']) retrieved from /home/airflow/.local/lib/python3.7/site-packages/airflow/example_dags/example_sla_dag.py
[2023-08-04T07:01:40.612+0000] {logging_mixin.py:150} INFO - [2023-08-04T07:01:40.611+0000] {dag.py:2742} INFO - Sync 1 DAGs
[2023-08-04T07:01:40.635+0000] {logging_mixin.py:150} INFO - [2023-08-04T07:01:40.635+0000] {dag.py:3508} INFO - Setting next_dagrun for example_sla_dag to 2023-08-04T06:58:00+00:00, run_after=2023-08-04T07:00:00+00:00
[2023-08-04T07:01:40.649+0000] {processor.py:179} INFO - Processing /home/airflow/.local/lib/python3.7/site-packages/airflow/example_dags/example_sla_dag.py took 0.077 seconds
[2023-08-04T07:02:10.975+0000] {processor.py:157} INFO - Started process (PID=2327) to work on /home/airflow/.local/lib/python3.7/site-packages/airflow/example_dags/example_sla_dag.py
[2023-08-04T07:02:10.976+0000] {processor.py:826} INFO - Processing file /home/airflow/.local/lib/python3.7/site-packages/airflow/example_dags/example_sla_dag.py for tasks to queue
[2023-08-04T07:02:10.977+0000] {logging_mixin.py:150} INFO - [2023-08-04T07:02:10.977+0000] {dagbag.py:541} INFO - Filling up the DagBag from /home/airflow/.local/lib/python3.7/site-packages/airflow/example_dags/example_sla_dag.py
[2023-08-04T07:02:10.986+0000] {processor.py:836} INFO - DAG(s) dict_keys(['example_sla_dag']) retrieved from /home/airflow/.local/lib/python3.7/site-packages/airflow/example_dags/example_sla_dag.py
[2023-08-04T07:02:11.011+0000] {logging_mixin.py:150} INFO - [2023-08-04T07:02:11.011+0000] {dag.py:2742} INFO - Sync 1 DAGs
[2023-08-04T07:02:11.038+0000] {logging_mixin.py:150} INFO - [2023-08-04T07:02:11.038+0000] {dag.py:3508} INFO - Setting next_dagrun for example_sla_dag to 2023-08-04T07:00:00+00:00, run_after=2023-08-04T07:02:00+00:00
[2023-08-04T07:02:11.055+0000] {processor.py:179} INFO - Processing /home/airflow/.local/lib/python3.7/site-packages/airflow/example_dags/example_sla_dag.py took 0.084 seconds
[2023-08-04T07:02:41.549+0000] {processor.py:157} INFO - Started process (PID=2385) to work on /home/airflow/.local/lib/python3.7/site-packages/airflow/example_dags/example_sla_dag.py
[2023-08-04T07:02:41.550+0000] {processor.py:826} INFO - Processing file /home/airflow/.local/lib/python3.7/site-packages/airflow/example_dags/example_sla_dag.py for tasks to queue
[2023-08-04T07:02:41.551+0000] {logging_mixin.py:150} INFO - [2023-08-04T07:02:41.551+0000] {dagbag.py:541} INFO - Filling up the DagBag from /home/airflow/.local/lib/python3.7/site-packages/airflow/example_dags/example_sla_dag.py
[2023-08-04T07:02:41.560+0000] {processor.py:836} INFO - DAG(s) dict_keys(['example_sla_dag']) retrieved from /home/airflow/.local/lib/python3.7/site-packages/airflow/example_dags/example_sla_dag.py
[2023-08-04T07:02:41.585+0000] {logging_mixin.py:150} INFO - [2023-08-04T07:02:41.585+0000] {dag.py:2742} INFO - Sync 1 DAGs
[2023-08-04T07:02:41.609+0000] {logging_mixin.py:150} INFO - [2023-08-04T07:02:41.609+0000] {dag.py:3508} INFO - Setting next_dagrun for example_sla_dag to 2023-08-04T07:00:00+00:00, run_after=2023-08-04T07:02:00+00:00
[2023-08-04T07:02:41.623+0000] {processor.py:179} INFO - Processing /home/airflow/.local/lib/python3.7/site-packages/airflow/example_dags/example_sla_dag.py took 0.078 seconds
[2023-08-04T07:03:12.035+0000] {processor.py:157} INFO - Started process (PID=2443) to work on /home/airflow/.local/lib/python3.7/site-packages/airflow/example_dags/example_sla_dag.py
[2023-08-04T07:03:12.036+0000] {processor.py:826} INFO - Processing file /home/airflow/.local/lib/python3.7/site-packages/airflow/example_dags/example_sla_dag.py for tasks to queue
[2023-08-04T07:03:12.037+0000] {logging_mixin.py:150} INFO - [2023-08-04T07:03:12.037+0000] {dagbag.py:541} INFO - Filling up the DagBag from /home/airflow/.local/lib/python3.7/site-packages/airflow/example_dags/example_sla_dag.py
[2023-08-04T07:03:12.046+0000] {processor.py:836} INFO - DAG(s) dict_keys(['example_sla_dag']) retrieved from /home/airflow/.local/lib/python3.7/site-packages/airflow/example_dags/example_sla_dag.py
[2023-08-04T07:03:12.071+0000] {logging_mixin.py:150} INFO - [2023-08-04T07:03:12.071+0000] {dag.py:2742} INFO - Sync 1 DAGs
[2023-08-04T07:03:12.095+0000] {logging_mixin.py:150} INFO - [2023-08-04T07:03:12.095+0000] {dag.py:3508} INFO - Setting next_dagrun for example_sla_dag to 2023-08-04T07:00:00+00:00, run_after=2023-08-04T07:02:00+00:00
[2023-08-04T07:03:12.110+0000] {processor.py:179} INFO - Processing /home/airflow/.local/lib/python3.7/site-packages/airflow/example_dags/example_sla_dag.py took 0.079 seconds
[2023-08-04T07:03:42.614+0000] {processor.py:157} INFO - Started process (PID=2501) to work on /home/airflow/.local/lib/python3.7/site-packages/airflow/example_dags/example_sla_dag.py
[2023-08-04T07:03:42.616+0000] {processor.py:826} INFO - Processing file /home/airflow/.local/lib/python3.7/site-packages/airflow/example_dags/example_sla_dag.py for tasks to queue
[2023-08-04T07:03:42.618+0000] {logging_mixin.py:150} INFO - [2023-08-04T07:03:42.617+0000] {dagbag.py:541} INFO - Filling up the DagBag from /home/airflow/.local/lib/python3.7/site-packages/airflow/example_dags/example_sla_dag.py
[2023-08-04T07:03:42.628+0000] {processor.py:836} INFO - DAG(s) dict_keys(['example_sla_dag']) retrieved from /home/airflow/.local/lib/python3.7/site-packages/airflow/example_dags/example_sla_dag.py
[2023-08-04T07:03:42.656+0000] {logging_mixin.py:150} INFO - [2023-08-04T07:03:42.656+0000] {dag.py:2742} INFO - Sync 1 DAGs
[2023-08-04T07:03:42.682+0000] {logging_mixin.py:150} INFO - [2023-08-04T07:03:42.682+0000] {dag.py:3508} INFO - Setting next_dagrun for example_sla_dag to 2023-08-04T07:00:00+00:00, run_after=2023-08-04T07:02:00+00:00
[2023-08-04T07:03:42.698+0000] {processor.py:179} INFO - Processing /home/airflow/.local/lib/python3.7/site-packages/airflow/example_dags/example_sla_dag.py took 0.087 seconds
[2023-08-04T07:04:13.220+0000] {processor.py:157} INFO - Started process (PID=2559) to work on /home/airflow/.local/lib/python3.7/site-packages/airflow/example_dags/example_sla_dag.py
[2023-08-04T07:04:13.222+0000] {processor.py:826} INFO - Processing file /home/airflow/.local/lib/python3.7/site-packages/airflow/example_dags/example_sla_dag.py for tasks to queue
[2023-08-04T07:04:13.223+0000] {logging_mixin.py:150} INFO - [2023-08-04T07:04:13.222+0000] {dagbag.py:541} INFO - Filling up the DagBag from /home/airflow/.local/lib/python3.7/site-packages/airflow/example_dags/example_sla_dag.py
[2023-08-04T07:04:13.231+0000] {processor.py:836} INFO - DAG(s) dict_keys(['example_sla_dag']) retrieved from /home/airflow/.local/lib/python3.7/site-packages/airflow/example_dags/example_sla_dag.py
[2023-08-04T07:04:13.256+0000] {logging_mixin.py:150} INFO - [2023-08-04T07:04:13.256+0000] {dag.py:2742} INFO - Sync 1 DAGs
[2023-08-04T07:04:13.280+0000] {logging_mixin.py:150} INFO - [2023-08-04T07:04:13.280+0000] {dag.py:3508} INFO - Setting next_dagrun for example_sla_dag to 2023-08-04T07:02:00+00:00, run_after=2023-08-04T07:04:00+00:00
[2023-08-04T07:04:13.294+0000] {processor.py:179} INFO - Processing /home/airflow/.local/lib/python3.7/site-packages/airflow/example_dags/example_sla_dag.py took 0.078 seconds
[2023-08-04T07:04:43.730+0000] {processor.py:157} INFO - Started process (PID=2616) to work on /home/airflow/.local/lib/python3.7/site-packages/airflow/example_dags/example_sla_dag.py
[2023-08-04T07:04:43.732+0000] {processor.py:826} INFO - Processing file /home/airflow/.local/lib/python3.7/site-packages/airflow/example_dags/example_sla_dag.py for tasks to queue
[2023-08-04T07:04:43.734+0000] {logging_mixin.py:150} INFO - [2023-08-04T07:04:43.733+0000] {dagbag.py:541} INFO - Filling up the DagBag from /home/airflow/.local/lib/python3.7/site-packages/airflow/example_dags/example_sla_dag.py
[2023-08-04T07:04:43.744+0000] {processor.py:836} INFO - DAG(s) dict_keys(['example_sla_dag']) retrieved from /home/airflow/.local/lib/python3.7/site-packages/airflow/example_dags/example_sla_dag.py
[2023-08-04T07:04:43.780+0000] {logging_mixin.py:150} INFO - [2023-08-04T07:04:43.780+0000] {dag.py:2742} INFO - Sync 1 DAGs
[2023-08-04T07:04:43.809+0000] {logging_mixin.py:150} INFO - [2023-08-04T07:04:43.808+0000] {dag.py:3508} INFO - Setting next_dagrun for example_sla_dag to 2023-08-04T07:02:00+00:00, run_after=2023-08-04T07:04:00+00:00
[2023-08-04T07:04:43.825+0000] {processor.py:179} INFO - Processing /home/airflow/.local/lib/python3.7/site-packages/airflow/example_dags/example_sla_dag.py took 0.099 seconds
[2023-08-04T07:05:14.260+0000] {processor.py:157} INFO - Started process (PID=2674) to work on /home/airflow/.local/lib/python3.7/site-packages/airflow/example_dags/example_sla_dag.py
[2023-08-04T07:05:14.261+0000] {processor.py:826} INFO - Processing file /home/airflow/.local/lib/python3.7/site-packages/airflow/example_dags/example_sla_dag.py for tasks to queue
[2023-08-04T07:05:14.262+0000] {logging_mixin.py:150} INFO - [2023-08-04T07:05:14.262+0000] {dagbag.py:541} INFO - Filling up the DagBag from /home/airflow/.local/lib/python3.7/site-packages/airflow/example_dags/example_sla_dag.py
[2023-08-04T07:05:14.271+0000] {processor.py:836} INFO - DAG(s) dict_keys(['example_sla_dag']) retrieved from /home/airflow/.local/lib/python3.7/site-packages/airflow/example_dags/example_sla_dag.py
[2023-08-04T07:05:14.297+0000] {logging_mixin.py:150} INFO - [2023-08-04T07:05:14.297+0000] {dag.py:2742} INFO - Sync 1 DAGs
[2023-08-04T07:05:14.321+0000] {logging_mixin.py:150} INFO - [2023-08-04T07:05:14.321+0000] {dag.py:3508} INFO - Setting next_dagrun for example_sla_dag to 2023-08-04T07:02:00+00:00, run_after=2023-08-04T07:04:00+00:00
[2023-08-04T07:05:14.335+0000] {processor.py:179} INFO - Processing /home/airflow/.local/lib/python3.7/site-packages/airflow/example_dags/example_sla_dag.py took 0.079 seconds
[2023-08-04T07:05:44.882+0000] {processor.py:157} INFO - Started process (PID=2732) to work on /home/airflow/.local/lib/python3.7/site-packages/airflow/example_dags/example_sla_dag.py
[2023-08-04T07:05:44.885+0000] {processor.py:826} INFO - Processing file /home/airflow/.local/lib/python3.7/site-packages/airflow/example_dags/example_sla_dag.py for tasks to queue
[2023-08-04T07:05:44.886+0000] {logging_mixin.py:150} INFO - [2023-08-04T07:05:44.886+0000] {dagbag.py:541} INFO - Filling up the DagBag from /home/airflow/.local/lib/python3.7/site-packages/airflow/example_dags/example_sla_dag.py
[2023-08-04T07:05:44.895+0000] {processor.py:836} INFO - DAG(s) dict_keys(['example_sla_dag']) retrieved from /home/airflow/.local/lib/python3.7/site-packages/airflow/example_dags/example_sla_dag.py
[2023-08-04T07:05:44.920+0000] {logging_mixin.py:150} INFO - [2023-08-04T07:05:44.920+0000] {dag.py:2742} INFO - Sync 1 DAGs
[2023-08-04T07:05:44.945+0000] {logging_mixin.py:150} INFO - [2023-08-04T07:05:44.945+0000] {dag.py:3508} INFO - Setting next_dagrun for example_sla_dag to 2023-08-04T07:02:00+00:00, run_after=2023-08-04T07:04:00+00:00
[2023-08-04T07:05:44.959+0000] {processor.py:179} INFO - Processing /home/airflow/.local/lib/python3.7/site-packages/airflow/example_dags/example_sla_dag.py took 0.082 seconds
[2023-08-04T07:06:15.381+0000] {processor.py:157} INFO - Started process (PID=2790) to work on /home/airflow/.local/lib/python3.7/site-packages/airflow/example_dags/example_sla_dag.py
[2023-08-04T07:06:15.382+0000] {processor.py:826} INFO - Processing file /home/airflow/.local/lib/python3.7/site-packages/airflow/example_dags/example_sla_dag.py for tasks to queue
[2023-08-04T07:06:15.383+0000] {logging_mixin.py:150} INFO - [2023-08-04T07:06:15.383+0000] {dagbag.py:541} INFO - Filling up the DagBag from /home/airflow/.local/lib/python3.7/site-packages/airflow/example_dags/example_sla_dag.py
[2023-08-04T07:06:15.392+0000] {processor.py:836} INFO - DAG(s) dict_keys(['example_sla_dag']) retrieved from /home/airflow/.local/lib/python3.7/site-packages/airflow/example_dags/example_sla_dag.py
[2023-08-04T07:06:15.417+0000] {logging_mixin.py:150} INFO - [2023-08-04T07:06:15.416+0000] {dag.py:2742} INFO - Sync 1 DAGs
[2023-08-04T07:06:15.440+0000] {logging_mixin.py:150} INFO - [2023-08-04T07:06:15.440+0000] {dag.py:3508} INFO - Setting next_dagrun for example_sla_dag to 2023-08-04T07:04:00+00:00, run_after=2023-08-04T07:06:00+00:00
[2023-08-04T07:06:15.456+0000] {processor.py:179} INFO - Processing /home/airflow/.local/lib/python3.7/site-packages/airflow/example_dags/example_sla_dag.py took 0.080 seconds
[2023-08-04T07:06:45.780+0000] {processor.py:157} INFO - Started process (PID=2848) to work on /home/airflow/.local/lib/python3.7/site-packages/airflow/example_dags/example_sla_dag.py
[2023-08-04T07:06:45.782+0000] {processor.py:826} INFO - Processing file /home/airflow/.local/lib/python3.7/site-packages/airflow/example_dags/example_sla_dag.py for tasks to queue
[2023-08-04T07:06:45.783+0000] {logging_mixin.py:150} INFO - [2023-08-04T07:06:45.783+0000] {dagbag.py:541} INFO - Filling up the DagBag from /home/airflow/.local/lib/python3.7/site-packages/airflow/example_dags/example_sla_dag.py
[2023-08-04T07:06:45.792+0000] {processor.py:836} INFO - DAG(s) dict_keys(['example_sla_dag']) retrieved from /home/airflow/.local/lib/python3.7/site-packages/airflow/example_dags/example_sla_dag.py
[2023-08-04T07:06:45.817+0000] {logging_mixin.py:150} INFO - [2023-08-04T07:06:45.817+0000] {dag.py:2742} INFO - Sync 1 DAGs
[2023-08-04T07:06:45.841+0000] {logging_mixin.py:150} INFO - [2023-08-04T07:06:45.841+0000] {dag.py:3508} INFO - Setting next_dagrun for example_sla_dag to 2023-08-04T07:04:00+00:00, run_after=2023-08-04T07:06:00+00:00
[2023-08-04T07:06:45.855+0000] {processor.py:179} INFO - Processing /home/airflow/.local/lib/python3.7/site-packages/airflow/example_dags/example_sla_dag.py took 0.080 seconds
[2023-08-04T07:07:16.345+0000] {processor.py:157} INFO - Started process (PID=2905) to work on /home/airflow/.local/lib/python3.7/site-packages/airflow/example_dags/example_sla_dag.py
[2023-08-04T07:07:16.346+0000] {processor.py:826} INFO - Processing file /home/airflow/.local/lib/python3.7/site-packages/airflow/example_dags/example_sla_dag.py for tasks to queue
[2023-08-04T07:07:16.348+0000] {logging_mixin.py:150} INFO - [2023-08-04T07:07:16.347+0000] {dagbag.py:541} INFO - Filling up the DagBag from /home/airflow/.local/lib/python3.7/site-packages/airflow/example_dags/example_sla_dag.py
[2023-08-04T07:07:16.357+0000] {processor.py:836} INFO - DAG(s) dict_keys(['example_sla_dag']) retrieved from /home/airflow/.local/lib/python3.7/site-packages/airflow/example_dags/example_sla_dag.py
[2023-08-04T07:07:16.383+0000] {logging_mixin.py:150} INFO - [2023-08-04T07:07:16.383+0000] {dag.py:2742} INFO - Sync 1 DAGs
[2023-08-04T07:07:16.407+0000] {logging_mixin.py:150} INFO - [2023-08-04T07:07:16.407+0000] {dag.py:3508} INFO - Setting next_dagrun for example_sla_dag to 2023-08-04T07:04:00+00:00, run_after=2023-08-04T07:06:00+00:00
[2023-08-04T07:07:16.422+0000] {processor.py:179} INFO - Processing /home/airflow/.local/lib/python3.7/site-packages/airflow/example_dags/example_sla_dag.py took 0.081 seconds
[2023-08-04T07:07:46.964+0000] {processor.py:157} INFO - Started process (PID=2963) to work on /home/airflow/.local/lib/python3.7/site-packages/airflow/example_dags/example_sla_dag.py
[2023-08-04T07:07:46.965+0000] {processor.py:826} INFO - Processing file /home/airflow/.local/lib/python3.7/site-packages/airflow/example_dags/example_sla_dag.py for tasks to queue
[2023-08-04T07:07:46.966+0000] {logging_mixin.py:150} INFO - [2023-08-04T07:07:46.966+0000] {dagbag.py:541} INFO - Filling up the DagBag from /home/airflow/.local/lib/python3.7/site-packages/airflow/example_dags/example_sla_dag.py
[2023-08-04T07:07:46.975+0000] {processor.py:836} INFO - DAG(s) dict_keys(['example_sla_dag']) retrieved from /home/airflow/.local/lib/python3.7/site-packages/airflow/example_dags/example_sla_dag.py
[2023-08-04T07:07:46.999+0000] {logging_mixin.py:150} INFO - [2023-08-04T07:07:46.999+0000] {dag.py:2742} INFO - Sync 1 DAGs
[2023-08-04T07:07:47.023+0000] {logging_mixin.py:150} INFO - [2023-08-04T07:07:47.023+0000] {dag.py:3508} INFO - Setting next_dagrun for example_sla_dag to 2023-08-04T07:04:00+00:00, run_after=2023-08-04T07:06:00+00:00
[2023-08-04T07:07:47.037+0000] {processor.py:179} INFO - Processing /home/airflow/.local/lib/python3.7/site-packages/airflow/example_dags/example_sla_dag.py took 0.077 seconds
[2023-08-04T07:08:17.431+0000] {processor.py:157} INFO - Started process (PID=3021) to work on /home/airflow/.local/lib/python3.7/site-packages/airflow/example_dags/example_sla_dag.py
[2023-08-04T07:08:17.433+0000] {processor.py:826} INFO - Processing file /home/airflow/.local/lib/python3.7/site-packages/airflow/example_dags/example_sla_dag.py for tasks to queue
[2023-08-04T07:08:17.434+0000] {logging_mixin.py:150} INFO - [2023-08-04T07:08:17.433+0000] {dagbag.py:541} INFO - Filling up the DagBag from /home/airflow/.local/lib/python3.7/site-packages/airflow/example_dags/example_sla_dag.py
[2023-08-04T07:08:17.442+0000] {processor.py:836} INFO - DAG(s) dict_keys(['example_sla_dag']) retrieved from /home/airflow/.local/lib/python3.7/site-packages/airflow/example_dags/example_sla_dag.py
[2023-08-04T07:08:17.468+0000] {logging_mixin.py:150} INFO - [2023-08-04T07:08:17.468+0000] {dag.py:2742} INFO - Sync 1 DAGs
[2023-08-04T07:08:17.492+0000] {logging_mixin.py:150} INFO - [2023-08-04T07:08:17.492+0000] {dag.py:3508} INFO - Setting next_dagrun for example_sla_dag to 2023-08-04T07:06:00+00:00, run_after=2023-08-04T07:08:00+00:00
[2023-08-04T07:08:17.506+0000] {processor.py:179} INFO - Processing /home/airflow/.local/lib/python3.7/site-packages/airflow/example_dags/example_sla_dag.py took 0.078 seconds
[2023-08-04T07:08:48.114+0000] {processor.py:157} INFO - Started process (PID=3079) to work on /home/airflow/.local/lib/python3.7/site-packages/airflow/example_dags/example_sla_dag.py
[2023-08-04T07:08:48.116+0000] {processor.py:826} INFO - Processing file /home/airflow/.local/lib/python3.7/site-packages/airflow/example_dags/example_sla_dag.py for tasks to queue
[2023-08-04T07:08:48.117+0000] {logging_mixin.py:150} INFO - [2023-08-04T07:08:48.117+0000] {dagbag.py:541} INFO - Filling up the DagBag from /home/airflow/.local/lib/python3.7/site-packages/airflow/example_dags/example_sla_dag.py
[2023-08-04T07:08:48.126+0000] {processor.py:836} INFO - DAG(s) dict_keys(['example_sla_dag']) retrieved from /home/airflow/.local/lib/python3.7/site-packages/airflow/example_dags/example_sla_dag.py
[2023-08-04T07:08:48.150+0000] {logging_mixin.py:150} INFO - [2023-08-04T07:08:48.150+0000] {dag.py:2742} INFO - Sync 1 DAGs
[2023-08-04T07:08:48.174+0000] {logging_mixin.py:150} INFO - [2023-08-04T07:08:48.174+0000] {dag.py:3508} INFO - Setting next_dagrun for example_sla_dag to 2023-08-04T07:06:00+00:00, run_after=2023-08-04T07:08:00+00:00
[2023-08-04T07:08:48.188+0000] {processor.py:179} INFO - Processing /home/airflow/.local/lib/python3.7/site-packages/airflow/example_dags/example_sla_dag.py took 0.077 seconds
[2023-08-04T07:09:18.636+0000] {processor.py:157} INFO - Started process (PID=3137) to work on /home/airflow/.local/lib/python3.7/site-packages/airflow/example_dags/example_sla_dag.py
[2023-08-04T07:09:18.638+0000] {processor.py:826} INFO - Processing file /home/airflow/.local/lib/python3.7/site-packages/airflow/example_dags/example_sla_dag.py for tasks to queue
[2023-08-04T07:09:18.639+0000] {logging_mixin.py:150} INFO - [2023-08-04T07:09:18.638+0000] {dagbag.py:541} INFO - Filling up the DagBag from /home/airflow/.local/lib/python3.7/site-packages/airflow/example_dags/example_sla_dag.py
[2023-08-04T07:09:18.647+0000] {processor.py:836} INFO - DAG(s) dict_keys(['example_sla_dag']) retrieved from /home/airflow/.local/lib/python3.7/site-packages/airflow/example_dags/example_sla_dag.py
[2023-08-04T07:09:18.673+0000] {logging_mixin.py:150} INFO - [2023-08-04T07:09:18.672+0000] {dag.py:2742} INFO - Sync 1 DAGs
[2023-08-04T07:09:18.696+0000] {logging_mixin.py:150} INFO - [2023-08-04T07:09:18.696+0000] {dag.py:3508} INFO - Setting next_dagrun for example_sla_dag to 2023-08-04T07:06:00+00:00, run_after=2023-08-04T07:08:00+00:00
[2023-08-04T07:09:18.710+0000] {processor.py:179} INFO - Processing /home/airflow/.local/lib/python3.7/site-packages/airflow/example_dags/example_sla_dag.py took 0.077 seconds
[2023-08-04T07:09:49.164+0000] {processor.py:157} INFO - Started process (PID=3195) to work on /home/airflow/.local/lib/python3.7/site-packages/airflow/example_dags/example_sla_dag.py
[2023-08-04T07:09:49.166+0000] {processor.py:826} INFO - Processing file /home/airflow/.local/lib/python3.7/site-packages/airflow/example_dags/example_sla_dag.py for tasks to queue
[2023-08-04T07:09:49.167+0000] {logging_mixin.py:150} INFO - [2023-08-04T07:09:49.166+0000] {dagbag.py:541} INFO - Filling up the DagBag from /home/airflow/.local/lib/python3.7/site-packages/airflow/example_dags/example_sla_dag.py
[2023-08-04T07:09:49.175+0000] {processor.py:836} INFO - DAG(s) dict_keys(['example_sla_dag']) retrieved from /home/airflow/.local/lib/python3.7/site-packages/airflow/example_dags/example_sla_dag.py
[2023-08-04T07:09:49.200+0000] {logging_mixin.py:150} INFO - [2023-08-04T07:09:49.200+0000] {dag.py:2742} INFO - Sync 1 DAGs
[2023-08-04T07:09:49.225+0000] {logging_mixin.py:150} INFO - [2023-08-04T07:09:49.225+0000] {dag.py:3508} INFO - Setting next_dagrun for example_sla_dag to 2023-08-04T07:06:00+00:00, run_after=2023-08-04T07:08:00+00:00
[2023-08-04T07:09:49.240+0000] {processor.py:179} INFO - Processing /home/airflow/.local/lib/python3.7/site-packages/airflow/example_dags/example_sla_dag.py took 0.079 seconds
[2023-08-04T07:10:19.636+0000] {processor.py:157} INFO - Started process (PID=3253) to work on /home/airflow/.local/lib/python3.7/site-packages/airflow/example_dags/example_sla_dag.py
[2023-08-04T07:10:19.637+0000] {processor.py:826} INFO - Processing file /home/airflow/.local/lib/python3.7/site-packages/airflow/example_dags/example_sla_dag.py for tasks to queue
[2023-08-04T07:10:19.638+0000] {logging_mixin.py:150} INFO - [2023-08-04T07:10:19.638+0000] {dagbag.py:541} INFO - Filling up the DagBag from /home/airflow/.local/lib/python3.7/site-packages/airflow/example_dags/example_sla_dag.py
[2023-08-04T07:10:19.647+0000] {processor.py:836} INFO - DAG(s) dict_keys(['example_sla_dag']) retrieved from /home/airflow/.local/lib/python3.7/site-packages/airflow/example_dags/example_sla_dag.py
[2023-08-04T07:10:19.672+0000] {logging_mixin.py:150} INFO - [2023-08-04T07:10:19.672+0000] {dag.py:2742} INFO - Sync 1 DAGs
[2023-08-04T07:10:19.696+0000] {logging_mixin.py:150} INFO - [2023-08-04T07:10:19.696+0000] {dag.py:3508} INFO - Setting next_dagrun for example_sla_dag to 2023-08-04T07:08:00+00:00, run_after=2023-08-04T07:10:00+00:00
[2023-08-04T07:10:19.711+0000] {processor.py:179} INFO - Processing /home/airflow/.local/lib/python3.7/site-packages/airflow/example_dags/example_sla_dag.py took 0.079 seconds
[2023-08-04T07:10:50.167+0000] {processor.py:157} INFO - Started process (PID=3311) to work on /home/airflow/.local/lib/python3.7/site-packages/airflow/example_dags/example_sla_dag.py
[2023-08-04T07:10:50.169+0000] {processor.py:826} INFO - Processing file /home/airflow/.local/lib/python3.7/site-packages/airflow/example_dags/example_sla_dag.py for tasks to queue
[2023-08-04T07:10:50.170+0000] {logging_mixin.py:150} INFO - [2023-08-04T07:10:50.170+0000] {dagbag.py:541} INFO - Filling up the DagBag from /home/airflow/.local/lib/python3.7/site-packages/airflow/example_dags/example_sla_dag.py
[2023-08-04T07:10:50.179+0000] {processor.py:836} INFO - DAG(s) dict_keys(['example_sla_dag']) retrieved from /home/airflow/.local/lib/python3.7/site-packages/airflow/example_dags/example_sla_dag.py
[2023-08-04T07:10:50.204+0000] {logging_mixin.py:150} INFO - [2023-08-04T07:10:50.204+0000] {dag.py:2742} INFO - Sync 1 DAGs
[2023-08-04T07:10:50.228+0000] {logging_mixin.py:150} INFO - [2023-08-04T07:10:50.228+0000] {dag.py:3508} INFO - Setting next_dagrun for example_sla_dag to 2023-08-04T07:08:00+00:00, run_after=2023-08-04T07:10:00+00:00
[2023-08-04T07:10:50.242+0000] {processor.py:179} INFO - Processing /home/airflow/.local/lib/python3.7/site-packages/airflow/example_dags/example_sla_dag.py took 0.078 seconds
[2023-08-04T07:11:20.573+0000] {processor.py:157} INFO - Started process (PID=3369) to work on /home/airflow/.local/lib/python3.7/site-packages/airflow/example_dags/example_sla_dag.py
[2023-08-04T07:11:20.575+0000] {processor.py:826} INFO - Processing file /home/airflow/.local/lib/python3.7/site-packages/airflow/example_dags/example_sla_dag.py for tasks to queue
[2023-08-04T07:11:20.576+0000] {logging_mixin.py:150} INFO - [2023-08-04T07:11:20.576+0000] {dagbag.py:541} INFO - Filling up the DagBag from /home/airflow/.local/lib/python3.7/site-packages/airflow/example_dags/example_sla_dag.py
[2023-08-04T07:11:20.585+0000] {processor.py:836} INFO - DAG(s) dict_keys(['example_sla_dag']) retrieved from /home/airflow/.local/lib/python3.7/site-packages/airflow/example_dags/example_sla_dag.py
[2023-08-04T07:11:20.610+0000] {logging_mixin.py:150} INFO - [2023-08-04T07:11:20.610+0000] {dag.py:2742} INFO - Sync 1 DAGs
[2023-08-04T07:11:20.634+0000] {logging_mixin.py:150} INFO - [2023-08-04T07:11:20.633+0000] {dag.py:3508} INFO - Setting next_dagrun for example_sla_dag to 2023-08-04T07:08:00+00:00, run_after=2023-08-04T07:10:00+00:00
[2023-08-04T07:11:20.648+0000] {processor.py:179} INFO - Processing /home/airflow/.local/lib/python3.7/site-packages/airflow/example_dags/example_sla_dag.py took 0.078 seconds
[2023-08-04T07:11:51.864+0000] {processor.py:157} INFO - Started process (PID=3427) to work on /home/airflow/.local/lib/python3.7/site-packages/airflow/example_dags/example_sla_dag.py
[2023-08-04T07:11:51.865+0000] {processor.py:826} INFO - Processing file /home/airflow/.local/lib/python3.7/site-packages/airflow/example_dags/example_sla_dag.py for tasks to queue
[2023-08-04T07:11:51.866+0000] {logging_mixin.py:150} INFO - [2023-08-04T07:11:51.866+0000] {dagbag.py:541} INFO - Filling up the DagBag from /home/airflow/.local/lib/python3.7/site-packages/airflow/example_dags/example_sla_dag.py
[2023-08-04T07:11:51.875+0000] {processor.py:836} INFO - DAG(s) dict_keys(['example_sla_dag']) retrieved from /home/airflow/.local/lib/python3.7/site-packages/airflow/example_dags/example_sla_dag.py
[2023-08-04T07:11:51.900+0000] {logging_mixin.py:150} INFO - [2023-08-04T07:11:51.900+0000] {dag.py:2742} INFO - Sync 1 DAGs
[2023-08-04T07:11:51.924+0000] {logging_mixin.py:150} INFO - [2023-08-04T07:11:51.924+0000] {dag.py:3508} INFO - Setting next_dagrun for example_sla_dag to 2023-08-04T07:08:00+00:00, run_after=2023-08-04T07:10:00+00:00
[2023-08-04T07:11:51.938+0000] {processor.py:179} INFO - Processing /home/airflow/.local/lib/python3.7/site-packages/airflow/example_dags/example_sla_dag.py took 0.077 seconds
[2023-08-04T07:12:22.556+0000] {processor.py:157} INFO - Started process (PID=3485) to work on /home/airflow/.local/lib/python3.7/site-packages/airflow/example_dags/example_sla_dag.py
[2023-08-04T07:12:22.557+0000] {processor.py:826} INFO - Processing file /home/airflow/.local/lib/python3.7/site-packages/airflow/example_dags/example_sla_dag.py for tasks to queue
[2023-08-04T07:12:22.558+0000] {logging_mixin.py:150} INFO - [2023-08-04T07:12:22.558+0000] {dagbag.py:541} INFO - Filling up the DagBag from /home/airflow/.local/lib/python3.7/site-packages/airflow/example_dags/example_sla_dag.py
[2023-08-04T07:12:22.567+0000] {processor.py:836} INFO - DAG(s) dict_keys(['example_sla_dag']) retrieved from /home/airflow/.local/lib/python3.7/site-packages/airflow/example_dags/example_sla_dag.py
[2023-08-04T07:12:22.591+0000] {logging_mixin.py:150} INFO - [2023-08-04T07:12:22.591+0000] {dag.py:2742} INFO - Sync 1 DAGs
[2023-08-04T07:12:22.615+0000] {logging_mixin.py:150} INFO - [2023-08-04T07:12:22.615+0000] {dag.py:3508} INFO - Setting next_dagrun for example_sla_dag to 2023-08-04T07:10:00+00:00, run_after=2023-08-04T07:12:00+00:00
[2023-08-04T07:12:22.629+0000] {processor.py:179} INFO - Processing /home/airflow/.local/lib/python3.7/site-packages/airflow/example_dags/example_sla_dag.py took 0.077 seconds
[2023-08-04T07:12:53.130+0000] {processor.py:157} INFO - Started process (PID=3543) to work on /home/airflow/.local/lib/python3.7/site-packages/airflow/example_dags/example_sla_dag.py
[2023-08-04T07:12:53.131+0000] {processor.py:826} INFO - Processing file /home/airflow/.local/lib/python3.7/site-packages/airflow/example_dags/example_sla_dag.py for tasks to queue
[2023-08-04T07:12:53.133+0000] {logging_mixin.py:150} INFO - [2023-08-04T07:12:53.132+0000] {dagbag.py:541} INFO - Filling up the DagBag from /home/airflow/.local/lib/python3.7/site-packages/airflow/example_dags/example_sla_dag.py
[2023-08-04T07:12:53.143+0000] {processor.py:836} INFO - DAG(s) dict_keys(['example_sla_dag']) retrieved from /home/airflow/.local/lib/python3.7/site-packages/airflow/example_dags/example_sla_dag.py
[2023-08-04T07:12:53.170+0000] {logging_mixin.py:150} INFO - [2023-08-04T07:12:53.170+0000] {dag.py:2742} INFO - Sync 1 DAGs
[2023-08-04T07:12:53.194+0000] {logging_mixin.py:150} INFO - [2023-08-04T07:12:53.194+0000] {dag.py:3508} INFO - Setting next_dagrun for example_sla_dag to 2023-08-04T07:10:00+00:00, run_after=2023-08-04T07:12:00+00:00
[2023-08-04T07:12:53.208+0000] {processor.py:179} INFO - Processing /home/airflow/.local/lib/python3.7/site-packages/airflow/example_dags/example_sla_dag.py took 0.083 seconds
[2023-08-04T07:13:23.544+0000] {processor.py:157} INFO - Started process (PID=3601) to work on /home/airflow/.local/lib/python3.7/site-packages/airflow/example_dags/example_sla_dag.py
[2023-08-04T07:13:23.545+0000] {processor.py:826} INFO - Processing file /home/airflow/.local/lib/python3.7/site-packages/airflow/example_dags/example_sla_dag.py for tasks to queue
[2023-08-04T07:13:23.546+0000] {logging_mixin.py:150} INFO - [2023-08-04T07:13:23.546+0000] {dagbag.py:541} INFO - Filling up the DagBag from /home/airflow/.local/lib/python3.7/site-packages/airflow/example_dags/example_sla_dag.py
[2023-08-04T07:13:23.555+0000] {processor.py:836} INFO - DAG(s) dict_keys(['example_sla_dag']) retrieved from /home/airflow/.local/lib/python3.7/site-packages/airflow/example_dags/example_sla_dag.py
[2023-08-04T07:13:23.580+0000] {logging_mixin.py:150} INFO - [2023-08-04T07:13:23.580+0000] {dag.py:2742} INFO - Sync 1 DAGs
[2023-08-04T07:13:23.604+0000] {logging_mixin.py:150} INFO - [2023-08-04T07:13:23.604+0000] {dag.py:3508} INFO - Setting next_dagrun for example_sla_dag to 2023-08-04T07:10:00+00:00, run_after=2023-08-04T07:12:00+00:00
[2023-08-04T07:13:23.619+0000] {processor.py:179} INFO - Processing /home/airflow/.local/lib/python3.7/site-packages/airflow/example_dags/example_sla_dag.py took 0.079 seconds
[2023-08-04T07:13:54.060+0000] {processor.py:157} INFO - Started process (PID=3659) to work on /home/airflow/.local/lib/python3.7/site-packages/airflow/example_dags/example_sla_dag.py
[2023-08-04T07:13:54.061+0000] {processor.py:826} INFO - Processing file /home/airflow/.local/lib/python3.7/site-packages/airflow/example_dags/example_sla_dag.py for tasks to queue
[2023-08-04T07:13:54.062+0000] {logging_mixin.py:150} INFO - [2023-08-04T07:13:54.062+0000] {dagbag.py:541} INFO - Filling up the DagBag from /home/airflow/.local/lib/python3.7/site-packages/airflow/example_dags/example_sla_dag.py
[2023-08-04T07:13:54.072+0000] {processor.py:836} INFO - DAG(s) dict_keys(['example_sla_dag']) retrieved from /home/airflow/.local/lib/python3.7/site-packages/airflow/example_dags/example_sla_dag.py
[2023-08-04T07:13:54.097+0000] {logging_mixin.py:150} INFO - [2023-08-04T07:13:54.097+0000] {dag.py:2742} INFO - Sync 1 DAGs
[2023-08-04T07:13:54.120+0000] {logging_mixin.py:150} INFO - [2023-08-04T07:13:54.120+0000] {dag.py:3508} INFO - Setting next_dagrun for example_sla_dag to 2023-08-04T07:10:00+00:00, run_after=2023-08-04T07:12:00+00:00
[2023-08-04T07:13:54.135+0000] {processor.py:179} INFO - Processing /home/airflow/.local/lib/python3.7/site-packages/airflow/example_dags/example_sla_dag.py took 0.079 seconds
[2023-08-04T07:14:25.266+0000] {processor.py:157} INFO - Started process (PID=3717) to work on /home/airflow/.local/lib/python3.7/site-packages/airflow/example_dags/example_sla_dag.py
[2023-08-04T07:14:25.267+0000] {processor.py:826} INFO - Processing file /home/airflow/.local/lib/python3.7/site-packages/airflow/example_dags/example_sla_dag.py for tasks to queue
[2023-08-04T07:14:25.268+0000] {logging_mixin.py:150} INFO - [2023-08-04T07:14:25.268+0000] {dagbag.py:541} INFO - Filling up the DagBag from /home/airflow/.local/lib/python3.7/site-packages/airflow/example_dags/example_sla_dag.py
[2023-08-04T07:14:25.277+0000] {processor.py:836} INFO - DAG(s) dict_keys(['example_sla_dag']) retrieved from /home/airflow/.local/lib/python3.7/site-packages/airflow/example_dags/example_sla_dag.py
[2023-08-04T07:14:25.302+0000] {logging_mixin.py:150} INFO - [2023-08-04T07:14:25.302+0000] {dag.py:2742} INFO - Sync 1 DAGs
[2023-08-04T07:14:25.327+0000] {logging_mixin.py:150} INFO - [2023-08-04T07:14:25.327+0000] {dag.py:3508} INFO - Setting next_dagrun for example_sla_dag to 2023-08-04T07:12:00+00:00, run_after=2023-08-04T07:14:00+00:00
[2023-08-04T07:14:25.341+0000] {processor.py:179} INFO - Processing /home/airflow/.local/lib/python3.7/site-packages/airflow/example_dags/example_sla_dag.py took 0.078 seconds
[2023-08-04T07:14:55.689+0000] {processor.py:157} INFO - Started process (PID=3775) to work on /home/airflow/.local/lib/python3.7/site-packages/airflow/example_dags/example_sla_dag.py
[2023-08-04T07:14:55.691+0000] {processor.py:826} INFO - Processing file /home/airflow/.local/lib/python3.7/site-packages/airflow/example_dags/example_sla_dag.py for tasks to queue
[2023-08-04T07:14:55.692+0000] {logging_mixin.py:150} INFO - [2023-08-04T07:14:55.691+0000] {dagbag.py:541} INFO - Filling up the DagBag from /home/airflow/.local/lib/python3.7/site-packages/airflow/example_dags/example_sla_dag.py
[2023-08-04T07:14:55.700+0000] {processor.py:836} INFO - DAG(s) dict_keys(['example_sla_dag']) retrieved from /home/airflow/.local/lib/python3.7/site-packages/airflow/example_dags/example_sla_dag.py
[2023-08-04T07:14:55.726+0000] {logging_mixin.py:150} INFO - [2023-08-04T07:14:55.725+0000] {dag.py:2742} INFO - Sync 1 DAGs
[2023-08-04T07:14:55.749+0000] {logging_mixin.py:150} INFO - [2023-08-04T07:14:55.749+0000] {dag.py:3508} INFO - Setting next_dagrun for example_sla_dag to 2023-08-04T07:12:00+00:00, run_after=2023-08-04T07:14:00+00:00
[2023-08-04T07:14:55.764+0000] {processor.py:179} INFO - Processing /home/airflow/.local/lib/python3.7/site-packages/airflow/example_dags/example_sla_dag.py took 0.078 seconds
[2023-08-04T07:15:26.379+0000] {processor.py:157} INFO - Started process (PID=3833) to work on /home/airflow/.local/lib/python3.7/site-packages/airflow/example_dags/example_sla_dag.py
[2023-08-04T07:15:26.380+0000] {processor.py:826} INFO - Processing file /home/airflow/.local/lib/python3.7/site-packages/airflow/example_dags/example_sla_dag.py for tasks to queue
[2023-08-04T07:15:26.381+0000] {logging_mixin.py:150} INFO - [2023-08-04T07:15:26.381+0000] {dagbag.py:541} INFO - Filling up the DagBag from /home/airflow/.local/lib/python3.7/site-packages/airflow/example_dags/example_sla_dag.py
[2023-08-04T07:15:26.390+0000] {processor.py:836} INFO - DAG(s) dict_keys(['example_sla_dag']) retrieved from /home/airflow/.local/lib/python3.7/site-packages/airflow/example_dags/example_sla_dag.py
[2023-08-04T07:15:26.415+0000] {logging_mixin.py:150} INFO - [2023-08-04T07:15:26.415+0000] {dag.py:2742} INFO - Sync 1 DAGs
[2023-08-04T07:15:26.439+0000] {logging_mixin.py:150} INFO - [2023-08-04T07:15:26.439+0000] {dag.py:3508} INFO - Setting next_dagrun for example_sla_dag to 2023-08-04T07:12:00+00:00, run_after=2023-08-04T07:14:00+00:00
[2023-08-04T07:15:26.453+0000] {processor.py:179} INFO - Processing /home/airflow/.local/lib/python3.7/site-packages/airflow/example_dags/example_sla_dag.py took 0.078 seconds
[2023-08-04T07:15:57.026+0000] {processor.py:157} INFO - Started process (PID=3891) to work on /home/airflow/.local/lib/python3.7/site-packages/airflow/example_dags/example_sla_dag.py
[2023-08-04T07:15:57.027+0000] {processor.py:826} INFO - Processing file /home/airflow/.local/lib/python3.7/site-packages/airflow/example_dags/example_sla_dag.py for tasks to queue
[2023-08-04T07:15:57.028+0000] {logging_mixin.py:150} INFO - [2023-08-04T07:15:57.028+0000] {dagbag.py:541} INFO - Filling up the DagBag from /home/airflow/.local/lib/python3.7/site-packages/airflow/example_dags/example_sla_dag.py
[2023-08-04T07:15:57.037+0000] {processor.py:836} INFO - DAG(s) dict_keys(['example_sla_dag']) retrieved from /home/airflow/.local/lib/python3.7/site-packages/airflow/example_dags/example_sla_dag.py
[2023-08-04T07:15:57.063+0000] {logging_mixin.py:150} INFO - [2023-08-04T07:15:57.062+0000] {dag.py:2742} INFO - Sync 1 DAGs
[2023-08-04T07:15:57.086+0000] {logging_mixin.py:150} INFO - [2023-08-04T07:15:57.086+0000] {dag.py:3508} INFO - Setting next_dagrun for example_sla_dag to 2023-08-04T07:12:00+00:00, run_after=2023-08-04T07:14:00+00:00
[2023-08-04T07:15:57.100+0000] {processor.py:179} INFO - Processing /home/airflow/.local/lib/python3.7/site-packages/airflow/example_dags/example_sla_dag.py took 0.078 seconds
[2023-08-04T07:16:27.638+0000] {processor.py:157} INFO - Started process (PID=3948) to work on /home/airflow/.local/lib/python3.7/site-packages/airflow/example_dags/example_sla_dag.py
[2023-08-04T07:16:27.639+0000] {processor.py:826} INFO - Processing file /home/airflow/.local/lib/python3.7/site-packages/airflow/example_dags/example_sla_dag.py for tasks to queue
[2023-08-04T07:16:27.640+0000] {logging_mixin.py:150} INFO - [2023-08-04T07:16:27.640+0000] {dagbag.py:541} INFO - Filling up the DagBag from /home/airflow/.local/lib/python3.7/site-packages/airflow/example_dags/example_sla_dag.py
[2023-08-04T07:16:27.649+0000] {processor.py:836} INFO - DAG(s) dict_keys(['example_sla_dag']) retrieved from /home/airflow/.local/lib/python3.7/site-packages/airflow/example_dags/example_sla_dag.py
[2023-08-04T07:16:27.675+0000] {logging_mixin.py:150} INFO - [2023-08-04T07:16:27.675+0000] {dag.py:2742} INFO - Sync 1 DAGs
[2023-08-04T07:16:27.699+0000] {logging_mixin.py:150} INFO - [2023-08-04T07:16:27.699+0000] {dag.py:3508} INFO - Setting next_dagrun for example_sla_dag to 2023-08-04T07:14:00+00:00, run_after=2023-08-04T07:16:00+00:00
[2023-08-04T07:16:27.713+0000] {processor.py:179} INFO - Processing /home/airflow/.local/lib/python3.7/site-packages/airflow/example_dags/example_sla_dag.py took 0.080 seconds
[2023-08-04T07:16:58.319+0000] {processor.py:157} INFO - Started process (PID=4006) to work on /home/airflow/.local/lib/python3.7/site-packages/airflow/example_dags/example_sla_dag.py
[2023-08-04T07:16:58.320+0000] {processor.py:826} INFO - Processing file /home/airflow/.local/lib/python3.7/site-packages/airflow/example_dags/example_sla_dag.py for tasks to queue
[2023-08-04T07:16:58.321+0000] {logging_mixin.py:150} INFO - [2023-08-04T07:16:58.321+0000] {dagbag.py:541} INFO - Filling up the DagBag from /home/airflow/.local/lib/python3.7/site-packages/airflow/example_dags/example_sla_dag.py
[2023-08-04T07:16:58.330+0000] {processor.py:836} INFO - DAG(s) dict_keys(['example_sla_dag']) retrieved from /home/airflow/.local/lib/python3.7/site-packages/airflow/example_dags/example_sla_dag.py
[2023-08-04T07:16:58.356+0000] {logging_mixin.py:150} INFO - [2023-08-04T07:16:58.356+0000] {dag.py:2742} INFO - Sync 1 DAGs
[2023-08-04T07:16:58.381+0000] {logging_mixin.py:150} INFO - [2023-08-04T07:16:58.381+0000] {dag.py:3508} INFO - Setting next_dagrun for example_sla_dag to 2023-08-04T07:14:00+00:00, run_after=2023-08-04T07:16:00+00:00
[2023-08-04T07:16:58.396+0000] {processor.py:179} INFO - Processing /home/airflow/.local/lib/python3.7/site-packages/airflow/example_dags/example_sla_dag.py took 0.081 seconds
[2023-08-04T07:17:28.938+0000] {processor.py:157} INFO - Started process (PID=4064) to work on /home/airflow/.local/lib/python3.7/site-packages/airflow/example_dags/example_sla_dag.py
[2023-08-04T07:17:28.939+0000] {processor.py:826} INFO - Processing file /home/airflow/.local/lib/python3.7/site-packages/airflow/example_dags/example_sla_dag.py for tasks to queue
[2023-08-04T07:17:28.941+0000] {logging_mixin.py:150} INFO - [2023-08-04T07:17:28.940+0000] {dagbag.py:541} INFO - Filling up the DagBag from /home/airflow/.local/lib/python3.7/site-packages/airflow/example_dags/example_sla_dag.py
[2023-08-04T07:17:28.949+0000] {processor.py:836} INFO - DAG(s) dict_keys(['example_sla_dag']) retrieved from /home/airflow/.local/lib/python3.7/site-packages/airflow/example_dags/example_sla_dag.py
[2023-08-04T07:17:28.975+0000] {logging_mixin.py:150} INFO - [2023-08-04T07:17:28.974+0000] {dag.py:2742} INFO - Sync 1 DAGs
[2023-08-04T07:17:28.999+0000] {logging_mixin.py:150} INFO - [2023-08-04T07:17:28.998+0000] {dag.py:3508} INFO - Setting next_dagrun for example_sla_dag to 2023-08-04T07:14:00+00:00, run_after=2023-08-04T07:16:00+00:00
[2023-08-04T07:17:29.013+0000] {processor.py:179} INFO - Processing /home/airflow/.local/lib/python3.7/site-packages/airflow/example_dags/example_sla_dag.py took 0.079 seconds
[2023-08-04T07:17:59.408+0000] {processor.py:157} INFO - Started process (PID=4122) to work on /home/airflow/.local/lib/python3.7/site-packages/airflow/example_dags/example_sla_dag.py
[2023-08-04T07:17:59.410+0000] {processor.py:826} INFO - Processing file /home/airflow/.local/lib/python3.7/site-packages/airflow/example_dags/example_sla_dag.py for tasks to queue
[2023-08-04T07:17:59.411+0000] {logging_mixin.py:150} INFO - [2023-08-04T07:17:59.411+0000] {dagbag.py:541} INFO - Filling up the DagBag from /home/airflow/.local/lib/python3.7/site-packages/airflow/example_dags/example_sla_dag.py
[2023-08-04T07:17:59.419+0000] {processor.py:836} INFO - DAG(s) dict_keys(['example_sla_dag']) retrieved from /home/airflow/.local/lib/python3.7/site-packages/airflow/example_dags/example_sla_dag.py
[2023-08-04T07:17:59.444+0000] {logging_mixin.py:150} INFO - [2023-08-04T07:17:59.444+0000] {dag.py:2742} INFO - Sync 1 DAGs
[2023-08-04T07:17:59.468+0000] {logging_mixin.py:150} INFO - [2023-08-04T07:17:59.468+0000] {dag.py:3508} INFO - Setting next_dagrun for example_sla_dag to 2023-08-04T07:14:00+00:00, run_after=2023-08-04T07:16:00+00:00
[2023-08-04T07:17:59.483+0000] {processor.py:179} INFO - Processing /home/airflow/.local/lib/python3.7/site-packages/airflow/example_dags/example_sla_dag.py took 0.078 seconds
[2023-08-04T07:18:29.917+0000] {processor.py:157} INFO - Started process (PID=4180) to work on /home/airflow/.local/lib/python3.7/site-packages/airflow/example_dags/example_sla_dag.py
[2023-08-04T07:18:29.918+0000] {processor.py:826} INFO - Processing file /home/airflow/.local/lib/python3.7/site-packages/airflow/example_dags/example_sla_dag.py for tasks to queue
[2023-08-04T07:18:29.920+0000] {logging_mixin.py:150} INFO - [2023-08-04T07:18:29.919+0000] {dagbag.py:541} INFO - Filling up the DagBag from /home/airflow/.local/lib/python3.7/site-packages/airflow/example_dags/example_sla_dag.py
[2023-08-04T07:18:29.928+0000] {processor.py:836} INFO - DAG(s) dict_keys(['example_sla_dag']) retrieved from /home/airflow/.local/lib/python3.7/site-packages/airflow/example_dags/example_sla_dag.py
[2023-08-04T07:18:29.953+0000] {logging_mixin.py:150} INFO - [2023-08-04T07:18:29.953+0000] {dag.py:2742} INFO - Sync 1 DAGs
[2023-08-04T07:18:29.978+0000] {logging_mixin.py:150} INFO - [2023-08-04T07:18:29.978+0000] {dag.py:3508} INFO - Setting next_dagrun for example_sla_dag to 2023-08-04T07:16:00+00:00, run_after=2023-08-04T07:18:00+00:00
[2023-08-04T07:18:29.992+0000] {processor.py:179} INFO - Processing /home/airflow/.local/lib/python3.7/site-packages/airflow/example_dags/example_sla_dag.py took 0.079 seconds
[2023-08-04T07:19:00.606+0000] {processor.py:157} INFO - Started process (PID=4238) to work on /home/airflow/.local/lib/python3.7/site-packages/airflow/example_dags/example_sla_dag.py
[2023-08-04T07:19:00.607+0000] {processor.py:826} INFO - Processing file /home/airflow/.local/lib/python3.7/site-packages/airflow/example_dags/example_sla_dag.py for tasks to queue
[2023-08-04T07:19:00.608+0000] {logging_mixin.py:150} INFO - [2023-08-04T07:19:00.608+0000] {dagbag.py:541} INFO - Filling up the DagBag from /home/airflow/.local/lib/python3.7/site-packages/airflow/example_dags/example_sla_dag.py
[2023-08-04T07:19:00.617+0000] {processor.py:836} INFO - DAG(s) dict_keys(['example_sla_dag']) retrieved from /home/airflow/.local/lib/python3.7/site-packages/airflow/example_dags/example_sla_dag.py
[2023-08-04T07:19:00.642+0000] {logging_mixin.py:150} INFO - [2023-08-04T07:19:00.642+0000] {dag.py:2742} INFO - Sync 1 DAGs
[2023-08-04T07:19:00.666+0000] {logging_mixin.py:150} INFO - [2023-08-04T07:19:00.666+0000] {dag.py:3508} INFO - Setting next_dagrun for example_sla_dag to 2023-08-04T07:16:00+00:00, run_after=2023-08-04T07:18:00+00:00
[2023-08-04T07:19:00.680+0000] {processor.py:179} INFO - Processing /home/airflow/.local/lib/python3.7/site-packages/airflow/example_dags/example_sla_dag.py took 0.078 seconds
[2023-08-04T07:19:31.217+0000] {processor.py:157} INFO - Started process (PID=4296) to work on /home/airflow/.local/lib/python3.7/site-packages/airflow/example_dags/example_sla_dag.py
[2023-08-04T07:19:31.218+0000] {processor.py:826} INFO - Processing file /home/airflow/.local/lib/python3.7/site-packages/airflow/example_dags/example_sla_dag.py for tasks to queue
[2023-08-04T07:19:31.219+0000] {logging_mixin.py:150} INFO - [2023-08-04T07:19:31.219+0000] {dagbag.py:541} INFO - Filling up the DagBag from /home/airflow/.local/lib/python3.7/site-packages/airflow/example_dags/example_sla_dag.py
[2023-08-04T07:19:31.228+0000] {processor.py:836} INFO - DAG(s) dict_keys(['example_sla_dag']) retrieved from /home/airflow/.local/lib/python3.7/site-packages/airflow/example_dags/example_sla_dag.py
[2023-08-04T07:19:31.253+0000] {logging_mixin.py:150} INFO - [2023-08-04T07:19:31.253+0000] {dag.py:2742} INFO - Sync 1 DAGs
[2023-08-04T07:19:31.277+0000] {logging_mixin.py:150} INFO - [2023-08-04T07:19:31.277+0000] {dag.py:3508} INFO - Setting next_dagrun for example_sla_dag to 2023-08-04T07:16:00+00:00, run_after=2023-08-04T07:18:00+00:00
[2023-08-04T07:19:31.291+0000] {processor.py:179} INFO - Processing /home/airflow/.local/lib/python3.7/site-packages/airflow/example_dags/example_sla_dag.py took 0.078 seconds
[2023-08-04T07:20:01.940+0000] {processor.py:157} INFO - Started process (PID=4355) to work on /home/airflow/.local/lib/python3.7/site-packages/airflow/example_dags/example_sla_dag.py
[2023-08-04T07:20:01.941+0000] {processor.py:826} INFO - Processing file /home/airflow/.local/lib/python3.7/site-packages/airflow/example_dags/example_sla_dag.py for tasks to queue
[2023-08-04T07:20:01.942+0000] {logging_mixin.py:150} INFO - [2023-08-04T07:20:01.942+0000] {dagbag.py:541} INFO - Filling up the DagBag from /home/airflow/.local/lib/python3.7/site-packages/airflow/example_dags/example_sla_dag.py
[2023-08-04T07:20:01.951+0000] {processor.py:836} INFO - DAG(s) dict_keys(['example_sla_dag']) retrieved from /home/airflow/.local/lib/python3.7/site-packages/airflow/example_dags/example_sla_dag.py
[2023-08-04T07:20:01.976+0000] {logging_mixin.py:150} INFO - [2023-08-04T07:20:01.976+0000] {dag.py:2742} INFO - Sync 1 DAGs
[2023-08-04T07:20:02.000+0000] {logging_mixin.py:150} INFO - [2023-08-04T07:20:02.000+0000] {dag.py:3508} INFO - Setting next_dagrun for example_sla_dag to 2023-08-04T07:18:00+00:00, run_after=2023-08-04T07:20:00+00:00
[2023-08-04T07:20:02.015+0000] {processor.py:179} INFO - Processing /home/airflow/.local/lib/python3.7/site-packages/airflow/example_dags/example_sla_dag.py took 0.079 seconds
