[2023-08-04T06:42:19.845+0000] {processor.py:157} INFO - Started process (PID=69) to work on /home/airflow/.local/lib/python3.7/site-packages/airflow/example_dags/example_python_operator.py
[2023-08-04T06:42:19.849+0000] {processor.py:826} INFO - Processing file /home/airflow/.local/lib/python3.7/site-packages/airflow/example_dags/example_python_operator.py for tasks to queue
[2023-08-04T06:42:19.851+0000] {logging_mixin.py:150} INFO - [2023-08-04T06:42:19.850+0000] {dagbag.py:541} INFO - Filling up the DagBag from /home/airflow/.local/lib/python3.7/site-packages/airflow/example_dags/example_python_operator.py
[2023-08-04T06:42:19.899+0000] {processor.py:836} INFO - DAG(s) dict_keys(['example_python_operator']) retrieved from /home/airflow/.local/lib/python3.7/site-packages/airflow/example_dags/example_python_operator.py
[2023-08-04T06:42:19.933+0000] {logging_mixin.py:150} INFO - [2023-08-04T06:42:19.933+0000] {dag.py:2742} INFO - Sync 1 DAGs
[2023-08-04T06:42:19.968+0000] {logging_mixin.py:150} INFO - [2023-08-04T06:42:19.968+0000] {dag.py:3508} INFO - Setting next_dagrun for example_python_operator to None, run_after=None
[2023-08-04T06:42:19.993+0000] {processor.py:179} INFO - Processing /home/airflow/.local/lib/python3.7/site-packages/airflow/example_dags/example_python_operator.py took 0.161 seconds
[2023-08-04T06:42:50.306+0000] {processor.py:157} INFO - Started process (PID=126) to work on /home/airflow/.local/lib/python3.7/site-packages/airflow/example_dags/example_python_operator.py
[2023-08-04T06:42:50.307+0000] {processor.py:826} INFO - Processing file /home/airflow/.local/lib/python3.7/site-packages/airflow/example_dags/example_python_operator.py for tasks to queue
[2023-08-04T06:42:50.308+0000] {logging_mixin.py:150} INFO - [2023-08-04T06:42:50.308+0000] {dagbag.py:541} INFO - Filling up the DagBag from /home/airflow/.local/lib/python3.7/site-packages/airflow/example_dags/example_python_operator.py
[2023-08-04T06:42:50.318+0000] {processor.py:836} INFO - DAG(s) dict_keys(['example_python_operator']) retrieved from /home/airflow/.local/lib/python3.7/site-packages/airflow/example_dags/example_python_operator.py
[2023-08-04T06:42:50.420+0000] {logging_mixin.py:150} INFO - [2023-08-04T06:42:50.420+0000] {dag.py:2742} INFO - Sync 1 DAGs
[2023-08-04T06:42:50.438+0000] {logging_mixin.py:150} INFO - [2023-08-04T06:42:50.438+0000] {dag.py:3508} INFO - Setting next_dagrun for example_python_operator to None, run_after=None
[2023-08-04T06:42:50.454+0000] {processor.py:179} INFO - Processing /home/airflow/.local/lib/python3.7/site-packages/airflow/example_dags/example_python_operator.py took 0.152 seconds
[2023-08-04T06:43:20.721+0000] {processor.py:157} INFO - Started process (PID=183) to work on /home/airflow/.local/lib/python3.7/site-packages/airflow/example_dags/example_python_operator.py
[2023-08-04T06:43:20.723+0000] {processor.py:826} INFO - Processing file /home/airflow/.local/lib/python3.7/site-packages/airflow/example_dags/example_python_operator.py for tasks to queue
[2023-08-04T06:43:20.724+0000] {logging_mixin.py:150} INFO - [2023-08-04T06:43:20.724+0000] {dagbag.py:541} INFO - Filling up the DagBag from /home/airflow/.local/lib/python3.7/site-packages/airflow/example_dags/example_python_operator.py
[2023-08-04T06:43:20.734+0000] {processor.py:836} INFO - DAG(s) dict_keys(['example_python_operator']) retrieved from /home/airflow/.local/lib/python3.7/site-packages/airflow/example_dags/example_python_operator.py
[2023-08-04T06:43:20.761+0000] {logging_mixin.py:150} INFO - [2023-08-04T06:43:20.761+0000] {dag.py:2742} INFO - Sync 1 DAGs
[2023-08-04T06:43:20.782+0000] {logging_mixin.py:150} INFO - [2023-08-04T06:43:20.782+0000] {dag.py:3508} INFO - Setting next_dagrun for example_python_operator to None, run_after=None
[2023-08-04T06:43:20.797+0000] {processor.py:179} INFO - Processing /home/airflow/.local/lib/python3.7/site-packages/airflow/example_dags/example_python_operator.py took 0.079 seconds
[2023-08-04T06:43:51.038+0000] {processor.py:157} INFO - Started process (PID=240) to work on /home/airflow/.local/lib/python3.7/site-packages/airflow/example_dags/example_python_operator.py
[2023-08-04T06:43:51.039+0000] {processor.py:826} INFO - Processing file /home/airflow/.local/lib/python3.7/site-packages/airflow/example_dags/example_python_operator.py for tasks to queue
[2023-08-04T06:43:51.040+0000] {logging_mixin.py:150} INFO - [2023-08-04T06:43:51.040+0000] {dagbag.py:541} INFO - Filling up the DagBag from /home/airflow/.local/lib/python3.7/site-packages/airflow/example_dags/example_python_operator.py
[2023-08-04T06:43:51.050+0000] {processor.py:836} INFO - DAG(s) dict_keys(['example_python_operator']) retrieved from /home/airflow/.local/lib/python3.7/site-packages/airflow/example_dags/example_python_operator.py
[2023-08-04T06:43:51.078+0000] {logging_mixin.py:150} INFO - [2023-08-04T06:43:51.078+0000] {dag.py:2742} INFO - Sync 1 DAGs
[2023-08-04T06:43:51.099+0000] {logging_mixin.py:150} INFO - [2023-08-04T06:43:51.099+0000] {dag.py:3508} INFO - Setting next_dagrun for example_python_operator to None, run_after=None
[2023-08-04T06:43:51.114+0000] {processor.py:179} INFO - Processing /home/airflow/.local/lib/python3.7/site-packages/airflow/example_dags/example_python_operator.py took 0.080 seconds
[2023-08-04T06:44:21.352+0000] {processor.py:157} INFO - Started process (PID=297) to work on /home/airflow/.local/lib/python3.7/site-packages/airflow/example_dags/example_python_operator.py
[2023-08-04T06:44:21.354+0000] {processor.py:826} INFO - Processing file /home/airflow/.local/lib/python3.7/site-packages/airflow/example_dags/example_python_operator.py for tasks to queue
[2023-08-04T06:44:21.355+0000] {logging_mixin.py:150} INFO - [2023-08-04T06:44:21.355+0000] {dagbag.py:541} INFO - Filling up the DagBag from /home/airflow/.local/lib/python3.7/site-packages/airflow/example_dags/example_python_operator.py
[2023-08-04T06:44:21.366+0000] {processor.py:836} INFO - DAG(s) dict_keys(['example_python_operator']) retrieved from /home/airflow/.local/lib/python3.7/site-packages/airflow/example_dags/example_python_operator.py
[2023-08-04T06:44:21.393+0000] {logging_mixin.py:150} INFO - [2023-08-04T06:44:21.393+0000] {dag.py:2742} INFO - Sync 1 DAGs
[2023-08-04T06:44:21.414+0000] {logging_mixin.py:150} INFO - [2023-08-04T06:44:21.414+0000] {dag.py:3508} INFO - Setting next_dagrun for example_python_operator to None, run_after=None
[2023-08-04T06:44:21.428+0000] {processor.py:179} INFO - Processing /home/airflow/.local/lib/python3.7/site-packages/airflow/example_dags/example_python_operator.py took 0.080 seconds
[2023-08-04T06:44:51.618+0000] {processor.py:157} INFO - Started process (PID=354) to work on /home/airflow/.local/lib/python3.7/site-packages/airflow/example_dags/example_python_operator.py
[2023-08-04T06:44:51.620+0000] {processor.py:826} INFO - Processing file /home/airflow/.local/lib/python3.7/site-packages/airflow/example_dags/example_python_operator.py for tasks to queue
[2023-08-04T06:44:51.621+0000] {logging_mixin.py:150} INFO - [2023-08-04T06:44:51.620+0000] {dagbag.py:541} INFO - Filling up the DagBag from /home/airflow/.local/lib/python3.7/site-packages/airflow/example_dags/example_python_operator.py
[2023-08-04T06:44:51.631+0000] {processor.py:836} INFO - DAG(s) dict_keys(['example_python_operator']) retrieved from /home/airflow/.local/lib/python3.7/site-packages/airflow/example_dags/example_python_operator.py
[2023-08-04T06:44:51.660+0000] {logging_mixin.py:150} INFO - [2023-08-04T06:44:51.660+0000] {dag.py:2742} INFO - Sync 1 DAGs
[2023-08-04T06:44:51.681+0000] {logging_mixin.py:150} INFO - [2023-08-04T06:44:51.681+0000] {dag.py:3508} INFO - Setting next_dagrun for example_python_operator to None, run_after=None
[2023-08-04T06:44:51.696+0000] {processor.py:179} INFO - Processing /home/airflow/.local/lib/python3.7/site-packages/airflow/example_dags/example_python_operator.py took 0.082 seconds
[2023-08-04T06:45:21.942+0000] {processor.py:157} INFO - Started process (PID=411) to work on /home/airflow/.local/lib/python3.7/site-packages/airflow/example_dags/example_python_operator.py
[2023-08-04T06:45:21.943+0000] {processor.py:826} INFO - Processing file /home/airflow/.local/lib/python3.7/site-packages/airflow/example_dags/example_python_operator.py for tasks to queue
[2023-08-04T06:45:21.945+0000] {logging_mixin.py:150} INFO - [2023-08-04T06:45:21.945+0000] {dagbag.py:541} INFO - Filling up the DagBag from /home/airflow/.local/lib/python3.7/site-packages/airflow/example_dags/example_python_operator.py
[2023-08-04T06:45:21.956+0000] {processor.py:836} INFO - DAG(s) dict_keys(['example_python_operator']) retrieved from /home/airflow/.local/lib/python3.7/site-packages/airflow/example_dags/example_python_operator.py
[2023-08-04T06:45:21.983+0000] {logging_mixin.py:150} INFO - [2023-08-04T06:45:21.983+0000] {dag.py:2742} INFO - Sync 1 DAGs
[2023-08-04T06:45:22.004+0000] {logging_mixin.py:150} INFO - [2023-08-04T06:45:22.004+0000] {dag.py:3508} INFO - Setting next_dagrun for example_python_operator to None, run_after=None
[2023-08-04T06:45:22.018+0000] {processor.py:179} INFO - Processing /home/airflow/.local/lib/python3.7/site-packages/airflow/example_dags/example_python_operator.py took 0.080 seconds
[2023-08-04T06:45:52.088+0000] {processor.py:157} INFO - Started process (PID=468) to work on /home/airflow/.local/lib/python3.7/site-packages/airflow/example_dags/example_python_operator.py
[2023-08-04T06:45:52.089+0000] {processor.py:826} INFO - Processing file /home/airflow/.local/lib/python3.7/site-packages/airflow/example_dags/example_python_operator.py for tasks to queue
[2023-08-04T06:45:52.090+0000] {logging_mixin.py:150} INFO - [2023-08-04T06:45:52.090+0000] {dagbag.py:541} INFO - Filling up the DagBag from /home/airflow/.local/lib/python3.7/site-packages/airflow/example_dags/example_python_operator.py
[2023-08-04T06:45:52.100+0000] {processor.py:836} INFO - DAG(s) dict_keys(['example_python_operator']) retrieved from /home/airflow/.local/lib/python3.7/site-packages/airflow/example_dags/example_python_operator.py
[2023-08-04T06:45:52.128+0000] {logging_mixin.py:150} INFO - [2023-08-04T06:45:52.128+0000] {dag.py:2742} INFO - Sync 1 DAGs
[2023-08-04T06:45:52.149+0000] {logging_mixin.py:150} INFO - [2023-08-04T06:45:52.149+0000] {dag.py:3508} INFO - Setting next_dagrun for example_python_operator to None, run_after=None
[2023-08-04T06:45:52.165+0000] {processor.py:179} INFO - Processing /home/airflow/.local/lib/python3.7/site-packages/airflow/example_dags/example_python_operator.py took 0.081 seconds
[2023-08-04T06:46:23.121+0000] {processor.py:157} INFO - Started process (PID=525) to work on /home/airflow/.local/lib/python3.7/site-packages/airflow/example_dags/example_python_operator.py
[2023-08-04T06:46:23.122+0000] {processor.py:826} INFO - Processing file /home/airflow/.local/lib/python3.7/site-packages/airflow/example_dags/example_python_operator.py for tasks to queue
[2023-08-04T06:46:23.123+0000] {logging_mixin.py:150} INFO - [2023-08-04T06:46:23.123+0000] {dagbag.py:541} INFO - Filling up the DagBag from /home/airflow/.local/lib/python3.7/site-packages/airflow/example_dags/example_python_operator.py
[2023-08-04T06:46:23.133+0000] {processor.py:836} INFO - DAG(s) dict_keys(['example_python_operator']) retrieved from /home/airflow/.local/lib/python3.7/site-packages/airflow/example_dags/example_python_operator.py
[2023-08-04T06:46:23.161+0000] {logging_mixin.py:150} INFO - [2023-08-04T06:46:23.161+0000] {dag.py:2742} INFO - Sync 1 DAGs
[2023-08-04T06:46:23.182+0000] {logging_mixin.py:150} INFO - [2023-08-04T06:46:23.182+0000] {dag.py:3508} INFO - Setting next_dagrun for example_python_operator to None, run_after=None
[2023-08-04T06:46:23.197+0000] {processor.py:179} INFO - Processing /home/airflow/.local/lib/python3.7/site-packages/airflow/example_dags/example_python_operator.py took 0.080 seconds
[2023-08-04T06:46:53.406+0000] {processor.py:157} INFO - Started process (PID=582) to work on /home/airflow/.local/lib/python3.7/site-packages/airflow/example_dags/example_python_operator.py
[2023-08-04T06:46:53.407+0000] {processor.py:826} INFO - Processing file /home/airflow/.local/lib/python3.7/site-packages/airflow/example_dags/example_python_operator.py for tasks to queue
[2023-08-04T06:46:53.409+0000] {logging_mixin.py:150} INFO - [2023-08-04T06:46:53.408+0000] {dagbag.py:541} INFO - Filling up the DagBag from /home/airflow/.local/lib/python3.7/site-packages/airflow/example_dags/example_python_operator.py
[2023-08-04T06:46:53.418+0000] {processor.py:836} INFO - DAG(s) dict_keys(['example_python_operator']) retrieved from /home/airflow/.local/lib/python3.7/site-packages/airflow/example_dags/example_python_operator.py
[2023-08-04T06:46:53.448+0000] {logging_mixin.py:150} INFO - [2023-08-04T06:46:53.447+0000] {dag.py:2742} INFO - Sync 1 DAGs
[2023-08-04T06:46:53.471+0000] {logging_mixin.py:150} INFO - [2023-08-04T06:46:53.471+0000] {dag.py:3508} INFO - Setting next_dagrun for example_python_operator to None, run_after=None
[2023-08-04T06:46:53.486+0000] {processor.py:179} INFO - Processing /home/airflow/.local/lib/python3.7/site-packages/airflow/example_dags/example_python_operator.py took 0.084 seconds
[2023-08-04T06:47:23.605+0000] {processor.py:157} INFO - Started process (PID=637) to work on /home/airflow/.local/lib/python3.7/site-packages/airflow/example_dags/example_python_operator.py
[2023-08-04T06:47:23.606+0000] {processor.py:826} INFO - Processing file /home/airflow/.local/lib/python3.7/site-packages/airflow/example_dags/example_python_operator.py for tasks to queue
[2023-08-04T06:47:23.608+0000] {logging_mixin.py:150} INFO - [2023-08-04T06:47:23.607+0000] {dagbag.py:541} INFO - Filling up the DagBag from /home/airflow/.local/lib/python3.7/site-packages/airflow/example_dags/example_python_operator.py
[2023-08-04T06:47:23.618+0000] {processor.py:836} INFO - DAG(s) dict_keys(['example_python_operator']) retrieved from /home/airflow/.local/lib/python3.7/site-packages/airflow/example_dags/example_python_operator.py
[2023-08-04T06:47:23.646+0000] {logging_mixin.py:150} INFO - [2023-08-04T06:47:23.646+0000] {dag.py:2742} INFO - Sync 1 DAGs
[2023-08-04T06:47:23.667+0000] {logging_mixin.py:150} INFO - [2023-08-04T06:47:23.667+0000] {dag.py:3508} INFO - Setting next_dagrun for example_python_operator to None, run_after=None
[2023-08-04T06:47:23.682+0000] {processor.py:179} INFO - Processing /home/airflow/.local/lib/python3.7/site-packages/airflow/example_dags/example_python_operator.py took 0.081 seconds
[2023-08-04T06:47:53.814+0000] {processor.py:157} INFO - Started process (PID=694) to work on /home/airflow/.local/lib/python3.7/site-packages/airflow/example_dags/example_python_operator.py
[2023-08-04T06:47:53.815+0000] {processor.py:826} INFO - Processing file /home/airflow/.local/lib/python3.7/site-packages/airflow/example_dags/example_python_operator.py for tasks to queue
[2023-08-04T06:47:53.816+0000] {logging_mixin.py:150} INFO - [2023-08-04T06:47:53.816+0000] {dagbag.py:541} INFO - Filling up the DagBag from /home/airflow/.local/lib/python3.7/site-packages/airflow/example_dags/example_python_operator.py
[2023-08-04T06:47:53.827+0000] {processor.py:836} INFO - DAG(s) dict_keys(['example_python_operator']) retrieved from /home/airflow/.local/lib/python3.7/site-packages/airflow/example_dags/example_python_operator.py
[2023-08-04T06:47:53.854+0000] {logging_mixin.py:150} INFO - [2023-08-04T06:47:53.853+0000] {dag.py:2742} INFO - Sync 1 DAGs
[2023-08-04T06:47:53.874+0000] {logging_mixin.py:150} INFO - [2023-08-04T06:47:53.874+0000] {dag.py:3508} INFO - Setting next_dagrun for example_python_operator to None, run_after=None
[2023-08-04T06:47:53.888+0000] {processor.py:179} INFO - Processing /home/airflow/.local/lib/python3.7/site-packages/airflow/example_dags/example_python_operator.py took 0.078 seconds
[2023-08-04T06:48:24.361+0000] {processor.py:157} INFO - Started process (PID=751) to work on /home/airflow/.local/lib/python3.7/site-packages/airflow/example_dags/example_python_operator.py
[2023-08-04T06:48:24.362+0000] {processor.py:826} INFO - Processing file /home/airflow/.local/lib/python3.7/site-packages/airflow/example_dags/example_python_operator.py for tasks to queue
[2023-08-04T06:48:24.363+0000] {logging_mixin.py:150} INFO - [2023-08-04T06:48:24.363+0000] {dagbag.py:541} INFO - Filling up the DagBag from /home/airflow/.local/lib/python3.7/site-packages/airflow/example_dags/example_python_operator.py
[2023-08-04T06:48:24.374+0000] {processor.py:836} INFO - DAG(s) dict_keys(['example_python_operator']) retrieved from /home/airflow/.local/lib/python3.7/site-packages/airflow/example_dags/example_python_operator.py
[2023-08-04T06:48:24.402+0000] {logging_mixin.py:150} INFO - [2023-08-04T06:48:24.401+0000] {dag.py:2742} INFO - Sync 1 DAGs
[2023-08-04T06:48:24.423+0000] {logging_mixin.py:150} INFO - [2023-08-04T06:48:24.423+0000] {dag.py:3508} INFO - Setting next_dagrun for example_python_operator to None, run_after=None
[2023-08-04T06:48:24.439+0000] {processor.py:179} INFO - Processing /home/airflow/.local/lib/python3.7/site-packages/airflow/example_dags/example_python_operator.py took 0.081 seconds
[2023-08-04T06:48:54.691+0000] {processor.py:157} INFO - Started process (PID=808) to work on /home/airflow/.local/lib/python3.7/site-packages/airflow/example_dags/example_python_operator.py
[2023-08-04T06:48:54.692+0000] {processor.py:826} INFO - Processing file /home/airflow/.local/lib/python3.7/site-packages/airflow/example_dags/example_python_operator.py for tasks to queue
[2023-08-04T06:48:54.693+0000] {logging_mixin.py:150} INFO - [2023-08-04T06:48:54.693+0000] {dagbag.py:541} INFO - Filling up the DagBag from /home/airflow/.local/lib/python3.7/site-packages/airflow/example_dags/example_python_operator.py
[2023-08-04T06:48:54.704+0000] {processor.py:836} INFO - DAG(s) dict_keys(['example_python_operator']) retrieved from /home/airflow/.local/lib/python3.7/site-packages/airflow/example_dags/example_python_operator.py
[2023-08-04T06:48:54.734+0000] {logging_mixin.py:150} INFO - [2023-08-04T06:48:54.734+0000] {dag.py:2742} INFO - Sync 1 DAGs
[2023-08-04T06:48:54.756+0000] {logging_mixin.py:150} INFO - [2023-08-04T06:48:54.755+0000] {dag.py:3508} INFO - Setting next_dagrun for example_python_operator to None, run_after=None
[2023-08-04T06:48:54.778+0000] {processor.py:179} INFO - Processing /home/airflow/.local/lib/python3.7/site-packages/airflow/example_dags/example_python_operator.py took 0.091 seconds
[2023-08-04T06:49:24.946+0000] {processor.py:157} INFO - Started process (PID=865) to work on /home/airflow/.local/lib/python3.7/site-packages/airflow/example_dags/example_python_operator.py
[2023-08-04T06:49:24.947+0000] {processor.py:826} INFO - Processing file /home/airflow/.local/lib/python3.7/site-packages/airflow/example_dags/example_python_operator.py for tasks to queue
[2023-08-04T06:49:24.950+0000] {logging_mixin.py:150} INFO - [2023-08-04T06:49:24.949+0000] {dagbag.py:541} INFO - Filling up the DagBag from /home/airflow/.local/lib/python3.7/site-packages/airflow/example_dags/example_python_operator.py
[2023-08-04T06:49:24.961+0000] {processor.py:836} INFO - DAG(s) dict_keys(['example_python_operator']) retrieved from /home/airflow/.local/lib/python3.7/site-packages/airflow/example_dags/example_python_operator.py
[2023-08-04T06:49:24.993+0000] {logging_mixin.py:150} INFO - [2023-08-04T06:49:24.992+0000] {dag.py:2742} INFO - Sync 1 DAGs
[2023-08-04T06:49:25.014+0000] {logging_mixin.py:150} INFO - [2023-08-04T06:49:25.014+0000] {dag.py:3508} INFO - Setting next_dagrun for example_python_operator to None, run_after=None
[2023-08-04T06:49:25.028+0000] {processor.py:179} INFO - Processing /home/airflow/.local/lib/python3.7/site-packages/airflow/example_dags/example_python_operator.py took 0.087 seconds
[2023-08-04T06:49:55.996+0000] {processor.py:157} INFO - Started process (PID=924) to work on /home/airflow/.local/lib/python3.7/site-packages/airflow/example_dags/example_python_operator.py
[2023-08-04T06:49:55.998+0000] {processor.py:826} INFO - Processing file /home/airflow/.local/lib/python3.7/site-packages/airflow/example_dags/example_python_operator.py for tasks to queue
[2023-08-04T06:49:55.999+0000] {logging_mixin.py:150} INFO - [2023-08-04T06:49:55.998+0000] {dagbag.py:541} INFO - Filling up the DagBag from /home/airflow/.local/lib/python3.7/site-packages/airflow/example_dags/example_python_operator.py
[2023-08-04T06:49:56.009+0000] {processor.py:836} INFO - DAG(s) dict_keys(['example_python_operator']) retrieved from /home/airflow/.local/lib/python3.7/site-packages/airflow/example_dags/example_python_operator.py
[2023-08-04T06:49:56.037+0000] {logging_mixin.py:150} INFO - [2023-08-04T06:49:56.036+0000] {dag.py:2742} INFO - Sync 1 DAGs
[2023-08-04T06:49:56.058+0000] {logging_mixin.py:150} INFO - [2023-08-04T06:49:56.058+0000] {dag.py:3508} INFO - Setting next_dagrun for example_python_operator to None, run_after=None
[2023-08-04T06:49:56.073+0000] {processor.py:179} INFO - Processing /home/airflow/.local/lib/python3.7/site-packages/airflow/example_dags/example_python_operator.py took 0.081 seconds
[2023-08-04T06:50:26.208+0000] {processor.py:157} INFO - Started process (PID=980) to work on /home/airflow/.local/lib/python3.7/site-packages/airflow/example_dags/example_python_operator.py
[2023-08-04T06:50:26.209+0000] {processor.py:826} INFO - Processing file /home/airflow/.local/lib/python3.7/site-packages/airflow/example_dags/example_python_operator.py for tasks to queue
[2023-08-04T06:50:26.210+0000] {logging_mixin.py:150} INFO - [2023-08-04T06:50:26.210+0000] {dagbag.py:541} INFO - Filling up the DagBag from /home/airflow/.local/lib/python3.7/site-packages/airflow/example_dags/example_python_operator.py
[2023-08-04T06:50:26.220+0000] {processor.py:836} INFO - DAG(s) dict_keys(['example_python_operator']) retrieved from /home/airflow/.local/lib/python3.7/site-packages/airflow/example_dags/example_python_operator.py
[2023-08-04T06:50:26.247+0000] {logging_mixin.py:150} INFO - [2023-08-04T06:50:26.247+0000] {dag.py:2742} INFO - Sync 1 DAGs
[2023-08-04T06:50:26.270+0000] {logging_mixin.py:150} INFO - [2023-08-04T06:50:26.270+0000] {dag.py:3508} INFO - Setting next_dagrun for example_python_operator to None, run_after=None
[2023-08-04T06:50:26.286+0000] {processor.py:179} INFO - Processing /home/airflow/.local/lib/python3.7/site-packages/airflow/example_dags/example_python_operator.py took 0.083 seconds
[2023-08-04T06:50:57.143+0000] {processor.py:157} INFO - Started process (PID=1038) to work on /home/airflow/.local/lib/python3.7/site-packages/airflow/example_dags/example_python_operator.py
[2023-08-04T06:50:57.148+0000] {processor.py:826} INFO - Processing file /home/airflow/.local/lib/python3.7/site-packages/airflow/example_dags/example_python_operator.py for tasks to queue
[2023-08-04T06:50:57.149+0000] {logging_mixin.py:150} INFO - [2023-08-04T06:50:57.149+0000] {dagbag.py:541} INFO - Filling up the DagBag from /home/airflow/.local/lib/python3.7/site-packages/airflow/example_dags/example_python_operator.py
[2023-08-04T06:50:57.161+0000] {processor.py:836} INFO - DAG(s) dict_keys(['example_python_operator']) retrieved from /home/airflow/.local/lib/python3.7/site-packages/airflow/example_dags/example_python_operator.py
[2023-08-04T06:50:57.201+0000] {logging_mixin.py:150} INFO - [2023-08-04T06:50:57.201+0000] {dag.py:2742} INFO - Sync 1 DAGs
[2023-08-04T06:50:57.227+0000] {logging_mixin.py:150} INFO - [2023-08-04T06:50:57.227+0000] {dag.py:3508} INFO - Setting next_dagrun for example_python_operator to None, run_after=None
[2023-08-04T06:50:57.243+0000] {processor.py:179} INFO - Processing /home/airflow/.local/lib/python3.7/site-packages/airflow/example_dags/example_python_operator.py took 0.106 seconds
[2023-08-04T06:51:27.290+0000] {processor.py:157} INFO - Started process (PID=1095) to work on /home/airflow/.local/lib/python3.7/site-packages/airflow/example_dags/example_python_operator.py
[2023-08-04T06:51:27.291+0000] {processor.py:826} INFO - Processing file /home/airflow/.local/lib/python3.7/site-packages/airflow/example_dags/example_python_operator.py for tasks to queue
[2023-08-04T06:51:27.292+0000] {logging_mixin.py:150} INFO - [2023-08-04T06:51:27.292+0000] {dagbag.py:541} INFO - Filling up the DagBag from /home/airflow/.local/lib/python3.7/site-packages/airflow/example_dags/example_python_operator.py
[2023-08-04T06:51:27.303+0000] {processor.py:836} INFO - DAG(s) dict_keys(['example_python_operator']) retrieved from /home/airflow/.local/lib/python3.7/site-packages/airflow/example_dags/example_python_operator.py
[2023-08-04T06:51:27.332+0000] {logging_mixin.py:150} INFO - [2023-08-04T06:51:27.331+0000] {dag.py:2742} INFO - Sync 1 DAGs
[2023-08-04T06:51:27.353+0000] {logging_mixin.py:150} INFO - [2023-08-04T06:51:27.353+0000] {dag.py:3508} INFO - Setting next_dagrun for example_python_operator to None, run_after=None
[2023-08-04T06:51:27.369+0000] {processor.py:179} INFO - Processing /home/airflow/.local/lib/python3.7/site-packages/airflow/example_dags/example_python_operator.py took 0.083 seconds
[2023-08-04T06:51:58.157+0000] {processor.py:157} INFO - Started process (PID=1153) to work on /home/airflow/.local/lib/python3.7/site-packages/airflow/example_dags/example_python_operator.py
[2023-08-04T06:51:58.158+0000] {processor.py:826} INFO - Processing file /home/airflow/.local/lib/python3.7/site-packages/airflow/example_dags/example_python_operator.py for tasks to queue
[2023-08-04T06:51:58.159+0000] {logging_mixin.py:150} INFO - [2023-08-04T06:51:58.159+0000] {dagbag.py:541} INFO - Filling up the DagBag from /home/airflow/.local/lib/python3.7/site-packages/airflow/example_dags/example_python_operator.py
[2023-08-04T06:51:58.169+0000] {processor.py:836} INFO - DAG(s) dict_keys(['example_python_operator']) retrieved from /home/airflow/.local/lib/python3.7/site-packages/airflow/example_dags/example_python_operator.py
[2023-08-04T06:51:58.199+0000] {logging_mixin.py:150} INFO - [2023-08-04T06:51:58.199+0000] {dag.py:2742} INFO - Sync 1 DAGs
[2023-08-04T06:51:58.222+0000] {logging_mixin.py:150} INFO - [2023-08-04T06:51:58.222+0000] {dag.py:3508} INFO - Setting next_dagrun for example_python_operator to None, run_after=None
[2023-08-04T06:51:58.239+0000] {processor.py:179} INFO - Processing /home/airflow/.local/lib/python3.7/site-packages/airflow/example_dags/example_python_operator.py took 0.086 seconds
[2023-08-04T06:52:28.346+0000] {processor.py:157} INFO - Started process (PID=1211) to work on /home/airflow/.local/lib/python3.7/site-packages/airflow/example_dags/example_python_operator.py
[2023-08-04T06:52:28.347+0000] {processor.py:826} INFO - Processing file /home/airflow/.local/lib/python3.7/site-packages/airflow/example_dags/example_python_operator.py for tasks to queue
[2023-08-04T06:52:28.349+0000] {logging_mixin.py:150} INFO - [2023-08-04T06:52:28.348+0000] {dagbag.py:541} INFO - Filling up the DagBag from /home/airflow/.local/lib/python3.7/site-packages/airflow/example_dags/example_python_operator.py
[2023-08-04T06:52:28.359+0000] {processor.py:836} INFO - DAG(s) dict_keys(['example_python_operator']) retrieved from /home/airflow/.local/lib/python3.7/site-packages/airflow/example_dags/example_python_operator.py
[2023-08-04T06:52:28.387+0000] {logging_mixin.py:150} INFO - [2023-08-04T06:52:28.387+0000] {dag.py:2742} INFO - Sync 1 DAGs
[2023-08-04T06:52:28.409+0000] {logging_mixin.py:150} INFO - [2023-08-04T06:52:28.409+0000] {dag.py:3508} INFO - Setting next_dagrun for example_python_operator to None, run_after=None
[2023-08-04T06:52:28.425+0000] {processor.py:179} INFO - Processing /home/airflow/.local/lib/python3.7/site-packages/airflow/example_dags/example_python_operator.py took 0.083 seconds
[2023-08-04T06:52:58.768+0000] {processor.py:157} INFO - Started process (PID=1269) to work on /home/airflow/.local/lib/python3.7/site-packages/airflow/example_dags/example_python_operator.py
[2023-08-04T06:52:58.770+0000] {processor.py:826} INFO - Processing file /home/airflow/.local/lib/python3.7/site-packages/airflow/example_dags/example_python_operator.py for tasks to queue
[2023-08-04T06:52:58.771+0000] {logging_mixin.py:150} INFO - [2023-08-04T06:52:58.771+0000] {dagbag.py:541} INFO - Filling up the DagBag from /home/airflow/.local/lib/python3.7/site-packages/airflow/example_dags/example_python_operator.py
[2023-08-04T06:52:58.781+0000] {processor.py:836} INFO - DAG(s) dict_keys(['example_python_operator']) retrieved from /home/airflow/.local/lib/python3.7/site-packages/airflow/example_dags/example_python_operator.py
[2023-08-04T06:52:58.810+0000] {logging_mixin.py:150} INFO - [2023-08-04T06:52:58.810+0000] {dag.py:2742} INFO - Sync 1 DAGs
[2023-08-04T06:52:58.832+0000] {logging_mixin.py:150} INFO - [2023-08-04T06:52:58.831+0000] {dag.py:3508} INFO - Setting next_dagrun for example_python_operator to None, run_after=None
[2023-08-04T06:52:58.847+0000] {processor.py:179} INFO - Processing /home/airflow/.local/lib/python3.7/site-packages/airflow/example_dags/example_python_operator.py took 0.083 seconds
[2023-08-04T06:53:29.191+0000] {processor.py:157} INFO - Started process (PID=1332) to work on /home/airflow/.local/lib/python3.7/site-packages/airflow/example_dags/example_python_operator.py
[2023-08-04T06:53:29.193+0000] {processor.py:826} INFO - Processing file /home/airflow/.local/lib/python3.7/site-packages/airflow/example_dags/example_python_operator.py for tasks to queue
[2023-08-04T06:53:29.194+0000] {logging_mixin.py:150} INFO - [2023-08-04T06:53:29.194+0000] {dagbag.py:541} INFO - Filling up the DagBag from /home/airflow/.local/lib/python3.7/site-packages/airflow/example_dags/example_python_operator.py
[2023-08-04T06:53:29.204+0000] {processor.py:836} INFO - DAG(s) dict_keys(['example_python_operator']) retrieved from /home/airflow/.local/lib/python3.7/site-packages/airflow/example_dags/example_python_operator.py
[2023-08-04T06:53:29.232+0000] {logging_mixin.py:150} INFO - [2023-08-04T06:53:29.232+0000] {dag.py:2742} INFO - Sync 1 DAGs
[2023-08-04T06:53:29.255+0000] {logging_mixin.py:150} INFO - [2023-08-04T06:53:29.254+0000] {dag.py:3508} INFO - Setting next_dagrun for example_python_operator to None, run_after=None
[2023-08-04T06:53:29.270+0000] {processor.py:179} INFO - Processing /home/airflow/.local/lib/python3.7/site-packages/airflow/example_dags/example_python_operator.py took 0.082 seconds
[2023-08-04T06:53:59.613+0000] {processor.py:157} INFO - Started process (PID=1390) to work on /home/airflow/.local/lib/python3.7/site-packages/airflow/example_dags/example_python_operator.py
[2023-08-04T06:53:59.615+0000] {processor.py:826} INFO - Processing file /home/airflow/.local/lib/python3.7/site-packages/airflow/example_dags/example_python_operator.py for tasks to queue
[2023-08-04T06:53:59.616+0000] {logging_mixin.py:150} INFO - [2023-08-04T06:53:59.615+0000] {dagbag.py:541} INFO - Filling up the DagBag from /home/airflow/.local/lib/python3.7/site-packages/airflow/example_dags/example_python_operator.py
[2023-08-04T06:53:59.626+0000] {processor.py:836} INFO - DAG(s) dict_keys(['example_python_operator']) retrieved from /home/airflow/.local/lib/python3.7/site-packages/airflow/example_dags/example_python_operator.py
[2023-08-04T06:53:59.654+0000] {logging_mixin.py:150} INFO - [2023-08-04T06:53:59.654+0000] {dag.py:2742} INFO - Sync 1 DAGs
[2023-08-04T06:53:59.676+0000] {logging_mixin.py:150} INFO - [2023-08-04T06:53:59.676+0000] {dag.py:3508} INFO - Setting next_dagrun for example_python_operator to None, run_after=None
[2023-08-04T06:53:59.691+0000] {processor.py:179} INFO - Processing /home/airflow/.local/lib/python3.7/site-packages/airflow/example_dags/example_python_operator.py took 0.082 seconds
[2023-08-04T06:54:29.990+0000] {processor.py:157} INFO - Started process (PID=1448) to work on /home/airflow/.local/lib/python3.7/site-packages/airflow/example_dags/example_python_operator.py
[2023-08-04T06:54:29.991+0000] {processor.py:826} INFO - Processing file /home/airflow/.local/lib/python3.7/site-packages/airflow/example_dags/example_python_operator.py for tasks to queue
[2023-08-04T06:54:29.992+0000] {logging_mixin.py:150} INFO - [2023-08-04T06:54:29.992+0000] {dagbag.py:541} INFO - Filling up the DagBag from /home/airflow/.local/lib/python3.7/site-packages/airflow/example_dags/example_python_operator.py
[2023-08-04T06:54:30.002+0000] {processor.py:836} INFO - DAG(s) dict_keys(['example_python_operator']) retrieved from /home/airflow/.local/lib/python3.7/site-packages/airflow/example_dags/example_python_operator.py
[2023-08-04T06:54:30.030+0000] {logging_mixin.py:150} INFO - [2023-08-04T06:54:30.030+0000] {dag.py:2742} INFO - Sync 1 DAGs
[2023-08-04T06:54:30.053+0000] {logging_mixin.py:150} INFO - [2023-08-04T06:54:30.053+0000] {dag.py:3508} INFO - Setting next_dagrun for example_python_operator to None, run_after=None
[2023-08-04T06:54:30.068+0000] {processor.py:179} INFO - Processing /home/airflow/.local/lib/python3.7/site-packages/airflow/example_dags/example_python_operator.py took 0.082 seconds
[2023-08-04T06:55:00.377+0000] {processor.py:157} INFO - Started process (PID=1506) to work on /home/airflow/.local/lib/python3.7/site-packages/airflow/example_dags/example_python_operator.py
[2023-08-04T06:55:00.379+0000] {processor.py:826} INFO - Processing file /home/airflow/.local/lib/python3.7/site-packages/airflow/example_dags/example_python_operator.py for tasks to queue
[2023-08-04T06:55:00.380+0000] {logging_mixin.py:150} INFO - [2023-08-04T06:55:00.380+0000] {dagbag.py:541} INFO - Filling up the DagBag from /home/airflow/.local/lib/python3.7/site-packages/airflow/example_dags/example_python_operator.py
[2023-08-04T06:55:00.390+0000] {processor.py:836} INFO - DAG(s) dict_keys(['example_python_operator']) retrieved from /home/airflow/.local/lib/python3.7/site-packages/airflow/example_dags/example_python_operator.py
[2023-08-04T06:55:00.418+0000] {logging_mixin.py:150} INFO - [2023-08-04T06:55:00.418+0000] {dag.py:2742} INFO - Sync 1 DAGs
[2023-08-04T06:55:00.439+0000] {logging_mixin.py:150} INFO - [2023-08-04T06:55:00.439+0000] {dag.py:3508} INFO - Setting next_dagrun for example_python_operator to None, run_after=None
[2023-08-04T06:55:00.455+0000] {processor.py:179} INFO - Processing /home/airflow/.local/lib/python3.7/site-packages/airflow/example_dags/example_python_operator.py took 0.081 seconds
[2023-08-04T06:55:30.829+0000] {processor.py:157} INFO - Started process (PID=1568) to work on /home/airflow/.local/lib/python3.7/site-packages/airflow/example_dags/example_python_operator.py
[2023-08-04T06:55:30.831+0000] {processor.py:826} INFO - Processing file /home/airflow/.local/lib/python3.7/site-packages/airflow/example_dags/example_python_operator.py for tasks to queue
[2023-08-04T06:55:30.833+0000] {logging_mixin.py:150} INFO - [2023-08-04T06:55:30.832+0000] {dagbag.py:541} INFO - Filling up the DagBag from /home/airflow/.local/lib/python3.7/site-packages/airflow/example_dags/example_python_operator.py
[2023-08-04T06:55:30.843+0000] {processor.py:836} INFO - DAG(s) dict_keys(['example_python_operator']) retrieved from /home/airflow/.local/lib/python3.7/site-packages/airflow/example_dags/example_python_operator.py
[2023-08-04T06:55:30.871+0000] {logging_mixin.py:150} INFO - [2023-08-04T06:55:30.871+0000] {dag.py:2742} INFO - Sync 1 DAGs
[2023-08-04T06:55:30.893+0000] {logging_mixin.py:150} INFO - [2023-08-04T06:55:30.893+0000] {dag.py:3508} INFO - Setting next_dagrun for example_python_operator to None, run_after=None
[2023-08-04T06:55:30.908+0000] {processor.py:179} INFO - Processing /home/airflow/.local/lib/python3.7/site-packages/airflow/example_dags/example_python_operator.py took 0.083 seconds
[2023-08-04T06:56:01.247+0000] {processor.py:157} INFO - Started process (PID=1626) to work on /home/airflow/.local/lib/python3.7/site-packages/airflow/example_dags/example_python_operator.py
[2023-08-04T06:56:01.249+0000] {processor.py:826} INFO - Processing file /home/airflow/.local/lib/python3.7/site-packages/airflow/example_dags/example_python_operator.py for tasks to queue
[2023-08-04T06:56:01.250+0000] {logging_mixin.py:150} INFO - [2023-08-04T06:56:01.250+0000] {dagbag.py:541} INFO - Filling up the DagBag from /home/airflow/.local/lib/python3.7/site-packages/airflow/example_dags/example_python_operator.py
[2023-08-04T06:56:01.261+0000] {processor.py:836} INFO - DAG(s) dict_keys(['example_python_operator']) retrieved from /home/airflow/.local/lib/python3.7/site-packages/airflow/example_dags/example_python_operator.py
[2023-08-04T06:56:01.292+0000] {logging_mixin.py:150} INFO - [2023-08-04T06:56:01.292+0000] {dag.py:2742} INFO - Sync 1 DAGs
[2023-08-04T06:56:01.315+0000] {logging_mixin.py:150} INFO - [2023-08-04T06:56:01.315+0000] {dag.py:3508} INFO - Setting next_dagrun for example_python_operator to None, run_after=None
[2023-08-04T06:56:01.332+0000] {processor.py:179} INFO - Processing /home/airflow/.local/lib/python3.7/site-packages/airflow/example_dags/example_python_operator.py took 0.088 seconds
[2023-08-04T06:56:32.337+0000] {processor.py:157} INFO - Started process (PID=1683) to work on /home/airflow/.local/lib/python3.7/site-packages/airflow/example_dags/example_python_operator.py
[2023-08-04T06:56:32.338+0000] {processor.py:826} INFO - Processing file /home/airflow/.local/lib/python3.7/site-packages/airflow/example_dags/example_python_operator.py for tasks to queue
[2023-08-04T06:56:32.340+0000] {logging_mixin.py:150} INFO - [2023-08-04T06:56:32.339+0000] {dagbag.py:541} INFO - Filling up the DagBag from /home/airflow/.local/lib/python3.7/site-packages/airflow/example_dags/example_python_operator.py
[2023-08-04T06:56:32.350+0000] {processor.py:836} INFO - DAG(s) dict_keys(['example_python_operator']) retrieved from /home/airflow/.local/lib/python3.7/site-packages/airflow/example_dags/example_python_operator.py
[2023-08-04T06:56:32.377+0000] {logging_mixin.py:150} INFO - [2023-08-04T06:56:32.376+0000] {dag.py:2742} INFO - Sync 1 DAGs
[2023-08-04T06:56:32.398+0000] {logging_mixin.py:150} INFO - [2023-08-04T06:56:32.398+0000] {dag.py:3508} INFO - Setting next_dagrun for example_python_operator to None, run_after=None
[2023-08-04T06:56:32.413+0000] {processor.py:179} INFO - Processing /home/airflow/.local/lib/python3.7/site-packages/airflow/example_dags/example_python_operator.py took 0.079 seconds
[2023-08-04T06:57:02.798+0000] {processor.py:157} INFO - Started process (PID=1741) to work on /home/airflow/.local/lib/python3.7/site-packages/airflow/example_dags/example_python_operator.py
[2023-08-04T06:57:02.800+0000] {processor.py:826} INFO - Processing file /home/airflow/.local/lib/python3.7/site-packages/airflow/example_dags/example_python_operator.py for tasks to queue
[2023-08-04T06:57:02.801+0000] {logging_mixin.py:150} INFO - [2023-08-04T06:57:02.801+0000] {dagbag.py:541} INFO - Filling up the DagBag from /home/airflow/.local/lib/python3.7/site-packages/airflow/example_dags/example_python_operator.py
[2023-08-04T06:57:02.811+0000] {processor.py:836} INFO - DAG(s) dict_keys(['example_python_operator']) retrieved from /home/airflow/.local/lib/python3.7/site-packages/airflow/example_dags/example_python_operator.py
[2023-08-04T06:57:02.840+0000] {logging_mixin.py:150} INFO - [2023-08-04T06:57:02.840+0000] {dag.py:2742} INFO - Sync 1 DAGs
[2023-08-04T06:57:02.867+0000] {logging_mixin.py:150} INFO - [2023-08-04T06:57:02.867+0000] {dag.py:3508} INFO - Setting next_dagrun for example_python_operator to None, run_after=None
[2023-08-04T06:57:02.883+0000] {processor.py:179} INFO - Processing /home/airflow/.local/lib/python3.7/site-packages/airflow/example_dags/example_python_operator.py took 0.088 seconds
[2023-08-04T06:57:33.805+0000] {processor.py:157} INFO - Started process (PID=1799) to work on /home/airflow/.local/lib/python3.7/site-packages/airflow/example_dags/example_python_operator.py
[2023-08-04T06:57:33.806+0000] {processor.py:826} INFO - Processing file /home/airflow/.local/lib/python3.7/site-packages/airflow/example_dags/example_python_operator.py for tasks to queue
[2023-08-04T06:57:33.807+0000] {logging_mixin.py:150} INFO - [2023-08-04T06:57:33.807+0000] {dagbag.py:541} INFO - Filling up the DagBag from /home/airflow/.local/lib/python3.7/site-packages/airflow/example_dags/example_python_operator.py
[2023-08-04T06:57:33.818+0000] {processor.py:836} INFO - DAG(s) dict_keys(['example_python_operator']) retrieved from /home/airflow/.local/lib/python3.7/site-packages/airflow/example_dags/example_python_operator.py
[2023-08-04T06:57:33.847+0000] {logging_mixin.py:150} INFO - [2023-08-04T06:57:33.847+0000] {dag.py:2742} INFO - Sync 1 DAGs
[2023-08-04T06:57:33.870+0000] {logging_mixin.py:150} INFO - [2023-08-04T06:57:33.870+0000] {dag.py:3508} INFO - Setting next_dagrun for example_python_operator to None, run_after=None
[2023-08-04T06:57:33.890+0000] {processor.py:179} INFO - Processing /home/airflow/.local/lib/python3.7/site-packages/airflow/example_dags/example_python_operator.py took 0.089 seconds
[2023-08-04T06:58:04.363+0000] {processor.py:157} INFO - Started process (PID=1857) to work on /home/airflow/.local/lib/python3.7/site-packages/airflow/example_dags/example_python_operator.py
[2023-08-04T06:58:04.364+0000] {processor.py:826} INFO - Processing file /home/airflow/.local/lib/python3.7/site-packages/airflow/example_dags/example_python_operator.py for tasks to queue
[2023-08-04T06:58:04.365+0000] {logging_mixin.py:150} INFO - [2023-08-04T06:58:04.365+0000] {dagbag.py:541} INFO - Filling up the DagBag from /home/airflow/.local/lib/python3.7/site-packages/airflow/example_dags/example_python_operator.py
[2023-08-04T06:58:04.375+0000] {processor.py:836} INFO - DAG(s) dict_keys(['example_python_operator']) retrieved from /home/airflow/.local/lib/python3.7/site-packages/airflow/example_dags/example_python_operator.py
[2023-08-04T06:58:04.403+0000] {logging_mixin.py:150} INFO - [2023-08-04T06:58:04.403+0000] {dag.py:2742} INFO - Sync 1 DAGs
[2023-08-04T06:58:04.424+0000] {logging_mixin.py:150} INFO - [2023-08-04T06:58:04.424+0000] {dag.py:3508} INFO - Setting next_dagrun for example_python_operator to None, run_after=None
[2023-08-04T06:58:04.439+0000] {processor.py:179} INFO - Processing /home/airflow/.local/lib/python3.7/site-packages/airflow/example_dags/example_python_operator.py took 0.080 seconds
[2023-08-04T06:58:34.873+0000] {processor.py:157} INFO - Started process (PID=1914) to work on /home/airflow/.local/lib/python3.7/site-packages/airflow/example_dags/example_python_operator.py
[2023-08-04T06:58:34.875+0000] {processor.py:826} INFO - Processing file /home/airflow/.local/lib/python3.7/site-packages/airflow/example_dags/example_python_operator.py for tasks to queue
[2023-08-04T06:58:34.876+0000] {logging_mixin.py:150} INFO - [2023-08-04T06:58:34.875+0000] {dagbag.py:541} INFO - Filling up the DagBag from /home/airflow/.local/lib/python3.7/site-packages/airflow/example_dags/example_python_operator.py
[2023-08-04T06:58:34.886+0000] {processor.py:836} INFO - DAG(s) dict_keys(['example_python_operator']) retrieved from /home/airflow/.local/lib/python3.7/site-packages/airflow/example_dags/example_python_operator.py
[2023-08-04T06:58:34.913+0000] {logging_mixin.py:150} INFO - [2023-08-04T06:58:34.913+0000] {dag.py:2742} INFO - Sync 1 DAGs
[2023-08-04T06:58:34.934+0000] {logging_mixin.py:150} INFO - [2023-08-04T06:58:34.934+0000] {dag.py:3508} INFO - Setting next_dagrun for example_python_operator to None, run_after=None
[2023-08-04T06:58:34.951+0000] {processor.py:179} INFO - Processing /home/airflow/.local/lib/python3.7/site-packages/airflow/example_dags/example_python_operator.py took 0.082 seconds
[2023-08-04T06:59:05.249+0000] {processor.py:157} INFO - Started process (PID=1971) to work on /home/airflow/.local/lib/python3.7/site-packages/airflow/example_dags/example_python_operator.py
[2023-08-04T06:59:05.251+0000] {processor.py:826} INFO - Processing file /home/airflow/.local/lib/python3.7/site-packages/airflow/example_dags/example_python_operator.py for tasks to queue
[2023-08-04T06:59:05.252+0000] {logging_mixin.py:150} INFO - [2023-08-04T06:59:05.252+0000] {dagbag.py:541} INFO - Filling up the DagBag from /home/airflow/.local/lib/python3.7/site-packages/airflow/example_dags/example_python_operator.py
[2023-08-04T06:59:05.264+0000] {processor.py:836} INFO - DAG(s) dict_keys(['example_python_operator']) retrieved from /home/airflow/.local/lib/python3.7/site-packages/airflow/example_dags/example_python_operator.py
[2023-08-04T06:59:05.298+0000] {logging_mixin.py:150} INFO - [2023-08-04T06:59:05.298+0000] {dag.py:2742} INFO - Sync 1 DAGs
[2023-08-04T06:59:05.326+0000] {logging_mixin.py:150} INFO - [2023-08-04T06:59:05.325+0000] {dag.py:3508} INFO - Setting next_dagrun for example_python_operator to None, run_after=None
[2023-08-04T06:59:05.342+0000] {processor.py:179} INFO - Processing /home/airflow/.local/lib/python3.7/site-packages/airflow/example_dags/example_python_operator.py took 0.098 seconds
[2023-08-04T06:59:36.001+0000] {processor.py:157} INFO - Started process (PID=2029) to work on /home/airflow/.local/lib/python3.7/site-packages/airflow/example_dags/example_python_operator.py
[2023-08-04T06:59:36.002+0000] {processor.py:826} INFO - Processing file /home/airflow/.local/lib/python3.7/site-packages/airflow/example_dags/example_python_operator.py for tasks to queue
[2023-08-04T06:59:36.003+0000] {logging_mixin.py:150} INFO - [2023-08-04T06:59:36.003+0000] {dagbag.py:541} INFO - Filling up the DagBag from /home/airflow/.local/lib/python3.7/site-packages/airflow/example_dags/example_python_operator.py
[2023-08-04T06:59:36.013+0000] {processor.py:836} INFO - DAG(s) dict_keys(['example_python_operator']) retrieved from /home/airflow/.local/lib/python3.7/site-packages/airflow/example_dags/example_python_operator.py
[2023-08-04T06:59:36.041+0000] {logging_mixin.py:150} INFO - [2023-08-04T06:59:36.041+0000] {dag.py:2742} INFO - Sync 1 DAGs
[2023-08-04T06:59:36.062+0000] {logging_mixin.py:150} INFO - [2023-08-04T06:59:36.062+0000] {dag.py:3508} INFO - Setting next_dagrun for example_python_operator to None, run_after=None
[2023-08-04T06:59:36.077+0000] {processor.py:179} INFO - Processing /home/airflow/.local/lib/python3.7/site-packages/airflow/example_dags/example_python_operator.py took 0.080 seconds
[2023-08-04T07:00:06.467+0000] {processor.py:157} INFO - Started process (PID=2087) to work on /home/airflow/.local/lib/python3.7/site-packages/airflow/example_dags/example_python_operator.py
[2023-08-04T07:00:06.468+0000] {processor.py:826} INFO - Processing file /home/airflow/.local/lib/python3.7/site-packages/airflow/example_dags/example_python_operator.py for tasks to queue
[2023-08-04T07:00:06.470+0000] {logging_mixin.py:150} INFO - [2023-08-04T07:00:06.469+0000] {dagbag.py:541} INFO - Filling up the DagBag from /home/airflow/.local/lib/python3.7/site-packages/airflow/example_dags/example_python_operator.py
[2023-08-04T07:00:06.480+0000] {processor.py:836} INFO - DAG(s) dict_keys(['example_python_operator']) retrieved from /home/airflow/.local/lib/python3.7/site-packages/airflow/example_dags/example_python_operator.py
[2023-08-04T07:00:06.508+0000] {logging_mixin.py:150} INFO - [2023-08-04T07:00:06.508+0000] {dag.py:2742} INFO - Sync 1 DAGs
[2023-08-04T07:00:06.529+0000] {logging_mixin.py:150} INFO - [2023-08-04T07:00:06.529+0000] {dag.py:3508} INFO - Setting next_dagrun for example_python_operator to None, run_after=None
[2023-08-04T07:00:06.544+0000] {processor.py:179} INFO - Processing /home/airflow/.local/lib/python3.7/site-packages/airflow/example_dags/example_python_operator.py took 0.080 seconds
[2023-08-04T07:00:37.782+0000] {processor.py:157} INFO - Started process (PID=2144) to work on /home/airflow/.local/lib/python3.7/site-packages/airflow/example_dags/example_python_operator.py
[2023-08-04T07:00:37.783+0000] {processor.py:826} INFO - Processing file /home/airflow/.local/lib/python3.7/site-packages/airflow/example_dags/example_python_operator.py for tasks to queue
[2023-08-04T07:00:37.785+0000] {logging_mixin.py:150} INFO - [2023-08-04T07:00:37.784+0000] {dagbag.py:541} INFO - Filling up the DagBag from /home/airflow/.local/lib/python3.7/site-packages/airflow/example_dags/example_python_operator.py
[2023-08-04T07:00:37.794+0000] {processor.py:836} INFO - DAG(s) dict_keys(['example_python_operator']) retrieved from /home/airflow/.local/lib/python3.7/site-packages/airflow/example_dags/example_python_operator.py
[2023-08-04T07:00:37.822+0000] {logging_mixin.py:150} INFO - [2023-08-04T07:00:37.822+0000] {dag.py:2742} INFO - Sync 1 DAGs
[2023-08-04T07:00:37.844+0000] {logging_mixin.py:150} INFO - [2023-08-04T07:00:37.844+0000] {dag.py:3508} INFO - Setting next_dagrun for example_python_operator to None, run_after=None
[2023-08-04T07:00:37.862+0000] {processor.py:179} INFO - Processing /home/airflow/.local/lib/python3.7/site-packages/airflow/example_dags/example_python_operator.py took 0.083 seconds
[2023-08-04T07:01:09.085+0000] {processor.py:157} INFO - Started process (PID=2201) to work on /home/airflow/.local/lib/python3.7/site-packages/airflow/example_dags/example_python_operator.py
[2023-08-04T07:01:09.086+0000] {processor.py:826} INFO - Processing file /home/airflow/.local/lib/python3.7/site-packages/airflow/example_dags/example_python_operator.py for tasks to queue
[2023-08-04T07:01:09.087+0000] {logging_mixin.py:150} INFO - [2023-08-04T07:01:09.087+0000] {dagbag.py:541} INFO - Filling up the DagBag from /home/airflow/.local/lib/python3.7/site-packages/airflow/example_dags/example_python_operator.py
[2023-08-04T07:01:09.097+0000] {processor.py:836} INFO - DAG(s) dict_keys(['example_python_operator']) retrieved from /home/airflow/.local/lib/python3.7/site-packages/airflow/example_dags/example_python_operator.py
[2023-08-04T07:01:09.125+0000] {logging_mixin.py:150} INFO - [2023-08-04T07:01:09.125+0000] {dag.py:2742} INFO - Sync 1 DAGs
[2023-08-04T07:01:09.146+0000] {logging_mixin.py:150} INFO - [2023-08-04T07:01:09.146+0000] {dag.py:3508} INFO - Setting next_dagrun for example_python_operator to None, run_after=None
[2023-08-04T07:01:09.160+0000] {processor.py:179} INFO - Processing /home/airflow/.local/lib/python3.7/site-packages/airflow/example_dags/example_python_operator.py took 0.079 seconds
[2023-08-04T07:01:40.372+0000] {processor.py:157} INFO - Started process (PID=2266) to work on /home/airflow/.local/lib/python3.7/site-packages/airflow/example_dags/example_python_operator.py
[2023-08-04T07:01:40.374+0000] {processor.py:826} INFO - Processing file /home/airflow/.local/lib/python3.7/site-packages/airflow/example_dags/example_python_operator.py for tasks to queue
[2023-08-04T07:01:40.375+0000] {logging_mixin.py:150} INFO - [2023-08-04T07:01:40.374+0000] {dagbag.py:541} INFO - Filling up the DagBag from /home/airflow/.local/lib/python3.7/site-packages/airflow/example_dags/example_python_operator.py
[2023-08-04T07:01:40.385+0000] {processor.py:836} INFO - DAG(s) dict_keys(['example_python_operator']) retrieved from /home/airflow/.local/lib/python3.7/site-packages/airflow/example_dags/example_python_operator.py
[2023-08-04T07:01:40.413+0000] {logging_mixin.py:150} INFO - [2023-08-04T07:01:40.413+0000] {dag.py:2742} INFO - Sync 1 DAGs
[2023-08-04T07:01:40.434+0000] {logging_mixin.py:150} INFO - [2023-08-04T07:01:40.434+0000] {dag.py:3508} INFO - Setting next_dagrun for example_python_operator to None, run_after=None
[2023-08-04T07:01:40.448+0000] {processor.py:179} INFO - Processing /home/airflow/.local/lib/python3.7/site-packages/airflow/example_dags/example_python_operator.py took 0.080 seconds
[2023-08-04T07:02:10.859+0000] {processor.py:157} INFO - Started process (PID=2324) to work on /home/airflow/.local/lib/python3.7/site-packages/airflow/example_dags/example_python_operator.py
[2023-08-04T07:02:10.860+0000] {processor.py:826} INFO - Processing file /home/airflow/.local/lib/python3.7/site-packages/airflow/example_dags/example_python_operator.py for tasks to queue
[2023-08-04T07:02:10.861+0000] {logging_mixin.py:150} INFO - [2023-08-04T07:02:10.861+0000] {dagbag.py:541} INFO - Filling up the DagBag from /home/airflow/.local/lib/python3.7/site-packages/airflow/example_dags/example_python_operator.py
[2023-08-04T07:02:10.872+0000] {processor.py:836} INFO - DAG(s) dict_keys(['example_python_operator']) retrieved from /home/airflow/.local/lib/python3.7/site-packages/airflow/example_dags/example_python_operator.py
[2023-08-04T07:02:10.899+0000] {logging_mixin.py:150} INFO - [2023-08-04T07:02:10.899+0000] {dag.py:2742} INFO - Sync 1 DAGs
[2023-08-04T07:02:10.922+0000] {logging_mixin.py:150} INFO - [2023-08-04T07:02:10.922+0000] {dag.py:3508} INFO - Setting next_dagrun for example_python_operator to None, run_after=None
[2023-08-04T07:02:10.937+0000] {processor.py:179} INFO - Processing /home/airflow/.local/lib/python3.7/site-packages/airflow/example_dags/example_python_operator.py took 0.081 seconds
[2023-08-04T07:02:41.340+0000] {processor.py:157} INFO - Started process (PID=2382) to work on /home/airflow/.local/lib/python3.7/site-packages/airflow/example_dags/example_python_operator.py
[2023-08-04T07:02:41.341+0000] {processor.py:826} INFO - Processing file /home/airflow/.local/lib/python3.7/site-packages/airflow/example_dags/example_python_operator.py for tasks to queue
[2023-08-04T07:02:41.343+0000] {logging_mixin.py:150} INFO - [2023-08-04T07:02:41.342+0000] {dagbag.py:541} INFO - Filling up the DagBag from /home/airflow/.local/lib/python3.7/site-packages/airflow/example_dags/example_python_operator.py
[2023-08-04T07:02:41.353+0000] {processor.py:836} INFO - DAG(s) dict_keys(['example_python_operator']) retrieved from /home/airflow/.local/lib/python3.7/site-packages/airflow/example_dags/example_python_operator.py
[2023-08-04T07:02:41.381+0000] {logging_mixin.py:150} INFO - [2023-08-04T07:02:41.381+0000] {dag.py:2742} INFO - Sync 1 DAGs
[2023-08-04T07:02:41.403+0000] {logging_mixin.py:150} INFO - [2023-08-04T07:02:41.402+0000] {dag.py:3508} INFO - Setting next_dagrun for example_python_operator to None, run_after=None
[2023-08-04T07:02:41.417+0000] {processor.py:179} INFO - Processing /home/airflow/.local/lib/python3.7/site-packages/airflow/example_dags/example_python_operator.py took 0.081 seconds
[2023-08-04T07:03:11.831+0000] {processor.py:157} INFO - Started process (PID=2440) to work on /home/airflow/.local/lib/python3.7/site-packages/airflow/example_dags/example_python_operator.py
[2023-08-04T07:03:11.832+0000] {processor.py:826} INFO - Processing file /home/airflow/.local/lib/python3.7/site-packages/airflow/example_dags/example_python_operator.py for tasks to queue
[2023-08-04T07:03:11.834+0000] {logging_mixin.py:150} INFO - [2023-08-04T07:03:11.833+0000] {dagbag.py:541} INFO - Filling up the DagBag from /home/airflow/.local/lib/python3.7/site-packages/airflow/example_dags/example_python_operator.py
[2023-08-04T07:03:11.843+0000] {processor.py:836} INFO - DAG(s) dict_keys(['example_python_operator']) retrieved from /home/airflow/.local/lib/python3.7/site-packages/airflow/example_dags/example_python_operator.py
[2023-08-04T07:03:11.871+0000] {logging_mixin.py:150} INFO - [2023-08-04T07:03:11.871+0000] {dag.py:2742} INFO - Sync 1 DAGs
[2023-08-04T07:03:11.892+0000] {logging_mixin.py:150} INFO - [2023-08-04T07:03:11.892+0000] {dag.py:3508} INFO - Setting next_dagrun for example_python_operator to None, run_after=None
[2023-08-04T07:03:11.908+0000] {processor.py:179} INFO - Processing /home/airflow/.local/lib/python3.7/site-packages/airflow/example_dags/example_python_operator.py took 0.080 seconds
[2023-08-04T07:03:42.404+0000] {processor.py:157} INFO - Started process (PID=2498) to work on /home/airflow/.local/lib/python3.7/site-packages/airflow/example_dags/example_python_operator.py
[2023-08-04T07:03:42.405+0000] {processor.py:826} INFO - Processing file /home/airflow/.local/lib/python3.7/site-packages/airflow/example_dags/example_python_operator.py for tasks to queue
[2023-08-04T07:03:42.406+0000] {logging_mixin.py:150} INFO - [2023-08-04T07:03:42.406+0000] {dagbag.py:541} INFO - Filling up the DagBag from /home/airflow/.local/lib/python3.7/site-packages/airflow/example_dags/example_python_operator.py
[2023-08-04T07:03:42.417+0000] {processor.py:836} INFO - DAG(s) dict_keys(['example_python_operator']) retrieved from /home/airflow/.local/lib/python3.7/site-packages/airflow/example_dags/example_python_operator.py
[2023-08-04T07:03:42.445+0000] {logging_mixin.py:150} INFO - [2023-08-04T07:03:42.445+0000] {dag.py:2742} INFO - Sync 1 DAGs
[2023-08-04T07:03:42.468+0000] {logging_mixin.py:150} INFO - [2023-08-04T07:03:42.468+0000] {dag.py:3508} INFO - Setting next_dagrun for example_python_operator to None, run_after=None
[2023-08-04T07:03:42.483+0000] {processor.py:179} INFO - Processing /home/airflow/.local/lib/python3.7/site-packages/airflow/example_dags/example_python_operator.py took 0.083 seconds
[2023-08-04T07:04:13.003+0000] {processor.py:157} INFO - Started process (PID=2556) to work on /home/airflow/.local/lib/python3.7/site-packages/airflow/example_dags/example_python_operator.py
[2023-08-04T07:04:13.004+0000] {processor.py:826} INFO - Processing file /home/airflow/.local/lib/python3.7/site-packages/airflow/example_dags/example_python_operator.py for tasks to queue
[2023-08-04T07:04:13.006+0000] {logging_mixin.py:150} INFO - [2023-08-04T07:04:13.006+0000] {dagbag.py:541} INFO - Filling up the DagBag from /home/airflow/.local/lib/python3.7/site-packages/airflow/example_dags/example_python_operator.py
[2023-08-04T07:04:13.016+0000] {processor.py:836} INFO - DAG(s) dict_keys(['example_python_operator']) retrieved from /home/airflow/.local/lib/python3.7/site-packages/airflow/example_dags/example_python_operator.py
[2023-08-04T07:04:13.044+0000] {logging_mixin.py:150} INFO - [2023-08-04T07:04:13.044+0000] {dag.py:2742} INFO - Sync 1 DAGs
[2023-08-04T07:04:13.066+0000] {logging_mixin.py:150} INFO - [2023-08-04T07:04:13.065+0000] {dag.py:3508} INFO - Setting next_dagrun for example_python_operator to None, run_after=None
[2023-08-04T07:04:13.081+0000] {processor.py:179} INFO - Processing /home/airflow/.local/lib/python3.7/site-packages/airflow/example_dags/example_python_operator.py took 0.082 seconds
[2023-08-04T07:04:43.593+0000] {processor.py:157} INFO - Started process (PID=2613) to work on /home/airflow/.local/lib/python3.7/site-packages/airflow/example_dags/example_python_operator.py
[2023-08-04T07:04:43.594+0000] {processor.py:826} INFO - Processing file /home/airflow/.local/lib/python3.7/site-packages/airflow/example_dags/example_python_operator.py for tasks to queue
[2023-08-04T07:04:43.595+0000] {logging_mixin.py:150} INFO - [2023-08-04T07:04:43.595+0000] {dagbag.py:541} INFO - Filling up the DagBag from /home/airflow/.local/lib/python3.7/site-packages/airflow/example_dags/example_python_operator.py
[2023-08-04T07:04:43.606+0000] {processor.py:836} INFO - DAG(s) dict_keys(['example_python_operator']) retrieved from /home/airflow/.local/lib/python3.7/site-packages/airflow/example_dags/example_python_operator.py
[2023-08-04T07:04:43.633+0000] {logging_mixin.py:150} INFO - [2023-08-04T07:04:43.633+0000] {dag.py:2742} INFO - Sync 1 DAGs
[2023-08-04T07:04:43.655+0000] {logging_mixin.py:150} INFO - [2023-08-04T07:04:43.655+0000] {dag.py:3508} INFO - Setting next_dagrun for example_python_operator to None, run_after=None
[2023-08-04T07:04:43.674+0000] {processor.py:179} INFO - Processing /home/airflow/.local/lib/python3.7/site-packages/airflow/example_dags/example_python_operator.py took 0.085 seconds
[2023-08-04T07:05:14.138+0000] {processor.py:157} INFO - Started process (PID=2671) to work on /home/airflow/.local/lib/python3.7/site-packages/airflow/example_dags/example_python_operator.py
[2023-08-04T07:05:14.139+0000] {processor.py:826} INFO - Processing file /home/airflow/.local/lib/python3.7/site-packages/airflow/example_dags/example_python_operator.py for tasks to queue
[2023-08-04T07:05:14.140+0000] {logging_mixin.py:150} INFO - [2023-08-04T07:05:14.140+0000] {dagbag.py:541} INFO - Filling up the DagBag from /home/airflow/.local/lib/python3.7/site-packages/airflow/example_dags/example_python_operator.py
[2023-08-04T07:05:14.150+0000] {processor.py:836} INFO - DAG(s) dict_keys(['example_python_operator']) retrieved from /home/airflow/.local/lib/python3.7/site-packages/airflow/example_dags/example_python_operator.py
[2023-08-04T07:05:14.178+0000] {logging_mixin.py:150} INFO - [2023-08-04T07:05:14.178+0000] {dag.py:2742} INFO - Sync 1 DAGs
[2023-08-04T07:05:14.200+0000] {logging_mixin.py:150} INFO - [2023-08-04T07:05:14.200+0000] {dag.py:3508} INFO - Setting next_dagrun for example_python_operator to None, run_after=None
[2023-08-04T07:05:14.214+0000] {processor.py:179} INFO - Processing /home/airflow/.local/lib/python3.7/site-packages/airflow/example_dags/example_python_operator.py took 0.080 seconds
[2023-08-04T07:05:44.679+0000] {processor.py:157} INFO - Started process (PID=2729) to work on /home/airflow/.local/lib/python3.7/site-packages/airflow/example_dags/example_python_operator.py
[2023-08-04T07:05:44.680+0000] {processor.py:826} INFO - Processing file /home/airflow/.local/lib/python3.7/site-packages/airflow/example_dags/example_python_operator.py for tasks to queue
[2023-08-04T07:05:44.682+0000] {logging_mixin.py:150} INFO - [2023-08-04T07:05:44.681+0000] {dagbag.py:541} INFO - Filling up the DagBag from /home/airflow/.local/lib/python3.7/site-packages/airflow/example_dags/example_python_operator.py
[2023-08-04T07:05:44.692+0000] {processor.py:836} INFO - DAG(s) dict_keys(['example_python_operator']) retrieved from /home/airflow/.local/lib/python3.7/site-packages/airflow/example_dags/example_python_operator.py
[2023-08-04T07:05:44.720+0000] {logging_mixin.py:150} INFO - [2023-08-04T07:05:44.720+0000] {dag.py:2742} INFO - Sync 1 DAGs
[2023-08-04T07:05:44.742+0000] {logging_mixin.py:150} INFO - [2023-08-04T07:05:44.742+0000] {dag.py:3508} INFO - Setting next_dagrun for example_python_operator to None, run_after=None
[2023-08-04T07:05:44.756+0000] {processor.py:179} INFO - Processing /home/airflow/.local/lib/python3.7/site-packages/airflow/example_dags/example_python_operator.py took 0.080 seconds
[2023-08-04T07:06:15.167+0000] {processor.py:157} INFO - Started process (PID=2787) to work on /home/airflow/.local/lib/python3.7/site-packages/airflow/example_dags/example_python_operator.py
[2023-08-04T07:06:15.168+0000] {processor.py:826} INFO - Processing file /home/airflow/.local/lib/python3.7/site-packages/airflow/example_dags/example_python_operator.py for tasks to queue
[2023-08-04T07:06:15.169+0000] {logging_mixin.py:150} INFO - [2023-08-04T07:06:15.169+0000] {dagbag.py:541} INFO - Filling up the DagBag from /home/airflow/.local/lib/python3.7/site-packages/airflow/example_dags/example_python_operator.py
[2023-08-04T07:06:15.180+0000] {processor.py:836} INFO - DAG(s) dict_keys(['example_python_operator']) retrieved from /home/airflow/.local/lib/python3.7/site-packages/airflow/example_dags/example_python_operator.py
[2023-08-04T07:06:15.210+0000] {logging_mixin.py:150} INFO - [2023-08-04T07:06:15.209+0000] {dag.py:2742} INFO - Sync 1 DAGs
[2023-08-04T07:06:15.232+0000] {logging_mixin.py:150} INFO - [2023-08-04T07:06:15.232+0000] {dag.py:3508} INFO - Setting next_dagrun for example_python_operator to None, run_after=None
[2023-08-04T07:06:15.248+0000] {processor.py:179} INFO - Processing /home/airflow/.local/lib/python3.7/site-packages/airflow/example_dags/example_python_operator.py took 0.085 seconds
[2023-08-04T07:06:45.655+0000] {processor.py:157} INFO - Started process (PID=2845) to work on /home/airflow/.local/lib/python3.7/site-packages/airflow/example_dags/example_python_operator.py
[2023-08-04T07:06:45.657+0000] {processor.py:826} INFO - Processing file /home/airflow/.local/lib/python3.7/site-packages/airflow/example_dags/example_python_operator.py for tasks to queue
[2023-08-04T07:06:45.658+0000] {logging_mixin.py:150} INFO - [2023-08-04T07:06:45.658+0000] {dagbag.py:541} INFO - Filling up the DagBag from /home/airflow/.local/lib/python3.7/site-packages/airflow/example_dags/example_python_operator.py
[2023-08-04T07:06:45.668+0000] {processor.py:836} INFO - DAG(s) dict_keys(['example_python_operator']) retrieved from /home/airflow/.local/lib/python3.7/site-packages/airflow/example_dags/example_python_operator.py
[2023-08-04T07:06:45.696+0000] {logging_mixin.py:150} INFO - [2023-08-04T07:06:45.695+0000] {dag.py:2742} INFO - Sync 1 DAGs
[2023-08-04T07:06:45.717+0000] {logging_mixin.py:150} INFO - [2023-08-04T07:06:45.717+0000] {dag.py:3508} INFO - Setting next_dagrun for example_python_operator to None, run_after=None
[2023-08-04T07:06:45.732+0000] {processor.py:179} INFO - Processing /home/airflow/.local/lib/python3.7/site-packages/airflow/example_dags/example_python_operator.py took 0.080 seconds
[2023-08-04T07:07:16.207+0000] {processor.py:157} INFO - Started process (PID=2902) to work on /home/airflow/.local/lib/python3.7/site-packages/airflow/example_dags/example_python_operator.py
[2023-08-04T07:07:16.208+0000] {processor.py:826} INFO - Processing file /home/airflow/.local/lib/python3.7/site-packages/airflow/example_dags/example_python_operator.py for tasks to queue
[2023-08-04T07:07:16.209+0000] {logging_mixin.py:150} INFO - [2023-08-04T07:07:16.209+0000] {dagbag.py:541} INFO - Filling up the DagBag from /home/airflow/.local/lib/python3.7/site-packages/airflow/example_dags/example_python_operator.py
[2023-08-04T07:07:16.222+0000] {processor.py:836} INFO - DAG(s) dict_keys(['example_python_operator']) retrieved from /home/airflow/.local/lib/python3.7/site-packages/airflow/example_dags/example_python_operator.py
[2023-08-04T07:07:16.255+0000] {logging_mixin.py:150} INFO - [2023-08-04T07:07:16.255+0000] {dag.py:2742} INFO - Sync 1 DAGs
[2023-08-04T07:07:16.281+0000] {logging_mixin.py:150} INFO - [2023-08-04T07:07:16.281+0000] {dag.py:3508} INFO - Setting next_dagrun for example_python_operator to None, run_after=None
[2023-08-04T07:07:16.298+0000] {processor.py:179} INFO - Processing /home/airflow/.local/lib/python3.7/site-packages/airflow/example_dags/example_python_operator.py took 0.095 seconds
[2023-08-04T07:07:46.760+0000] {processor.py:157} INFO - Started process (PID=2960) to work on /home/airflow/.local/lib/python3.7/site-packages/airflow/example_dags/example_python_operator.py
[2023-08-04T07:07:46.761+0000] {processor.py:826} INFO - Processing file /home/airflow/.local/lib/python3.7/site-packages/airflow/example_dags/example_python_operator.py for tasks to queue
[2023-08-04T07:07:46.762+0000] {logging_mixin.py:150} INFO - [2023-08-04T07:07:46.762+0000] {dagbag.py:541} INFO - Filling up the DagBag from /home/airflow/.local/lib/python3.7/site-packages/airflow/example_dags/example_python_operator.py
[2023-08-04T07:07:46.772+0000] {processor.py:836} INFO - DAG(s) dict_keys(['example_python_operator']) retrieved from /home/airflow/.local/lib/python3.7/site-packages/airflow/example_dags/example_python_operator.py
[2023-08-04T07:07:46.800+0000] {logging_mixin.py:150} INFO - [2023-08-04T07:07:46.800+0000] {dag.py:2742} INFO - Sync 1 DAGs
[2023-08-04T07:07:46.821+0000] {logging_mixin.py:150} INFO - [2023-08-04T07:07:46.821+0000] {dag.py:3508} INFO - Setting next_dagrun for example_python_operator to None, run_after=None
[2023-08-04T07:07:46.836+0000] {processor.py:179} INFO - Processing /home/airflow/.local/lib/python3.7/site-packages/airflow/example_dags/example_python_operator.py took 0.080 seconds
[2023-08-04T07:08:17.225+0000] {processor.py:157} INFO - Started process (PID=3018) to work on /home/airflow/.local/lib/python3.7/site-packages/airflow/example_dags/example_python_operator.py
[2023-08-04T07:08:17.226+0000] {processor.py:826} INFO - Processing file /home/airflow/.local/lib/python3.7/site-packages/airflow/example_dags/example_python_operator.py for tasks to queue
[2023-08-04T07:08:17.227+0000] {logging_mixin.py:150} INFO - [2023-08-04T07:08:17.227+0000] {dagbag.py:541} INFO - Filling up the DagBag from /home/airflow/.local/lib/python3.7/site-packages/airflow/example_dags/example_python_operator.py
[2023-08-04T07:08:17.237+0000] {processor.py:836} INFO - DAG(s) dict_keys(['example_python_operator']) retrieved from /home/airflow/.local/lib/python3.7/site-packages/airflow/example_dags/example_python_operator.py
[2023-08-04T07:08:17.265+0000] {logging_mixin.py:150} INFO - [2023-08-04T07:08:17.265+0000] {dag.py:2742} INFO - Sync 1 DAGs
[2023-08-04T07:08:17.287+0000] {logging_mixin.py:150} INFO - [2023-08-04T07:08:17.287+0000] {dag.py:3508} INFO - Setting next_dagrun for example_python_operator to None, run_after=None
[2023-08-04T07:08:17.301+0000] {processor.py:179} INFO - Processing /home/airflow/.local/lib/python3.7/site-packages/airflow/example_dags/example_python_operator.py took 0.080 seconds
[2023-08-04T07:08:47.910+0000] {processor.py:157} INFO - Started process (PID=3076) to work on /home/airflow/.local/lib/python3.7/site-packages/airflow/example_dags/example_python_operator.py
[2023-08-04T07:08:47.912+0000] {processor.py:826} INFO - Processing file /home/airflow/.local/lib/python3.7/site-packages/airflow/example_dags/example_python_operator.py for tasks to queue
[2023-08-04T07:08:47.913+0000] {logging_mixin.py:150} INFO - [2023-08-04T07:08:47.912+0000] {dagbag.py:541} INFO - Filling up the DagBag from /home/airflow/.local/lib/python3.7/site-packages/airflow/example_dags/example_python_operator.py
[2023-08-04T07:08:47.923+0000] {processor.py:836} INFO - DAG(s) dict_keys(['example_python_operator']) retrieved from /home/airflow/.local/lib/python3.7/site-packages/airflow/example_dags/example_python_operator.py
[2023-08-04T07:08:47.951+0000] {logging_mixin.py:150} INFO - [2023-08-04T07:08:47.951+0000] {dag.py:2742} INFO - Sync 1 DAGs
[2023-08-04T07:08:47.972+0000] {logging_mixin.py:150} INFO - [2023-08-04T07:08:47.972+0000] {dag.py:3508} INFO - Setting next_dagrun for example_python_operator to None, run_after=None
[2023-08-04T07:08:47.987+0000] {processor.py:179} INFO - Processing /home/airflow/.local/lib/python3.7/site-packages/airflow/example_dags/example_python_operator.py took 0.080 seconds
[2023-08-04T07:09:18.432+0000] {processor.py:157} INFO - Started process (PID=3134) to work on /home/airflow/.local/lib/python3.7/site-packages/airflow/example_dags/example_python_operator.py
[2023-08-04T07:09:18.434+0000] {processor.py:826} INFO - Processing file /home/airflow/.local/lib/python3.7/site-packages/airflow/example_dags/example_python_operator.py for tasks to queue
[2023-08-04T07:09:18.435+0000] {logging_mixin.py:150} INFO - [2023-08-04T07:09:18.435+0000] {dagbag.py:541} INFO - Filling up the DagBag from /home/airflow/.local/lib/python3.7/site-packages/airflow/example_dags/example_python_operator.py
[2023-08-04T07:09:18.445+0000] {processor.py:836} INFO - DAG(s) dict_keys(['example_python_operator']) retrieved from /home/airflow/.local/lib/python3.7/site-packages/airflow/example_dags/example_python_operator.py
[2023-08-04T07:09:18.473+0000] {logging_mixin.py:150} INFO - [2023-08-04T07:09:18.473+0000] {dag.py:2742} INFO - Sync 1 DAGs
[2023-08-04T07:09:18.494+0000] {logging_mixin.py:150} INFO - [2023-08-04T07:09:18.494+0000] {dag.py:3508} INFO - Setting next_dagrun for example_python_operator to None, run_after=None
[2023-08-04T07:09:18.508+0000] {processor.py:179} INFO - Processing /home/airflow/.local/lib/python3.7/site-packages/airflow/example_dags/example_python_operator.py took 0.080 seconds
[2023-08-04T07:09:48.960+0000] {processor.py:157} INFO - Started process (PID=3192) to work on /home/airflow/.local/lib/python3.7/site-packages/airflow/example_dags/example_python_operator.py
[2023-08-04T07:09:48.961+0000] {processor.py:826} INFO - Processing file /home/airflow/.local/lib/python3.7/site-packages/airflow/example_dags/example_python_operator.py for tasks to queue
[2023-08-04T07:09:48.962+0000] {logging_mixin.py:150} INFO - [2023-08-04T07:09:48.962+0000] {dagbag.py:541} INFO - Filling up the DagBag from /home/airflow/.local/lib/python3.7/site-packages/airflow/example_dags/example_python_operator.py
[2023-08-04T07:09:48.972+0000] {processor.py:836} INFO - DAG(s) dict_keys(['example_python_operator']) retrieved from /home/airflow/.local/lib/python3.7/site-packages/airflow/example_dags/example_python_operator.py
[2023-08-04T07:09:49.000+0000] {logging_mixin.py:150} INFO - [2023-08-04T07:09:49.000+0000] {dag.py:2742} INFO - Sync 1 DAGs
[2023-08-04T07:09:49.022+0000] {logging_mixin.py:150} INFO - [2023-08-04T07:09:49.022+0000] {dag.py:3508} INFO - Setting next_dagrun for example_python_operator to None, run_after=None
[2023-08-04T07:09:49.037+0000] {processor.py:179} INFO - Processing /home/airflow/.local/lib/python3.7/site-packages/airflow/example_dags/example_python_operator.py took 0.081 seconds
[2023-08-04T07:10:19.428+0000] {processor.py:157} INFO - Started process (PID=3250) to work on /home/airflow/.local/lib/python3.7/site-packages/airflow/example_dags/example_python_operator.py
[2023-08-04T07:10:19.430+0000] {processor.py:826} INFO - Processing file /home/airflow/.local/lib/python3.7/site-packages/airflow/example_dags/example_python_operator.py for tasks to queue
[2023-08-04T07:10:19.431+0000] {logging_mixin.py:150} INFO - [2023-08-04T07:10:19.431+0000] {dagbag.py:541} INFO - Filling up the DagBag from /home/airflow/.local/lib/python3.7/site-packages/airflow/example_dags/example_python_operator.py
[2023-08-04T07:10:19.441+0000] {processor.py:836} INFO - DAG(s) dict_keys(['example_python_operator']) retrieved from /home/airflow/.local/lib/python3.7/site-packages/airflow/example_dags/example_python_operator.py
[2023-08-04T07:10:19.469+0000] {logging_mixin.py:150} INFO - [2023-08-04T07:10:19.469+0000] {dag.py:2742} INFO - Sync 1 DAGs
[2023-08-04T07:10:19.491+0000] {logging_mixin.py:150} INFO - [2023-08-04T07:10:19.491+0000] {dag.py:3508} INFO - Setting next_dagrun for example_python_operator to None, run_after=None
[2023-08-04T07:10:19.506+0000] {processor.py:179} INFO - Processing /home/airflow/.local/lib/python3.7/site-packages/airflow/example_dags/example_python_operator.py took 0.081 seconds
[2023-08-04T07:10:49.963+0000] {processor.py:157} INFO - Started process (PID=3308) to work on /home/airflow/.local/lib/python3.7/site-packages/airflow/example_dags/example_python_operator.py
[2023-08-04T07:10:49.965+0000] {processor.py:826} INFO - Processing file /home/airflow/.local/lib/python3.7/site-packages/airflow/example_dags/example_python_operator.py for tasks to queue
[2023-08-04T07:10:49.966+0000] {logging_mixin.py:150} INFO - [2023-08-04T07:10:49.965+0000] {dagbag.py:541} INFO - Filling up the DagBag from /home/airflow/.local/lib/python3.7/site-packages/airflow/example_dags/example_python_operator.py
[2023-08-04T07:10:49.976+0000] {processor.py:836} INFO - DAG(s) dict_keys(['example_python_operator']) retrieved from /home/airflow/.local/lib/python3.7/site-packages/airflow/example_dags/example_python_operator.py
[2023-08-04T07:10:50.003+0000] {logging_mixin.py:150} INFO - [2023-08-04T07:10:50.003+0000] {dag.py:2742} INFO - Sync 1 DAGs
[2023-08-04T07:10:50.025+0000] {logging_mixin.py:150} INFO - [2023-08-04T07:10:50.025+0000] {dag.py:3508} INFO - Setting next_dagrun for example_python_operator to None, run_after=None
[2023-08-04T07:10:50.040+0000] {processor.py:179} INFO - Processing /home/airflow/.local/lib/python3.7/site-packages/airflow/example_dags/example_python_operator.py took 0.080 seconds
[2023-08-04T07:11:20.372+0000] {processor.py:157} INFO - Started process (PID=3366) to work on /home/airflow/.local/lib/python3.7/site-packages/airflow/example_dags/example_python_operator.py
[2023-08-04T07:11:20.373+0000] {processor.py:826} INFO - Processing file /home/airflow/.local/lib/python3.7/site-packages/airflow/example_dags/example_python_operator.py for tasks to queue
[2023-08-04T07:11:20.374+0000] {logging_mixin.py:150} INFO - [2023-08-04T07:11:20.374+0000] {dagbag.py:541} INFO - Filling up the DagBag from /home/airflow/.local/lib/python3.7/site-packages/airflow/example_dags/example_python_operator.py
[2023-08-04T07:11:20.384+0000] {processor.py:836} INFO - DAG(s) dict_keys(['example_python_operator']) retrieved from /home/airflow/.local/lib/python3.7/site-packages/airflow/example_dags/example_python_operator.py
[2023-08-04T07:11:20.412+0000] {logging_mixin.py:150} INFO - [2023-08-04T07:11:20.412+0000] {dag.py:2742} INFO - Sync 1 DAGs
[2023-08-04T07:11:20.433+0000] {logging_mixin.py:150} INFO - [2023-08-04T07:11:20.433+0000] {dag.py:3508} INFO - Setting next_dagrun for example_python_operator to None, run_after=None
[2023-08-04T07:11:20.447+0000] {processor.py:179} INFO - Processing /home/airflow/.local/lib/python3.7/site-packages/airflow/example_dags/example_python_operator.py took 0.079 seconds
[2023-08-04T07:11:51.661+0000] {processor.py:157} INFO - Started process (PID=3424) to work on /home/airflow/.local/lib/python3.7/site-packages/airflow/example_dags/example_python_operator.py
[2023-08-04T07:11:51.662+0000] {processor.py:826} INFO - Processing file /home/airflow/.local/lib/python3.7/site-packages/airflow/example_dags/example_python_operator.py for tasks to queue
[2023-08-04T07:11:51.664+0000] {logging_mixin.py:150} INFO - [2023-08-04T07:11:51.663+0000] {dagbag.py:541} INFO - Filling up the DagBag from /home/airflow/.local/lib/python3.7/site-packages/airflow/example_dags/example_python_operator.py
[2023-08-04T07:11:51.673+0000] {processor.py:836} INFO - DAG(s) dict_keys(['example_python_operator']) retrieved from /home/airflow/.local/lib/python3.7/site-packages/airflow/example_dags/example_python_operator.py
[2023-08-04T07:11:51.702+0000] {logging_mixin.py:150} INFO - [2023-08-04T07:11:51.701+0000] {dag.py:2742} INFO - Sync 1 DAGs
[2023-08-04T07:11:51.723+0000] {logging_mixin.py:150} INFO - [2023-08-04T07:11:51.723+0000] {dag.py:3508} INFO - Setting next_dagrun for example_python_operator to None, run_after=None
[2023-08-04T07:11:51.738+0000] {processor.py:179} INFO - Processing /home/airflow/.local/lib/python3.7/site-packages/airflow/example_dags/example_python_operator.py took 0.080 seconds
[2023-08-04T07:12:22.352+0000] {processor.py:157} INFO - Started process (PID=3482) to work on /home/airflow/.local/lib/python3.7/site-packages/airflow/example_dags/example_python_operator.py
[2023-08-04T07:12:22.353+0000] {processor.py:826} INFO - Processing file /home/airflow/.local/lib/python3.7/site-packages/airflow/example_dags/example_python_operator.py for tasks to queue
[2023-08-04T07:12:22.354+0000] {logging_mixin.py:150} INFO - [2023-08-04T07:12:22.354+0000] {dagbag.py:541} INFO - Filling up the DagBag from /home/airflow/.local/lib/python3.7/site-packages/airflow/example_dags/example_python_operator.py
[2023-08-04T07:12:22.364+0000] {processor.py:836} INFO - DAG(s) dict_keys(['example_python_operator']) retrieved from /home/airflow/.local/lib/python3.7/site-packages/airflow/example_dags/example_python_operator.py
[2023-08-04T07:12:22.392+0000] {logging_mixin.py:150} INFO - [2023-08-04T07:12:22.392+0000] {dag.py:2742} INFO - Sync 1 DAGs
[2023-08-04T07:12:22.413+0000] {logging_mixin.py:150} INFO - [2023-08-04T07:12:22.413+0000] {dag.py:3508} INFO - Setting next_dagrun for example_python_operator to None, run_after=None
[2023-08-04T07:12:22.428+0000] {processor.py:179} INFO - Processing /home/airflow/.local/lib/python3.7/site-packages/airflow/example_dags/example_python_operator.py took 0.080 seconds
[2023-08-04T07:12:52.896+0000] {processor.py:157} INFO - Started process (PID=3540) to work on /home/airflow/.local/lib/python3.7/site-packages/airflow/example_dags/example_python_operator.py
[2023-08-04T07:12:52.897+0000] {processor.py:826} INFO - Processing file /home/airflow/.local/lib/python3.7/site-packages/airflow/example_dags/example_python_operator.py for tasks to queue
[2023-08-04T07:12:52.898+0000] {logging_mixin.py:150} INFO - [2023-08-04T07:12:52.898+0000] {dagbag.py:541} INFO - Filling up the DagBag from /home/airflow/.local/lib/python3.7/site-packages/airflow/example_dags/example_python_operator.py
[2023-08-04T07:12:52.910+0000] {processor.py:836} INFO - DAG(s) dict_keys(['example_python_operator']) retrieved from /home/airflow/.local/lib/python3.7/site-packages/airflow/example_dags/example_python_operator.py
[2023-08-04T07:12:52.942+0000] {logging_mixin.py:150} INFO - [2023-08-04T07:12:52.942+0000] {dag.py:2742} INFO - Sync 1 DAGs
[2023-08-04T07:12:52.966+0000] {logging_mixin.py:150} INFO - [2023-08-04T07:12:52.966+0000] {dag.py:3508} INFO - Setting next_dagrun for example_python_operator to None, run_after=None
[2023-08-04T07:12:52.983+0000] {processor.py:179} INFO - Processing /home/airflow/.local/lib/python3.7/site-packages/airflow/example_dags/example_python_operator.py took 0.092 seconds
[2023-08-04T07:13:23.431+0000] {processor.py:157} INFO - Started process (PID=3598) to work on /home/airflow/.local/lib/python3.7/site-packages/airflow/example_dags/example_python_operator.py
[2023-08-04T07:13:23.432+0000] {processor.py:826} INFO - Processing file /home/airflow/.local/lib/python3.7/site-packages/airflow/example_dags/example_python_operator.py for tasks to queue
[2023-08-04T07:13:23.433+0000] {logging_mixin.py:150} INFO - [2023-08-04T07:13:23.433+0000] {dagbag.py:541} INFO - Filling up the DagBag from /home/airflow/.local/lib/python3.7/site-packages/airflow/example_dags/example_python_operator.py
[2023-08-04T07:13:23.443+0000] {processor.py:836} INFO - DAG(s) dict_keys(['example_python_operator']) retrieved from /home/airflow/.local/lib/python3.7/site-packages/airflow/example_dags/example_python_operator.py
[2023-08-04T07:13:23.471+0000] {logging_mixin.py:150} INFO - [2023-08-04T07:13:23.471+0000] {dag.py:2742} INFO - Sync 1 DAGs
[2023-08-04T07:13:23.493+0000] {logging_mixin.py:150} INFO - [2023-08-04T07:13:23.493+0000] {dag.py:3508} INFO - Setting next_dagrun for example_python_operator to None, run_after=None
[2023-08-04T07:13:23.508+0000] {processor.py:179} INFO - Processing /home/airflow/.local/lib/python3.7/site-packages/airflow/example_dags/example_python_operator.py took 0.080 seconds
[2023-08-04T07:13:53.856+0000] {processor.py:157} INFO - Started process (PID=3656) to work on /home/airflow/.local/lib/python3.7/site-packages/airflow/example_dags/example_python_operator.py
[2023-08-04T07:13:53.857+0000] {processor.py:826} INFO - Processing file /home/airflow/.local/lib/python3.7/site-packages/airflow/example_dags/example_python_operator.py for tasks to queue
[2023-08-04T07:13:53.858+0000] {logging_mixin.py:150} INFO - [2023-08-04T07:13:53.858+0000] {dagbag.py:541} INFO - Filling up the DagBag from /home/airflow/.local/lib/python3.7/site-packages/airflow/example_dags/example_python_operator.py
[2023-08-04T07:13:53.868+0000] {processor.py:836} INFO - DAG(s) dict_keys(['example_python_operator']) retrieved from /home/airflow/.local/lib/python3.7/site-packages/airflow/example_dags/example_python_operator.py
[2023-08-04T07:13:53.897+0000] {logging_mixin.py:150} INFO - [2023-08-04T07:13:53.897+0000] {dag.py:2742} INFO - Sync 1 DAGs
[2023-08-04T07:13:53.918+0000] {logging_mixin.py:150} INFO - [2023-08-04T07:13:53.918+0000] {dag.py:3508} INFO - Setting next_dagrun for example_python_operator to None, run_after=None
[2023-08-04T07:13:53.934+0000] {processor.py:179} INFO - Processing /home/airflow/.local/lib/python3.7/site-packages/airflow/example_dags/example_python_operator.py took 0.081 seconds
[2023-08-04T07:14:25.065+0000] {processor.py:157} INFO - Started process (PID=3714) to work on /home/airflow/.local/lib/python3.7/site-packages/airflow/example_dags/example_python_operator.py
[2023-08-04T07:14:25.066+0000] {processor.py:826} INFO - Processing file /home/airflow/.local/lib/python3.7/site-packages/airflow/example_dags/example_python_operator.py for tasks to queue
[2023-08-04T07:14:25.067+0000] {logging_mixin.py:150} INFO - [2023-08-04T07:14:25.067+0000] {dagbag.py:541} INFO - Filling up the DagBag from /home/airflow/.local/lib/python3.7/site-packages/airflow/example_dags/example_python_operator.py
[2023-08-04T07:14:25.077+0000] {processor.py:836} INFO - DAG(s) dict_keys(['example_python_operator']) retrieved from /home/airflow/.local/lib/python3.7/site-packages/airflow/example_dags/example_python_operator.py
[2023-08-04T07:14:25.105+0000] {logging_mixin.py:150} INFO - [2023-08-04T07:14:25.105+0000] {dag.py:2742} INFO - Sync 1 DAGs
[2023-08-04T07:14:25.126+0000] {logging_mixin.py:150} INFO - [2023-08-04T07:14:25.126+0000] {dag.py:3508} INFO - Setting next_dagrun for example_python_operator to None, run_after=None
[2023-08-04T07:14:25.140+0000] {processor.py:179} INFO - Processing /home/airflow/.local/lib/python3.7/site-packages/airflow/example_dags/example_python_operator.py took 0.079 seconds
[2023-08-04T07:14:55.487+0000] {processor.py:157} INFO - Started process (PID=3772) to work on /home/airflow/.local/lib/python3.7/site-packages/airflow/example_dags/example_python_operator.py
[2023-08-04T07:14:55.489+0000] {processor.py:826} INFO - Processing file /home/airflow/.local/lib/python3.7/site-packages/airflow/example_dags/example_python_operator.py for tasks to queue
[2023-08-04T07:14:55.490+0000] {logging_mixin.py:150} INFO - [2023-08-04T07:14:55.489+0000] {dagbag.py:541} INFO - Filling up the DagBag from /home/airflow/.local/lib/python3.7/site-packages/airflow/example_dags/example_python_operator.py
[2023-08-04T07:14:55.500+0000] {processor.py:836} INFO - DAG(s) dict_keys(['example_python_operator']) retrieved from /home/airflow/.local/lib/python3.7/site-packages/airflow/example_dags/example_python_operator.py
[2023-08-04T07:14:55.527+0000] {logging_mixin.py:150} INFO - [2023-08-04T07:14:55.527+0000] {dag.py:2742} INFO - Sync 1 DAGs
[2023-08-04T07:14:55.549+0000] {logging_mixin.py:150} INFO - [2023-08-04T07:14:55.549+0000] {dag.py:3508} INFO - Setting next_dagrun for example_python_operator to None, run_after=None
[2023-08-04T07:14:55.564+0000] {processor.py:179} INFO - Processing /home/airflow/.local/lib/python3.7/site-packages/airflow/example_dags/example_python_operator.py took 0.080 seconds
[2023-08-04T07:15:26.174+0000] {processor.py:157} INFO - Started process (PID=3830) to work on /home/airflow/.local/lib/python3.7/site-packages/airflow/example_dags/example_python_operator.py
[2023-08-04T07:15:26.176+0000] {processor.py:826} INFO - Processing file /home/airflow/.local/lib/python3.7/site-packages/airflow/example_dags/example_python_operator.py for tasks to queue
[2023-08-04T07:15:26.177+0000] {logging_mixin.py:150} INFO - [2023-08-04T07:15:26.176+0000] {dagbag.py:541} INFO - Filling up the DagBag from /home/airflow/.local/lib/python3.7/site-packages/airflow/example_dags/example_python_operator.py
[2023-08-04T07:15:26.187+0000] {processor.py:836} INFO - DAG(s) dict_keys(['example_python_operator']) retrieved from /home/airflow/.local/lib/python3.7/site-packages/airflow/example_dags/example_python_operator.py
[2023-08-04T07:15:26.214+0000] {logging_mixin.py:150} INFO - [2023-08-04T07:15:26.214+0000] {dag.py:2742} INFO - Sync 1 DAGs
[2023-08-04T07:15:26.235+0000] {logging_mixin.py:150} INFO - [2023-08-04T07:15:26.235+0000] {dag.py:3508} INFO - Setting next_dagrun for example_python_operator to None, run_after=None
[2023-08-04T07:15:26.251+0000] {processor.py:179} INFO - Processing /home/airflow/.local/lib/python3.7/site-packages/airflow/example_dags/example_python_operator.py took 0.080 seconds
[2023-08-04T07:15:56.820+0000] {processor.py:157} INFO - Started process (PID=3888) to work on /home/airflow/.local/lib/python3.7/site-packages/airflow/example_dags/example_python_operator.py
[2023-08-04T07:15:56.822+0000] {processor.py:826} INFO - Processing file /home/airflow/.local/lib/python3.7/site-packages/airflow/example_dags/example_python_operator.py for tasks to queue
[2023-08-04T07:15:56.823+0000] {logging_mixin.py:150} INFO - [2023-08-04T07:15:56.823+0000] {dagbag.py:541} INFO - Filling up the DagBag from /home/airflow/.local/lib/python3.7/site-packages/airflow/example_dags/example_python_operator.py
[2023-08-04T07:15:56.835+0000] {processor.py:836} INFO - DAG(s) dict_keys(['example_python_operator']) retrieved from /home/airflow/.local/lib/python3.7/site-packages/airflow/example_dags/example_python_operator.py
[2023-08-04T07:15:56.864+0000] {logging_mixin.py:150} INFO - [2023-08-04T07:15:56.864+0000] {dag.py:2742} INFO - Sync 1 DAGs
[2023-08-04T07:15:56.885+0000] {logging_mixin.py:150} INFO - [2023-08-04T07:15:56.885+0000] {dag.py:3508} INFO - Setting next_dagrun for example_python_operator to None, run_after=None
[2023-08-04T07:15:56.899+0000] {processor.py:179} INFO - Processing /home/airflow/.local/lib/python3.7/site-packages/airflow/example_dags/example_python_operator.py took 0.083 seconds
[2023-08-04T07:16:27.426+0000] {processor.py:157} INFO - Started process (PID=3945) to work on /home/airflow/.local/lib/python3.7/site-packages/airflow/example_dags/example_python_operator.py
[2023-08-04T07:16:27.428+0000] {processor.py:826} INFO - Processing file /home/airflow/.local/lib/python3.7/site-packages/airflow/example_dags/example_python_operator.py for tasks to queue
[2023-08-04T07:16:27.429+0000] {logging_mixin.py:150} INFO - [2023-08-04T07:16:27.428+0000] {dagbag.py:541} INFO - Filling up the DagBag from /home/airflow/.local/lib/python3.7/site-packages/airflow/example_dags/example_python_operator.py
[2023-08-04T07:16:27.439+0000] {processor.py:836} INFO - DAG(s) dict_keys(['example_python_operator']) retrieved from /home/airflow/.local/lib/python3.7/site-packages/airflow/example_dags/example_python_operator.py
[2023-08-04T07:16:27.467+0000] {logging_mixin.py:150} INFO - [2023-08-04T07:16:27.467+0000] {dag.py:2742} INFO - Sync 1 DAGs
[2023-08-04T07:16:27.489+0000] {logging_mixin.py:150} INFO - [2023-08-04T07:16:27.489+0000] {dag.py:3508} INFO - Setting next_dagrun for example_python_operator to None, run_after=None
[2023-08-04T07:16:27.505+0000] {processor.py:179} INFO - Processing /home/airflow/.local/lib/python3.7/site-packages/airflow/example_dags/example_python_operator.py took 0.083 seconds
[2023-08-04T07:16:58.114+0000] {processor.py:157} INFO - Started process (PID=4003) to work on /home/airflow/.local/lib/python3.7/site-packages/airflow/example_dags/example_python_operator.py
[2023-08-04T07:16:58.115+0000] {processor.py:826} INFO - Processing file /home/airflow/.local/lib/python3.7/site-packages/airflow/example_dags/example_python_operator.py for tasks to queue
[2023-08-04T07:16:58.117+0000] {logging_mixin.py:150} INFO - [2023-08-04T07:16:58.116+0000] {dagbag.py:541} INFO - Filling up the DagBag from /home/airflow/.local/lib/python3.7/site-packages/airflow/example_dags/example_python_operator.py
[2023-08-04T07:16:58.127+0000] {processor.py:836} INFO - DAG(s) dict_keys(['example_python_operator']) retrieved from /home/airflow/.local/lib/python3.7/site-packages/airflow/example_dags/example_python_operator.py
[2023-08-04T07:16:58.156+0000] {logging_mixin.py:150} INFO - [2023-08-04T07:16:58.155+0000] {dag.py:2742} INFO - Sync 1 DAGs
[2023-08-04T07:16:58.177+0000] {logging_mixin.py:150} INFO - [2023-08-04T07:16:58.177+0000] {dag.py:3508} INFO - Setting next_dagrun for example_python_operator to None, run_after=None
[2023-08-04T07:16:58.191+0000] {processor.py:179} INFO - Processing /home/airflow/.local/lib/python3.7/site-packages/airflow/example_dags/example_python_operator.py took 0.081 seconds
[2023-08-04T07:17:28.730+0000] {processor.py:157} INFO - Started process (PID=4061) to work on /home/airflow/.local/lib/python3.7/site-packages/airflow/example_dags/example_python_operator.py
[2023-08-04T07:17:28.732+0000] {processor.py:826} INFO - Processing file /home/airflow/.local/lib/python3.7/site-packages/airflow/example_dags/example_python_operator.py for tasks to queue
[2023-08-04T07:17:28.733+0000] {logging_mixin.py:150} INFO - [2023-08-04T07:17:28.733+0000] {dagbag.py:541} INFO - Filling up the DagBag from /home/airflow/.local/lib/python3.7/site-packages/airflow/example_dags/example_python_operator.py
[2023-08-04T07:17:28.744+0000] {processor.py:836} INFO - DAG(s) dict_keys(['example_python_operator']) retrieved from /home/airflow/.local/lib/python3.7/site-packages/airflow/example_dags/example_python_operator.py
[2023-08-04T07:17:28.772+0000] {logging_mixin.py:150} INFO - [2023-08-04T07:17:28.772+0000] {dag.py:2742} INFO - Sync 1 DAGs
[2023-08-04T07:17:28.794+0000] {logging_mixin.py:150} INFO - [2023-08-04T07:17:28.794+0000] {dag.py:3508} INFO - Setting next_dagrun for example_python_operator to None, run_after=None
[2023-08-04T07:17:28.808+0000] {processor.py:179} INFO - Processing /home/airflow/.local/lib/python3.7/site-packages/airflow/example_dags/example_python_operator.py took 0.081 seconds
[2023-08-04T07:17:59.202+0000] {processor.py:157} INFO - Started process (PID=4119) to work on /home/airflow/.local/lib/python3.7/site-packages/airflow/example_dags/example_python_operator.py
[2023-08-04T07:17:59.204+0000] {processor.py:826} INFO - Processing file /home/airflow/.local/lib/python3.7/site-packages/airflow/example_dags/example_python_operator.py for tasks to queue
[2023-08-04T07:17:59.205+0000] {logging_mixin.py:150} INFO - [2023-08-04T07:17:59.204+0000] {dagbag.py:541} INFO - Filling up the DagBag from /home/airflow/.local/lib/python3.7/site-packages/airflow/example_dags/example_python_operator.py
[2023-08-04T07:17:59.215+0000] {processor.py:836} INFO - DAG(s) dict_keys(['example_python_operator']) retrieved from /home/airflow/.local/lib/python3.7/site-packages/airflow/example_dags/example_python_operator.py
[2023-08-04T07:17:59.243+0000] {logging_mixin.py:150} INFO - [2023-08-04T07:17:59.243+0000] {dag.py:2742} INFO - Sync 1 DAGs
[2023-08-04T07:17:59.264+0000] {logging_mixin.py:150} INFO - [2023-08-04T07:17:59.264+0000] {dag.py:3508} INFO - Setting next_dagrun for example_python_operator to None, run_after=None
[2023-08-04T07:17:59.280+0000] {processor.py:179} INFO - Processing /home/airflow/.local/lib/python3.7/site-packages/airflow/example_dags/example_python_operator.py took 0.082 seconds
[2023-08-04T07:18:29.713+0000] {processor.py:157} INFO - Started process (PID=4177) to work on /home/airflow/.local/lib/python3.7/site-packages/airflow/example_dags/example_python_operator.py
[2023-08-04T07:18:29.715+0000] {processor.py:826} INFO - Processing file /home/airflow/.local/lib/python3.7/site-packages/airflow/example_dags/example_python_operator.py for tasks to queue
[2023-08-04T07:18:29.716+0000] {logging_mixin.py:150} INFO - [2023-08-04T07:18:29.716+0000] {dagbag.py:541} INFO - Filling up the DagBag from /home/airflow/.local/lib/python3.7/site-packages/airflow/example_dags/example_python_operator.py
[2023-08-04T07:18:29.726+0000] {processor.py:836} INFO - DAG(s) dict_keys(['example_python_operator']) retrieved from /home/airflow/.local/lib/python3.7/site-packages/airflow/example_dags/example_python_operator.py
[2023-08-04T07:18:29.754+0000] {logging_mixin.py:150} INFO - [2023-08-04T07:18:29.753+0000] {dag.py:2742} INFO - Sync 1 DAGs
[2023-08-04T07:18:29.775+0000] {logging_mixin.py:150} INFO - [2023-08-04T07:18:29.775+0000] {dag.py:3508} INFO - Setting next_dagrun for example_python_operator to None, run_after=None
[2023-08-04T07:18:29.789+0000] {processor.py:179} INFO - Processing /home/airflow/.local/lib/python3.7/site-packages/airflow/example_dags/example_python_operator.py took 0.079 seconds
[2023-08-04T07:19:00.403+0000] {processor.py:157} INFO - Started process (PID=4235) to work on /home/airflow/.local/lib/python3.7/site-packages/airflow/example_dags/example_python_operator.py
[2023-08-04T07:19:00.404+0000] {processor.py:826} INFO - Processing file /home/airflow/.local/lib/python3.7/site-packages/airflow/example_dags/example_python_operator.py for tasks to queue
[2023-08-04T07:19:00.405+0000] {logging_mixin.py:150} INFO - [2023-08-04T07:19:00.405+0000] {dagbag.py:541} INFO - Filling up the DagBag from /home/airflow/.local/lib/python3.7/site-packages/airflow/example_dags/example_python_operator.py
[2023-08-04T07:19:00.415+0000] {processor.py:836} INFO - DAG(s) dict_keys(['example_python_operator']) retrieved from /home/airflow/.local/lib/python3.7/site-packages/airflow/example_dags/example_python_operator.py
[2023-08-04T07:19:00.443+0000] {logging_mixin.py:150} INFO - [2023-08-04T07:19:00.443+0000] {dag.py:2742} INFO - Sync 1 DAGs
[2023-08-04T07:19:00.464+0000] {logging_mixin.py:150} INFO - [2023-08-04T07:19:00.464+0000] {dag.py:3508} INFO - Setting next_dagrun for example_python_operator to None, run_after=None
[2023-08-04T07:19:00.479+0000] {processor.py:179} INFO - Processing /home/airflow/.local/lib/python3.7/site-packages/airflow/example_dags/example_python_operator.py took 0.080 seconds
[2023-08-04T07:19:31.003+0000] {processor.py:157} INFO - Started process (PID=4293) to work on /home/airflow/.local/lib/python3.7/site-packages/airflow/example_dags/example_python_operator.py
[2023-08-04T07:19:31.004+0000] {processor.py:826} INFO - Processing file /home/airflow/.local/lib/python3.7/site-packages/airflow/example_dags/example_python_operator.py for tasks to queue
[2023-08-04T07:19:31.006+0000] {logging_mixin.py:150} INFO - [2023-08-04T07:19:31.005+0000] {dagbag.py:541} INFO - Filling up the DagBag from /home/airflow/.local/lib/python3.7/site-packages/airflow/example_dags/example_python_operator.py
[2023-08-04T07:19:31.017+0000] {processor.py:836} INFO - DAG(s) dict_keys(['example_python_operator']) retrieved from /home/airflow/.local/lib/python3.7/site-packages/airflow/example_dags/example_python_operator.py
[2023-08-04T07:19:31.050+0000] {logging_mixin.py:150} INFO - [2023-08-04T07:19:31.050+0000] {dag.py:2742} INFO - Sync 1 DAGs
[2023-08-04T07:19:31.074+0000] {logging_mixin.py:150} INFO - [2023-08-04T07:19:31.074+0000] {dag.py:3508} INFO - Setting next_dagrun for example_python_operator to None, run_after=None
[2023-08-04T07:19:31.090+0000] {processor.py:179} INFO - Processing /home/airflow/.local/lib/python3.7/site-packages/airflow/example_dags/example_python_operator.py took 0.091 seconds
[2023-08-04T07:20:01.736+0000] {processor.py:157} INFO - Started process (PID=4352) to work on /home/airflow/.local/lib/python3.7/site-packages/airflow/example_dags/example_python_operator.py
[2023-08-04T07:20:01.737+0000] {processor.py:826} INFO - Processing file /home/airflow/.local/lib/python3.7/site-packages/airflow/example_dags/example_python_operator.py for tasks to queue
[2023-08-04T07:20:01.739+0000] {logging_mixin.py:150} INFO - [2023-08-04T07:20:01.738+0000] {dagbag.py:541} INFO - Filling up the DagBag from /home/airflow/.local/lib/python3.7/site-packages/airflow/example_dags/example_python_operator.py
[2023-08-04T07:20:01.749+0000] {processor.py:836} INFO - DAG(s) dict_keys(['example_python_operator']) retrieved from /home/airflow/.local/lib/python3.7/site-packages/airflow/example_dags/example_python_operator.py
[2023-08-04T07:20:01.777+0000] {logging_mixin.py:150} INFO - [2023-08-04T07:20:01.776+0000] {dag.py:2742} INFO - Sync 1 DAGs
[2023-08-04T07:20:01.798+0000] {logging_mixin.py:150} INFO - [2023-08-04T07:20:01.798+0000] {dag.py:3508} INFO - Setting next_dagrun for example_python_operator to None, run_after=None
[2023-08-04T07:20:01.812+0000] {processor.py:179} INFO - Processing /home/airflow/.local/lib/python3.7/site-packages/airflow/example_dags/example_python_operator.py took 0.080 seconds
