[2023-08-04T06:42:19.587+0000] {processor.py:157} INFO - Started process (PID=68) to work on /home/airflow/.local/lib/python3.7/site-packages/airflow/example_dags/example_sensors.py
[2023-08-04T06:42:19.590+0000] {processor.py:826} INFO - Processing file /home/airflow/.local/lib/python3.7/site-packages/airflow/example_dags/example_sensors.py for tasks to queue
[2023-08-04T06:42:19.595+0000] {logging_mixin.py:150} INFO - [2023-08-04T06:42:19.593+0000] {dagbag.py:541} INFO - Filling up the DagBag from /home/airflow/.local/lib/python3.7/site-packages/airflow/example_dags/example_sensors.py
[2023-08-04T06:42:19.645+0000] {processor.py:836} INFO - DAG(s) dict_keys(['example_sensors']) retrieved from /home/airflow/.local/lib/python3.7/site-packages/airflow/example_dags/example_sensors.py
[2023-08-04T06:42:19.699+0000] {logging_mixin.py:150} INFO - [2023-08-04T06:42:19.699+0000] {dag.py:2742} INFO - Sync 1 DAGs
[2023-08-04T06:42:19.752+0000] {logging_mixin.py:150} INFO - [2023-08-04T06:42:19.752+0000] {dag.py:3508} INFO - Setting next_dagrun for example_sensors to None, run_after=None
[2023-08-04T06:42:19.778+0000] {processor.py:179} INFO - Processing /home/airflow/.local/lib/python3.7/site-packages/airflow/example_dags/example_sensors.py took 0.210 seconds
[2023-08-04T06:42:50.203+0000] {processor.py:157} INFO - Started process (PID=125) to work on /home/airflow/.local/lib/python3.7/site-packages/airflow/example_dags/example_sensors.py
[2023-08-04T06:42:50.204+0000] {processor.py:826} INFO - Processing file /home/airflow/.local/lib/python3.7/site-packages/airflow/example_dags/example_sensors.py for tasks to queue
[2023-08-04T06:42:50.206+0000] {logging_mixin.py:150} INFO - [2023-08-04T06:42:50.205+0000] {dagbag.py:541} INFO - Filling up the DagBag from /home/airflow/.local/lib/python3.7/site-packages/airflow/example_dags/example_sensors.py
[2023-08-04T06:42:50.215+0000] {processor.py:836} INFO - DAG(s) dict_keys(['example_sensors']) retrieved from /home/airflow/.local/lib/python3.7/site-packages/airflow/example_dags/example_sensors.py
[2023-08-04T06:42:50.243+0000] {logging_mixin.py:150} INFO - [2023-08-04T06:42:50.243+0000] {dag.py:2742} INFO - Sync 1 DAGs
[2023-08-04T06:42:50.265+0000] {logging_mixin.py:150} INFO - [2023-08-04T06:42:50.265+0000] {dag.py:3508} INFO - Setting next_dagrun for example_sensors to None, run_after=None
[2023-08-04T06:42:50.279+0000] {processor.py:179} INFO - Processing /home/airflow/.local/lib/python3.7/site-packages/airflow/example_dags/example_sensors.py took 0.080 seconds
[2023-08-04T06:43:20.346+0000] {processor.py:157} INFO - Started process (PID=181) to work on /home/airflow/.local/lib/python3.7/site-packages/airflow/example_dags/example_sensors.py
[2023-08-04T06:43:20.347+0000] {processor.py:826} INFO - Processing file /home/airflow/.local/lib/python3.7/site-packages/airflow/example_dags/example_sensors.py for tasks to queue
[2023-08-04T06:43:20.349+0000] {logging_mixin.py:150} INFO - [2023-08-04T06:43:20.348+0000] {dagbag.py:541} INFO - Filling up the DagBag from /home/airflow/.local/lib/python3.7/site-packages/airflow/example_dags/example_sensors.py
[2023-08-04T06:43:20.358+0000] {processor.py:836} INFO - DAG(s) dict_keys(['example_sensors']) retrieved from /home/airflow/.local/lib/python3.7/site-packages/airflow/example_dags/example_sensors.py
[2023-08-04T06:43:20.386+0000] {logging_mixin.py:150} INFO - [2023-08-04T06:43:20.386+0000] {dag.py:2742} INFO - Sync 1 DAGs
[2023-08-04T06:43:20.406+0000] {logging_mixin.py:150} INFO - [2023-08-04T06:43:20.406+0000] {dag.py:3508} INFO - Setting next_dagrun for example_sensors to None, run_after=None
[2023-08-04T06:43:20.422+0000] {processor.py:179} INFO - Processing /home/airflow/.local/lib/python3.7/site-packages/airflow/example_dags/example_sensors.py took 0.079 seconds
[2023-08-04T06:43:50.679+0000] {processor.py:157} INFO - Started process (PID=238) to work on /home/airflow/.local/lib/python3.7/site-packages/airflow/example_dags/example_sensors.py
[2023-08-04T06:43:50.680+0000] {processor.py:826} INFO - Processing file /home/airflow/.local/lib/python3.7/site-packages/airflow/example_dags/example_sensors.py for tasks to queue
[2023-08-04T06:43:50.682+0000] {logging_mixin.py:150} INFO - [2023-08-04T06:43:50.682+0000] {dagbag.py:541} INFO - Filling up the DagBag from /home/airflow/.local/lib/python3.7/site-packages/airflow/example_dags/example_sensors.py
[2023-08-04T06:43:50.692+0000] {processor.py:836} INFO - DAG(s) dict_keys(['example_sensors']) retrieved from /home/airflow/.local/lib/python3.7/site-packages/airflow/example_dags/example_sensors.py
[2023-08-04T06:43:50.719+0000] {logging_mixin.py:150} INFO - [2023-08-04T06:43:50.718+0000] {dag.py:2742} INFO - Sync 1 DAGs
[2023-08-04T06:43:50.739+0000] {logging_mixin.py:150} INFO - [2023-08-04T06:43:50.739+0000] {dag.py:3508} INFO - Setting next_dagrun for example_sensors to None, run_after=None
[2023-08-04T06:43:50.753+0000] {processor.py:179} INFO - Processing /home/airflow/.local/lib/python3.7/site-packages/airflow/example_dags/example_sensors.py took 0.078 seconds
[2023-08-04T06:44:20.985+0000] {processor.py:157} INFO - Started process (PID=295) to work on /home/airflow/.local/lib/python3.7/site-packages/airflow/example_dags/example_sensors.py
[2023-08-04T06:44:20.987+0000] {processor.py:826} INFO - Processing file /home/airflow/.local/lib/python3.7/site-packages/airflow/example_dags/example_sensors.py for tasks to queue
[2023-08-04T06:44:20.989+0000] {logging_mixin.py:150} INFO - [2023-08-04T06:44:20.988+0000] {dagbag.py:541} INFO - Filling up the DagBag from /home/airflow/.local/lib/python3.7/site-packages/airflow/example_dags/example_sensors.py
[2023-08-04T06:44:21.002+0000] {processor.py:836} INFO - DAG(s) dict_keys(['example_sensors']) retrieved from /home/airflow/.local/lib/python3.7/site-packages/airflow/example_dags/example_sensors.py
[2023-08-04T06:44:21.028+0000] {logging_mixin.py:150} INFO - [2023-08-04T06:44:21.028+0000] {dag.py:2742} INFO - Sync 1 DAGs
[2023-08-04T06:44:21.050+0000] {logging_mixin.py:150} INFO - [2023-08-04T06:44:21.050+0000] {dag.py:3508} INFO - Setting next_dagrun for example_sensors to None, run_after=None
[2023-08-04T06:44:21.064+0000] {processor.py:179} INFO - Processing /home/airflow/.local/lib/python3.7/site-packages/airflow/example_dags/example_sensors.py took 0.087 seconds
[2023-08-04T06:44:51.256+0000] {processor.py:157} INFO - Started process (PID=352) to work on /home/airflow/.local/lib/python3.7/site-packages/airflow/example_dags/example_sensors.py
[2023-08-04T06:44:51.257+0000] {processor.py:826} INFO - Processing file /home/airflow/.local/lib/python3.7/site-packages/airflow/example_dags/example_sensors.py for tasks to queue
[2023-08-04T06:44:51.258+0000] {logging_mixin.py:150} INFO - [2023-08-04T06:44:51.258+0000] {dagbag.py:541} INFO - Filling up the DagBag from /home/airflow/.local/lib/python3.7/site-packages/airflow/example_dags/example_sensors.py
[2023-08-04T06:44:51.268+0000] {processor.py:836} INFO - DAG(s) dict_keys(['example_sensors']) retrieved from /home/airflow/.local/lib/python3.7/site-packages/airflow/example_dags/example_sensors.py
[2023-08-04T06:44:51.297+0000] {logging_mixin.py:150} INFO - [2023-08-04T06:44:51.297+0000] {dag.py:2742} INFO - Sync 1 DAGs
[2023-08-04T06:44:51.318+0000] {logging_mixin.py:150} INFO - [2023-08-04T06:44:51.318+0000] {dag.py:3508} INFO - Setting next_dagrun for example_sensors to None, run_after=None
[2023-08-04T06:44:51.332+0000] {processor.py:179} INFO - Processing /home/airflow/.local/lib/python3.7/site-packages/airflow/example_dags/example_sensors.py took 0.081 seconds
[2023-08-04T06:45:21.438+0000] {processor.py:157} INFO - Started process (PID=409) to work on /home/airflow/.local/lib/python3.7/site-packages/airflow/example_dags/example_sensors.py
[2023-08-04T06:45:21.439+0000] {processor.py:826} INFO - Processing file /home/airflow/.local/lib/python3.7/site-packages/airflow/example_dags/example_sensors.py for tasks to queue
[2023-08-04T06:45:21.440+0000] {logging_mixin.py:150} INFO - [2023-08-04T06:45:21.440+0000] {dagbag.py:541} INFO - Filling up the DagBag from /home/airflow/.local/lib/python3.7/site-packages/airflow/example_dags/example_sensors.py
[2023-08-04T06:45:21.450+0000] {processor.py:836} INFO - DAG(s) dict_keys(['example_sensors']) retrieved from /home/airflow/.local/lib/python3.7/site-packages/airflow/example_dags/example_sensors.py
[2023-08-04T06:45:21.478+0000] {logging_mixin.py:150} INFO - [2023-08-04T06:45:21.478+0000] {dag.py:2742} INFO - Sync 1 DAGs
[2023-08-04T06:45:21.499+0000] {logging_mixin.py:150} INFO - [2023-08-04T06:45:21.499+0000] {dag.py:3508} INFO - Setting next_dagrun for example_sensors to None, run_after=None
[2023-08-04T06:45:21.514+0000] {processor.py:179} INFO - Processing /home/airflow/.local/lib/python3.7/site-packages/airflow/example_dags/example_sensors.py took 0.080 seconds
[2023-08-04T06:45:51.843+0000] {processor.py:157} INFO - Started process (PID=466) to work on /home/airflow/.local/lib/python3.7/site-packages/airflow/example_dags/example_sensors.py
[2023-08-04T06:45:51.845+0000] {processor.py:826} INFO - Processing file /home/airflow/.local/lib/python3.7/site-packages/airflow/example_dags/example_sensors.py for tasks to queue
[2023-08-04T06:45:51.846+0000] {logging_mixin.py:150} INFO - [2023-08-04T06:45:51.845+0000] {dagbag.py:541} INFO - Filling up the DagBag from /home/airflow/.local/lib/python3.7/site-packages/airflow/example_dags/example_sensors.py
[2023-08-04T06:45:51.856+0000] {processor.py:836} INFO - DAG(s) dict_keys(['example_sensors']) retrieved from /home/airflow/.local/lib/python3.7/site-packages/airflow/example_dags/example_sensors.py
[2023-08-04T06:45:51.883+0000] {logging_mixin.py:150} INFO - [2023-08-04T06:45:51.883+0000] {dag.py:2742} INFO - Sync 1 DAGs
[2023-08-04T06:45:51.904+0000] {logging_mixin.py:150} INFO - [2023-08-04T06:45:51.904+0000] {dag.py:3508} INFO - Setting next_dagrun for example_sensors to None, run_after=None
[2023-08-04T06:45:51.919+0000] {processor.py:179} INFO - Processing /home/airflow/.local/lib/python3.7/site-packages/airflow/example_dags/example_sensors.py took 0.079 seconds
[2023-08-04T06:46:23.019+0000] {processor.py:157} INFO - Started process (PID=524) to work on /home/airflow/.local/lib/python3.7/site-packages/airflow/example_dags/example_sensors.py
[2023-08-04T06:46:23.020+0000] {processor.py:826} INFO - Processing file /home/airflow/.local/lib/python3.7/site-packages/airflow/example_dags/example_sensors.py for tasks to queue
[2023-08-04T06:46:23.021+0000] {logging_mixin.py:150} INFO - [2023-08-04T06:46:23.021+0000] {dagbag.py:541} INFO - Filling up the DagBag from /home/airflow/.local/lib/python3.7/site-packages/airflow/example_dags/example_sensors.py
[2023-08-04T06:46:23.031+0000] {processor.py:836} INFO - DAG(s) dict_keys(['example_sensors']) retrieved from /home/airflow/.local/lib/python3.7/site-packages/airflow/example_dags/example_sensors.py
[2023-08-04T06:46:23.059+0000] {logging_mixin.py:150} INFO - [2023-08-04T06:46:23.059+0000] {dag.py:2742} INFO - Sync 1 DAGs
[2023-08-04T06:46:23.081+0000] {logging_mixin.py:150} INFO - [2023-08-04T06:46:23.081+0000] {dag.py:3508} INFO - Setting next_dagrun for example_sensors to None, run_after=None
[2023-08-04T06:46:23.095+0000] {processor.py:179} INFO - Processing /home/airflow/.local/lib/python3.7/site-packages/airflow/example_dags/example_sensors.py took 0.080 seconds
[2023-08-04T06:46:53.300+0000] {processor.py:157} INFO - Started process (PID=581) to work on /home/airflow/.local/lib/python3.7/site-packages/airflow/example_dags/example_sensors.py
[2023-08-04T06:46:53.302+0000] {processor.py:826} INFO - Processing file /home/airflow/.local/lib/python3.7/site-packages/airflow/example_dags/example_sensors.py for tasks to queue
[2023-08-04T06:46:53.303+0000] {logging_mixin.py:150} INFO - [2023-08-04T06:46:53.303+0000] {dagbag.py:541} INFO - Filling up the DagBag from /home/airflow/.local/lib/python3.7/site-packages/airflow/example_dags/example_sensors.py
[2023-08-04T06:46:53.313+0000] {processor.py:836} INFO - DAG(s) dict_keys(['example_sensors']) retrieved from /home/airflow/.local/lib/python3.7/site-packages/airflow/example_dags/example_sensors.py
[2023-08-04T06:46:53.342+0000] {logging_mixin.py:150} INFO - [2023-08-04T06:46:53.342+0000] {dag.py:2742} INFO - Sync 1 DAGs
[2023-08-04T06:46:53.364+0000] {logging_mixin.py:150} INFO - [2023-08-04T06:46:53.364+0000] {dag.py:3508} INFO - Setting next_dagrun for example_sensors to None, run_after=None
[2023-08-04T06:46:53.379+0000] {processor.py:179} INFO - Processing /home/airflow/.local/lib/python3.7/site-packages/airflow/example_dags/example_sensors.py took 0.082 seconds
[2023-08-04T06:47:23.557+0000] {processor.py:157} INFO - Started process (PID=636) to work on /home/airflow/.local/lib/python3.7/site-packages/airflow/example_dags/example_sensors.py
[2023-08-04T06:47:23.558+0000] {processor.py:826} INFO - Processing file /home/airflow/.local/lib/python3.7/site-packages/airflow/example_dags/example_sensors.py for tasks to queue
[2023-08-04T06:47:23.560+0000] {logging_mixin.py:150} INFO - [2023-08-04T06:47:23.559+0000] {dagbag.py:541} INFO - Filling up the DagBag from /home/airflow/.local/lib/python3.7/site-packages/airflow/example_dags/example_sensors.py
[2023-08-04T06:47:23.570+0000] {processor.py:836} INFO - DAG(s) dict_keys(['example_sensors']) retrieved from /home/airflow/.local/lib/python3.7/site-packages/airflow/example_dags/example_sensors.py
[2023-08-04T06:47:23.599+0000] {logging_mixin.py:150} INFO - [2023-08-04T06:47:23.598+0000] {dag.py:2742} INFO - Sync 1 DAGs
[2023-08-04T06:47:23.621+0000] {logging_mixin.py:150} INFO - [2023-08-04T06:47:23.620+0000] {dag.py:3508} INFO - Setting next_dagrun for example_sensors to None, run_after=None
[2023-08-04T06:47:23.635+0000] {processor.py:179} INFO - Processing /home/airflow/.local/lib/python3.7/site-packages/airflow/example_dags/example_sensors.py took 0.082 seconds
[2023-08-04T06:47:53.712+0000] {processor.py:157} INFO - Started process (PID=693) to work on /home/airflow/.local/lib/python3.7/site-packages/airflow/example_dags/example_sensors.py
[2023-08-04T06:47:53.713+0000] {processor.py:826} INFO - Processing file /home/airflow/.local/lib/python3.7/site-packages/airflow/example_dags/example_sensors.py for tasks to queue
[2023-08-04T06:47:53.714+0000] {logging_mixin.py:150} INFO - [2023-08-04T06:47:53.714+0000] {dagbag.py:541} INFO - Filling up the DagBag from /home/airflow/.local/lib/python3.7/site-packages/airflow/example_dags/example_sensors.py
[2023-08-04T06:47:53.724+0000] {processor.py:836} INFO - DAG(s) dict_keys(['example_sensors']) retrieved from /home/airflow/.local/lib/python3.7/site-packages/airflow/example_dags/example_sensors.py
[2023-08-04T06:47:53.752+0000] {logging_mixin.py:150} INFO - [2023-08-04T06:47:53.752+0000] {dag.py:2742} INFO - Sync 1 DAGs
[2023-08-04T06:47:53.773+0000] {logging_mixin.py:150} INFO - [2023-08-04T06:47:53.773+0000] {dag.py:3508} INFO - Setting next_dagrun for example_sensors to None, run_after=None
[2023-08-04T06:47:53.788+0000] {processor.py:179} INFO - Processing /home/airflow/.local/lib/python3.7/site-packages/airflow/example_dags/example_sensors.py took 0.080 seconds
[2023-08-04T06:48:24.331+0000] {processor.py:157} INFO - Started process (PID=750) to work on /home/airflow/.local/lib/python3.7/site-packages/airflow/example_dags/example_sensors.py
[2023-08-04T06:48:24.332+0000] {processor.py:826} INFO - Processing file /home/airflow/.local/lib/python3.7/site-packages/airflow/example_dags/example_sensors.py for tasks to queue
[2023-08-04T06:48:24.333+0000] {logging_mixin.py:150} INFO - [2023-08-04T06:48:24.333+0000] {dagbag.py:541} INFO - Filling up the DagBag from /home/airflow/.local/lib/python3.7/site-packages/airflow/example_dags/example_sensors.py
[2023-08-04T06:48:24.344+0000] {processor.py:836} INFO - DAG(s) dict_keys(['example_sensors']) retrieved from /home/airflow/.local/lib/python3.7/site-packages/airflow/example_dags/example_sensors.py
[2023-08-04T06:48:24.371+0000] {logging_mixin.py:150} INFO - [2023-08-04T06:48:24.371+0000] {dag.py:2742} INFO - Sync 1 DAGs
[2023-08-04T06:48:24.393+0000] {logging_mixin.py:150} INFO - [2023-08-04T06:48:24.392+0000] {dag.py:3508} INFO - Setting next_dagrun for example_sensors to None, run_after=None
[2023-08-04T06:48:24.407+0000] {processor.py:179} INFO - Processing /home/airflow/.local/lib/python3.7/site-packages/airflow/example_dags/example_sensors.py took 0.080 seconds
[2023-08-04T06:48:54.605+0000] {processor.py:157} INFO - Started process (PID=807) to work on /home/airflow/.local/lib/python3.7/site-packages/airflow/example_dags/example_sensors.py
[2023-08-04T06:48:54.607+0000] {processor.py:826} INFO - Processing file /home/airflow/.local/lib/python3.7/site-packages/airflow/example_dags/example_sensors.py for tasks to queue
[2023-08-04T06:48:54.608+0000] {logging_mixin.py:150} INFO - [2023-08-04T06:48:54.607+0000] {dagbag.py:541} INFO - Filling up the DagBag from /home/airflow/.local/lib/python3.7/site-packages/airflow/example_dags/example_sensors.py
[2023-08-04T06:48:54.617+0000] {processor.py:836} INFO - DAG(s) dict_keys(['example_sensors']) retrieved from /home/airflow/.local/lib/python3.7/site-packages/airflow/example_dags/example_sensors.py
[2023-08-04T06:48:54.645+0000] {logging_mixin.py:150} INFO - [2023-08-04T06:48:54.645+0000] {dag.py:2742} INFO - Sync 1 DAGs
[2023-08-04T06:48:54.666+0000] {logging_mixin.py:150} INFO - [2023-08-04T06:48:54.666+0000] {dag.py:3508} INFO - Setting next_dagrun for example_sensors to None, run_after=None
[2023-08-04T06:48:54.681+0000] {processor.py:179} INFO - Processing /home/airflow/.local/lib/python3.7/site-packages/airflow/example_dags/example_sensors.py took 0.080 seconds
[2023-08-04T06:49:24.839+0000] {processor.py:157} INFO - Started process (PID=864) to work on /home/airflow/.local/lib/python3.7/site-packages/airflow/example_dags/example_sensors.py
[2023-08-04T06:49:24.840+0000] {processor.py:826} INFO - Processing file /home/airflow/.local/lib/python3.7/site-packages/airflow/example_dags/example_sensors.py for tasks to queue
[2023-08-04T06:49:24.842+0000] {logging_mixin.py:150} INFO - [2023-08-04T06:49:24.841+0000] {dagbag.py:541} INFO - Filling up the DagBag from /home/airflow/.local/lib/python3.7/site-packages/airflow/example_dags/example_sensors.py
[2023-08-04T06:49:24.852+0000] {processor.py:836} INFO - DAG(s) dict_keys(['example_sensors']) retrieved from /home/airflow/.local/lib/python3.7/site-packages/airflow/example_dags/example_sensors.py
[2023-08-04T06:49:24.880+0000] {logging_mixin.py:150} INFO - [2023-08-04T06:49:24.880+0000] {dag.py:2742} INFO - Sync 1 DAGs
[2023-08-04T06:49:24.902+0000] {logging_mixin.py:150} INFO - [2023-08-04T06:49:24.901+0000] {dag.py:3508} INFO - Setting next_dagrun for example_sensors to None, run_after=None
[2023-08-04T06:49:24.917+0000] {processor.py:179} INFO - Processing /home/airflow/.local/lib/python3.7/site-packages/airflow/example_dags/example_sensors.py took 0.082 seconds
[2023-08-04T06:49:55.894+0000] {processor.py:157} INFO - Started process (PID=923) to work on /home/airflow/.local/lib/python3.7/site-packages/airflow/example_dags/example_sensors.py
[2023-08-04T06:49:55.895+0000] {processor.py:826} INFO - Processing file /home/airflow/.local/lib/python3.7/site-packages/airflow/example_dags/example_sensors.py for tasks to queue
[2023-08-04T06:49:55.897+0000] {logging_mixin.py:150} INFO - [2023-08-04T06:49:55.896+0000] {dagbag.py:541} INFO - Filling up the DagBag from /home/airflow/.local/lib/python3.7/site-packages/airflow/example_dags/example_sensors.py
[2023-08-04T06:49:55.906+0000] {processor.py:836} INFO - DAG(s) dict_keys(['example_sensors']) retrieved from /home/airflow/.local/lib/python3.7/site-packages/airflow/example_dags/example_sensors.py
[2023-08-04T06:49:55.935+0000] {logging_mixin.py:150} INFO - [2023-08-04T06:49:55.935+0000] {dag.py:2742} INFO - Sync 1 DAGs
[2023-08-04T06:49:55.956+0000] {logging_mixin.py:150} INFO - [2023-08-04T06:49:55.956+0000] {dag.py:3508} INFO - Setting next_dagrun for example_sensors to None, run_after=None
[2023-08-04T06:49:55.971+0000] {processor.py:179} INFO - Processing /home/airflow/.local/lib/python3.7/site-packages/airflow/example_dags/example_sensors.py took 0.080 seconds
[2023-08-04T06:50:26.117+0000] {processor.py:157} INFO - Started process (PID=979) to work on /home/airflow/.local/lib/python3.7/site-packages/airflow/example_dags/example_sensors.py
[2023-08-04T06:50:26.119+0000] {processor.py:826} INFO - Processing file /home/airflow/.local/lib/python3.7/site-packages/airflow/example_dags/example_sensors.py for tasks to queue
[2023-08-04T06:50:26.120+0000] {logging_mixin.py:150} INFO - [2023-08-04T06:50:26.120+0000] {dagbag.py:541} INFO - Filling up the DagBag from /home/airflow/.local/lib/python3.7/site-packages/airflow/example_dags/example_sensors.py
[2023-08-04T06:50:26.130+0000] {processor.py:836} INFO - DAG(s) dict_keys(['example_sensors']) retrieved from /home/airflow/.local/lib/python3.7/site-packages/airflow/example_dags/example_sensors.py
[2023-08-04T06:50:26.158+0000] {logging_mixin.py:150} INFO - [2023-08-04T06:50:26.158+0000] {dag.py:2742} INFO - Sync 1 DAGs
[2023-08-04T06:50:26.180+0000] {logging_mixin.py:150} INFO - [2023-08-04T06:50:26.180+0000] {dag.py:3508} INFO - Setting next_dagrun for example_sensors to None, run_after=None
[2023-08-04T06:50:26.196+0000] {processor.py:179} INFO - Processing /home/airflow/.local/lib/python3.7/site-packages/airflow/example_dags/example_sensors.py took 0.082 seconds
[2023-08-04T06:50:56.641+0000] {processor.py:157} INFO - Started process (PID=1036) to work on /home/airflow/.local/lib/python3.7/site-packages/airflow/example_dags/example_sensors.py
[2023-08-04T06:50:56.643+0000] {processor.py:826} INFO - Processing file /home/airflow/.local/lib/python3.7/site-packages/airflow/example_dags/example_sensors.py for tasks to queue
[2023-08-04T06:50:56.644+0000] {logging_mixin.py:150} INFO - [2023-08-04T06:50:56.644+0000] {dagbag.py:541} INFO - Filling up the DagBag from /home/airflow/.local/lib/python3.7/site-packages/airflow/example_dags/example_sensors.py
[2023-08-04T06:50:56.656+0000] {processor.py:836} INFO - DAG(s) dict_keys(['example_sensors']) retrieved from /home/airflow/.local/lib/python3.7/site-packages/airflow/example_dags/example_sensors.py
[2023-08-04T06:50:56.702+0000] {logging_mixin.py:150} INFO - [2023-08-04T06:50:56.702+0000] {dag.py:2742} INFO - Sync 1 DAGs
[2023-08-04T06:50:56.729+0000] {logging_mixin.py:150} INFO - [2023-08-04T06:50:56.729+0000] {dag.py:3508} INFO - Setting next_dagrun for example_sensors to None, run_after=None
[2023-08-04T06:50:56.749+0000] {processor.py:179} INFO - Processing /home/airflow/.local/lib/python3.7/site-packages/airflow/example_dags/example_sensors.py took 0.114 seconds
[2023-08-04T06:51:27.149+0000] {processor.py:157} INFO - Started process (PID=1093) to work on /home/airflow/.local/lib/python3.7/site-packages/airflow/example_dags/example_sensors.py
[2023-08-04T06:51:27.151+0000] {processor.py:826} INFO - Processing file /home/airflow/.local/lib/python3.7/site-packages/airflow/example_dags/example_sensors.py for tasks to queue
[2023-08-04T06:51:27.152+0000] {logging_mixin.py:150} INFO - [2023-08-04T06:51:27.152+0000] {dagbag.py:541} INFO - Filling up the DagBag from /home/airflow/.local/lib/python3.7/site-packages/airflow/example_dags/example_sensors.py
[2023-08-04T06:51:27.164+0000] {processor.py:836} INFO - DAG(s) dict_keys(['example_sensors']) retrieved from /home/airflow/.local/lib/python3.7/site-packages/airflow/example_dags/example_sensors.py
[2023-08-04T06:51:27.201+0000] {logging_mixin.py:150} INFO - [2023-08-04T06:51:27.201+0000] {dag.py:2742} INFO - Sync 1 DAGs
[2023-08-04T06:51:27.232+0000] {logging_mixin.py:150} INFO - [2023-08-04T06:51:27.232+0000] {dag.py:3508} INFO - Setting next_dagrun for example_sensors to None, run_after=None
[2023-08-04T06:51:27.249+0000] {processor.py:179} INFO - Processing /home/airflow/.local/lib/python3.7/site-packages/airflow/example_dags/example_sensors.py took 0.104 seconds
[2023-08-04T06:51:58.048+0000] {processor.py:157} INFO - Started process (PID=1152) to work on /home/airflow/.local/lib/python3.7/site-packages/airflow/example_dags/example_sensors.py
[2023-08-04T06:51:58.050+0000] {processor.py:826} INFO - Processing file /home/airflow/.local/lib/python3.7/site-packages/airflow/example_dags/example_sensors.py for tasks to queue
[2023-08-04T06:51:58.051+0000] {logging_mixin.py:150} INFO - [2023-08-04T06:51:58.050+0000] {dagbag.py:541} INFO - Filling up the DagBag from /home/airflow/.local/lib/python3.7/site-packages/airflow/example_dags/example_sensors.py
[2023-08-04T06:51:58.061+0000] {processor.py:836} INFO - DAG(s) dict_keys(['example_sensors']) retrieved from /home/airflow/.local/lib/python3.7/site-packages/airflow/example_dags/example_sensors.py
[2023-08-04T06:51:58.090+0000] {logging_mixin.py:150} INFO - [2023-08-04T06:51:58.090+0000] {dag.py:2742} INFO - Sync 1 DAGs
[2023-08-04T06:51:58.112+0000] {logging_mixin.py:150} INFO - [2023-08-04T06:51:58.112+0000] {dag.py:3508} INFO - Setting next_dagrun for example_sensors to None, run_after=None
[2023-08-04T06:51:58.127+0000] {processor.py:179} INFO - Processing /home/airflow/.local/lib/python3.7/site-packages/airflow/example_dags/example_sensors.py took 0.083 seconds
[2023-08-04T06:52:28.239+0000] {processor.py:157} INFO - Started process (PID=1209) to work on /home/airflow/.local/lib/python3.7/site-packages/airflow/example_dags/example_sensors.py
[2023-08-04T06:52:28.241+0000] {processor.py:826} INFO - Processing file /home/airflow/.local/lib/python3.7/site-packages/airflow/example_dags/example_sensors.py for tasks to queue
[2023-08-04T06:52:28.242+0000] {logging_mixin.py:150} INFO - [2023-08-04T06:52:28.242+0000] {dagbag.py:541} INFO - Filling up the DagBag from /home/airflow/.local/lib/python3.7/site-packages/airflow/example_dags/example_sensors.py
[2023-08-04T06:52:28.252+0000] {processor.py:836} INFO - DAG(s) dict_keys(['example_sensors']) retrieved from /home/airflow/.local/lib/python3.7/site-packages/airflow/example_dags/example_sensors.py
[2023-08-04T06:52:28.281+0000] {logging_mixin.py:150} INFO - [2023-08-04T06:52:28.280+0000] {dag.py:2742} INFO - Sync 1 DAGs
[2023-08-04T06:52:28.303+0000] {logging_mixin.py:150} INFO - [2023-08-04T06:52:28.303+0000] {dag.py:3508} INFO - Setting next_dagrun for example_sensors to None, run_after=None
[2023-08-04T06:52:28.317+0000] {processor.py:179} INFO - Processing /home/airflow/.local/lib/python3.7/site-packages/airflow/example_dags/example_sensors.py took 0.082 seconds
[2023-08-04T06:52:58.663+0000] {processor.py:157} INFO - Started process (PID=1268) to work on /home/airflow/.local/lib/python3.7/site-packages/airflow/example_dags/example_sensors.py
[2023-08-04T06:52:58.665+0000] {processor.py:826} INFO - Processing file /home/airflow/.local/lib/python3.7/site-packages/airflow/example_dags/example_sensors.py for tasks to queue
[2023-08-04T06:52:58.666+0000] {logging_mixin.py:150} INFO - [2023-08-04T06:52:58.666+0000] {dagbag.py:541} INFO - Filling up the DagBag from /home/airflow/.local/lib/python3.7/site-packages/airflow/example_dags/example_sensors.py
[2023-08-04T06:52:58.676+0000] {processor.py:836} INFO - DAG(s) dict_keys(['example_sensors']) retrieved from /home/airflow/.local/lib/python3.7/site-packages/airflow/example_dags/example_sensors.py
[2023-08-04T06:52:58.705+0000] {logging_mixin.py:150} INFO - [2023-08-04T06:52:58.705+0000] {dag.py:2742} INFO - Sync 1 DAGs
[2023-08-04T06:52:58.726+0000] {logging_mixin.py:150} INFO - [2023-08-04T06:52:58.726+0000] {dag.py:3508} INFO - Setting next_dagrun for example_sensors to None, run_after=None
[2023-08-04T06:52:58.741+0000] {processor.py:179} INFO - Processing /home/airflow/.local/lib/python3.7/site-packages/airflow/example_dags/example_sensors.py took 0.082 seconds
[2023-08-04T06:53:29.085+0000] {processor.py:157} INFO - Started process (PID=1331) to work on /home/airflow/.local/lib/python3.7/site-packages/airflow/example_dags/example_sensors.py
[2023-08-04T06:53:29.086+0000] {processor.py:826} INFO - Processing file /home/airflow/.local/lib/python3.7/site-packages/airflow/example_dags/example_sensors.py for tasks to queue
[2023-08-04T06:53:29.088+0000] {logging_mixin.py:150} INFO - [2023-08-04T06:53:29.087+0000] {dagbag.py:541} INFO - Filling up the DagBag from /home/airflow/.local/lib/python3.7/site-packages/airflow/example_dags/example_sensors.py
[2023-08-04T06:53:29.098+0000] {processor.py:836} INFO - DAG(s) dict_keys(['example_sensors']) retrieved from /home/airflow/.local/lib/python3.7/site-packages/airflow/example_dags/example_sensors.py
[2023-08-04T06:53:29.127+0000] {logging_mixin.py:150} INFO - [2023-08-04T06:53:29.127+0000] {dag.py:2742} INFO - Sync 1 DAGs
[2023-08-04T06:53:29.149+0000] {logging_mixin.py:150} INFO - [2023-08-04T06:53:29.149+0000] {dag.py:3508} INFO - Setting next_dagrun for example_sensors to None, run_after=None
[2023-08-04T06:53:29.164+0000] {processor.py:179} INFO - Processing /home/airflow/.local/lib/python3.7/site-packages/airflow/example_dags/example_sensors.py took 0.083 seconds
[2023-08-04T06:53:59.510+0000] {processor.py:157} INFO - Started process (PID=1389) to work on /home/airflow/.local/lib/python3.7/site-packages/airflow/example_dags/example_sensors.py
[2023-08-04T06:53:59.511+0000] {processor.py:826} INFO - Processing file /home/airflow/.local/lib/python3.7/site-packages/airflow/example_dags/example_sensors.py for tasks to queue
[2023-08-04T06:53:59.512+0000] {logging_mixin.py:150} INFO - [2023-08-04T06:53:59.512+0000] {dagbag.py:541} INFO - Filling up the DagBag from /home/airflow/.local/lib/python3.7/site-packages/airflow/example_dags/example_sensors.py
[2023-08-04T06:53:59.522+0000] {processor.py:836} INFO - DAG(s) dict_keys(['example_sensors']) retrieved from /home/airflow/.local/lib/python3.7/site-packages/airflow/example_dags/example_sensors.py
[2023-08-04T06:53:59.551+0000] {logging_mixin.py:150} INFO - [2023-08-04T06:53:59.551+0000] {dag.py:2742} INFO - Sync 1 DAGs
[2023-08-04T06:53:59.573+0000] {logging_mixin.py:150} INFO - [2023-08-04T06:53:59.573+0000] {dag.py:3508} INFO - Setting next_dagrun for example_sensors to None, run_after=None
[2023-08-04T06:53:59.587+0000] {processor.py:179} INFO - Processing /home/airflow/.local/lib/python3.7/site-packages/airflow/example_dags/example_sensors.py took 0.081 seconds
[2023-08-04T06:54:29.885+0000] {processor.py:157} INFO - Started process (PID=1447) to work on /home/airflow/.local/lib/python3.7/site-packages/airflow/example_dags/example_sensors.py
[2023-08-04T06:54:29.886+0000] {processor.py:826} INFO - Processing file /home/airflow/.local/lib/python3.7/site-packages/airflow/example_dags/example_sensors.py for tasks to queue
[2023-08-04T06:54:29.888+0000] {logging_mixin.py:150} INFO - [2023-08-04T06:54:29.887+0000] {dagbag.py:541} INFO - Filling up the DagBag from /home/airflow/.local/lib/python3.7/site-packages/airflow/example_dags/example_sensors.py
[2023-08-04T06:54:29.898+0000] {processor.py:836} INFO - DAG(s) dict_keys(['example_sensors']) retrieved from /home/airflow/.local/lib/python3.7/site-packages/airflow/example_dags/example_sensors.py
[2023-08-04T06:54:29.926+0000] {logging_mixin.py:150} INFO - [2023-08-04T06:54:29.926+0000] {dag.py:2742} INFO - Sync 1 DAGs
[2023-08-04T06:54:29.948+0000] {logging_mixin.py:150} INFO - [2023-08-04T06:54:29.948+0000] {dag.py:3508} INFO - Setting next_dagrun for example_sensors to None, run_after=None
[2023-08-04T06:54:29.963+0000] {processor.py:179} INFO - Processing /home/airflow/.local/lib/python3.7/site-packages/airflow/example_dags/example_sensors.py took 0.082 seconds
[2023-08-04T06:55:00.273+0000] {processor.py:157} INFO - Started process (PID=1505) to work on /home/airflow/.local/lib/python3.7/site-packages/airflow/example_dags/example_sensors.py
[2023-08-04T06:55:00.274+0000] {processor.py:826} INFO - Processing file /home/airflow/.local/lib/python3.7/site-packages/airflow/example_dags/example_sensors.py for tasks to queue
[2023-08-04T06:55:00.275+0000] {logging_mixin.py:150} INFO - [2023-08-04T06:55:00.275+0000] {dagbag.py:541} INFO - Filling up the DagBag from /home/airflow/.local/lib/python3.7/site-packages/airflow/example_dags/example_sensors.py
[2023-08-04T06:55:00.285+0000] {processor.py:836} INFO - DAG(s) dict_keys(['example_sensors']) retrieved from /home/airflow/.local/lib/python3.7/site-packages/airflow/example_dags/example_sensors.py
[2023-08-04T06:55:00.314+0000] {logging_mixin.py:150} INFO - [2023-08-04T06:55:00.314+0000] {dag.py:2742} INFO - Sync 1 DAGs
[2023-08-04T06:55:00.335+0000] {logging_mixin.py:150} INFO - [2023-08-04T06:55:00.335+0000] {dag.py:3508} INFO - Setting next_dagrun for example_sensors to None, run_after=None
[2023-08-04T06:55:00.351+0000] {processor.py:179} INFO - Processing /home/airflow/.local/lib/python3.7/site-packages/airflow/example_dags/example_sensors.py took 0.082 seconds
[2023-08-04T06:55:30.717+0000] {processor.py:157} INFO - Started process (PID=1567) to work on /home/airflow/.local/lib/python3.7/site-packages/airflow/example_dags/example_sensors.py
[2023-08-04T06:55:30.718+0000] {processor.py:826} INFO - Processing file /home/airflow/.local/lib/python3.7/site-packages/airflow/example_dags/example_sensors.py for tasks to queue
[2023-08-04T06:55:30.719+0000] {logging_mixin.py:150} INFO - [2023-08-04T06:55:30.719+0000] {dagbag.py:541} INFO - Filling up the DagBag from /home/airflow/.local/lib/python3.7/site-packages/airflow/example_dags/example_sensors.py
[2023-08-04T06:55:30.731+0000] {processor.py:836} INFO - DAG(s) dict_keys(['example_sensors']) retrieved from /home/airflow/.local/lib/python3.7/site-packages/airflow/example_dags/example_sensors.py
[2023-08-04T06:55:30.762+0000] {logging_mixin.py:150} INFO - [2023-08-04T06:55:30.762+0000] {dag.py:2742} INFO - Sync 1 DAGs
[2023-08-04T06:55:30.784+0000] {logging_mixin.py:150} INFO - [2023-08-04T06:55:30.784+0000] {dag.py:3508} INFO - Setting next_dagrun for example_sensors to None, run_after=None
[2023-08-04T06:55:30.800+0000] {processor.py:179} INFO - Processing /home/airflow/.local/lib/python3.7/site-packages/airflow/example_dags/example_sensors.py took 0.088 seconds
[2023-08-04T06:56:00.871+0000] {processor.py:157} INFO - Started process (PID=1624) to work on /home/airflow/.local/lib/python3.7/site-packages/airflow/example_dags/example_sensors.py
[2023-08-04T06:56:00.872+0000] {processor.py:826} INFO - Processing file /home/airflow/.local/lib/python3.7/site-packages/airflow/example_dags/example_sensors.py for tasks to queue
[2023-08-04T06:56:00.873+0000] {logging_mixin.py:150} INFO - [2023-08-04T06:56:00.873+0000] {dagbag.py:541} INFO - Filling up the DagBag from /home/airflow/.local/lib/python3.7/site-packages/airflow/example_dags/example_sensors.py
[2023-08-04T06:56:00.884+0000] {processor.py:836} INFO - DAG(s) dict_keys(['example_sensors']) retrieved from /home/airflow/.local/lib/python3.7/site-packages/airflow/example_dags/example_sensors.py
[2023-08-04T06:56:00.913+0000] {logging_mixin.py:150} INFO - [2023-08-04T06:56:00.913+0000] {dag.py:2742} INFO - Sync 1 DAGs
[2023-08-04T06:56:00.935+0000] {logging_mixin.py:150} INFO - [2023-08-04T06:56:00.935+0000] {dag.py:3508} INFO - Setting next_dagrun for example_sensors to None, run_after=None
[2023-08-04T06:56:00.950+0000] {processor.py:179} INFO - Processing /home/airflow/.local/lib/python3.7/site-packages/airflow/example_dags/example_sensors.py took 0.083 seconds
[2023-08-04T06:56:31.036+0000] {processor.py:157} INFO - Started process (PID=1680) to work on /home/airflow/.local/lib/python3.7/site-packages/airflow/example_dags/example_sensors.py
[2023-08-04T06:56:31.037+0000] {processor.py:826} INFO - Processing file /home/airflow/.local/lib/python3.7/site-packages/airflow/example_dags/example_sensors.py for tasks to queue
[2023-08-04T06:56:31.038+0000] {logging_mixin.py:150} INFO - [2023-08-04T06:56:31.038+0000] {dagbag.py:541} INFO - Filling up the DagBag from /home/airflow/.local/lib/python3.7/site-packages/airflow/example_dags/example_sensors.py
[2023-08-04T06:56:31.048+0000] {processor.py:836} INFO - DAG(s) dict_keys(['example_sensors']) retrieved from /home/airflow/.local/lib/python3.7/site-packages/airflow/example_dags/example_sensors.py
[2023-08-04T06:56:31.074+0000] {logging_mixin.py:150} INFO - [2023-08-04T06:56:31.074+0000] {dag.py:2742} INFO - Sync 1 DAGs
[2023-08-04T06:56:31.095+0000] {logging_mixin.py:150} INFO - [2023-08-04T06:56:31.095+0000] {dag.py:3508} INFO - Setting next_dagrun for example_sensors to None, run_after=None
[2023-08-04T06:56:31.109+0000] {processor.py:179} INFO - Processing /home/airflow/.local/lib/python3.7/site-packages/airflow/example_dags/example_sensors.py took 0.077 seconds
[2023-08-04T06:57:01.261+0000] {processor.py:157} INFO - Started process (PID=1738) to work on /home/airflow/.local/lib/python3.7/site-packages/airflow/example_dags/example_sensors.py
[2023-08-04T06:57:01.263+0000] {processor.py:826} INFO - Processing file /home/airflow/.local/lib/python3.7/site-packages/airflow/example_dags/example_sensors.py for tasks to queue
[2023-08-04T06:57:01.264+0000] {logging_mixin.py:150} INFO - [2023-08-04T06:57:01.264+0000] {dagbag.py:541} INFO - Filling up the DagBag from /home/airflow/.local/lib/python3.7/site-packages/airflow/example_dags/example_sensors.py
[2023-08-04T06:57:01.274+0000] {processor.py:836} INFO - DAG(s) dict_keys(['example_sensors']) retrieved from /home/airflow/.local/lib/python3.7/site-packages/airflow/example_dags/example_sensors.py
[2023-08-04T06:57:01.302+0000] {logging_mixin.py:150} INFO - [2023-08-04T06:57:01.302+0000] {dag.py:2742} INFO - Sync 1 DAGs
[2023-08-04T06:57:01.325+0000] {logging_mixin.py:150} INFO - [2023-08-04T06:57:01.325+0000] {dag.py:3508} INFO - Setting next_dagrun for example_sensors to None, run_after=None
[2023-08-04T06:57:01.342+0000] {processor.py:179} INFO - Processing /home/airflow/.local/lib/python3.7/site-packages/airflow/example_dags/example_sensors.py took 0.086 seconds
[2023-08-04T06:57:31.469+0000] {processor.py:157} INFO - Started process (PID=1796) to work on /home/airflow/.local/lib/python3.7/site-packages/airflow/example_dags/example_sensors.py
[2023-08-04T06:57:31.470+0000] {processor.py:826} INFO - Processing file /home/airflow/.local/lib/python3.7/site-packages/airflow/example_dags/example_sensors.py for tasks to queue
[2023-08-04T06:57:31.471+0000] {logging_mixin.py:150} INFO - [2023-08-04T06:57:31.471+0000] {dagbag.py:541} INFO - Filling up the DagBag from /home/airflow/.local/lib/python3.7/site-packages/airflow/example_dags/example_sensors.py
[2023-08-04T06:57:31.481+0000] {processor.py:836} INFO - DAG(s) dict_keys(['example_sensors']) retrieved from /home/airflow/.local/lib/python3.7/site-packages/airflow/example_dags/example_sensors.py
[2023-08-04T06:57:31.508+0000] {logging_mixin.py:150} INFO - [2023-08-04T06:57:31.508+0000] {dag.py:2742} INFO - Sync 1 DAGs
[2023-08-04T06:57:31.529+0000] {logging_mixin.py:150} INFO - [2023-08-04T06:57:31.529+0000] {dag.py:3508} INFO - Setting next_dagrun for example_sensors to None, run_after=None
[2023-08-04T06:57:31.543+0000] {processor.py:179} INFO - Processing /home/airflow/.local/lib/python3.7/site-packages/airflow/example_dags/example_sensors.py took 0.078 seconds
[2023-08-04T06:58:01.902+0000] {processor.py:157} INFO - Started process (PID=1854) to work on /home/airflow/.local/lib/python3.7/site-packages/airflow/example_dags/example_sensors.py
[2023-08-04T06:58:01.903+0000] {processor.py:826} INFO - Processing file /home/airflow/.local/lib/python3.7/site-packages/airflow/example_dags/example_sensors.py for tasks to queue
[2023-08-04T06:58:01.904+0000] {logging_mixin.py:150} INFO - [2023-08-04T06:58:01.904+0000] {dagbag.py:541} INFO - Filling up the DagBag from /home/airflow/.local/lib/python3.7/site-packages/airflow/example_dags/example_sensors.py
[2023-08-04T06:58:01.915+0000] {processor.py:836} INFO - DAG(s) dict_keys(['example_sensors']) retrieved from /home/airflow/.local/lib/python3.7/site-packages/airflow/example_dags/example_sensors.py
[2023-08-04T06:58:01.943+0000] {logging_mixin.py:150} INFO - [2023-08-04T06:58:01.943+0000] {dag.py:2742} INFO - Sync 1 DAGs
[2023-08-04T06:58:01.964+0000] {logging_mixin.py:150} INFO - [2023-08-04T06:58:01.964+0000] {dag.py:3508} INFO - Setting next_dagrun for example_sensors to None, run_after=None
[2023-08-04T06:58:01.978+0000] {processor.py:179} INFO - Processing /home/airflow/.local/lib/python3.7/site-packages/airflow/example_dags/example_sensors.py took 0.081 seconds
[2023-08-04T06:58:32.426+0000] {processor.py:157} INFO - Started process (PID=1911) to work on /home/airflow/.local/lib/python3.7/site-packages/airflow/example_dags/example_sensors.py
[2023-08-04T06:58:32.427+0000] {processor.py:826} INFO - Processing file /home/airflow/.local/lib/python3.7/site-packages/airflow/example_dags/example_sensors.py for tasks to queue
[2023-08-04T06:58:32.429+0000] {logging_mixin.py:150} INFO - [2023-08-04T06:58:32.429+0000] {dagbag.py:541} INFO - Filling up the DagBag from /home/airflow/.local/lib/python3.7/site-packages/airflow/example_dags/example_sensors.py
[2023-08-04T06:58:32.439+0000] {processor.py:836} INFO - DAG(s) dict_keys(['example_sensors']) retrieved from /home/airflow/.local/lib/python3.7/site-packages/airflow/example_dags/example_sensors.py
[2023-08-04T06:58:32.467+0000] {logging_mixin.py:150} INFO - [2023-08-04T06:58:32.467+0000] {dag.py:2742} INFO - Sync 1 DAGs
[2023-08-04T06:58:32.489+0000] {logging_mixin.py:150} INFO - [2023-08-04T06:58:32.489+0000] {dag.py:3508} INFO - Setting next_dagrun for example_sensors to None, run_after=None
[2023-08-04T06:58:32.503+0000] {processor.py:179} INFO - Processing /home/airflow/.local/lib/python3.7/site-packages/airflow/example_dags/example_sensors.py took 0.081 seconds
[2023-08-04T06:59:02.896+0000] {processor.py:157} INFO - Started process (PID=1968) to work on /home/airflow/.local/lib/python3.7/site-packages/airflow/example_dags/example_sensors.py
[2023-08-04T06:59:02.898+0000] {processor.py:826} INFO - Processing file /home/airflow/.local/lib/python3.7/site-packages/airflow/example_dags/example_sensors.py for tasks to queue
[2023-08-04T06:59:02.899+0000] {logging_mixin.py:150} INFO - [2023-08-04T06:59:02.898+0000] {dagbag.py:541} INFO - Filling up the DagBag from /home/airflow/.local/lib/python3.7/site-packages/airflow/example_dags/example_sensors.py
[2023-08-04T06:59:02.909+0000] {processor.py:836} INFO - DAG(s) dict_keys(['example_sensors']) retrieved from /home/airflow/.local/lib/python3.7/site-packages/airflow/example_dags/example_sensors.py
[2023-08-04T06:59:02.936+0000] {logging_mixin.py:150} INFO - [2023-08-04T06:59:02.936+0000] {dag.py:2742} INFO - Sync 1 DAGs
[2023-08-04T06:59:02.958+0000] {logging_mixin.py:150} INFO - [2023-08-04T06:59:02.958+0000] {dag.py:3508} INFO - Setting next_dagrun for example_sensors to None, run_after=None
[2023-08-04T06:59:02.972+0000] {processor.py:179} INFO - Processing /home/airflow/.local/lib/python3.7/site-packages/airflow/example_dags/example_sensors.py took 0.080 seconds
[2023-08-04T06:59:33.518+0000] {processor.py:157} INFO - Started process (PID=2026) to work on /home/airflow/.local/lib/python3.7/site-packages/airflow/example_dags/example_sensors.py
[2023-08-04T06:59:33.520+0000] {processor.py:826} INFO - Processing file /home/airflow/.local/lib/python3.7/site-packages/airflow/example_dags/example_sensors.py for tasks to queue
[2023-08-04T06:59:33.521+0000] {logging_mixin.py:150} INFO - [2023-08-04T06:59:33.520+0000] {dagbag.py:541} INFO - Filling up the DagBag from /home/airflow/.local/lib/python3.7/site-packages/airflow/example_dags/example_sensors.py
[2023-08-04T06:59:33.531+0000] {processor.py:836} INFO - DAG(s) dict_keys(['example_sensors']) retrieved from /home/airflow/.local/lib/python3.7/site-packages/airflow/example_dags/example_sensors.py
[2023-08-04T06:59:33.557+0000] {logging_mixin.py:150} INFO - [2023-08-04T06:59:33.557+0000] {dag.py:2742} INFO - Sync 1 DAGs
[2023-08-04T06:59:33.579+0000] {logging_mixin.py:150} INFO - [2023-08-04T06:59:33.579+0000] {dag.py:3508} INFO - Setting next_dagrun for example_sensors to None, run_after=None
[2023-08-04T06:59:33.594+0000] {processor.py:179} INFO - Processing /home/airflow/.local/lib/python3.7/site-packages/airflow/example_dags/example_sensors.py took 0.079 seconds
[2023-08-04T07:00:03.928+0000] {processor.py:157} INFO - Started process (PID=2084) to work on /home/airflow/.local/lib/python3.7/site-packages/airflow/example_dags/example_sensors.py
[2023-08-04T07:00:03.929+0000] {processor.py:826} INFO - Processing file /home/airflow/.local/lib/python3.7/site-packages/airflow/example_dags/example_sensors.py for tasks to queue
[2023-08-04T07:00:03.930+0000] {logging_mixin.py:150} INFO - [2023-08-04T07:00:03.930+0000] {dagbag.py:541} INFO - Filling up the DagBag from /home/airflow/.local/lib/python3.7/site-packages/airflow/example_dags/example_sensors.py
[2023-08-04T07:00:03.940+0000] {processor.py:836} INFO - DAG(s) dict_keys(['example_sensors']) retrieved from /home/airflow/.local/lib/python3.7/site-packages/airflow/example_dags/example_sensors.py
[2023-08-04T07:00:03.967+0000] {logging_mixin.py:150} INFO - [2023-08-04T07:00:03.967+0000] {dag.py:2742} INFO - Sync 1 DAGs
[2023-08-04T07:00:03.988+0000] {logging_mixin.py:150} INFO - [2023-08-04T07:00:03.988+0000] {dag.py:3508} INFO - Setting next_dagrun for example_sensors to None, run_after=None
[2023-08-04T07:00:04.003+0000] {processor.py:179} INFO - Processing /home/airflow/.local/lib/python3.7/site-packages/airflow/example_dags/example_sensors.py took 0.079 seconds
[2023-08-04T07:00:34.337+0000] {processor.py:157} INFO - Started process (PID=2141) to work on /home/airflow/.local/lib/python3.7/site-packages/airflow/example_dags/example_sensors.py
[2023-08-04T07:00:34.339+0000] {processor.py:826} INFO - Processing file /home/airflow/.local/lib/python3.7/site-packages/airflow/example_dags/example_sensors.py for tasks to queue
[2023-08-04T07:00:34.340+0000] {logging_mixin.py:150} INFO - [2023-08-04T07:00:34.339+0000] {dagbag.py:541} INFO - Filling up the DagBag from /home/airflow/.local/lib/python3.7/site-packages/airflow/example_dags/example_sensors.py
[2023-08-04T07:00:34.349+0000] {processor.py:836} INFO - DAG(s) dict_keys(['example_sensors']) retrieved from /home/airflow/.local/lib/python3.7/site-packages/airflow/example_dags/example_sensors.py
[2023-08-04T07:00:34.376+0000] {logging_mixin.py:150} INFO - [2023-08-04T07:00:34.376+0000] {dag.py:2742} INFO - Sync 1 DAGs
[2023-08-04T07:00:34.397+0000] {logging_mixin.py:150} INFO - [2023-08-04T07:00:34.397+0000] {dag.py:3508} INFO - Setting next_dagrun for example_sensors to None, run_after=None
[2023-08-04T07:00:34.412+0000] {processor.py:179} INFO - Processing /home/airflow/.local/lib/python3.7/site-packages/airflow/example_dags/example_sensors.py took 0.078 seconds
[2023-08-04T07:01:04.617+0000] {processor.py:157} INFO - Started process (PID=2198) to work on /home/airflow/.local/lib/python3.7/site-packages/airflow/example_dags/example_sensors.py
[2023-08-04T07:01:04.618+0000] {processor.py:826} INFO - Processing file /home/airflow/.local/lib/python3.7/site-packages/airflow/example_dags/example_sensors.py for tasks to queue
[2023-08-04T07:01:04.620+0000] {logging_mixin.py:150} INFO - [2023-08-04T07:01:04.619+0000] {dagbag.py:541} INFO - Filling up the DagBag from /home/airflow/.local/lib/python3.7/site-packages/airflow/example_dags/example_sensors.py
[2023-08-04T07:01:04.629+0000] {processor.py:836} INFO - DAG(s) dict_keys(['example_sensors']) retrieved from /home/airflow/.local/lib/python3.7/site-packages/airflow/example_dags/example_sensors.py
[2023-08-04T07:01:04.656+0000] {logging_mixin.py:150} INFO - [2023-08-04T07:01:04.656+0000] {dag.py:2742} INFO - Sync 1 DAGs
[2023-08-04T07:01:04.678+0000] {logging_mixin.py:150} INFO - [2023-08-04T07:01:04.677+0000] {dag.py:3508} INFO - Setting next_dagrun for example_sensors to None, run_after=None
[2023-08-04T07:01:04.693+0000] {processor.py:179} INFO - Processing /home/airflow/.local/lib/python3.7/site-packages/airflow/example_dags/example_sensors.py took 0.080 seconds
[2023-08-04T07:01:34.852+0000] {processor.py:157} INFO - Started process (PID=2257) to work on /home/airflow/.local/lib/python3.7/site-packages/airflow/example_dags/example_sensors.py
[2023-08-04T07:01:34.854+0000] {processor.py:826} INFO - Processing file /home/airflow/.local/lib/python3.7/site-packages/airflow/example_dags/example_sensors.py for tasks to queue
[2023-08-04T07:01:34.855+0000] {logging_mixin.py:150} INFO - [2023-08-04T07:01:34.854+0000] {dagbag.py:541} INFO - Filling up the DagBag from /home/airflow/.local/lib/python3.7/site-packages/airflow/example_dags/example_sensors.py
[2023-08-04T07:01:34.864+0000] {processor.py:836} INFO - DAG(s) dict_keys(['example_sensors']) retrieved from /home/airflow/.local/lib/python3.7/site-packages/airflow/example_dags/example_sensors.py
[2023-08-04T07:01:34.892+0000] {logging_mixin.py:150} INFO - [2023-08-04T07:01:34.891+0000] {dag.py:2742} INFO - Sync 1 DAGs
[2023-08-04T07:01:34.913+0000] {logging_mixin.py:150} INFO - [2023-08-04T07:01:34.913+0000] {dag.py:3508} INFO - Setting next_dagrun for example_sensors to None, run_after=None
[2023-08-04T07:01:34.927+0000] {processor.py:179} INFO - Processing /home/airflow/.local/lib/python3.7/site-packages/airflow/example_dags/example_sensors.py took 0.079 seconds
[2023-08-04T07:02:05.312+0000] {processor.py:157} INFO - Started process (PID=2314) to work on /home/airflow/.local/lib/python3.7/site-packages/airflow/example_dags/example_sensors.py
[2023-08-04T07:02:05.313+0000] {processor.py:826} INFO - Processing file /home/airflow/.local/lib/python3.7/site-packages/airflow/example_dags/example_sensors.py for tasks to queue
[2023-08-04T07:02:05.314+0000] {logging_mixin.py:150} INFO - [2023-08-04T07:02:05.314+0000] {dagbag.py:541} INFO - Filling up the DagBag from /home/airflow/.local/lib/python3.7/site-packages/airflow/example_dags/example_sensors.py
[2023-08-04T07:02:05.324+0000] {processor.py:836} INFO - DAG(s) dict_keys(['example_sensors']) retrieved from /home/airflow/.local/lib/python3.7/site-packages/airflow/example_dags/example_sensors.py
[2023-08-04T07:02:05.350+0000] {logging_mixin.py:150} INFO - [2023-08-04T07:02:05.350+0000] {dag.py:2742} INFO - Sync 1 DAGs
[2023-08-04T07:02:05.371+0000] {logging_mixin.py:150} INFO - [2023-08-04T07:02:05.371+0000] {dag.py:3508} INFO - Setting next_dagrun for example_sensors to None, run_after=None
[2023-08-04T07:02:05.386+0000] {processor.py:179} INFO - Processing /home/airflow/.local/lib/python3.7/site-packages/airflow/example_dags/example_sensors.py took 0.078 seconds
[2023-08-04T07:02:35.757+0000] {processor.py:157} INFO - Started process (PID=2372) to work on /home/airflow/.local/lib/python3.7/site-packages/airflow/example_dags/example_sensors.py
[2023-08-04T07:02:35.758+0000] {processor.py:826} INFO - Processing file /home/airflow/.local/lib/python3.7/site-packages/airflow/example_dags/example_sensors.py for tasks to queue
[2023-08-04T07:02:35.760+0000] {logging_mixin.py:150} INFO - [2023-08-04T07:02:35.760+0000] {dagbag.py:541} INFO - Filling up the DagBag from /home/airflow/.local/lib/python3.7/site-packages/airflow/example_dags/example_sensors.py
[2023-08-04T07:02:35.771+0000] {processor.py:836} INFO - DAG(s) dict_keys(['example_sensors']) retrieved from /home/airflow/.local/lib/python3.7/site-packages/airflow/example_dags/example_sensors.py
[2023-08-04T07:02:35.797+0000] {logging_mixin.py:150} INFO - [2023-08-04T07:02:35.797+0000] {dag.py:2742} INFO - Sync 1 DAGs
[2023-08-04T07:02:35.819+0000] {logging_mixin.py:150} INFO - [2023-08-04T07:02:35.818+0000] {dag.py:3508} INFO - Setting next_dagrun for example_sensors to None, run_after=None
[2023-08-04T07:02:35.833+0000] {processor.py:179} INFO - Processing /home/airflow/.local/lib/python3.7/site-packages/airflow/example_dags/example_sensors.py took 0.080 seconds
[2023-08-04T07:03:06.349+0000] {processor.py:157} INFO - Started process (PID=2430) to work on /home/airflow/.local/lib/python3.7/site-packages/airflow/example_dags/example_sensors.py
[2023-08-04T07:03:06.350+0000] {processor.py:826} INFO - Processing file /home/airflow/.local/lib/python3.7/site-packages/airflow/example_dags/example_sensors.py for tasks to queue
[2023-08-04T07:03:06.351+0000] {logging_mixin.py:150} INFO - [2023-08-04T07:03:06.351+0000] {dagbag.py:541} INFO - Filling up the DagBag from /home/airflow/.local/lib/python3.7/site-packages/airflow/example_dags/example_sensors.py
[2023-08-04T07:03:06.361+0000] {processor.py:836} INFO - DAG(s) dict_keys(['example_sensors']) retrieved from /home/airflow/.local/lib/python3.7/site-packages/airflow/example_dags/example_sensors.py
[2023-08-04T07:03:06.388+0000] {logging_mixin.py:150} INFO - [2023-08-04T07:03:06.388+0000] {dag.py:2742} INFO - Sync 1 DAGs
[2023-08-04T07:03:06.409+0000] {logging_mixin.py:150} INFO - [2023-08-04T07:03:06.409+0000] {dag.py:3508} INFO - Setting next_dagrun for example_sensors to None, run_after=None
[2023-08-04T07:03:06.423+0000] {processor.py:179} INFO - Processing /home/airflow/.local/lib/python3.7/site-packages/airflow/example_dags/example_sensors.py took 0.078 seconds
[2023-08-04T07:03:36.889+0000] {processor.py:157} INFO - Started process (PID=2488) to work on /home/airflow/.local/lib/python3.7/site-packages/airflow/example_dags/example_sensors.py
[2023-08-04T07:03:36.891+0000] {processor.py:826} INFO - Processing file /home/airflow/.local/lib/python3.7/site-packages/airflow/example_dags/example_sensors.py for tasks to queue
[2023-08-04T07:03:36.892+0000] {logging_mixin.py:150} INFO - [2023-08-04T07:03:36.892+0000] {dagbag.py:541} INFO - Filling up the DagBag from /home/airflow/.local/lib/python3.7/site-packages/airflow/example_dags/example_sensors.py
[2023-08-04T07:03:36.902+0000] {processor.py:836} INFO - DAG(s) dict_keys(['example_sensors']) retrieved from /home/airflow/.local/lib/python3.7/site-packages/airflow/example_dags/example_sensors.py
[2023-08-04T07:03:36.929+0000] {logging_mixin.py:150} INFO - [2023-08-04T07:03:36.929+0000] {dag.py:2742} INFO - Sync 1 DAGs
[2023-08-04T07:03:36.950+0000] {logging_mixin.py:150} INFO - [2023-08-04T07:03:36.950+0000] {dag.py:3508} INFO - Setting next_dagrun for example_sensors to None, run_after=None
[2023-08-04T07:03:36.965+0000] {processor.py:179} INFO - Processing /home/airflow/.local/lib/python3.7/site-packages/airflow/example_dags/example_sensors.py took 0.080 seconds
[2023-08-04T07:04:07.542+0000] {processor.py:157} INFO - Started process (PID=2546) to work on /home/airflow/.local/lib/python3.7/site-packages/airflow/example_dags/example_sensors.py
[2023-08-04T07:04:07.543+0000] {processor.py:826} INFO - Processing file /home/airflow/.local/lib/python3.7/site-packages/airflow/example_dags/example_sensors.py for tasks to queue
[2023-08-04T07:04:07.545+0000] {logging_mixin.py:150} INFO - [2023-08-04T07:04:07.544+0000] {dagbag.py:541} INFO - Filling up the DagBag from /home/airflow/.local/lib/python3.7/site-packages/airflow/example_dags/example_sensors.py
[2023-08-04T07:04:07.558+0000] {processor.py:836} INFO - DAG(s) dict_keys(['example_sensors']) retrieved from /home/airflow/.local/lib/python3.7/site-packages/airflow/example_dags/example_sensors.py
[2023-08-04T07:04:07.587+0000] {logging_mixin.py:150} INFO - [2023-08-04T07:04:07.587+0000] {dag.py:2742} INFO - Sync 1 DAGs
[2023-08-04T07:04:07.609+0000] {logging_mixin.py:150} INFO - [2023-08-04T07:04:07.609+0000] {dag.py:3508} INFO - Setting next_dagrun for example_sensors to None, run_after=None
[2023-08-04T07:04:07.624+0000] {processor.py:179} INFO - Processing /home/airflow/.local/lib/python3.7/site-packages/airflow/example_dags/example_sensors.py took 0.087 seconds
[2023-08-04T07:04:38.094+0000] {processor.py:157} INFO - Started process (PID=2604) to work on /home/airflow/.local/lib/python3.7/site-packages/airflow/example_dags/example_sensors.py
[2023-08-04T07:04:38.096+0000] {processor.py:826} INFO - Processing file /home/airflow/.local/lib/python3.7/site-packages/airflow/example_dags/example_sensors.py for tasks to queue
[2023-08-04T07:04:38.097+0000] {logging_mixin.py:150} INFO - [2023-08-04T07:04:38.096+0000] {dagbag.py:541} INFO - Filling up the DagBag from /home/airflow/.local/lib/python3.7/site-packages/airflow/example_dags/example_sensors.py
[2023-08-04T07:04:38.107+0000] {processor.py:836} INFO - DAG(s) dict_keys(['example_sensors']) retrieved from /home/airflow/.local/lib/python3.7/site-packages/airflow/example_dags/example_sensors.py
[2023-08-04T07:04:38.134+0000] {logging_mixin.py:150} INFO - [2023-08-04T07:04:38.134+0000] {dag.py:2742} INFO - Sync 1 DAGs
[2023-08-04T07:04:38.155+0000] {logging_mixin.py:150} INFO - [2023-08-04T07:04:38.155+0000] {dag.py:3508} INFO - Setting next_dagrun for example_sensors to None, run_after=None
[2023-08-04T07:04:38.169+0000] {processor.py:179} INFO - Processing /home/airflow/.local/lib/python3.7/site-packages/airflow/example_dags/example_sensors.py took 0.079 seconds
[2023-08-04T07:05:08.631+0000] {processor.py:157} INFO - Started process (PID=2661) to work on /home/airflow/.local/lib/python3.7/site-packages/airflow/example_dags/example_sensors.py
[2023-08-04T07:05:08.634+0000] {processor.py:826} INFO - Processing file /home/airflow/.local/lib/python3.7/site-packages/airflow/example_dags/example_sensors.py for tasks to queue
[2023-08-04T07:05:08.635+0000] {logging_mixin.py:150} INFO - [2023-08-04T07:05:08.634+0000] {dagbag.py:541} INFO - Filling up the DagBag from /home/airflow/.local/lib/python3.7/site-packages/airflow/example_dags/example_sensors.py
[2023-08-04T07:05:08.645+0000] {processor.py:836} INFO - DAG(s) dict_keys(['example_sensors']) retrieved from /home/airflow/.local/lib/python3.7/site-packages/airflow/example_dags/example_sensors.py
[2023-08-04T07:05:08.673+0000] {logging_mixin.py:150} INFO - [2023-08-04T07:05:08.673+0000] {dag.py:2742} INFO - Sync 1 DAGs
[2023-08-04T07:05:08.695+0000] {logging_mixin.py:150} INFO - [2023-08-04T07:05:08.695+0000] {dag.py:3508} INFO - Setting next_dagrun for example_sensors to None, run_after=None
[2023-08-04T07:05:08.710+0000] {processor.py:179} INFO - Processing /home/airflow/.local/lib/python3.7/site-packages/airflow/example_dags/example_sensors.py took 0.083 seconds
[2023-08-04T07:05:39.196+0000] {processor.py:157} INFO - Started process (PID=2719) to work on /home/airflow/.local/lib/python3.7/site-packages/airflow/example_dags/example_sensors.py
[2023-08-04T07:05:39.197+0000] {processor.py:826} INFO - Processing file /home/airflow/.local/lib/python3.7/site-packages/airflow/example_dags/example_sensors.py for tasks to queue
[2023-08-04T07:05:39.198+0000] {logging_mixin.py:150} INFO - [2023-08-04T07:05:39.198+0000] {dagbag.py:541} INFO - Filling up the DagBag from /home/airflow/.local/lib/python3.7/site-packages/airflow/example_dags/example_sensors.py
[2023-08-04T07:05:39.208+0000] {processor.py:836} INFO - DAG(s) dict_keys(['example_sensors']) retrieved from /home/airflow/.local/lib/python3.7/site-packages/airflow/example_dags/example_sensors.py
[2023-08-04T07:05:39.235+0000] {logging_mixin.py:150} INFO - [2023-08-04T07:05:39.235+0000] {dag.py:2742} INFO - Sync 1 DAGs
[2023-08-04T07:05:39.256+0000] {logging_mixin.py:150} INFO - [2023-08-04T07:05:39.256+0000] {dag.py:3508} INFO - Setting next_dagrun for example_sensors to None, run_after=None
[2023-08-04T07:05:39.270+0000] {processor.py:179} INFO - Processing /home/airflow/.local/lib/python3.7/site-packages/airflow/example_dags/example_sensors.py took 0.078 seconds
[2023-08-04T07:06:09.712+0000] {processor.py:157} INFO - Started process (PID=2777) to work on /home/airflow/.local/lib/python3.7/site-packages/airflow/example_dags/example_sensors.py
[2023-08-04T07:06:09.713+0000] {processor.py:826} INFO - Processing file /home/airflow/.local/lib/python3.7/site-packages/airflow/example_dags/example_sensors.py for tasks to queue
[2023-08-04T07:06:09.715+0000] {logging_mixin.py:150} INFO - [2023-08-04T07:06:09.714+0000] {dagbag.py:541} INFO - Filling up the DagBag from /home/airflow/.local/lib/python3.7/site-packages/airflow/example_dags/example_sensors.py
[2023-08-04T07:06:09.725+0000] {processor.py:836} INFO - DAG(s) dict_keys(['example_sensors']) retrieved from /home/airflow/.local/lib/python3.7/site-packages/airflow/example_dags/example_sensors.py
[2023-08-04T07:06:09.753+0000] {logging_mixin.py:150} INFO - [2023-08-04T07:06:09.753+0000] {dag.py:2742} INFO - Sync 1 DAGs
[2023-08-04T07:06:09.774+0000] {logging_mixin.py:150} INFO - [2023-08-04T07:06:09.774+0000] {dag.py:3508} INFO - Setting next_dagrun for example_sensors to None, run_after=None
[2023-08-04T07:06:09.788+0000] {processor.py:179} INFO - Processing /home/airflow/.local/lib/python3.7/site-packages/airflow/example_dags/example_sensors.py took 0.080 seconds
[2023-08-04T07:06:40.143+0000] {processor.py:157} INFO - Started process (PID=2835) to work on /home/airflow/.local/lib/python3.7/site-packages/airflow/example_dags/example_sensors.py
[2023-08-04T07:06:40.144+0000] {processor.py:826} INFO - Processing file /home/airflow/.local/lib/python3.7/site-packages/airflow/example_dags/example_sensors.py for tasks to queue
[2023-08-04T07:06:40.146+0000] {logging_mixin.py:150} INFO - [2023-08-04T07:06:40.146+0000] {dagbag.py:541} INFO - Filling up the DagBag from /home/airflow/.local/lib/python3.7/site-packages/airflow/example_dags/example_sensors.py
[2023-08-04T07:06:40.158+0000] {processor.py:836} INFO - DAG(s) dict_keys(['example_sensors']) retrieved from /home/airflow/.local/lib/python3.7/site-packages/airflow/example_dags/example_sensors.py
[2023-08-04T07:06:40.190+0000] {logging_mixin.py:150} INFO - [2023-08-04T07:06:40.190+0000] {dag.py:2742} INFO - Sync 1 DAGs
[2023-08-04T07:06:40.212+0000] {logging_mixin.py:150} INFO - [2023-08-04T07:06:40.212+0000] {dag.py:3508} INFO - Setting next_dagrun for example_sensors to None, run_after=None
[2023-08-04T07:06:40.227+0000] {processor.py:179} INFO - Processing /home/airflow/.local/lib/python3.7/site-packages/airflow/example_dags/example_sensors.py took 0.088 seconds
[2023-08-04T07:07:10.716+0000] {processor.py:157} INFO - Started process (PID=2893) to work on /home/airflow/.local/lib/python3.7/site-packages/airflow/example_dags/example_sensors.py
[2023-08-04T07:07:10.718+0000] {processor.py:826} INFO - Processing file /home/airflow/.local/lib/python3.7/site-packages/airflow/example_dags/example_sensors.py for tasks to queue
[2023-08-04T07:07:10.719+0000] {logging_mixin.py:150} INFO - [2023-08-04T07:07:10.718+0000] {dagbag.py:541} INFO - Filling up the DagBag from /home/airflow/.local/lib/python3.7/site-packages/airflow/example_dags/example_sensors.py
[2023-08-04T07:07:10.729+0000] {processor.py:836} INFO - DAG(s) dict_keys(['example_sensors']) retrieved from /home/airflow/.local/lib/python3.7/site-packages/airflow/example_dags/example_sensors.py
[2023-08-04T07:07:10.756+0000] {logging_mixin.py:150} INFO - [2023-08-04T07:07:10.755+0000] {dag.py:2742} INFO - Sync 1 DAGs
[2023-08-04T07:07:10.777+0000] {logging_mixin.py:150} INFO - [2023-08-04T07:07:10.777+0000] {dag.py:3508} INFO - Setting next_dagrun for example_sensors to None, run_after=None
[2023-08-04T07:07:10.791+0000] {processor.py:179} INFO - Processing /home/airflow/.local/lib/python3.7/site-packages/airflow/example_dags/example_sensors.py took 0.078 seconds
[2023-08-04T07:07:41.281+0000] {processor.py:157} INFO - Started process (PID=2957) to work on /home/airflow/.local/lib/python3.7/site-packages/airflow/example_dags/example_sensors.py
[2023-08-04T07:07:41.282+0000] {processor.py:826} INFO - Processing file /home/airflow/.local/lib/python3.7/site-packages/airflow/example_dags/example_sensors.py for tasks to queue
[2023-08-04T07:07:41.283+0000] {logging_mixin.py:150} INFO - [2023-08-04T07:07:41.283+0000] {dagbag.py:541} INFO - Filling up the DagBag from /home/airflow/.local/lib/python3.7/site-packages/airflow/example_dags/example_sensors.py
[2023-08-04T07:07:41.293+0000] {processor.py:836} INFO - DAG(s) dict_keys(['example_sensors']) retrieved from /home/airflow/.local/lib/python3.7/site-packages/airflow/example_dags/example_sensors.py
[2023-08-04T07:07:41.320+0000] {logging_mixin.py:150} INFO - [2023-08-04T07:07:41.320+0000] {dag.py:2742} INFO - Sync 1 DAGs
[2023-08-04T07:07:41.343+0000] {logging_mixin.py:150} INFO - [2023-08-04T07:07:41.342+0000] {dag.py:3508} INFO - Setting next_dagrun for example_sensors to None, run_after=None
[2023-08-04T07:07:41.357+0000] {processor.py:179} INFO - Processing /home/airflow/.local/lib/python3.7/site-packages/airflow/example_dags/example_sensors.py took 0.080 seconds
[2023-08-04T07:08:11.763+0000] {processor.py:157} INFO - Started process (PID=3015) to work on /home/airflow/.local/lib/python3.7/site-packages/airflow/example_dags/example_sensors.py
[2023-08-04T07:08:11.765+0000] {processor.py:826} INFO - Processing file /home/airflow/.local/lib/python3.7/site-packages/airflow/example_dags/example_sensors.py for tasks to queue
[2023-08-04T07:08:11.766+0000] {logging_mixin.py:150} INFO - [2023-08-04T07:08:11.766+0000] {dagbag.py:541} INFO - Filling up the DagBag from /home/airflow/.local/lib/python3.7/site-packages/airflow/example_dags/example_sensors.py
[2023-08-04T07:08:11.776+0000] {processor.py:836} INFO - DAG(s) dict_keys(['example_sensors']) retrieved from /home/airflow/.local/lib/python3.7/site-packages/airflow/example_dags/example_sensors.py
[2023-08-04T07:08:11.803+0000] {logging_mixin.py:150} INFO - [2023-08-04T07:08:11.803+0000] {dag.py:2742} INFO - Sync 1 DAGs
[2023-08-04T07:08:11.824+0000] {logging_mixin.py:150} INFO - [2023-08-04T07:08:11.824+0000] {dag.py:3508} INFO - Setting next_dagrun for example_sensors to None, run_after=None
[2023-08-04T07:08:11.838+0000] {processor.py:179} INFO - Processing /home/airflow/.local/lib/python3.7/site-packages/airflow/example_dags/example_sensors.py took 0.079 seconds
[2023-08-04T07:08:42.402+0000] {processor.py:157} INFO - Started process (PID=3073) to work on /home/airflow/.local/lib/python3.7/site-packages/airflow/example_dags/example_sensors.py
[2023-08-04T07:08:42.404+0000] {processor.py:826} INFO - Processing file /home/airflow/.local/lib/python3.7/site-packages/airflow/example_dags/example_sensors.py for tasks to queue
[2023-08-04T07:08:42.405+0000] {logging_mixin.py:150} INFO - [2023-08-04T07:08:42.405+0000] {dagbag.py:541} INFO - Filling up the DagBag from /home/airflow/.local/lib/python3.7/site-packages/airflow/example_dags/example_sensors.py
[2023-08-04T07:08:42.416+0000] {processor.py:836} INFO - DAG(s) dict_keys(['example_sensors']) retrieved from /home/airflow/.local/lib/python3.7/site-packages/airflow/example_dags/example_sensors.py
[2023-08-04T07:08:42.442+0000] {logging_mixin.py:150} INFO - [2023-08-04T07:08:42.442+0000] {dag.py:2742} INFO - Sync 1 DAGs
[2023-08-04T07:08:42.463+0000] {logging_mixin.py:150} INFO - [2023-08-04T07:08:42.463+0000] {dag.py:3508} INFO - Setting next_dagrun for example_sensors to None, run_after=None
[2023-08-04T07:08:42.477+0000] {processor.py:179} INFO - Processing /home/airflow/.local/lib/python3.7/site-packages/airflow/example_dags/example_sensors.py took 0.079 seconds
[2023-08-04T07:09:12.931+0000] {processor.py:157} INFO - Started process (PID=3131) to work on /home/airflow/.local/lib/python3.7/site-packages/airflow/example_dags/example_sensors.py
[2023-08-04T07:09:12.933+0000] {processor.py:826} INFO - Processing file /home/airflow/.local/lib/python3.7/site-packages/airflow/example_dags/example_sensors.py for tasks to queue
[2023-08-04T07:09:12.934+0000] {logging_mixin.py:150} INFO - [2023-08-04T07:09:12.934+0000] {dagbag.py:541} INFO - Filling up the DagBag from /home/airflow/.local/lib/python3.7/site-packages/airflow/example_dags/example_sensors.py
[2023-08-04T07:09:12.944+0000] {processor.py:836} INFO - DAG(s) dict_keys(['example_sensors']) retrieved from /home/airflow/.local/lib/python3.7/site-packages/airflow/example_dags/example_sensors.py
[2023-08-04T07:09:12.972+0000] {logging_mixin.py:150} INFO - [2023-08-04T07:09:12.972+0000] {dag.py:2742} INFO - Sync 1 DAGs
[2023-08-04T07:09:12.994+0000] {logging_mixin.py:150} INFO - [2023-08-04T07:09:12.994+0000] {dag.py:3508} INFO - Setting next_dagrun for example_sensors to None, run_after=None
[2023-08-04T07:09:13.009+0000] {processor.py:179} INFO - Processing /home/airflow/.local/lib/python3.7/site-packages/airflow/example_dags/example_sensors.py took 0.082 seconds
[2023-08-04T07:09:43.466+0000] {processor.py:157} INFO - Started process (PID=3189) to work on /home/airflow/.local/lib/python3.7/site-packages/airflow/example_dags/example_sensors.py
[2023-08-04T07:09:43.467+0000] {processor.py:826} INFO - Processing file /home/airflow/.local/lib/python3.7/site-packages/airflow/example_dags/example_sensors.py for tasks to queue
[2023-08-04T07:09:43.468+0000] {logging_mixin.py:150} INFO - [2023-08-04T07:09:43.468+0000] {dagbag.py:541} INFO - Filling up the DagBag from /home/airflow/.local/lib/python3.7/site-packages/airflow/example_dags/example_sensors.py
[2023-08-04T07:09:43.478+0000] {processor.py:836} INFO - DAG(s) dict_keys(['example_sensors']) retrieved from /home/airflow/.local/lib/python3.7/site-packages/airflow/example_dags/example_sensors.py
[2023-08-04T07:09:43.504+0000] {logging_mixin.py:150} INFO - [2023-08-04T07:09:43.504+0000] {dag.py:2742} INFO - Sync 1 DAGs
[2023-08-04T07:09:43.526+0000] {logging_mixin.py:150} INFO - [2023-08-04T07:09:43.526+0000] {dag.py:3508} INFO - Setting next_dagrun for example_sensors to None, run_after=None
[2023-08-04T07:09:43.540+0000] {processor.py:179} INFO - Processing /home/airflow/.local/lib/python3.7/site-packages/airflow/example_dags/example_sensors.py took 0.078 seconds
[2023-08-04T07:10:13.970+0000] {processor.py:157} INFO - Started process (PID=3247) to work on /home/airflow/.local/lib/python3.7/site-packages/airflow/example_dags/example_sensors.py
[2023-08-04T07:10:13.971+0000] {processor.py:826} INFO - Processing file /home/airflow/.local/lib/python3.7/site-packages/airflow/example_dags/example_sensors.py for tasks to queue
[2023-08-04T07:10:13.973+0000] {logging_mixin.py:150} INFO - [2023-08-04T07:10:13.972+0000] {dagbag.py:541} INFO - Filling up the DagBag from /home/airflow/.local/lib/python3.7/site-packages/airflow/example_dags/example_sensors.py
[2023-08-04T07:10:13.983+0000] {processor.py:836} INFO - DAG(s) dict_keys(['example_sensors']) retrieved from /home/airflow/.local/lib/python3.7/site-packages/airflow/example_dags/example_sensors.py
[2023-08-04T07:10:14.010+0000] {logging_mixin.py:150} INFO - [2023-08-04T07:10:14.010+0000] {dag.py:2742} INFO - Sync 1 DAGs
[2023-08-04T07:10:14.032+0000] {logging_mixin.py:150} INFO - [2023-08-04T07:10:14.031+0000] {dag.py:3508} INFO - Setting next_dagrun for example_sensors to None, run_after=None
[2023-08-04T07:10:14.046+0000] {processor.py:179} INFO - Processing /home/airflow/.local/lib/python3.7/site-packages/airflow/example_dags/example_sensors.py took 0.080 seconds
[2023-08-04T07:10:44.471+0000] {processor.py:157} INFO - Started process (PID=3305) to work on /home/airflow/.local/lib/python3.7/site-packages/airflow/example_dags/example_sensors.py
[2023-08-04T07:10:44.472+0000] {processor.py:826} INFO - Processing file /home/airflow/.local/lib/python3.7/site-packages/airflow/example_dags/example_sensors.py for tasks to queue
[2023-08-04T07:10:44.474+0000] {logging_mixin.py:150} INFO - [2023-08-04T07:10:44.473+0000] {dagbag.py:541} INFO - Filling up the DagBag from /home/airflow/.local/lib/python3.7/site-packages/airflow/example_dags/example_sensors.py
[2023-08-04T07:10:44.483+0000] {processor.py:836} INFO - DAG(s) dict_keys(['example_sensors']) retrieved from /home/airflow/.local/lib/python3.7/site-packages/airflow/example_dags/example_sensors.py
[2023-08-04T07:10:44.511+0000] {logging_mixin.py:150} INFO - [2023-08-04T07:10:44.510+0000] {dag.py:2742} INFO - Sync 1 DAGs
[2023-08-04T07:10:44.532+0000] {logging_mixin.py:150} INFO - [2023-08-04T07:10:44.531+0000] {dag.py:3508} INFO - Setting next_dagrun for example_sensors to None, run_after=None
[2023-08-04T07:10:44.546+0000] {processor.py:179} INFO - Processing /home/airflow/.local/lib/python3.7/site-packages/airflow/example_dags/example_sensors.py took 0.078 seconds
[2023-08-04T07:11:14.840+0000] {processor.py:157} INFO - Started process (PID=3363) to work on /home/airflow/.local/lib/python3.7/site-packages/airflow/example_dags/example_sensors.py
[2023-08-04T07:11:14.842+0000] {processor.py:826} INFO - Processing file /home/airflow/.local/lib/python3.7/site-packages/airflow/example_dags/example_sensors.py for tasks to queue
[2023-08-04T07:11:14.843+0000] {logging_mixin.py:150} INFO - [2023-08-04T07:11:14.842+0000] {dagbag.py:541} INFO - Filling up the DagBag from /home/airflow/.local/lib/python3.7/site-packages/airflow/example_dags/example_sensors.py
[2023-08-04T07:11:14.852+0000] {processor.py:836} INFO - DAG(s) dict_keys(['example_sensors']) retrieved from /home/airflow/.local/lib/python3.7/site-packages/airflow/example_dags/example_sensors.py
[2023-08-04T07:11:14.880+0000] {logging_mixin.py:150} INFO - [2023-08-04T07:11:14.879+0000] {dag.py:2742} INFO - Sync 1 DAGs
[2023-08-04T07:11:14.901+0000] {logging_mixin.py:150} INFO - [2023-08-04T07:11:14.901+0000] {dag.py:3508} INFO - Setting next_dagrun for example_sensors to None, run_after=None
[2023-08-04T07:11:14.915+0000] {processor.py:179} INFO - Processing /home/airflow/.local/lib/python3.7/site-packages/airflow/example_dags/example_sensors.py took 0.079 seconds
[2023-08-04T07:11:45.183+0000] {processor.py:157} INFO - Started process (PID=3421) to work on /home/airflow/.local/lib/python3.7/site-packages/airflow/example_dags/example_sensors.py
[2023-08-04T07:11:45.184+0000] {processor.py:826} INFO - Processing file /home/airflow/.local/lib/python3.7/site-packages/airflow/example_dags/example_sensors.py for tasks to queue
[2023-08-04T07:11:45.185+0000] {logging_mixin.py:150} INFO - [2023-08-04T07:11:45.185+0000] {dagbag.py:541} INFO - Filling up the DagBag from /home/airflow/.local/lib/python3.7/site-packages/airflow/example_dags/example_sensors.py
[2023-08-04T07:11:45.195+0000] {processor.py:836} INFO - DAG(s) dict_keys(['example_sensors']) retrieved from /home/airflow/.local/lib/python3.7/site-packages/airflow/example_dags/example_sensors.py
[2023-08-04T07:11:45.221+0000] {logging_mixin.py:150} INFO - [2023-08-04T07:11:45.221+0000] {dag.py:2742} INFO - Sync 1 DAGs
[2023-08-04T07:11:45.242+0000] {logging_mixin.py:150} INFO - [2023-08-04T07:11:45.242+0000] {dag.py:3508} INFO - Setting next_dagrun for example_sensors to None, run_after=None
[2023-08-04T07:11:45.257+0000] {processor.py:179} INFO - Processing /home/airflow/.local/lib/python3.7/site-packages/airflow/example_dags/example_sensors.py took 0.078 seconds
[2023-08-04T07:12:15.829+0000] {processor.py:157} INFO - Started process (PID=3479) to work on /home/airflow/.local/lib/python3.7/site-packages/airflow/example_dags/example_sensors.py
[2023-08-04T07:12:15.830+0000] {processor.py:826} INFO - Processing file /home/airflow/.local/lib/python3.7/site-packages/airflow/example_dags/example_sensors.py for tasks to queue
[2023-08-04T07:12:15.831+0000] {logging_mixin.py:150} INFO - [2023-08-04T07:12:15.831+0000] {dagbag.py:541} INFO - Filling up the DagBag from /home/airflow/.local/lib/python3.7/site-packages/airflow/example_dags/example_sensors.py
[2023-08-04T07:12:15.841+0000] {processor.py:836} INFO - DAG(s) dict_keys(['example_sensors']) retrieved from /home/airflow/.local/lib/python3.7/site-packages/airflow/example_dags/example_sensors.py
[2023-08-04T07:12:15.868+0000] {logging_mixin.py:150} INFO - [2023-08-04T07:12:15.867+0000] {dag.py:2742} INFO - Sync 1 DAGs
[2023-08-04T07:12:15.888+0000] {logging_mixin.py:150} INFO - [2023-08-04T07:12:15.888+0000] {dag.py:3508} INFO - Setting next_dagrun for example_sensors to None, run_after=None
[2023-08-04T07:12:15.903+0000] {processor.py:179} INFO - Processing /home/airflow/.local/lib/python3.7/site-packages/airflow/example_dags/example_sensors.py took 0.078 seconds
[2023-08-04T07:12:46.388+0000] {processor.py:157} INFO - Started process (PID=3537) to work on /home/airflow/.local/lib/python3.7/site-packages/airflow/example_dags/example_sensors.py
[2023-08-04T07:12:46.389+0000] {processor.py:826} INFO - Processing file /home/airflow/.local/lib/python3.7/site-packages/airflow/example_dags/example_sensors.py for tasks to queue
[2023-08-04T07:12:46.391+0000] {logging_mixin.py:150} INFO - [2023-08-04T07:12:46.390+0000] {dagbag.py:541} INFO - Filling up the DagBag from /home/airflow/.local/lib/python3.7/site-packages/airflow/example_dags/example_sensors.py
[2023-08-04T07:12:46.400+0000] {processor.py:836} INFO - DAG(s) dict_keys(['example_sensors']) retrieved from /home/airflow/.local/lib/python3.7/site-packages/airflow/example_dags/example_sensors.py
[2023-08-04T07:12:46.427+0000] {logging_mixin.py:150} INFO - [2023-08-04T07:12:46.427+0000] {dag.py:2742} INFO - Sync 1 DAGs
[2023-08-04T07:12:46.448+0000] {logging_mixin.py:150} INFO - [2023-08-04T07:12:46.448+0000] {dag.py:3508} INFO - Setting next_dagrun for example_sensors to None, run_after=None
[2023-08-04T07:12:46.463+0000] {processor.py:179} INFO - Processing /home/airflow/.local/lib/python3.7/site-packages/airflow/example_dags/example_sensors.py took 0.079 seconds
[2023-08-04T07:13:16.937+0000] {processor.py:157} INFO - Started process (PID=3595) to work on /home/airflow/.local/lib/python3.7/site-packages/airflow/example_dags/example_sensors.py
[2023-08-04T07:13:16.939+0000] {processor.py:826} INFO - Processing file /home/airflow/.local/lib/python3.7/site-packages/airflow/example_dags/example_sensors.py for tasks to queue
[2023-08-04T07:13:16.941+0000] {logging_mixin.py:150} INFO - [2023-08-04T07:13:16.940+0000] {dagbag.py:541} INFO - Filling up the DagBag from /home/airflow/.local/lib/python3.7/site-packages/airflow/example_dags/example_sensors.py
[2023-08-04T07:13:16.951+0000] {processor.py:836} INFO - DAG(s) dict_keys(['example_sensors']) retrieved from /home/airflow/.local/lib/python3.7/site-packages/airflow/example_dags/example_sensors.py
[2023-08-04T07:13:16.978+0000] {logging_mixin.py:150} INFO - [2023-08-04T07:13:16.978+0000] {dag.py:2742} INFO - Sync 1 DAGs
[2023-08-04T07:13:16.999+0000] {logging_mixin.py:150} INFO - [2023-08-04T07:13:16.999+0000] {dag.py:3508} INFO - Setting next_dagrun for example_sensors to None, run_after=None
[2023-08-04T07:13:17.013+0000] {processor.py:179} INFO - Processing /home/airflow/.local/lib/python3.7/site-packages/airflow/example_dags/example_sensors.py took 0.080 seconds
[2023-08-04T07:13:47.287+0000] {processor.py:157} INFO - Started process (PID=3653) to work on /home/airflow/.local/lib/python3.7/site-packages/airflow/example_dags/example_sensors.py
[2023-08-04T07:13:47.289+0000] {processor.py:826} INFO - Processing file /home/airflow/.local/lib/python3.7/site-packages/airflow/example_dags/example_sensors.py for tasks to queue
[2023-08-04T07:13:47.290+0000] {logging_mixin.py:150} INFO - [2023-08-04T07:13:47.289+0000] {dagbag.py:541} INFO - Filling up the DagBag from /home/airflow/.local/lib/python3.7/site-packages/airflow/example_dags/example_sensors.py
[2023-08-04T07:13:47.299+0000] {processor.py:836} INFO - DAG(s) dict_keys(['example_sensors']) retrieved from /home/airflow/.local/lib/python3.7/site-packages/airflow/example_dags/example_sensors.py
[2023-08-04T07:13:47.326+0000] {logging_mixin.py:150} INFO - [2023-08-04T07:13:47.326+0000] {dag.py:2742} INFO - Sync 1 DAGs
[2023-08-04T07:13:47.347+0000] {logging_mixin.py:150} INFO - [2023-08-04T07:13:47.347+0000] {dag.py:3508} INFO - Setting next_dagrun for example_sensors to None, run_after=None
[2023-08-04T07:13:47.362+0000] {processor.py:179} INFO - Processing /home/airflow/.local/lib/python3.7/site-packages/airflow/example_dags/example_sensors.py took 0.078 seconds
[2023-08-04T07:14:17.580+0000] {processor.py:157} INFO - Started process (PID=3711) to work on /home/airflow/.local/lib/python3.7/site-packages/airflow/example_dags/example_sensors.py
[2023-08-04T07:14:17.581+0000] {processor.py:826} INFO - Processing file /home/airflow/.local/lib/python3.7/site-packages/airflow/example_dags/example_sensors.py for tasks to queue
[2023-08-04T07:14:17.582+0000] {logging_mixin.py:150} INFO - [2023-08-04T07:14:17.582+0000] {dagbag.py:541} INFO - Filling up the DagBag from /home/airflow/.local/lib/python3.7/site-packages/airflow/example_dags/example_sensors.py
[2023-08-04T07:14:17.592+0000] {processor.py:836} INFO - DAG(s) dict_keys(['example_sensors']) retrieved from /home/airflow/.local/lib/python3.7/site-packages/airflow/example_dags/example_sensors.py
[2023-08-04T07:14:17.619+0000] {logging_mixin.py:150} INFO - [2023-08-04T07:14:17.619+0000] {dag.py:2742} INFO - Sync 1 DAGs
[2023-08-04T07:14:17.641+0000] {logging_mixin.py:150} INFO - [2023-08-04T07:14:17.641+0000] {dag.py:3508} INFO - Setting next_dagrun for example_sensors to None, run_after=None
[2023-08-04T07:14:17.655+0000] {processor.py:179} INFO - Processing /home/airflow/.local/lib/python3.7/site-packages/airflow/example_dags/example_sensors.py took 0.078 seconds
[2023-08-04T07:14:47.953+0000] {processor.py:157} INFO - Started process (PID=3769) to work on /home/airflow/.local/lib/python3.7/site-packages/airflow/example_dags/example_sensors.py
[2023-08-04T07:14:47.955+0000] {processor.py:826} INFO - Processing file /home/airflow/.local/lib/python3.7/site-packages/airflow/example_dags/example_sensors.py for tasks to queue
[2023-08-04T07:14:47.956+0000] {logging_mixin.py:150} INFO - [2023-08-04T07:14:47.956+0000] {dagbag.py:541} INFO - Filling up the DagBag from /home/airflow/.local/lib/python3.7/site-packages/airflow/example_dags/example_sensors.py
[2023-08-04T07:14:47.967+0000] {processor.py:836} INFO - DAG(s) dict_keys(['example_sensors']) retrieved from /home/airflow/.local/lib/python3.7/site-packages/airflow/example_dags/example_sensors.py
[2023-08-04T07:14:47.995+0000] {logging_mixin.py:150} INFO - [2023-08-04T07:14:47.995+0000] {dag.py:2742} INFO - Sync 1 DAGs
[2023-08-04T07:14:48.017+0000] {logging_mixin.py:150} INFO - [2023-08-04T07:14:48.017+0000] {dag.py:3508} INFO - Setting next_dagrun for example_sensors to None, run_after=None
[2023-08-04T07:14:48.031+0000] {processor.py:179} INFO - Processing /home/airflow/.local/lib/python3.7/site-packages/airflow/example_dags/example_sensors.py took 0.081 seconds
[2023-08-04T07:15:18.216+0000] {processor.py:157} INFO - Started process (PID=3823) to work on /home/airflow/.local/lib/python3.7/site-packages/airflow/example_dags/example_sensors.py
[2023-08-04T07:15:18.217+0000] {processor.py:826} INFO - Processing file /home/airflow/.local/lib/python3.7/site-packages/airflow/example_dags/example_sensors.py for tasks to queue
[2023-08-04T07:15:18.218+0000] {logging_mixin.py:150} INFO - [2023-08-04T07:15:18.218+0000] {dagbag.py:541} INFO - Filling up the DagBag from /home/airflow/.local/lib/python3.7/site-packages/airflow/example_dags/example_sensors.py
[2023-08-04T07:15:18.229+0000] {processor.py:836} INFO - DAG(s) dict_keys(['example_sensors']) retrieved from /home/airflow/.local/lib/python3.7/site-packages/airflow/example_dags/example_sensors.py
[2023-08-04T07:15:18.260+0000] {logging_mixin.py:150} INFO - [2023-08-04T07:15:18.260+0000] {dag.py:2742} INFO - Sync 1 DAGs
[2023-08-04T07:15:18.282+0000] {logging_mixin.py:150} INFO - [2023-08-04T07:15:18.282+0000] {dag.py:3508} INFO - Setting next_dagrun for example_sensors to None, run_after=None
[2023-08-04T07:15:18.300+0000] {processor.py:179} INFO - Processing /home/airflow/.local/lib/python3.7/site-packages/airflow/example_dags/example_sensors.py took 0.088 seconds
[2023-08-04T07:15:48.842+0000] {processor.py:157} INFO - Started process (PID=3880) to work on /home/airflow/.local/lib/python3.7/site-packages/airflow/example_dags/example_sensors.py
[2023-08-04T07:15:48.843+0000] {processor.py:826} INFO - Processing file /home/airflow/.local/lib/python3.7/site-packages/airflow/example_dags/example_sensors.py for tasks to queue
[2023-08-04T07:15:48.844+0000] {logging_mixin.py:150} INFO - [2023-08-04T07:15:48.844+0000] {dagbag.py:541} INFO - Filling up the DagBag from /home/airflow/.local/lib/python3.7/site-packages/airflow/example_dags/example_sensors.py
[2023-08-04T07:15:48.854+0000] {processor.py:836} INFO - DAG(s) dict_keys(['example_sensors']) retrieved from /home/airflow/.local/lib/python3.7/site-packages/airflow/example_dags/example_sensors.py
[2023-08-04T07:15:48.883+0000] {logging_mixin.py:150} INFO - [2023-08-04T07:15:48.882+0000] {dag.py:2742} INFO - Sync 1 DAGs
[2023-08-04T07:15:48.905+0000] {logging_mixin.py:150} INFO - [2023-08-04T07:15:48.905+0000] {dag.py:3508} INFO - Setting next_dagrun for example_sensors to None, run_after=None
[2023-08-04T07:15:48.937+0000] {processor.py:179} INFO - Processing /home/airflow/.local/lib/python3.7/site-packages/airflow/example_dags/example_sensors.py took 0.100 seconds
[2023-08-04T07:16:19.394+0000] {processor.py:157} INFO - Started process (PID=3937) to work on /home/airflow/.local/lib/python3.7/site-packages/airflow/example_dags/example_sensors.py
[2023-08-04T07:16:19.396+0000] {processor.py:826} INFO - Processing file /home/airflow/.local/lib/python3.7/site-packages/airflow/example_dags/example_sensors.py for tasks to queue
[2023-08-04T07:16:19.397+0000] {logging_mixin.py:150} INFO - [2023-08-04T07:16:19.397+0000] {dagbag.py:541} INFO - Filling up the DagBag from /home/airflow/.local/lib/python3.7/site-packages/airflow/example_dags/example_sensors.py
[2023-08-04T07:16:19.408+0000] {processor.py:836} INFO - DAG(s) dict_keys(['example_sensors']) retrieved from /home/airflow/.local/lib/python3.7/site-packages/airflow/example_dags/example_sensors.py
[2023-08-04T07:16:19.443+0000] {logging_mixin.py:150} INFO - [2023-08-04T07:16:19.443+0000] {dag.py:2742} INFO - Sync 1 DAGs
[2023-08-04T07:16:19.480+0000] {logging_mixin.py:150} INFO - [2023-08-04T07:16:19.480+0000] {dag.py:3508} INFO - Setting next_dagrun for example_sensors to None, run_after=None
[2023-08-04T07:16:19.513+0000] {processor.py:179} INFO - Processing /home/airflow/.local/lib/python3.7/site-packages/airflow/example_dags/example_sensors.py took 0.124 seconds
[2023-08-04T07:16:50.110+0000] {processor.py:157} INFO - Started process (PID=3995) to work on /home/airflow/.local/lib/python3.7/site-packages/airflow/example_dags/example_sensors.py
[2023-08-04T07:16:50.111+0000] {processor.py:826} INFO - Processing file /home/airflow/.local/lib/python3.7/site-packages/airflow/example_dags/example_sensors.py for tasks to queue
[2023-08-04T07:16:50.113+0000] {logging_mixin.py:150} INFO - [2023-08-04T07:16:50.112+0000] {dagbag.py:541} INFO - Filling up the DagBag from /home/airflow/.local/lib/python3.7/site-packages/airflow/example_dags/example_sensors.py
[2023-08-04T07:16:50.123+0000] {processor.py:836} INFO - DAG(s) dict_keys(['example_sensors']) retrieved from /home/airflow/.local/lib/python3.7/site-packages/airflow/example_dags/example_sensors.py
[2023-08-04T07:16:50.155+0000] {logging_mixin.py:150} INFO - [2023-08-04T07:16:50.155+0000] {dag.py:2742} INFO - Sync 1 DAGs
[2023-08-04T07:16:50.178+0000] {logging_mixin.py:150} INFO - [2023-08-04T07:16:50.178+0000] {dag.py:3508} INFO - Setting next_dagrun for example_sensors to None, run_after=None
[2023-08-04T07:16:50.193+0000] {processor.py:179} INFO - Processing /home/airflow/.local/lib/python3.7/site-packages/airflow/example_dags/example_sensors.py took 0.087 seconds
[2023-08-04T07:17:20.726+0000] {processor.py:157} INFO - Started process (PID=4053) to work on /home/airflow/.local/lib/python3.7/site-packages/airflow/example_dags/example_sensors.py
[2023-08-04T07:17:20.727+0000] {processor.py:826} INFO - Processing file /home/airflow/.local/lib/python3.7/site-packages/airflow/example_dags/example_sensors.py for tasks to queue
[2023-08-04T07:17:20.728+0000] {logging_mixin.py:150} INFO - [2023-08-04T07:17:20.728+0000] {dagbag.py:541} INFO - Filling up the DagBag from /home/airflow/.local/lib/python3.7/site-packages/airflow/example_dags/example_sensors.py
[2023-08-04T07:17:20.738+0000] {processor.py:836} INFO - DAG(s) dict_keys(['example_sensors']) retrieved from /home/airflow/.local/lib/python3.7/site-packages/airflow/example_dags/example_sensors.py
[2023-08-04T07:17:20.767+0000] {logging_mixin.py:150} INFO - [2023-08-04T07:17:20.767+0000] {dag.py:2742} INFO - Sync 1 DAGs
[2023-08-04T07:17:20.789+0000] {logging_mixin.py:150} INFO - [2023-08-04T07:17:20.789+0000] {dag.py:3508} INFO - Setting next_dagrun for example_sensors to None, run_after=None
[2023-08-04T07:17:20.804+0000] {processor.py:179} INFO - Processing /home/airflow/.local/lib/python3.7/site-packages/airflow/example_dags/example_sensors.py took 0.082 seconds
[2023-08-04T07:17:51.603+0000] {processor.py:157} INFO - Started process (PID=4111) to work on /home/airflow/.local/lib/python3.7/site-packages/airflow/example_dags/example_sensors.py
[2023-08-04T07:17:51.605+0000] {processor.py:826} INFO - Processing file /home/airflow/.local/lib/python3.7/site-packages/airflow/example_dags/example_sensors.py for tasks to queue
[2023-08-04T07:17:51.606+0000] {logging_mixin.py:150} INFO - [2023-08-04T07:17:51.605+0000] {dagbag.py:541} INFO - Filling up the DagBag from /home/airflow/.local/lib/python3.7/site-packages/airflow/example_dags/example_sensors.py
[2023-08-04T07:17:51.616+0000] {processor.py:836} INFO - DAG(s) dict_keys(['example_sensors']) retrieved from /home/airflow/.local/lib/python3.7/site-packages/airflow/example_dags/example_sensors.py
[2023-08-04T07:17:51.644+0000] {logging_mixin.py:150} INFO - [2023-08-04T07:17:51.644+0000] {dag.py:2742} INFO - Sync 1 DAGs
[2023-08-04T07:17:51.666+0000] {logging_mixin.py:150} INFO - [2023-08-04T07:17:51.666+0000] {dag.py:3508} INFO - Setting next_dagrun for example_sensors to None, run_after=None
[2023-08-04T07:17:51.699+0000] {processor.py:179} INFO - Processing /home/airflow/.local/lib/python3.7/site-packages/airflow/example_dags/example_sensors.py took 0.100 seconds
[2023-08-04T07:18:21.788+0000] {processor.py:157} INFO - Started process (PID=4169) to work on /home/airflow/.local/lib/python3.7/site-packages/airflow/example_dags/example_sensors.py
[2023-08-04T07:18:21.789+0000] {processor.py:826} INFO - Processing file /home/airflow/.local/lib/python3.7/site-packages/airflow/example_dags/example_sensors.py for tasks to queue
[2023-08-04T07:18:21.790+0000] {logging_mixin.py:150} INFO - [2023-08-04T07:18:21.790+0000] {dagbag.py:541} INFO - Filling up the DagBag from /home/airflow/.local/lib/python3.7/site-packages/airflow/example_dags/example_sensors.py
[2023-08-04T07:18:21.800+0000] {processor.py:836} INFO - DAG(s) dict_keys(['example_sensors']) retrieved from /home/airflow/.local/lib/python3.7/site-packages/airflow/example_dags/example_sensors.py
[2023-08-04T07:18:21.827+0000] {logging_mixin.py:150} INFO - [2023-08-04T07:18:21.826+0000] {dag.py:2742} INFO - Sync 1 DAGs
[2023-08-04T07:18:21.847+0000] {logging_mixin.py:150} INFO - [2023-08-04T07:18:21.847+0000] {dag.py:3508} INFO - Setting next_dagrun for example_sensors to None, run_after=None
[2023-08-04T07:18:21.862+0000] {processor.py:179} INFO - Processing /home/airflow/.local/lib/python3.7/site-packages/airflow/example_dags/example_sensors.py took 0.078 seconds
[2023-08-04T07:18:52.405+0000] {processor.py:157} INFO - Started process (PID=4227) to work on /home/airflow/.local/lib/python3.7/site-packages/airflow/example_dags/example_sensors.py
[2023-08-04T07:18:52.406+0000] {processor.py:826} INFO - Processing file /home/airflow/.local/lib/python3.7/site-packages/airflow/example_dags/example_sensors.py for tasks to queue
[2023-08-04T07:18:52.408+0000] {logging_mixin.py:150} INFO - [2023-08-04T07:18:52.407+0000] {dagbag.py:541} INFO - Filling up the DagBag from /home/airflow/.local/lib/python3.7/site-packages/airflow/example_dags/example_sensors.py
[2023-08-04T07:18:52.418+0000] {processor.py:836} INFO - DAG(s) dict_keys(['example_sensors']) retrieved from /home/airflow/.local/lib/python3.7/site-packages/airflow/example_dags/example_sensors.py
[2023-08-04T07:18:52.445+0000] {logging_mixin.py:150} INFO - [2023-08-04T07:18:52.444+0000] {dag.py:2742} INFO - Sync 1 DAGs
[2023-08-04T07:18:52.466+0000] {logging_mixin.py:150} INFO - [2023-08-04T07:18:52.466+0000] {dag.py:3508} INFO - Setting next_dagrun for example_sensors to None, run_after=None
[2023-08-04T07:18:52.480+0000] {processor.py:179} INFO - Processing /home/airflow/.local/lib/python3.7/site-packages/airflow/example_dags/example_sensors.py took 0.079 seconds
[2023-08-04T07:19:22.975+0000] {processor.py:157} INFO - Started process (PID=4285) to work on /home/airflow/.local/lib/python3.7/site-packages/airflow/example_dags/example_sensors.py
[2023-08-04T07:19:22.976+0000] {processor.py:826} INFO - Processing file /home/airflow/.local/lib/python3.7/site-packages/airflow/example_dags/example_sensors.py for tasks to queue
[2023-08-04T07:19:22.978+0000] {logging_mixin.py:150} INFO - [2023-08-04T07:19:22.977+0000] {dagbag.py:541} INFO - Filling up the DagBag from /home/airflow/.local/lib/python3.7/site-packages/airflow/example_dags/example_sensors.py
[2023-08-04T07:19:22.988+0000] {processor.py:836} INFO - DAG(s) dict_keys(['example_sensors']) retrieved from /home/airflow/.local/lib/python3.7/site-packages/airflow/example_dags/example_sensors.py
[2023-08-04T07:19:23.015+0000] {logging_mixin.py:150} INFO - [2023-08-04T07:19:23.014+0000] {dag.py:2742} INFO - Sync 1 DAGs
[2023-08-04T07:19:23.036+0000] {logging_mixin.py:150} INFO - [2023-08-04T07:19:23.035+0000] {dag.py:3508} INFO - Setting next_dagrun for example_sensors to None, run_after=None
[2023-08-04T07:19:23.050+0000] {processor.py:179} INFO - Processing /home/airflow/.local/lib/python3.7/site-packages/airflow/example_dags/example_sensors.py took 0.079 seconds
[2023-08-04T07:19:53.704+0000] {processor.py:157} INFO - Started process (PID=4344) to work on /home/airflow/.local/lib/python3.7/site-packages/airflow/example_dags/example_sensors.py
[2023-08-04T07:19:53.706+0000] {processor.py:826} INFO - Processing file /home/airflow/.local/lib/python3.7/site-packages/airflow/example_dags/example_sensors.py for tasks to queue
[2023-08-04T07:19:53.707+0000] {logging_mixin.py:150} INFO - [2023-08-04T07:19:53.707+0000] {dagbag.py:541} INFO - Filling up the DagBag from /home/airflow/.local/lib/python3.7/site-packages/airflow/example_dags/example_sensors.py
[2023-08-04T07:19:53.717+0000] {processor.py:836} INFO - DAG(s) dict_keys(['example_sensors']) retrieved from /home/airflow/.local/lib/python3.7/site-packages/airflow/example_dags/example_sensors.py
[2023-08-04T07:19:53.744+0000] {logging_mixin.py:150} INFO - [2023-08-04T07:19:53.744+0000] {dag.py:2742} INFO - Sync 1 DAGs
[2023-08-04T07:19:53.766+0000] {logging_mixin.py:150} INFO - [2023-08-04T07:19:53.766+0000] {dag.py:3508} INFO - Setting next_dagrun for example_sensors to None, run_after=None
[2023-08-04T07:19:53.780+0000] {processor.py:179} INFO - Processing /home/airflow/.local/lib/python3.7/site-packages/airflow/example_dags/example_sensors.py took 0.079 seconds
