[2023-08-04T06:52:15.718+0000] {processor.py:157} INFO - Started process (PID=1172) to work on /opt/airflow/dags/process-employees.py
[2023-08-04T06:52:15.719+0000] {processor.py:826} INFO - Processing file /opt/airflow/dags/process-employees.py for tasks to queue
[2023-08-04T06:52:15.720+0000] {logging_mixin.py:150} INFO - [2023-08-04T06:52:15.720+0000] {dagbag.py:541} INFO - Filling up the DagBag from /opt/airflow/dags/process-employees.py
[2023-08-04T06:52:15.739+0000] {processor.py:836} INFO - DAG(s) dict_keys(['process-employees']) retrieved from /opt/airflow/dags/process-employees.py
[2023-08-04T06:52:15.837+0000] {logging_mixin.py:150} INFO - [2023-08-04T06:52:15.837+0000] {manager.py:504} INFO - Created Permission View: can read on DAG:process-employees
[2023-08-04T06:52:15.847+0000] {logging_mixin.py:150} INFO - [2023-08-04T06:52:15.847+0000] {manager.py:504} INFO - Created Permission View: can delete on DAG:process-employees
[2023-08-04T06:52:15.854+0000] {logging_mixin.py:150} INFO - [2023-08-04T06:52:15.854+0000] {manager.py:504} INFO - Created Permission View: can edit on DAG:process-employees
[2023-08-04T06:52:15.869+0000] {logging_mixin.py:150} INFO - [2023-08-04T06:52:15.869+0000] {dag.py:2742} INFO - Sync 1 DAGs
[2023-08-04T06:52:15.881+0000] {logging_mixin.py:150} INFO - [2023-08-04T06:52:15.881+0000] {dag.py:2763} INFO - Creating ORM DAG for process-employees
[2023-08-04T06:52:15.892+0000] {logging_mixin.py:150} INFO - [2023-08-04T06:52:15.892+0000] {dag.py:3508} INFO - Setting next_dagrun for process-employees to 2023-08-03T00:00:00+00:00, run_after=2023-08-04T00:00:00+00:00
[2023-08-04T06:52:15.908+0000] {processor.py:179} INFO - Processing /opt/airflow/dags/process-employees.py took 0.194 seconds
[2023-08-04T06:52:46.394+0000] {processor.py:157} INFO - Started process (PID=1230) to work on /opt/airflow/dags/process-employees.py
[2023-08-04T06:52:46.396+0000] {processor.py:826} INFO - Processing file /opt/airflow/dags/process-employees.py for tasks to queue
[2023-08-04T06:52:46.398+0000] {logging_mixin.py:150} INFO - [2023-08-04T06:52:46.398+0000] {dagbag.py:541} INFO - Filling up the DagBag from /opt/airflow/dags/process-employees.py
[2023-08-04T06:52:46.413+0000] {processor.py:836} INFO - DAG(s) dict_keys(['process-employees']) retrieved from /opt/airflow/dags/process-employees.py
[2023-08-04T06:52:46.440+0000] {logging_mixin.py:150} INFO - [2023-08-04T06:52:46.440+0000] {dag.py:2742} INFO - Sync 1 DAGs
[2023-08-04T06:52:46.466+0000] {logging_mixin.py:150} INFO - [2023-08-04T06:52:46.466+0000] {dag.py:3508} INFO - Setting next_dagrun for process-employees to 2023-08-03T00:00:00+00:00, run_after=2023-08-04T00:00:00+00:00
[2023-08-04T06:52:46.481+0000] {processor.py:179} INFO - Processing /opt/airflow/dags/process-employees.py took 0.093 seconds
[2023-08-04T06:53:16.803+0000] {processor.py:157} INFO - Started process (PID=1293) to work on /opt/airflow/dags/process-employees.py
[2023-08-04T06:53:16.805+0000] {processor.py:826} INFO - Processing file /opt/airflow/dags/process-employees.py for tasks to queue
[2023-08-04T06:53:16.806+0000] {logging_mixin.py:150} INFO - [2023-08-04T06:53:16.806+0000] {dagbag.py:541} INFO - Filling up the DagBag from /opt/airflow/dags/process-employees.py
[2023-08-04T06:53:16.818+0000] {processor.py:836} INFO - DAG(s) dict_keys(['process-employees']) retrieved from /opt/airflow/dags/process-employees.py
[2023-08-04T06:53:16.843+0000] {logging_mixin.py:150} INFO - [2023-08-04T06:53:16.843+0000] {dag.py:2742} INFO - Sync 1 DAGs
[2023-08-04T06:53:16.867+0000] {logging_mixin.py:150} INFO - [2023-08-04T06:53:16.867+0000] {dag.py:3508} INFO - Setting next_dagrun for process-employees to 2023-08-04T00:00:00+00:00, run_after=2023-08-05T00:00:00+00:00
[2023-08-04T06:53:16.881+0000] {processor.py:179} INFO - Processing /opt/airflow/dags/process-employees.py took 0.083 seconds
[2023-08-04T06:53:47.167+0000] {processor.py:157} INFO - Started process (PID=1351) to work on /opt/airflow/dags/process-employees.py
[2023-08-04T06:53:47.168+0000] {processor.py:826} INFO - Processing file /opt/airflow/dags/process-employees.py for tasks to queue
[2023-08-04T06:53:47.170+0000] {logging_mixin.py:150} INFO - [2023-08-04T06:53:47.169+0000] {dagbag.py:541} INFO - Filling up the DagBag from /opt/airflow/dags/process-employees.py
[2023-08-04T06:53:47.181+0000] {processor.py:836} INFO - DAG(s) dict_keys(['process-employees']) retrieved from /opt/airflow/dags/process-employees.py
[2023-08-04T06:53:47.206+0000] {logging_mixin.py:150} INFO - [2023-08-04T06:53:47.206+0000] {dag.py:2742} INFO - Sync 1 DAGs
[2023-08-04T06:53:47.228+0000] {logging_mixin.py:150} INFO - [2023-08-04T06:53:47.228+0000] {dag.py:3508} INFO - Setting next_dagrun for process-employees to 2023-08-04T00:00:00+00:00, run_after=2023-08-05T00:00:00+00:00
[2023-08-04T06:53:47.243+0000] {processor.py:179} INFO - Processing /opt/airflow/dags/process-employees.py took 0.080 seconds
[2023-08-04T06:54:17.664+0000] {processor.py:157} INFO - Started process (PID=1409) to work on /opt/airflow/dags/process-employees.py
[2023-08-04T06:54:17.665+0000] {processor.py:826} INFO - Processing file /opt/airflow/dags/process-employees.py for tasks to queue
[2023-08-04T06:54:17.666+0000] {logging_mixin.py:150} INFO - [2023-08-04T06:54:17.666+0000] {dagbag.py:541} INFO - Filling up the DagBag from /opt/airflow/dags/process-employees.py
[2023-08-04T06:54:17.680+0000] {processor.py:836} INFO - DAG(s) dict_keys(['process-employees']) retrieved from /opt/airflow/dags/process-employees.py
[2023-08-04T06:54:17.706+0000] {logging_mixin.py:150} INFO - [2023-08-04T06:54:17.706+0000] {dag.py:2742} INFO - Sync 1 DAGs
[2023-08-04T06:54:17.730+0000] {logging_mixin.py:150} INFO - [2023-08-04T06:54:17.730+0000] {dag.py:3508} INFO - Setting next_dagrun for process-employees to 2023-08-04T00:00:00+00:00, run_after=2023-08-05T00:00:00+00:00
[2023-08-04T06:54:17.744+0000] {processor.py:179} INFO - Processing /opt/airflow/dags/process-employees.py took 0.086 seconds
[2023-08-04T06:54:47.992+0000] {processor.py:157} INFO - Started process (PID=1467) to work on /opt/airflow/dags/process-employees.py
[2023-08-04T06:54:47.994+0000] {processor.py:826} INFO - Processing file /opt/airflow/dags/process-employees.py for tasks to queue
[2023-08-04T06:54:47.995+0000] {logging_mixin.py:150} INFO - [2023-08-04T06:54:47.995+0000] {dagbag.py:541} INFO - Filling up the DagBag from /opt/airflow/dags/process-employees.py
[2023-08-04T06:54:48.008+0000] {processor.py:836} INFO - DAG(s) dict_keys(['process-employees']) retrieved from /opt/airflow/dags/process-employees.py
[2023-08-04T06:54:48.035+0000] {logging_mixin.py:150} INFO - [2023-08-04T06:54:48.035+0000] {dag.py:2742} INFO - Sync 1 DAGs
[2023-08-04T06:54:48.059+0000] {logging_mixin.py:150} INFO - [2023-08-04T06:54:48.059+0000] {dag.py:3508} INFO - Setting next_dagrun for process-employees to 2023-08-04T00:00:00+00:00, run_after=2023-08-05T00:00:00+00:00
[2023-08-04T06:54:48.075+0000] {processor.py:179} INFO - Processing /opt/airflow/dags/process-employees.py took 0.087 seconds
[2023-08-04T06:55:18.913+0000] {processor.py:157} INFO - Started process (PID=1524) to work on /opt/airflow/dags/process-employees.py
[2023-08-04T06:55:18.916+0000] {processor.py:826} INFO - Processing file /opt/airflow/dags/process-employees.py for tasks to queue
[2023-08-04T06:55:18.917+0000] {logging_mixin.py:150} INFO - [2023-08-04T06:55:18.917+0000] {dagbag.py:541} INFO - Filling up the DagBag from /opt/airflow/dags/process-employees.py
[2023-08-04T06:55:18.929+0000] {processor.py:836} INFO - DAG(s) dict_keys(['process-employees']) retrieved from /opt/airflow/dags/process-employees.py
[2023-08-04T06:55:18.955+0000] {logging_mixin.py:150} INFO - [2023-08-04T06:55:18.954+0000] {dag.py:2742} INFO - Sync 1 DAGs
[2023-08-04T06:55:18.978+0000] {logging_mixin.py:150} INFO - [2023-08-04T06:55:18.978+0000] {dag.py:3508} INFO - Setting next_dagrun for process-employees to 2023-08-04T00:00:00+00:00, run_after=2023-08-05T00:00:00+00:00
[2023-08-04T06:55:18.993+0000] {processor.py:179} INFO - Processing /opt/airflow/dags/process-employees.py took 0.085 seconds
[2023-08-04T06:55:49.384+0000] {processor.py:157} INFO - Started process (PID=1582) to work on /opt/airflow/dags/process-employees.py
[2023-08-04T06:55:49.387+0000] {processor.py:826} INFO - Processing file /opt/airflow/dags/process-employees.py for tasks to queue
[2023-08-04T06:55:49.388+0000] {logging_mixin.py:150} INFO - [2023-08-04T06:55:49.388+0000] {dagbag.py:541} INFO - Filling up the DagBag from /opt/airflow/dags/process-employees.py
[2023-08-04T06:55:49.404+0000] {processor.py:836} INFO - DAG(s) dict_keys(['process-employees']) retrieved from /opt/airflow/dags/process-employees.py
[2023-08-04T06:55:49.434+0000] {logging_mixin.py:150} INFO - [2023-08-04T06:55:49.434+0000] {dag.py:2742} INFO - Sync 1 DAGs
[2023-08-04T06:55:49.461+0000] {logging_mixin.py:150} INFO - [2023-08-04T06:55:49.461+0000] {dag.py:3508} INFO - Setting next_dagrun for process-employees to 2023-08-04T00:00:00+00:00, run_after=2023-08-05T00:00:00+00:00
[2023-08-04T06:55:49.477+0000] {processor.py:179} INFO - Processing /opt/airflow/dags/process-employees.py took 0.098 seconds
[2023-08-04T06:56:19.759+0000] {processor.py:157} INFO - Started process (PID=1639) to work on /opt/airflow/dags/process-employees.py
[2023-08-04T06:56:19.761+0000] {processor.py:826} INFO - Processing file /opt/airflow/dags/process-employees.py for tasks to queue
[2023-08-04T06:56:19.762+0000] {logging_mixin.py:150} INFO - [2023-08-04T06:56:19.762+0000] {dagbag.py:541} INFO - Filling up the DagBag from /opt/airflow/dags/process-employees.py
[2023-08-04T06:56:19.774+0000] {processor.py:836} INFO - DAG(s) dict_keys(['process-employees']) retrieved from /opt/airflow/dags/process-employees.py
[2023-08-04T06:56:19.798+0000] {logging_mixin.py:150} INFO - [2023-08-04T06:56:19.798+0000] {dag.py:2742} INFO - Sync 1 DAGs
[2023-08-04T06:56:19.821+0000] {logging_mixin.py:150} INFO - [2023-08-04T06:56:19.821+0000] {dag.py:3508} INFO - Setting next_dagrun for process-employees to 2023-08-04T00:00:00+00:00, run_after=2023-08-05T00:00:00+00:00
[2023-08-04T06:56:19.835+0000] {processor.py:179} INFO - Processing /opt/airflow/dags/process-employees.py took 0.079 seconds
[2023-08-04T06:56:50.870+0000] {processor.py:157} INFO - Started process (PID=1697) to work on /opt/airflow/dags/process-employees.py
[2023-08-04T06:56:50.873+0000] {processor.py:826} INFO - Processing file /opt/airflow/dags/process-employees.py for tasks to queue
[2023-08-04T06:56:50.875+0000] {logging_mixin.py:150} INFO - [2023-08-04T06:56:50.874+0000] {dagbag.py:541} INFO - Filling up the DagBag from /opt/airflow/dags/process-employees.py
[2023-08-04T06:56:50.896+0000] {processor.py:836} INFO - DAG(s) dict_keys(['process-employees']) retrieved from /opt/airflow/dags/process-employees.py
[2023-08-04T06:56:50.931+0000] {logging_mixin.py:150} INFO - [2023-08-04T06:56:50.931+0000] {dag.py:2742} INFO - Sync 1 DAGs
[2023-08-04T06:56:50.962+0000] {logging_mixin.py:150} INFO - [2023-08-04T06:56:50.961+0000] {dag.py:3508} INFO - Setting next_dagrun for process-employees to 2023-08-04T00:00:00+00:00, run_after=2023-08-05T00:00:00+00:00
[2023-08-04T06:56:50.979+0000] {processor.py:179} INFO - Processing /opt/airflow/dags/process-employees.py took 0.115 seconds
[2023-08-04T06:57:21.406+0000] {processor.py:157} INFO - Started process (PID=1755) to work on /opt/airflow/dags/process-employees.py
[2023-08-04T06:57:21.408+0000] {processor.py:826} INFO - Processing file /opt/airflow/dags/process-employees.py for tasks to queue
[2023-08-04T06:57:21.409+0000] {logging_mixin.py:150} INFO - [2023-08-04T06:57:21.408+0000] {dagbag.py:541} INFO - Filling up the DagBag from /opt/airflow/dags/process-employees.py
[2023-08-04T06:57:21.421+0000] {processor.py:836} INFO - DAG(s) dict_keys(['process-employees']) retrieved from /opt/airflow/dags/process-employees.py
[2023-08-04T06:57:21.444+0000] {logging_mixin.py:150} INFO - [2023-08-04T06:57:21.444+0000] {dag.py:2742} INFO - Sync 1 DAGs
[2023-08-04T06:57:21.467+0000] {logging_mixin.py:150} INFO - [2023-08-04T06:57:21.467+0000] {dag.py:3508} INFO - Setting next_dagrun for process-employees to 2023-08-04T00:00:00+00:00, run_after=2023-08-05T00:00:00+00:00
[2023-08-04T06:57:21.481+0000] {processor.py:179} INFO - Processing /opt/airflow/dags/process-employees.py took 0.079 seconds
[2023-08-04T06:57:52.356+0000] {processor.py:157} INFO - Started process (PID=1813) to work on /opt/airflow/dags/process-employees.py
[2023-08-04T06:57:52.358+0000] {processor.py:826} INFO - Processing file /opt/airflow/dags/process-employees.py for tasks to queue
[2023-08-04T06:57:52.360+0000] {logging_mixin.py:150} INFO - [2023-08-04T06:57:52.359+0000] {dagbag.py:541} INFO - Filling up the DagBag from /opt/airflow/dags/process-employees.py
[2023-08-04T06:57:52.374+0000] {processor.py:836} INFO - DAG(s) dict_keys(['process-employees']) retrieved from /opt/airflow/dags/process-employees.py
[2023-08-04T06:57:52.404+0000] {logging_mixin.py:150} INFO - [2023-08-04T06:57:52.404+0000] {dag.py:2742} INFO - Sync 1 DAGs
[2023-08-04T06:57:52.429+0000] {logging_mixin.py:150} INFO - [2023-08-04T06:57:52.429+0000] {dag.py:3508} INFO - Setting next_dagrun for process-employees to 2023-08-04T00:00:00+00:00, run_after=2023-08-05T00:00:00+00:00
[2023-08-04T06:57:52.443+0000] {processor.py:179} INFO - Processing /opt/airflow/dags/process-employees.py took 0.092 seconds
[2023-08-04T06:58:22.962+0000] {processor.py:157} INFO - Started process (PID=1870) to work on /opt/airflow/dags/process-employees.py
[2023-08-04T06:58:22.965+0000] {processor.py:826} INFO - Processing file /opt/airflow/dags/process-employees.py for tasks to queue
[2023-08-04T06:58:22.966+0000] {logging_mixin.py:150} INFO - [2023-08-04T06:58:22.966+0000] {dagbag.py:541} INFO - Filling up the DagBag from /opt/airflow/dags/process-employees.py
[2023-08-04T06:58:22.979+0000] {processor.py:836} INFO - DAG(s) dict_keys(['process-employees']) retrieved from /opt/airflow/dags/process-employees.py
[2023-08-04T06:58:23.004+0000] {logging_mixin.py:150} INFO - [2023-08-04T06:58:23.004+0000] {dag.py:2742} INFO - Sync 1 DAGs
[2023-08-04T06:58:23.027+0000] {logging_mixin.py:150} INFO - [2023-08-04T06:58:23.027+0000] {dag.py:3508} INFO - Setting next_dagrun for process-employees to 2023-08-04T00:00:00+00:00, run_after=2023-08-05T00:00:00+00:00
[2023-08-04T06:58:23.041+0000] {processor.py:179} INFO - Processing /opt/airflow/dags/process-employees.py took 0.085 seconds
[2023-08-04T06:58:53.471+0000] {processor.py:157} INFO - Started process (PID=1927) to work on /opt/airflow/dags/process-employees.py
[2023-08-04T06:58:53.473+0000] {processor.py:826} INFO - Processing file /opt/airflow/dags/process-employees.py for tasks to queue
[2023-08-04T06:58:53.475+0000] {logging_mixin.py:150} INFO - [2023-08-04T06:58:53.474+0000] {dagbag.py:541} INFO - Filling up the DagBag from /opt/airflow/dags/process-employees.py
[2023-08-04T06:58:53.491+0000] {processor.py:836} INFO - DAG(s) dict_keys(['process-employees']) retrieved from /opt/airflow/dags/process-employees.py
[2023-08-04T06:58:53.520+0000] {logging_mixin.py:150} INFO - [2023-08-04T06:58:53.520+0000] {dag.py:2742} INFO - Sync 1 DAGs
[2023-08-04T06:58:53.547+0000] {logging_mixin.py:150} INFO - [2023-08-04T06:58:53.547+0000] {dag.py:3508} INFO - Setting next_dagrun for process-employees to 2023-08-04T00:00:00+00:00, run_after=2023-08-05T00:00:00+00:00
[2023-08-04T06:58:53.561+0000] {processor.py:179} INFO - Processing /opt/airflow/dags/process-employees.py took 0.096 seconds
[2023-08-04T06:59:23.814+0000] {processor.py:157} INFO - Started process (PID=1985) to work on /opt/airflow/dags/process-employees.py
[2023-08-04T06:59:23.817+0000] {processor.py:826} INFO - Processing file /opt/airflow/dags/process-employees.py for tasks to queue
[2023-08-04T06:59:23.818+0000] {logging_mixin.py:150} INFO - [2023-08-04T06:59:23.818+0000] {dagbag.py:541} INFO - Filling up the DagBag from /opt/airflow/dags/process-employees.py
[2023-08-04T06:59:23.832+0000] {processor.py:836} INFO - DAG(s) dict_keys(['process-employees']) retrieved from /opt/airflow/dags/process-employees.py
[2023-08-04T06:59:23.858+0000] {logging_mixin.py:150} INFO - [2023-08-04T06:59:23.858+0000] {dag.py:2742} INFO - Sync 1 DAGs
[2023-08-04T06:59:23.883+0000] {logging_mixin.py:150} INFO - [2023-08-04T06:59:23.883+0000] {dag.py:3508} INFO - Setting next_dagrun for process-employees to 2023-08-04T00:00:00+00:00, run_after=2023-08-05T00:00:00+00:00
[2023-08-04T06:59:23.898+0000] {processor.py:179} INFO - Processing /opt/airflow/dags/process-employees.py took 0.090 seconds
[2023-08-04T06:59:54.593+0000] {processor.py:157} INFO - Started process (PID=2043) to work on /opt/airflow/dags/process-employees.py
[2023-08-04T06:59:54.595+0000] {processor.py:826} INFO - Processing file /opt/airflow/dags/process-employees.py for tasks to queue
[2023-08-04T06:59:54.596+0000] {logging_mixin.py:150} INFO - [2023-08-04T06:59:54.596+0000] {dagbag.py:541} INFO - Filling up the DagBag from /opt/airflow/dags/process-employees.py
[2023-08-04T06:59:54.610+0000] {processor.py:836} INFO - DAG(s) dict_keys(['process-employees']) retrieved from /opt/airflow/dags/process-employees.py
[2023-08-04T06:59:54.635+0000] {logging_mixin.py:150} INFO - [2023-08-04T06:59:54.635+0000] {dag.py:2742} INFO - Sync 1 DAGs
[2023-08-04T06:59:54.660+0000] {logging_mixin.py:150} INFO - [2023-08-04T06:59:54.660+0000] {dag.py:3508} INFO - Setting next_dagrun for process-employees to 2023-08-04T00:00:00+00:00, run_after=2023-08-05T00:00:00+00:00
[2023-08-04T06:59:54.675+0000] {processor.py:179} INFO - Processing /opt/airflow/dags/process-employees.py took 0.086 seconds
[2023-08-04T07:00:25.015+0000] {processor.py:157} INFO - Started process (PID=2100) to work on /opt/airflow/dags/process-employees.py
[2023-08-04T07:00:25.016+0000] {processor.py:826} INFO - Processing file /opt/airflow/dags/process-employees.py for tasks to queue
[2023-08-04T07:00:25.018+0000] {logging_mixin.py:150} INFO - [2023-08-04T07:00:25.017+0000] {dagbag.py:541} INFO - Filling up the DagBag from /opt/airflow/dags/process-employees.py
[2023-08-04T07:00:25.031+0000] {processor.py:836} INFO - DAG(s) dict_keys(['process-employees']) retrieved from /opt/airflow/dags/process-employees.py
[2023-08-04T07:00:25.055+0000] {logging_mixin.py:150} INFO - [2023-08-04T07:00:25.055+0000] {dag.py:2742} INFO - Sync 1 DAGs
[2023-08-04T07:00:25.077+0000] {logging_mixin.py:150} INFO - [2023-08-04T07:00:25.077+0000] {dag.py:3508} INFO - Setting next_dagrun for process-employees to 2023-08-04T00:00:00+00:00, run_after=2023-08-05T00:00:00+00:00
[2023-08-04T07:00:25.092+0000] {processor.py:179} INFO - Processing /opt/airflow/dags/process-employees.py took 0.082 seconds
[2023-08-04T07:00:55.280+0000] {processor.py:157} INFO - Started process (PID=2157) to work on /opt/airflow/dags/process-employees.py
[2023-08-04T07:00:55.281+0000] {processor.py:826} INFO - Processing file /opt/airflow/dags/process-employees.py for tasks to queue
[2023-08-04T07:00:55.283+0000] {logging_mixin.py:150} INFO - [2023-08-04T07:00:55.282+0000] {dagbag.py:541} INFO - Filling up the DagBag from /opt/airflow/dags/process-employees.py
[2023-08-04T07:00:55.297+0000] {processor.py:836} INFO - DAG(s) dict_keys(['process-employees']) retrieved from /opt/airflow/dags/process-employees.py
[2023-08-04T07:00:55.323+0000] {logging_mixin.py:150} INFO - [2023-08-04T07:00:55.323+0000] {dag.py:2742} INFO - Sync 1 DAGs
[2023-08-04T07:00:55.347+0000] {logging_mixin.py:150} INFO - [2023-08-04T07:00:55.347+0000] {dag.py:3508} INFO - Setting next_dagrun for process-employees to 2023-08-04T00:00:00+00:00, run_after=2023-08-05T00:00:00+00:00
[2023-08-04T07:00:55.361+0000] {processor.py:179} INFO - Processing /opt/airflow/dags/process-employees.py took 0.086 seconds
[2023-08-04T07:01:25.650+0000] {processor.py:157} INFO - Started process (PID=2216) to work on /opt/airflow/dags/process-employees.py
[2023-08-04T07:01:25.651+0000] {processor.py:826} INFO - Processing file /opt/airflow/dags/process-employees.py for tasks to queue
[2023-08-04T07:01:25.653+0000] {logging_mixin.py:150} INFO - [2023-08-04T07:01:25.652+0000] {dagbag.py:541} INFO - Filling up the DagBag from /opt/airflow/dags/process-employees.py
[2023-08-04T07:01:25.666+0000] {processor.py:836} INFO - DAG(s) dict_keys(['process-employees']) retrieved from /opt/airflow/dags/process-employees.py
[2023-08-04T07:01:25.694+0000] {logging_mixin.py:150} INFO - [2023-08-04T07:01:25.694+0000] {dag.py:2742} INFO - Sync 1 DAGs
[2023-08-04T07:01:25.718+0000] {logging_mixin.py:150} INFO - [2023-08-04T07:01:25.718+0000] {dag.py:3508} INFO - Setting next_dagrun for process-employees to 2023-08-04T00:00:00+00:00, run_after=2023-08-05T00:00:00+00:00
[2023-08-04T07:01:25.733+0000] {processor.py:179} INFO - Processing /opt/airflow/dags/process-employees.py took 0.088 seconds
[2023-08-04T07:01:55.920+0000] {processor.py:157} INFO - Started process (PID=2273) to work on /opt/airflow/dags/process-employees.py
[2023-08-04T07:01:55.921+0000] {processor.py:826} INFO - Processing file /opt/airflow/dags/process-employees.py for tasks to queue
[2023-08-04T07:01:55.923+0000] {logging_mixin.py:150} INFO - [2023-08-04T07:01:55.922+0000] {dagbag.py:541} INFO - Filling up the DagBag from /opt/airflow/dags/process-employees.py
[2023-08-04T07:01:55.937+0000] {processor.py:836} INFO - DAG(s) dict_keys(['process-employees']) retrieved from /opt/airflow/dags/process-employees.py
[2023-08-04T07:01:55.966+0000] {logging_mixin.py:150} INFO - [2023-08-04T07:01:55.965+0000] {dag.py:2742} INFO - Sync 1 DAGs
[2023-08-04T07:01:55.990+0000] {logging_mixin.py:150} INFO - [2023-08-04T07:01:55.990+0000] {dag.py:3508} INFO - Setting next_dagrun for process-employees to 2023-08-04T00:00:00+00:00, run_after=2023-08-05T00:00:00+00:00
[2023-08-04T07:01:56.004+0000] {processor.py:179} INFO - Processing /opt/airflow/dags/process-employees.py took 0.090 seconds
[2023-08-04T07:02:26.310+0000] {processor.py:157} INFO - Started process (PID=2331) to work on /opt/airflow/dags/process-employees.py
[2023-08-04T07:02:26.312+0000] {processor.py:826} INFO - Processing file /opt/airflow/dags/process-employees.py for tasks to queue
[2023-08-04T07:02:26.313+0000] {logging_mixin.py:150} INFO - [2023-08-04T07:02:26.313+0000] {dagbag.py:541} INFO - Filling up the DagBag from /opt/airflow/dags/process-employees.py
[2023-08-04T07:02:26.324+0000] {processor.py:836} INFO - DAG(s) dict_keys(['process-employees']) retrieved from /opt/airflow/dags/process-employees.py
[2023-08-04T07:02:26.348+0000] {logging_mixin.py:150} INFO - [2023-08-04T07:02:26.348+0000] {dag.py:2742} INFO - Sync 1 DAGs
[2023-08-04T07:02:26.370+0000] {logging_mixin.py:150} INFO - [2023-08-04T07:02:26.370+0000] {dag.py:3508} INFO - Setting next_dagrun for process-employees to 2023-08-04T00:00:00+00:00, run_after=2023-08-05T00:00:00+00:00
[2023-08-04T07:02:26.384+0000] {processor.py:179} INFO - Processing /opt/airflow/dags/process-employees.py took 0.078 seconds
[2023-08-04T07:02:56.839+0000] {processor.py:157} INFO - Started process (PID=2389) to work on /opt/airflow/dags/process-employees.py
[2023-08-04T07:02:56.840+0000] {processor.py:826} INFO - Processing file /opt/airflow/dags/process-employees.py for tasks to queue
[2023-08-04T07:02:56.842+0000] {logging_mixin.py:150} INFO - [2023-08-04T07:02:56.841+0000] {dagbag.py:541} INFO - Filling up the DagBag from /opt/airflow/dags/process-employees.py
[2023-08-04T07:02:56.853+0000] {processor.py:836} INFO - DAG(s) dict_keys(['process-employees']) retrieved from /opt/airflow/dags/process-employees.py
[2023-08-04T07:02:56.877+0000] {logging_mixin.py:150} INFO - [2023-08-04T07:02:56.877+0000] {dag.py:2742} INFO - Sync 1 DAGs
[2023-08-04T07:02:56.900+0000] {logging_mixin.py:150} INFO - [2023-08-04T07:02:56.900+0000] {dag.py:3508} INFO - Setting next_dagrun for process-employees to 2023-08-04T00:00:00+00:00, run_after=2023-08-05T00:00:00+00:00
[2023-08-04T07:02:56.915+0000] {processor.py:179} INFO - Processing /opt/airflow/dags/process-employees.py took 0.079 seconds
[2023-08-04T07:03:27.381+0000] {processor.py:157} INFO - Started process (PID=2447) to work on /opt/airflow/dags/process-employees.py
[2023-08-04T07:03:27.383+0000] {processor.py:826} INFO - Processing file /opt/airflow/dags/process-employees.py for tasks to queue
[2023-08-04T07:03:27.385+0000] {logging_mixin.py:150} INFO - [2023-08-04T07:03:27.384+0000] {dagbag.py:541} INFO - Filling up the DagBag from /opt/airflow/dags/process-employees.py
[2023-08-04T07:03:27.401+0000] {processor.py:836} INFO - DAG(s) dict_keys(['process-employees']) retrieved from /opt/airflow/dags/process-employees.py
[2023-08-04T07:03:27.428+0000] {logging_mixin.py:150} INFO - [2023-08-04T07:03:27.428+0000] {dag.py:2742} INFO - Sync 1 DAGs
[2023-08-04T07:03:27.456+0000] {logging_mixin.py:150} INFO - [2023-08-04T07:03:27.455+0000] {dag.py:3508} INFO - Setting next_dagrun for process-employees to 2023-08-04T00:00:00+00:00, run_after=2023-08-05T00:00:00+00:00
[2023-08-04T07:03:27.471+0000] {processor.py:179} INFO - Processing /opt/airflow/dags/process-employees.py took 0.095 seconds
[2023-08-04T07:03:57.986+0000] {processor.py:157} INFO - Started process (PID=2505) to work on /opt/airflow/dags/process-employees.py
[2023-08-04T07:03:57.988+0000] {processor.py:826} INFO - Processing file /opt/airflow/dags/process-employees.py for tasks to queue
[2023-08-04T07:03:57.990+0000] {logging_mixin.py:150} INFO - [2023-08-04T07:03:57.989+0000] {dagbag.py:541} INFO - Filling up the DagBag from /opt/airflow/dags/process-employees.py
[2023-08-04T07:03:58.006+0000] {processor.py:836} INFO - DAG(s) dict_keys(['process-employees']) retrieved from /opt/airflow/dags/process-employees.py
[2023-08-04T07:03:58.034+0000] {logging_mixin.py:150} INFO - [2023-08-04T07:03:58.034+0000] {dag.py:2742} INFO - Sync 1 DAGs
[2023-08-04T07:03:58.060+0000] {logging_mixin.py:150} INFO - [2023-08-04T07:03:58.060+0000] {dag.py:3508} INFO - Setting next_dagrun for process-employees to 2023-08-04T00:00:00+00:00, run_after=2023-08-05T00:00:00+00:00
[2023-08-04T07:03:58.074+0000] {processor.py:179} INFO - Processing /opt/airflow/dags/process-employees.py took 0.094 seconds
[2023-08-04T07:04:28.535+0000] {processor.py:157} INFO - Started process (PID=2563) to work on /opt/airflow/dags/process-employees.py
[2023-08-04T07:04:28.537+0000] {processor.py:826} INFO - Processing file /opt/airflow/dags/process-employees.py for tasks to queue
[2023-08-04T07:04:28.538+0000] {logging_mixin.py:150} INFO - [2023-08-04T07:04:28.538+0000] {dagbag.py:541} INFO - Filling up the DagBag from /opt/airflow/dags/process-employees.py
[2023-08-04T07:04:28.552+0000] {processor.py:836} INFO - DAG(s) dict_keys(['process-employees']) retrieved from /opt/airflow/dags/process-employees.py
[2023-08-04T07:04:28.578+0000] {logging_mixin.py:150} INFO - [2023-08-04T07:04:28.578+0000] {dag.py:2742} INFO - Sync 1 DAGs
[2023-08-04T07:04:28.660+0000] {logging_mixin.py:150} INFO - [2023-08-04T07:04:28.660+0000] {dag.py:3508} INFO - Setting next_dagrun for process-employees to 2023-08-04T00:00:00+00:00, run_after=2023-08-05T00:00:00+00:00
[2023-08-04T07:04:28.694+0000] {processor.py:179} INFO - Processing /opt/airflow/dags/process-employees.py took 0.162 seconds
[2023-08-04T07:04:59.066+0000] {processor.py:157} INFO - Started process (PID=2620) to work on /opt/airflow/dags/process-employees.py
[2023-08-04T07:04:59.068+0000] {processor.py:826} INFO - Processing file /opt/airflow/dags/process-employees.py for tasks to queue
[2023-08-04T07:04:59.069+0000] {logging_mixin.py:150} INFO - [2023-08-04T07:04:59.069+0000] {dagbag.py:541} INFO - Filling up the DagBag from /opt/airflow/dags/process-employees.py
[2023-08-04T07:04:59.081+0000] {processor.py:836} INFO - DAG(s) dict_keys(['process-employees']) retrieved from /opt/airflow/dags/process-employees.py
[2023-08-04T07:04:59.106+0000] {logging_mixin.py:150} INFO - [2023-08-04T07:04:59.106+0000] {dag.py:2742} INFO - Sync 1 DAGs
[2023-08-04T07:04:59.129+0000] {logging_mixin.py:150} INFO - [2023-08-04T07:04:59.129+0000] {dag.py:3508} INFO - Setting next_dagrun for process-employees to 2023-08-04T00:00:00+00:00, run_after=2023-08-05T00:00:00+00:00
[2023-08-04T07:04:59.144+0000] {processor.py:179} INFO - Processing /opt/airflow/dags/process-employees.py took 0.081 seconds
[2023-08-04T07:05:29.610+0000] {processor.py:157} INFO - Started process (PID=2678) to work on /opt/airflow/dags/process-employees.py
[2023-08-04T07:05:29.612+0000] {processor.py:826} INFO - Processing file /opt/airflow/dags/process-employees.py for tasks to queue
[2023-08-04T07:05:29.615+0000] {logging_mixin.py:150} INFO - [2023-08-04T07:05:29.614+0000] {dagbag.py:541} INFO - Filling up the DagBag from /opt/airflow/dags/process-employees.py
[2023-08-04T07:05:29.630+0000] {processor.py:836} INFO - DAG(s) dict_keys(['process-employees']) retrieved from /opt/airflow/dags/process-employees.py
[2023-08-04T07:05:29.658+0000] {logging_mixin.py:150} INFO - [2023-08-04T07:05:29.658+0000] {dag.py:2742} INFO - Sync 1 DAGs
[2023-08-04T07:05:29.683+0000] {logging_mixin.py:150} INFO - [2023-08-04T07:05:29.683+0000] {dag.py:3508} INFO - Setting next_dagrun for process-employees to 2023-08-04T00:00:00+00:00, run_after=2023-08-05T00:00:00+00:00
[2023-08-04T07:05:29.697+0000] {processor.py:179} INFO - Processing /opt/airflow/dags/process-employees.py took 0.092 seconds
[2023-08-04T07:06:00.156+0000] {processor.py:157} INFO - Started process (PID=2736) to work on /opt/airflow/dags/process-employees.py
[2023-08-04T07:06:00.158+0000] {processor.py:826} INFO - Processing file /opt/airflow/dags/process-employees.py for tasks to queue
[2023-08-04T07:06:00.159+0000] {logging_mixin.py:150} INFO - [2023-08-04T07:06:00.159+0000] {dagbag.py:541} INFO - Filling up the DagBag from /opt/airflow/dags/process-employees.py
[2023-08-04T07:06:00.173+0000] {processor.py:836} INFO - DAG(s) dict_keys(['process-employees']) retrieved from /opt/airflow/dags/process-employees.py
[2023-08-04T07:06:00.199+0000] {logging_mixin.py:150} INFO - [2023-08-04T07:06:00.199+0000] {dag.py:2742} INFO - Sync 1 DAGs
[2023-08-04T07:06:00.222+0000] {logging_mixin.py:150} INFO - [2023-08-04T07:06:00.222+0000] {dag.py:3508} INFO - Setting next_dagrun for process-employees to 2023-08-04T00:00:00+00:00, run_after=2023-08-05T00:00:00+00:00
[2023-08-04T07:06:00.236+0000] {processor.py:179} INFO - Processing /opt/airflow/dags/process-employees.py took 0.085 seconds
[2023-08-04T07:06:30.743+0000] {processor.py:157} INFO - Started process (PID=2794) to work on /opt/airflow/dags/process-employees.py
[2023-08-04T07:06:30.745+0000] {processor.py:826} INFO - Processing file /opt/airflow/dags/process-employees.py for tasks to queue
[2023-08-04T07:06:30.746+0000] {logging_mixin.py:150} INFO - [2023-08-04T07:06:30.746+0000] {dagbag.py:541} INFO - Filling up the DagBag from /opt/airflow/dags/process-employees.py
[2023-08-04T07:06:30.759+0000] {processor.py:836} INFO - DAG(s) dict_keys(['process-employees']) retrieved from /opt/airflow/dags/process-employees.py
[2023-08-04T07:06:30.784+0000] {logging_mixin.py:150} INFO - [2023-08-04T07:06:30.784+0000] {dag.py:2742} INFO - Sync 1 DAGs
[2023-08-04T07:06:30.809+0000] {logging_mixin.py:150} INFO - [2023-08-04T07:06:30.809+0000] {dag.py:3508} INFO - Setting next_dagrun for process-employees to 2023-08-04T00:00:00+00:00, run_after=2023-08-05T00:00:00+00:00
[2023-08-04T07:06:30.824+0000] {processor.py:179} INFO - Processing /opt/airflow/dags/process-employees.py took 0.084 seconds
[2023-08-04T07:07:01.141+0000] {processor.py:157} INFO - Started process (PID=2852) to work on /opt/airflow/dags/process-employees.py
[2023-08-04T07:07:01.143+0000] {processor.py:826} INFO - Processing file /opt/airflow/dags/process-employees.py for tasks to queue
[2023-08-04T07:07:01.144+0000] {logging_mixin.py:150} INFO - [2023-08-04T07:07:01.144+0000] {dagbag.py:541} INFO - Filling up the DagBag from /opt/airflow/dags/process-employees.py
[2023-08-04T07:07:01.157+0000] {processor.py:836} INFO - DAG(s) dict_keys(['process-employees']) retrieved from /opt/airflow/dags/process-employees.py
[2023-08-04T07:07:01.181+0000] {logging_mixin.py:150} INFO - [2023-08-04T07:07:01.181+0000] {dag.py:2742} INFO - Sync 1 DAGs
[2023-08-04T07:07:01.203+0000] {logging_mixin.py:150} INFO - [2023-08-04T07:07:01.203+0000] {dag.py:3508} INFO - Setting next_dagrun for process-employees to 2023-08-04T00:00:00+00:00, run_after=2023-08-05T00:00:00+00:00
[2023-08-04T07:07:01.219+0000] {processor.py:179} INFO - Processing /opt/airflow/dags/process-employees.py took 0.083 seconds
[2023-08-04T07:07:31.782+0000] {processor.py:157} INFO - Started process (PID=2909) to work on /opt/airflow/dags/process-employees.py
[2023-08-04T07:07:31.785+0000] {processor.py:826} INFO - Processing file /opt/airflow/dags/process-employees.py for tasks to queue
[2023-08-04T07:07:31.786+0000] {logging_mixin.py:150} INFO - [2023-08-04T07:07:31.786+0000] {dagbag.py:541} INFO - Filling up the DagBag from /opt/airflow/dags/process-employees.py
[2023-08-04T07:07:31.801+0000] {processor.py:836} INFO - DAG(s) dict_keys(['process-employees']) retrieved from /opt/airflow/dags/process-employees.py
[2023-08-04T07:07:31.830+0000] {logging_mixin.py:150} INFO - [2023-08-04T07:07:31.830+0000] {dag.py:2742} INFO - Sync 1 DAGs
[2023-08-04T07:07:31.856+0000] {logging_mixin.py:150} INFO - [2023-08-04T07:07:31.856+0000] {dag.py:3508} INFO - Setting next_dagrun for process-employees to 2023-08-04T00:00:00+00:00, run_after=2023-08-05T00:00:00+00:00
[2023-08-04T07:07:31.870+0000] {processor.py:179} INFO - Processing /opt/airflow/dags/process-employees.py took 0.093 seconds
[2023-08-04T07:08:02.300+0000] {processor.py:157} INFO - Started process (PID=2967) to work on /opt/airflow/dags/process-employees.py
[2023-08-04T07:08:02.301+0000] {processor.py:826} INFO - Processing file /opt/airflow/dags/process-employees.py for tasks to queue
[2023-08-04T07:08:02.302+0000] {logging_mixin.py:150} INFO - [2023-08-04T07:08:02.302+0000] {dagbag.py:541} INFO - Filling up the DagBag from /opt/airflow/dags/process-employees.py
[2023-08-04T07:08:02.313+0000] {processor.py:836} INFO - DAG(s) dict_keys(['process-employees']) retrieved from /opt/airflow/dags/process-employees.py
[2023-08-04T07:08:02.337+0000] {logging_mixin.py:150} INFO - [2023-08-04T07:08:02.337+0000] {dag.py:2742} INFO - Sync 1 DAGs
[2023-08-04T07:08:02.359+0000] {logging_mixin.py:150} INFO - [2023-08-04T07:08:02.359+0000] {dag.py:3508} INFO - Setting next_dagrun for process-employees to 2023-08-04T00:00:00+00:00, run_after=2023-08-05T00:00:00+00:00
[2023-08-04T07:08:02.373+0000] {processor.py:179} INFO - Processing /opt/airflow/dags/process-employees.py took 0.076 seconds
[2023-08-04T07:08:32.790+0000] {processor.py:157} INFO - Started process (PID=3025) to work on /opt/airflow/dags/process-employees.py
[2023-08-04T07:08:32.791+0000] {processor.py:826} INFO - Processing file /opt/airflow/dags/process-employees.py for tasks to queue
[2023-08-04T07:08:32.793+0000] {logging_mixin.py:150} INFO - [2023-08-04T07:08:32.792+0000] {dagbag.py:541} INFO - Filling up the DagBag from /opt/airflow/dags/process-employees.py
[2023-08-04T07:08:32.805+0000] {processor.py:836} INFO - DAG(s) dict_keys(['process-employees']) retrieved from /opt/airflow/dags/process-employees.py
[2023-08-04T07:08:32.829+0000] {logging_mixin.py:150} INFO - [2023-08-04T07:08:32.829+0000] {dag.py:2742} INFO - Sync 1 DAGs
[2023-08-04T07:08:32.853+0000] {logging_mixin.py:150} INFO - [2023-08-04T07:08:32.852+0000] {dag.py:3508} INFO - Setting next_dagrun for process-employees to 2023-08-04T00:00:00+00:00, run_after=2023-08-05T00:00:00+00:00
[2023-08-04T07:08:32.867+0000] {processor.py:179} INFO - Processing /opt/airflow/dags/process-employees.py took 0.081 seconds
[2023-08-04T07:09:03.406+0000] {processor.py:157} INFO - Started process (PID=3083) to work on /opt/airflow/dags/process-employees.py
[2023-08-04T07:09:03.407+0000] {processor.py:826} INFO - Processing file /opt/airflow/dags/process-employees.py for tasks to queue
[2023-08-04T07:09:03.408+0000] {logging_mixin.py:150} INFO - [2023-08-04T07:09:03.408+0000] {dagbag.py:541} INFO - Filling up the DagBag from /opt/airflow/dags/process-employees.py
[2023-08-04T07:09:03.421+0000] {processor.py:836} INFO - DAG(s) dict_keys(['process-employees']) retrieved from /opt/airflow/dags/process-employees.py
[2023-08-04T07:09:03.444+0000] {logging_mixin.py:150} INFO - [2023-08-04T07:09:03.444+0000] {dag.py:2742} INFO - Sync 1 DAGs
[2023-08-04T07:09:03.469+0000] {logging_mixin.py:150} INFO - [2023-08-04T07:09:03.469+0000] {dag.py:3508} INFO - Setting next_dagrun for process-employees to 2023-08-04T00:00:00+00:00, run_after=2023-08-05T00:00:00+00:00
[2023-08-04T07:09:03.485+0000] {processor.py:179} INFO - Processing /opt/airflow/dags/process-employees.py took 0.082 seconds
[2023-08-04T07:09:33.983+0000] {processor.py:157} INFO - Started process (PID=3141) to work on /opt/airflow/dags/process-employees.py
[2023-08-04T07:09:33.985+0000] {processor.py:826} INFO - Processing file /opt/airflow/dags/process-employees.py for tasks to queue
[2023-08-04T07:09:33.987+0000] {logging_mixin.py:150} INFO - [2023-08-04T07:09:33.986+0000] {dagbag.py:541} INFO - Filling up the DagBag from /opt/airflow/dags/process-employees.py
[2023-08-04T07:09:34.000+0000] {processor.py:836} INFO - DAG(s) dict_keys(['process-employees']) retrieved from /opt/airflow/dags/process-employees.py
[2023-08-04T07:09:34.023+0000] {logging_mixin.py:150} INFO - [2023-08-04T07:09:34.023+0000] {dag.py:2742} INFO - Sync 1 DAGs
[2023-08-04T07:09:34.046+0000] {logging_mixin.py:150} INFO - [2023-08-04T07:09:34.046+0000] {dag.py:3508} INFO - Setting next_dagrun for process-employees to 2023-08-04T00:00:00+00:00, run_after=2023-08-05T00:00:00+00:00
[2023-08-04T07:09:34.060+0000] {processor.py:179} INFO - Processing /opt/airflow/dags/process-employees.py took 0.082 seconds
[2023-08-04T07:10:04.561+0000] {processor.py:157} INFO - Started process (PID=3199) to work on /opt/airflow/dags/process-employees.py
[2023-08-04T07:10:04.563+0000] {processor.py:826} INFO - Processing file /opt/airflow/dags/process-employees.py for tasks to queue
[2023-08-04T07:10:04.565+0000] {logging_mixin.py:150} INFO - [2023-08-04T07:10:04.564+0000] {dagbag.py:541} INFO - Filling up the DagBag from /opt/airflow/dags/process-employees.py
[2023-08-04T07:10:04.578+0000] {processor.py:836} INFO - DAG(s) dict_keys(['process-employees']) retrieved from /opt/airflow/dags/process-employees.py
[2023-08-04T07:10:04.604+0000] {logging_mixin.py:150} INFO - [2023-08-04T07:10:04.604+0000] {dag.py:2742} INFO - Sync 1 DAGs
[2023-08-04T07:10:04.629+0000] {logging_mixin.py:150} INFO - [2023-08-04T07:10:04.629+0000] {dag.py:3508} INFO - Setting next_dagrun for process-employees to 2023-08-04T00:00:00+00:00, run_after=2023-08-05T00:00:00+00:00
[2023-08-04T07:10:04.643+0000] {processor.py:179} INFO - Processing /opt/airflow/dags/process-employees.py took 0.086 seconds
[2023-08-04T07:10:34.974+0000] {processor.py:157} INFO - Started process (PID=3257) to work on /opt/airflow/dags/process-employees.py
[2023-08-04T07:10:34.977+0000] {processor.py:826} INFO - Processing file /opt/airflow/dags/process-employees.py for tasks to queue
[2023-08-04T07:10:34.978+0000] {logging_mixin.py:150} INFO - [2023-08-04T07:10:34.978+0000] {dagbag.py:541} INFO - Filling up the DagBag from /opt/airflow/dags/process-employees.py
[2023-08-04T07:10:34.991+0000] {processor.py:836} INFO - DAG(s) dict_keys(['process-employees']) retrieved from /opt/airflow/dags/process-employees.py
[2023-08-04T07:10:35.015+0000] {logging_mixin.py:150} INFO - [2023-08-04T07:10:35.014+0000] {dag.py:2742} INFO - Sync 1 DAGs
[2023-08-04T07:10:35.038+0000] {logging_mixin.py:150} INFO - [2023-08-04T07:10:35.038+0000] {dag.py:3508} INFO - Setting next_dagrun for process-employees to 2023-08-04T00:00:00+00:00, run_after=2023-08-05T00:00:00+00:00
[2023-08-04T07:10:35.052+0000] {processor.py:179} INFO - Processing /opt/airflow/dags/process-employees.py took 0.083 seconds
[2023-08-04T07:11:05.530+0000] {processor.py:157} INFO - Started process (PID=3315) to work on /opt/airflow/dags/process-employees.py
[2023-08-04T07:11:05.532+0000] {processor.py:826} INFO - Processing file /opt/airflow/dags/process-employees.py for tasks to queue
[2023-08-04T07:11:05.534+0000] {logging_mixin.py:150} INFO - [2023-08-04T07:11:05.533+0000] {dagbag.py:541} INFO - Filling up the DagBag from /opt/airflow/dags/process-employees.py
[2023-08-04T07:11:05.547+0000] {processor.py:836} INFO - DAG(s) dict_keys(['process-employees']) retrieved from /opt/airflow/dags/process-employees.py
[2023-08-04T07:11:05.574+0000] {logging_mixin.py:150} INFO - [2023-08-04T07:11:05.574+0000] {dag.py:2742} INFO - Sync 1 DAGs
[2023-08-04T07:11:05.597+0000] {logging_mixin.py:150} INFO - [2023-08-04T07:11:05.597+0000] {dag.py:3508} INFO - Setting next_dagrun for process-employees to 2023-08-04T00:00:00+00:00, run_after=2023-08-05T00:00:00+00:00
[2023-08-04T07:11:05.612+0000] {processor.py:179} INFO - Processing /opt/airflow/dags/process-employees.py took 0.086 seconds
[2023-08-04T07:11:35.944+0000] {processor.py:157} INFO - Started process (PID=3373) to work on /opt/airflow/dags/process-employees.py
[2023-08-04T07:11:35.946+0000] {processor.py:826} INFO - Processing file /opt/airflow/dags/process-employees.py for tasks to queue
[2023-08-04T07:11:35.948+0000] {logging_mixin.py:150} INFO - [2023-08-04T07:11:35.947+0000] {dagbag.py:541} INFO - Filling up the DagBag from /opt/airflow/dags/process-employees.py
[2023-08-04T07:11:35.962+0000] {processor.py:836} INFO - DAG(s) dict_keys(['process-employees']) retrieved from /opt/airflow/dags/process-employees.py
[2023-08-04T07:11:35.990+0000] {logging_mixin.py:150} INFO - [2023-08-04T07:11:35.990+0000] {dag.py:2742} INFO - Sync 1 DAGs
[2023-08-04T07:11:36.016+0000] {logging_mixin.py:150} INFO - [2023-08-04T07:11:36.016+0000] {dag.py:3508} INFO - Setting next_dagrun for process-employees to 2023-08-04T00:00:00+00:00, run_after=2023-08-05T00:00:00+00:00
[2023-08-04T07:11:36.030+0000] {processor.py:179} INFO - Processing /opt/airflow/dags/process-employees.py took 0.091 seconds
[2023-08-04T07:12:06.235+0000] {processor.py:157} INFO - Started process (PID=3431) to work on /opt/airflow/dags/process-employees.py
[2023-08-04T07:12:06.237+0000] {processor.py:826} INFO - Processing file /opt/airflow/dags/process-employees.py for tasks to queue
[2023-08-04T07:12:06.238+0000] {logging_mixin.py:150} INFO - [2023-08-04T07:12:06.238+0000] {dagbag.py:541} INFO - Filling up the DagBag from /opt/airflow/dags/process-employees.py
[2023-08-04T07:12:06.253+0000] {processor.py:836} INFO - DAG(s) dict_keys(['process-employees']) retrieved from /opt/airflow/dags/process-employees.py
[2023-08-04T07:12:06.282+0000] {logging_mixin.py:150} INFO - [2023-08-04T07:12:06.282+0000] {dag.py:2742} INFO - Sync 1 DAGs
[2023-08-04T07:12:06.308+0000] {logging_mixin.py:150} INFO - [2023-08-04T07:12:06.308+0000] {dag.py:3508} INFO - Setting next_dagrun for process-employees to 2023-08-04T00:00:00+00:00, run_after=2023-08-05T00:00:00+00:00
[2023-08-04T07:12:06.323+0000] {processor.py:179} INFO - Processing /opt/airflow/dags/process-employees.py took 0.093 seconds
[2023-08-04T07:12:36.917+0000] {processor.py:157} INFO - Started process (PID=3489) to work on /opt/airflow/dags/process-employees.py
[2023-08-04T07:12:36.918+0000] {processor.py:826} INFO - Processing file /opt/airflow/dags/process-employees.py for tasks to queue
[2023-08-04T07:12:36.920+0000] {logging_mixin.py:150} INFO - [2023-08-04T07:12:36.919+0000] {dagbag.py:541} INFO - Filling up the DagBag from /opt/airflow/dags/process-employees.py
[2023-08-04T07:12:36.934+0000] {processor.py:836} INFO - DAG(s) dict_keys(['process-employees']) retrieved from /opt/airflow/dags/process-employees.py
[2023-08-04T07:12:36.960+0000] {logging_mixin.py:150} INFO - [2023-08-04T07:12:36.960+0000] {dag.py:2742} INFO - Sync 1 DAGs
[2023-08-04T07:12:36.985+0000] {logging_mixin.py:150} INFO - [2023-08-04T07:12:36.985+0000] {dag.py:3508} INFO - Setting next_dagrun for process-employees to 2023-08-04T00:00:00+00:00, run_after=2023-08-05T00:00:00+00:00
[2023-08-04T07:12:36.999+0000] {processor.py:179} INFO - Processing /opt/airflow/dags/process-employees.py took 0.087 seconds
[2023-08-04T07:13:07.512+0000] {processor.py:157} INFO - Started process (PID=3547) to work on /opt/airflow/dags/process-employees.py
[2023-08-04T07:13:07.513+0000] {processor.py:826} INFO - Processing file /opt/airflow/dags/process-employees.py for tasks to queue
[2023-08-04T07:13:07.515+0000] {logging_mixin.py:150} INFO - [2023-08-04T07:13:07.514+0000] {dagbag.py:541} INFO - Filling up the DagBag from /opt/airflow/dags/process-employees.py
[2023-08-04T07:13:07.530+0000] {processor.py:836} INFO - DAG(s) dict_keys(['process-employees']) retrieved from /opt/airflow/dags/process-employees.py
[2023-08-04T07:13:07.559+0000] {logging_mixin.py:150} INFO - [2023-08-04T07:13:07.559+0000] {dag.py:2742} INFO - Sync 1 DAGs
[2023-08-04T07:13:07.584+0000] {logging_mixin.py:150} INFO - [2023-08-04T07:13:07.584+0000] {dag.py:3508} INFO - Setting next_dagrun for process-employees to 2023-08-04T00:00:00+00:00, run_after=2023-08-05T00:00:00+00:00
[2023-08-04T07:13:07.599+0000] {processor.py:179} INFO - Processing /opt/airflow/dags/process-employees.py took 0.092 seconds
[2023-08-04T07:13:37.858+0000] {processor.py:157} INFO - Started process (PID=3605) to work on /opt/airflow/dags/process-employees.py
[2023-08-04T07:13:37.860+0000] {processor.py:826} INFO - Processing file /opt/airflow/dags/process-employees.py for tasks to queue
[2023-08-04T07:13:37.861+0000] {logging_mixin.py:150} INFO - [2023-08-04T07:13:37.861+0000] {dagbag.py:541} INFO - Filling up the DagBag from /opt/airflow/dags/process-employees.py
[2023-08-04T07:13:37.873+0000] {processor.py:836} INFO - DAG(s) dict_keys(['process-employees']) retrieved from /opt/airflow/dags/process-employees.py
[2023-08-04T07:13:37.897+0000] {logging_mixin.py:150} INFO - [2023-08-04T07:13:37.897+0000] {dag.py:2742} INFO - Sync 1 DAGs
[2023-08-04T07:13:37.919+0000] {logging_mixin.py:150} INFO - [2023-08-04T07:13:37.919+0000] {dag.py:3508} INFO - Setting next_dagrun for process-employees to 2023-08-04T00:00:00+00:00, run_after=2023-08-05T00:00:00+00:00
[2023-08-04T07:13:37.933+0000] {processor.py:179} INFO - Processing /opt/airflow/dags/process-employees.py took 0.079 seconds
[2023-08-04T07:14:08.392+0000] {processor.py:157} INFO - Started process (PID=3663) to work on /opt/airflow/dags/process-employees.py
[2023-08-04T07:14:08.394+0000] {processor.py:826} INFO - Processing file /opt/airflow/dags/process-employees.py for tasks to queue
[2023-08-04T07:14:08.395+0000] {logging_mixin.py:150} INFO - [2023-08-04T07:14:08.395+0000] {dagbag.py:541} INFO - Filling up the DagBag from /opt/airflow/dags/process-employees.py
[2023-08-04T07:14:08.409+0000] {processor.py:836} INFO - DAG(s) dict_keys(['process-employees']) retrieved from /opt/airflow/dags/process-employees.py
[2023-08-04T07:14:08.435+0000] {logging_mixin.py:150} INFO - [2023-08-04T07:14:08.434+0000] {dag.py:2742} INFO - Sync 1 DAGs
[2023-08-04T07:14:08.459+0000] {logging_mixin.py:150} INFO - [2023-08-04T07:14:08.459+0000] {dag.py:3508} INFO - Setting next_dagrun for process-employees to 2023-08-04T00:00:00+00:00, run_after=2023-08-05T00:00:00+00:00
[2023-08-04T07:14:08.472+0000] {processor.py:179} INFO - Processing /opt/airflow/dags/process-employees.py took 0.086 seconds
[2023-08-04T07:14:38.574+0000] {processor.py:157} INFO - Started process (PID=3721) to work on /opt/airflow/dags/process-employees.py
[2023-08-04T07:14:38.578+0000] {processor.py:826} INFO - Processing file /opt/airflow/dags/process-employees.py for tasks to queue
[2023-08-04T07:14:38.579+0000] {logging_mixin.py:150} INFO - [2023-08-04T07:14:38.578+0000] {dagbag.py:541} INFO - Filling up the DagBag from /opt/airflow/dags/process-employees.py
[2023-08-04T07:14:38.593+0000] {processor.py:836} INFO - DAG(s) dict_keys(['process-employees']) retrieved from /opt/airflow/dags/process-employees.py
[2023-08-04T07:14:38.622+0000] {logging_mixin.py:150} INFO - [2023-08-04T07:14:38.622+0000] {dag.py:2742} INFO - Sync 1 DAGs
[2023-08-04T07:14:38.648+0000] {logging_mixin.py:150} INFO - [2023-08-04T07:14:38.648+0000] {dag.py:3508} INFO - Setting next_dagrun for process-employees to 2023-08-04T00:00:00+00:00, run_after=2023-08-05T00:00:00+00:00
[2023-08-04T07:14:38.662+0000] {processor.py:179} INFO - Processing /opt/airflow/dags/process-employees.py took 0.093 seconds
[2023-08-04T07:15:09.017+0000] {processor.py:157} INFO - Started process (PID=3779) to work on /opt/airflow/dags/process-employees.py
[2023-08-04T07:15:09.018+0000] {processor.py:826} INFO - Processing file /opt/airflow/dags/process-employees.py for tasks to queue
[2023-08-04T07:15:09.020+0000] {logging_mixin.py:150} INFO - [2023-08-04T07:15:09.019+0000] {dagbag.py:541} INFO - Filling up the DagBag from /opt/airflow/dags/process-employees.py
[2023-08-04T07:15:09.034+0000] {processor.py:836} INFO - DAG(s) dict_keys(['process-employees']) retrieved from /opt/airflow/dags/process-employees.py
[2023-08-04T07:15:09.061+0000] {logging_mixin.py:150} INFO - [2023-08-04T07:15:09.061+0000] {dag.py:2742} INFO - Sync 1 DAGs
[2023-08-04T07:15:09.084+0000] {logging_mixin.py:150} INFO - [2023-08-04T07:15:09.084+0000] {dag.py:3508} INFO - Setting next_dagrun for process-employees to 2023-08-04T00:00:00+00:00, run_after=2023-08-05T00:00:00+00:00
[2023-08-04T07:15:09.097+0000] {processor.py:179} INFO - Processing /opt/airflow/dags/process-employees.py took 0.085 seconds
[2023-08-04T07:15:39.717+0000] {processor.py:157} INFO - Started process (PID=3837) to work on /opt/airflow/dags/process-employees.py
[2023-08-04T07:15:39.718+0000] {processor.py:826} INFO - Processing file /opt/airflow/dags/process-employees.py for tasks to queue
[2023-08-04T07:15:39.720+0000] {logging_mixin.py:150} INFO - [2023-08-04T07:15:39.719+0000] {dagbag.py:541} INFO - Filling up the DagBag from /opt/airflow/dags/process-employees.py
[2023-08-04T07:15:39.734+0000] {processor.py:836} INFO - DAG(s) dict_keys(['process-employees']) retrieved from /opt/airflow/dags/process-employees.py
[2023-08-04T07:15:39.762+0000] {logging_mixin.py:150} INFO - [2023-08-04T07:15:39.762+0000] {dag.py:2742} INFO - Sync 1 DAGs
[2023-08-04T07:15:39.788+0000] {logging_mixin.py:150} INFO - [2023-08-04T07:15:39.788+0000] {dag.py:3508} INFO - Setting next_dagrun for process-employees to 2023-08-04T00:00:00+00:00, run_after=2023-08-05T00:00:00+00:00
[2023-08-04T07:15:39.803+0000] {processor.py:179} INFO - Processing /opt/airflow/dags/process-employees.py took 0.091 seconds
[2023-08-04T07:16:10.350+0000] {processor.py:157} INFO - Started process (PID=3895) to work on /opt/airflow/dags/process-employees.py
[2023-08-04T07:16:10.352+0000] {processor.py:826} INFO - Processing file /opt/airflow/dags/process-employees.py for tasks to queue
[2023-08-04T07:16:10.354+0000] {logging_mixin.py:150} INFO - [2023-08-04T07:16:10.353+0000] {dagbag.py:541} INFO - Filling up the DagBag from /opt/airflow/dags/process-employees.py
[2023-08-04T07:16:10.365+0000] {processor.py:836} INFO - DAG(s) dict_keys(['process-employees']) retrieved from /opt/airflow/dags/process-employees.py
[2023-08-04T07:16:10.389+0000] {logging_mixin.py:150} INFO - [2023-08-04T07:16:10.389+0000] {dag.py:2742} INFO - Sync 1 DAGs
[2023-08-04T07:16:10.411+0000] {logging_mixin.py:150} INFO - [2023-08-04T07:16:10.411+0000] {dag.py:3508} INFO - Setting next_dagrun for process-employees to 2023-08-04T00:00:00+00:00, run_after=2023-08-05T00:00:00+00:00
[2023-08-04T07:16:10.426+0000] {processor.py:179} INFO - Processing /opt/airflow/dags/process-employees.py took 0.080 seconds
[2023-08-04T07:16:40.963+0000] {processor.py:157} INFO - Started process (PID=3952) to work on /opt/airflow/dags/process-employees.py
[2023-08-04T07:16:40.966+0000] {processor.py:826} INFO - Processing file /opt/airflow/dags/process-employees.py for tasks to queue
[2023-08-04T07:16:40.967+0000] {logging_mixin.py:150} INFO - [2023-08-04T07:16:40.966+0000] {dagbag.py:541} INFO - Filling up the DagBag from /opt/airflow/dags/process-employees.py
[2023-08-04T07:16:40.979+0000] {processor.py:836} INFO - DAG(s) dict_keys(['process-employees']) retrieved from /opt/airflow/dags/process-employees.py
[2023-08-04T07:16:41.003+0000] {logging_mixin.py:150} INFO - [2023-08-04T07:16:41.003+0000] {dag.py:2742} INFO - Sync 1 DAGs
[2023-08-04T07:16:41.026+0000] {logging_mixin.py:150} INFO - [2023-08-04T07:16:41.026+0000] {dag.py:3508} INFO - Setting next_dagrun for process-employees to 2023-08-04T00:00:00+00:00, run_after=2023-08-05T00:00:00+00:00
[2023-08-04T07:16:41.040+0000] {processor.py:179} INFO - Processing /opt/airflow/dags/process-employees.py took 0.081 seconds
[2023-08-04T07:17:11.655+0000] {processor.py:157} INFO - Started process (PID=4010) to work on /opt/airflow/dags/process-employees.py
[2023-08-04T07:17:11.657+0000] {processor.py:826} INFO - Processing file /opt/airflow/dags/process-employees.py for tasks to queue
[2023-08-04T07:17:11.659+0000] {logging_mixin.py:150} INFO - [2023-08-04T07:17:11.659+0000] {dagbag.py:541} INFO - Filling up the DagBag from /opt/airflow/dags/process-employees.py
[2023-08-04T07:17:11.671+0000] {processor.py:836} INFO - DAG(s) dict_keys(['process-employees']) retrieved from /opt/airflow/dags/process-employees.py
[2023-08-04T07:17:11.695+0000] {logging_mixin.py:150} INFO - [2023-08-04T07:17:11.695+0000] {dag.py:2742} INFO - Sync 1 DAGs
[2023-08-04T07:17:11.718+0000] {logging_mixin.py:150} INFO - [2023-08-04T07:17:11.718+0000] {dag.py:3508} INFO - Setting next_dagrun for process-employees to 2023-08-04T00:00:00+00:00, run_after=2023-08-05T00:00:00+00:00
[2023-08-04T07:17:11.732+0000] {processor.py:179} INFO - Processing /opt/airflow/dags/process-employees.py took 0.081 seconds
[2023-08-04T07:17:42.224+0000] {processor.py:157} INFO - Started process (PID=4068) to work on /opt/airflow/dags/process-employees.py
[2023-08-04T07:17:42.226+0000] {processor.py:826} INFO - Processing file /opt/airflow/dags/process-employees.py for tasks to queue
[2023-08-04T07:17:42.227+0000] {logging_mixin.py:150} INFO - [2023-08-04T07:17:42.227+0000] {dagbag.py:541} INFO - Filling up the DagBag from /opt/airflow/dags/process-employees.py
[2023-08-04T07:17:42.239+0000] {processor.py:836} INFO - DAG(s) dict_keys(['process-employees']) retrieved from /opt/airflow/dags/process-employees.py
[2023-08-04T07:17:42.266+0000] {logging_mixin.py:150} INFO - [2023-08-04T07:17:42.266+0000] {dag.py:2742} INFO - Sync 1 DAGs
[2023-08-04T07:17:42.289+0000] {logging_mixin.py:150} INFO - [2023-08-04T07:17:42.289+0000] {dag.py:3508} INFO - Setting next_dagrun for process-employees to 2023-08-04T00:00:00+00:00, run_after=2023-08-05T00:00:00+00:00
[2023-08-04T07:17:42.303+0000] {processor.py:179} INFO - Processing /opt/airflow/dags/process-employees.py took 0.083 seconds
[2023-08-04T07:18:12.699+0000] {processor.py:157} INFO - Started process (PID=4126) to work on /opt/airflow/dags/process-employees.py
[2023-08-04T07:18:12.701+0000] {processor.py:826} INFO - Processing file /opt/airflow/dags/process-employees.py for tasks to queue
[2023-08-04T07:18:12.702+0000] {logging_mixin.py:150} INFO - [2023-08-04T07:18:12.701+0000] {dagbag.py:541} INFO - Filling up the DagBag from /opt/airflow/dags/process-employees.py
[2023-08-04T07:18:12.713+0000] {processor.py:836} INFO - DAG(s) dict_keys(['process-employees']) retrieved from /opt/airflow/dags/process-employees.py
[2023-08-04T07:18:12.737+0000] {logging_mixin.py:150} INFO - [2023-08-04T07:18:12.737+0000] {dag.py:2742} INFO - Sync 1 DAGs
[2023-08-04T07:18:12.760+0000] {logging_mixin.py:150} INFO - [2023-08-04T07:18:12.760+0000] {dag.py:3508} INFO - Setting next_dagrun for process-employees to 2023-08-04T00:00:00+00:00, run_after=2023-08-05T00:00:00+00:00
[2023-08-04T07:18:12.773+0000] {processor.py:179} INFO - Processing /opt/airflow/dags/process-employees.py took 0.077 seconds
[2023-08-04T07:18:43.218+0000] {processor.py:157} INFO - Started process (PID=4191) to work on /opt/airflow/dags/process-employees.py
[2023-08-04T07:18:43.221+0000] {processor.py:826} INFO - Processing file /opt/airflow/dags/process-employees.py for tasks to queue
[2023-08-04T07:18:43.222+0000] {logging_mixin.py:150} INFO - [2023-08-04T07:18:43.222+0000] {dagbag.py:541} INFO - Filling up the DagBag from /opt/airflow/dags/process-employees.py
[2023-08-04T07:18:43.237+0000] {processor.py:836} INFO - DAG(s) dict_keys(['process-employees']) retrieved from /opt/airflow/dags/process-employees.py
[2023-08-04T07:18:43.265+0000] {logging_mixin.py:150} INFO - [2023-08-04T07:18:43.264+0000] {dag.py:2742} INFO - Sync 1 DAGs
[2023-08-04T07:18:43.290+0000] {logging_mixin.py:150} INFO - [2023-08-04T07:18:43.290+0000] {dag.py:3508} INFO - Setting next_dagrun for process-employees to 2023-08-04T00:00:00+00:00, run_after=2023-08-05T00:00:00+00:00
[2023-08-04T07:18:43.306+0000] {processor.py:179} INFO - Processing /opt/airflow/dags/process-employees.py took 0.091 seconds
[2023-08-04T07:19:13.942+0000] {processor.py:157} INFO - Started process (PID=4249) to work on /opt/airflow/dags/process-employees.py
[2023-08-04T07:19:13.945+0000] {processor.py:826} INFO - Processing file /opt/airflow/dags/process-employees.py for tasks to queue
[2023-08-04T07:19:13.946+0000] {logging_mixin.py:150} INFO - [2023-08-04T07:19:13.946+0000] {dagbag.py:541} INFO - Filling up the DagBag from /opt/airflow/dags/process-employees.py
[2023-08-04T07:19:13.960+0000] {processor.py:836} INFO - DAG(s) dict_keys(['process-employees']) retrieved from /opt/airflow/dags/process-employees.py
[2023-08-04T07:19:13.987+0000] {logging_mixin.py:150} INFO - [2023-08-04T07:19:13.987+0000] {dag.py:2742} INFO - Sync 1 DAGs
[2023-08-04T07:19:14.010+0000] {logging_mixin.py:150} INFO - [2023-08-04T07:19:14.009+0000] {dag.py:3508} INFO - Setting next_dagrun for process-employees to 2023-08-04T00:00:00+00:00, run_after=2023-08-05T00:00:00+00:00
[2023-08-04T07:19:14.024+0000] {processor.py:179} INFO - Processing /opt/airflow/dags/process-employees.py took 0.087 seconds
[2023-08-04T07:19:44.539+0000] {processor.py:157} INFO - Started process (PID=4308) to work on /opt/airflow/dags/process-employees.py
[2023-08-04T07:19:44.541+0000] {processor.py:826} INFO - Processing file /opt/airflow/dags/process-employees.py for tasks to queue
[2023-08-04T07:19:44.542+0000] {logging_mixin.py:150} INFO - [2023-08-04T07:19:44.542+0000] {dagbag.py:541} INFO - Filling up the DagBag from /opt/airflow/dags/process-employees.py
[2023-08-04T07:19:44.555+0000] {processor.py:836} INFO - DAG(s) dict_keys(['process-employees']) retrieved from /opt/airflow/dags/process-employees.py
[2023-08-04T07:19:44.585+0000] {logging_mixin.py:150} INFO - [2023-08-04T07:19:44.585+0000] {dag.py:2742} INFO - Sync 1 DAGs
[2023-08-04T07:19:44.613+0000] {logging_mixin.py:150} INFO - [2023-08-04T07:19:44.613+0000] {dag.py:3508} INFO - Setting next_dagrun for process-employees to 2023-08-04T00:00:00+00:00, run_after=2023-08-05T00:00:00+00:00
[2023-08-04T07:19:44.627+0000] {processor.py:179} INFO - Processing /opt/airflow/dags/process-employees.py took 0.093 seconds
